[0.069s] Invoking command in '/Users/ethandsouza/Documents/GitHub/COMP0246_Labs/build/franka_description': CMAKE_PREFIX_PATH=${CMAKE_PREFIX_PATH}:/Users/ethandsouza/Documents/GitHub/COMP0246_Labs/install/youbot_kinematics:/Users/ethandsouza/Documents/GitHub/COMP0246_Labs/install/youbot_description:/Users/ethandsouza/Documents/GitHub/COMP0246_Labs/install/transform_helpers:/Users/ethandsouza/miniforge3/envs/roboenv-py3.10 CONDA_PROMPT_MODIFIER=(roboenv-py3.10) SHLVL=2 _=/usr/bin/env /Users/ethandsouza/miniforge3/envs/roboenv-py3.10/bin/cmake --build /Users/ethandsouza/Documents/GitHub/COMP0246_Labs/build/franka_description -- -j8 -l8
[1.663s] Invoked command in '/Users/ethandsouza/Documents/GitHub/COMP0246_Labs/build/franka_description' returned '0': CMAKE_PREFIX_PATH=${CMAKE_PREFIX_PATH}:/Users/ethandsouza/Documents/GitHub/COMP0246_Labs/install/youbot_kinematics:/Users/ethandsouza/Documents/GitHub/COMP0246_Labs/install/youbot_description:/Users/ethandsouza/Documents/GitHub/COMP0246_Labs/install/transform_helpers:/Users/ethandsouza/miniforge3/envs/roboenv-py3.10 CONDA_PROMPT_MODIFIER=(roboenv-py3.10) SHLVL=2 _=/usr/bin/env /Users/ethandsouza/miniforge3/envs/roboenv-py3.10/bin/cmake --build /Users/ethandsouza/Documents/GitHub/COMP0246_Labs/build/franka_description -- -j8 -l8
[1.706s] Invoking command in '/Users/ethandsouza/Documents/GitHub/COMP0246_Labs/build/franka_description': CMAKE_PREFIX_PATH=${CMAKE_PREFIX_PATH}:/Users/ethandsouza/Documents/GitHub/COMP0246_Labs/install/youbot_kinematics:/Users/ethandsouza/Documents/GitHub/COMP0246_Labs/install/youbot_description:/Users/ethandsouza/Documents/GitHub/COMP0246_Labs/install/transform_helpers:/Users/ethandsouza/miniforge3/envs/roboenv-py3.10 CONDA_PROMPT_MODIFIER=(roboenv-py3.10) SHLVL=2 _=/usr/bin/env /Users/ethandsouza/miniforge3/envs/roboenv-py3.10/bin/cmake --install /Users/ethandsouza/Documents/GitHub/COMP0246_Labs/build/franka_description
[1.740s] -- Install configuration: ""
[1.740s] -- Up-to-date: /Users/ethandsouza/Documents/GitHub/COMP0246_Labs/install/franka_description/share/franka_description//launch
[1.740s] -- Up-to-date: /Users/ethandsouza/Documents/GitHub/COMP0246_Labs/install/franka_description/share/franka_description//launch/visualize_franka.launch.py
[1.741s] -- Up-to-date: /Users/ethandsouza/Documents/GitHub/COMP0246_Labs/install/franka_description/share/franka_description//robots
[1.742s] -- Up-to-date: /Users/ethandsouza/Documents/GitHub/COMP0246_Labs/install/franka_description/share/franka_description//robots/fp3
[1.743s] -- Up-to-date: /Users/ethandsouza/Documents/GitHub/COMP0246_Labs/install/franka_description/share/franka_description//robots/fp3/joint_limits.yaml
[1.743s] -- Up-to-date: /Users/ethandsouza/Documents/GitHub/COMP0246_Labs/install/franka_description/share/franka_description//robots/fp3/fp3.urdf.xacro
[1.744s] -- Up-to-date: /Users/ethandsouza/Documents/GitHub/COMP0246_Labs/install/franka_description/share/franka_description//robots/fp3/kinematics.yaml
[1.745s] -- Up-to-date: /Users/ethandsouza/Documents/GitHub/COMP0246_Labs/install/franka_description/share/franka_description//robots/fp3/dynamics.yaml
[1.745s] -- Up-to-date: /Users/ethandsouza/Documents/GitHub/COMP0246_Labs/install/franka_description/share/franka_description//robots/fp3/inertials.yaml
[1.746s] -- Up-to-date: /Users/ethandsouza/Documents/GitHub/COMP0246_Labs/install/franka_description/share/franka_description//robots/fr3
[1.747s] -- Up-to-date: /Users/ethandsouza/Documents/GitHub/COMP0246_Labs/install/franka_description/share/franka_description//robots/fr3/joint_limits.yaml
[1.748s] -- Up-to-date: /Users/ethandsouza/Documents/GitHub/COMP0246_Labs/install/franka_description/share/franka_description//robots/fr3/kinematics.yaml
[1.749s] -- Up-to-date: /Users/ethandsouza/Documents/GitHub/COMP0246_Labs/install/franka_description/share/franka_description//robots/fr3/dynamics.yaml
[1.749s] -- Up-to-date: /Users/ethandsouza/Documents/GitHub/COMP0246_Labs/install/franka_description/share/franka_description//robots/fr3/inertials.yaml
[1.750s] -- Up-to-date: /Users/ethandsouza/Documents/GitHub/COMP0246_Labs/install/franka_description/share/franka_description//robots/fr3/fr3.urdf.xacro
[1.751s] -- Up-to-date: /Users/ethandsouza/Documents/GitHub/COMP0246_Labs/install/franka_description/share/franka_description//robots/common
[1.752s] -- Up-to-date: /Users/ethandsouza/Documents/GitHub/COMP0246_Labs/install/franka_description/share/franka_description//robots/common/franka_arm.ros2_control.xacro
[1.753s] -- Up-to-date: /Users/ethandsouza/Documents/GitHub/COMP0246_Labs/install/franka_description/share/franka_description//robots/common/franka_robot.xacro
[1.754s] -- Up-to-date: /Users/ethandsouza/Documents/GitHub/COMP0246_Labs/install/franka_description/share/franka_description//robots/common/franka_arm.xacro
[1.754s] -- Up-to-date: /Users/ethandsouza/Documents/GitHub/COMP0246_Labs/install/franka_description/share/franka_description//robots/common/utils.xacro
[1.755s] -- Up-to-date: /Users/ethandsouza/Documents/GitHub/COMP0246_Labs/install/franka_description/share/franka_description//robots/fer
[1.755s] -- Up-to-date: /Users/ethandsouza/Documents/GitHub/COMP0246_Labs/install/franka_description/share/franka_description//robots/fer/joint_limits.yaml
[1.756s] -- Up-to-date: /Users/ethandsouza/Documents/GitHub/COMP0246_Labs/install/franka_description/share/franka_description//robots/fer/kinematics.yaml
[1.757s] -- Up-to-date: /Users/ethandsouza/Documents/GitHub/COMP0246_Labs/install/franka_description/share/franka_description//robots/fer/dynamics.yaml
[1.757s] -- Up-to-date: /Users/ethandsouza/Documents/GitHub/COMP0246_Labs/install/franka_description/share/franka_description//robots/fer/inertials.yaml
[1.758s] -- Up-to-date: /Users/ethandsouza/Documents/GitHub/COMP0246_Labs/install/franka_description/share/franka_description//robots/fer/fer.urdf.xacro
[1.759s] -- Up-to-date: /Users/ethandsouza/Documents/GitHub/COMP0246_Labs/install/franka_description/share/franka_description//end_effectors
[1.761s] -- Up-to-date: /Users/ethandsouza/Documents/GitHub/COMP0246_Labs/install/franka_description/share/franka_description//end_effectors/cobot_pump
[1.761s] -- Up-to-date: /Users/ethandsouza/Documents/GitHub/COMP0246_Labs/install/franka_description/share/franka_description//end_effectors/cobot_pump/cobot_pump.urdf.xacro
[1.762s] -- Up-to-date: /Users/ethandsouza/Documents/GitHub/COMP0246_Labs/install/franka_description/share/franka_description//end_effectors/cobot_pump/inertials.yaml
[1.763s] -- Up-to-date: /Users/ethandsouza/Documents/GitHub/COMP0246_Labs/install/franka_description/share/franka_description//end_effectors/cobot_pump/cobot_pump_arguments.xacro
[1.764s] -- Up-to-date: /Users/ethandsouza/Documents/GitHub/COMP0246_Labs/install/franka_description/share/franka_description//end_effectors/franka_hand
[1.764s] -- Up-to-date: /Users/ethandsouza/Documents/GitHub/COMP0246_Labs/install/franka_description/share/franka_description//end_effectors/franka_hand/franka_hand.urdf.xacro
[1.765s] -- Up-to-date: /Users/ethandsouza/Documents/GitHub/COMP0246_Labs/install/franka_description/share/franka_description//end_effectors/franka_hand/franka_hand_arguments.xacro
[1.765s] -- Up-to-date: /Users/ethandsouza/Documents/GitHub/COMP0246_Labs/install/franka_description/share/franka_description//end_effectors/franka_hand/inertials.yaml
[1.766s] -- Up-to-date: /Users/ethandsouza/Documents/GitHub/COMP0246_Labs/install/franka_description/share/franka_description//end_effectors/common
[1.766s] -- Up-to-date: /Users/ethandsouza/Documents/GitHub/COMP0246_Labs/install/franka_description/share/franka_description//end_effectors/common/ee_with_one_link.xacro
[1.767s] -- Up-to-date: /Users/ethandsouza/Documents/GitHub/COMP0246_Labs/install/franka_description/share/franka_description//end_effectors/common/franka_hand.xacro
[1.767s] -- Up-to-date: /Users/ethandsouza/Documents/GitHub/COMP0246_Labs/install/franka_description/share/franka_description//end_effectors/common/utils.xacro
[1.768s] -- Up-to-date: /Users/ethandsouza/Documents/GitHub/COMP0246_Labs/install/franka_description/share/franka_description//meshes
[1.768s] -- Up-to-date: /Users/ethandsouza/Documents/GitHub/COMP0246_Labs/install/franka_description/share/franka_description//meshes/robot_ee
[1.768s] -- Up-to-date: /Users/ethandsouza/Documents/GitHub/COMP0246_Labs/install/franka_description/share/franka_description//meshes/robot_ee/franka_hand_black
[1.769s] -- Up-to-date: /Users/ethandsouza/Documents/GitHub/COMP0246_Labs/install/franka_description/share/franka_description//meshes/robot_ee/franka_hand_black/visual
[1.769s] -- Up-to-date: /Users/ethandsouza/Documents/GitHub/COMP0246_Labs/install/franka_description/share/franka_description//meshes/robot_ee/franka_hand_black/visual/hand.dae
[1.769s] -- Up-to-date: /Users/ethandsouza/Documents/GitHub/COMP0246_Labs/install/franka_description/share/franka_description//meshes/robot_ee/franka_hand_black/visual/finger.dae
[1.770s] -- Up-to-date: /Users/ethandsouza/Documents/GitHub/COMP0246_Labs/install/franka_description/share/franka_description//meshes/robot_ee/franka_hand_black/collision
[1.770s] -- Up-to-date: /Users/ethandsouza/Documents/GitHub/COMP0246_Labs/install/franka_description/share/franka_description//meshes/robot_ee/franka_hand_black/collision/hand.stl
[1.771s] -- Up-to-date: /Users/ethandsouza/Documents/GitHub/COMP0246_Labs/install/franka_description/share/franka_description//meshes/robot_ee/cobot_pump
[1.771s] -- Up-to-date: /Users/ethandsouza/Documents/GitHub/COMP0246_Labs/install/franka_description/share/franka_description//meshes/robot_ee/cobot_pump/visual
[1.771s] -- Up-to-date: /Users/ethandsouza/Documents/GitHub/COMP0246_Labs/install/franka_description/share/franka_description//meshes/robot_ee/cobot_pump/visual/cobot_pump.dae
[1.771s] -- Up-to-date: /Users/ethandsouza/Documents/GitHub/COMP0246_Labs/install/franka_description/share/franka_description//meshes/robot_ee/cobot_pump/collision
[1.772s] -- Up-to-date: /Users/ethandsouza/Documents/GitHub/COMP0246_Labs/install/franka_description/share/franka_description//meshes/robot_ee/cobot_pump/collision/cobot_pump.stl
[1.772s] -- Up-to-date: /Users/ethandsouza/Documents/GitHub/COMP0246_Labs/install/franka_description/share/franka_description//meshes/robot_ee/franka_hand_white
[1.772s] -- Up-to-date: /Users/ethandsouza/Documents/GitHub/COMP0246_Labs/install/franka_description/share/franka_description//meshes/robot_ee/franka_hand_white/visual
[1.772s] -- Up-to-date: /Users/ethandsouza/Documents/GitHub/COMP0246_Labs/install/franka_description/share/franka_description//meshes/robot_ee/franka_hand_white/visual/hand.dae
[1.772s] -- Up-to-date: /Users/ethandsouza/Documents/GitHub/COMP0246_Labs/install/franka_description/share/franka_description//meshes/robot_ee/franka_hand_white/visual/finger.dae
[1.772s] -- Up-to-date: /Users/ethandsouza/Documents/GitHub/COMP0246_Labs/install/franka_description/share/franka_description//meshes/robot_ee/franka_hand_white/collision
[1.773s] -- Up-to-date: /Users/ethandsouza/Documents/GitHub/COMP0246_Labs/install/franka_description/share/franka_description//meshes/robot_ee/franka_hand_white/collision/hand.stl
[1.775s] -- Up-to-date: /Users/ethandsouza/Documents/GitHub/COMP0246_Labs/install/franka_description/share/franka_description//meshes/robot_arms
[1.775s] -- Up-to-date: /Users/ethandsouza/Documents/GitHub/COMP0246_Labs/install/franka_description/share/franka_description//meshes/robot_arms/fp3
[1.776s] -- Up-to-date: /Users/ethandsouza/Documents/GitHub/COMP0246_Labs/install/franka_description/share/franka_description//meshes/robot_arms/fp3/visual
[1.776s] -- Up-to-date: /Users/ethandsouza/Documents/GitHub/COMP0246_Labs/install/franka_description/share/franka_description//meshes/robot_arms/fp3/visual/link4.dae
[1.776s] -- Up-to-date: /Users/ethandsouza/Documents/GitHub/COMP0246_Labs/install/franka_description/share/franka_description//meshes/robot_arms/fp3/visual/link5.dae
[1.776s] -- Up-to-date: /Users/ethandsouza/Documents/GitHub/COMP0246_Labs/install/franka_description/share/franka_description//meshes/robot_arms/fp3/visual/link7.dae
[1.776s] -- Up-to-date: /Users/ethandsouza/Documents/GitHub/COMP0246_Labs/install/franka_description/share/franka_description//meshes/robot_arms/fp3/visual/link6.dae
[1.777s] -- Up-to-date: /Users/ethandsouza/Documents/GitHub/COMP0246_Labs/install/franka_description/share/franka_description//meshes/robot_arms/fp3/visual/link2.dae
[1.777s] -- Up-to-date: /Users/ethandsouza/Documents/GitHub/COMP0246_Labs/install/franka_description/share/franka_description//meshes/robot_arms/fp3/visual/link3.dae
[1.777s] -- Up-to-date: /Users/ethandsouza/Documents/GitHub/COMP0246_Labs/install/franka_description/share/franka_description//meshes/robot_arms/fp3/visual/link1.dae
[1.778s] -- Up-to-date: /Users/ethandsouza/Documents/GitHub/COMP0246_Labs/install/franka_description/share/franka_description//meshes/robot_arms/fp3/visual/link0.dae
[1.778s] -- Up-to-date: /Users/ethandsouza/Documents/GitHub/COMP0246_Labs/install/franka_description/share/franka_description//meshes/robot_arms/fp3/collision
[1.779s] -- Up-to-date: /Users/ethandsouza/Documents/GitHub/COMP0246_Labs/install/franka_description/share/franka_description//meshes/robot_arms/fp3/collision/link3.stl
[1.780s] -- Up-to-date: /Users/ethandsouza/Documents/GitHub/COMP0246_Labs/install/franka_description/share/franka_description//meshes/robot_arms/fp3/collision/link2.stl
[1.781s] -- Up-to-date: /Users/ethandsouza/Documents/GitHub/COMP0246_Labs/install/franka_description/share/franka_description//meshes/robot_arms/fp3/collision/link0.stl
[1.781s] -- Up-to-date: /Users/ethandsouza/Documents/GitHub/COMP0246_Labs/install/franka_description/share/franka_description//meshes/robot_arms/fp3/collision/link1.stl
[1.782s] -- Up-to-date: /Users/ethandsouza/Documents/GitHub/COMP0246_Labs/install/franka_description/share/franka_description//meshes/robot_arms/fp3/collision/link5.stl
[1.783s] -- Up-to-date: /Users/ethandsouza/Documents/GitHub/COMP0246_Labs/install/franka_description/share/franka_description//meshes/robot_arms/fp3/collision/link4.stl
[1.784s] -- Up-to-date: /Users/ethandsouza/Documents/GitHub/COMP0246_Labs/install/franka_description/share/franka_description//meshes/robot_arms/fp3/collision/link6.stl
[1.784s] -- Up-to-date: /Users/ethandsouza/Documents/GitHub/COMP0246_Labs/install/franka_description/share/franka_description//meshes/robot_arms/fp3/collision/link7.stl
[1.784s] -- Up-to-date: /Users/ethandsouza/Documents/GitHub/COMP0246_Labs/install/franka_description/share/franka_description//meshes/robot_arms/fr3
[1.785s] -- Up-to-date: /Users/ethandsouza/Documents/GitHub/COMP0246_Labs/install/franka_description/share/franka_description//meshes/robot_arms/fr3/visual
[1.785s] -- Up-to-date: /Users/ethandsouza/Documents/GitHub/COMP0246_Labs/install/franka_description/share/franka_description//meshes/robot_arms/fr3/visual/link4.dae
[1.785s] -- Up-to-date: /Users/ethandsouza/Documents/GitHub/COMP0246_Labs/install/franka_description/share/franka_description//meshes/robot_arms/fr3/visual/link5.dae
[1.786s] -- Up-to-date: /Users/ethandsouza/Documents/GitHub/COMP0246_Labs/install/franka_description/share/franka_description//meshes/robot_arms/fr3/visual/link7.dae
[1.786s] -- Up-to-date: /Users/ethandsouza/Documents/GitHub/COMP0246_Labs/install/franka_description/share/franka_description//meshes/robot_arms/fr3/visual/link6.dae
[1.786s] -- Up-to-date: /Users/ethandsouza/Documents/GitHub/COMP0246_Labs/install/franka_description/share/franka_description//meshes/robot_arms/fr3/visual/link2.dae
[1.786s] -- Up-to-date: /Users/ethandsouza/Documents/GitHub/COMP0246_Labs/install/franka_description/share/franka_description//meshes/robot_arms/fr3/visual/link3.dae
[1.786s] -- Up-to-date: /Users/ethandsouza/Documents/GitHub/COMP0246_Labs/install/franka_description/share/franka_description//meshes/robot_arms/fr3/visual/link1.dae
[1.787s] -- Up-to-date: /Users/ethandsouza/Documents/GitHub/COMP0246_Labs/install/franka_description/share/franka_description//meshes/robot_arms/fr3/visual/link0.dae
[1.787s] -- Up-to-date: /Users/ethandsouza/Documents/GitHub/COMP0246_Labs/install/franka_description/share/franka_description//meshes/robot_arms/fr3/collision
[1.787s] -- Up-to-date: /Users/ethandsouza/Documents/GitHub/COMP0246_Labs/install/franka_description/share/franka_description//meshes/robot_arms/fr3/collision/link3.stl
[1.788s] -- Up-to-date: /Users/ethandsouza/Documents/GitHub/COMP0246_Labs/install/franka_description/share/franka_description//meshes/robot_arms/fr3/collision/link2.stl
[1.788s] -- Up-to-date: /Users/ethandsouza/Documents/GitHub/COMP0246_Labs/install/franka_description/share/franka_description//meshes/robot_arms/fr3/collision/link0.stl
[1.788s] -- Up-to-date: /Users/ethandsouza/Documents/GitHub/COMP0246_Labs/install/franka_description/share/franka_description//meshes/robot_arms/fr3/collision/link1.stl
[1.789s] -- Up-to-date: /Users/ethandsouza/Documents/GitHub/COMP0246_Labs/install/franka_description/share/franka_description//meshes/robot_arms/fr3/collision/link5.stl
[1.789s] -- Up-to-date: /Users/ethandsouza/Documents/GitHub/COMP0246_Labs/install/franka_description/share/franka_description//meshes/robot_arms/fr3/collision/link4.stl
[1.789s] -- Up-to-date: /Users/ethandsouza/Documents/GitHub/COMP0246_Labs/install/franka_description/share/franka_description//meshes/robot_arms/fr3/collision/link6.stl
[1.789s] -- Up-to-date: /Users/ethandsouza/Documents/GitHub/COMP0246_Labs/install/franka_description/share/franka_description//meshes/robot_arms/fr3/collision/link7.stl
[1.790s] -- Up-to-date: /Users/ethandsouza/Documents/GitHub/COMP0246_Labs/install/franka_description/share/franka_description//meshes/robot_arms/fer
[1.790s] -- Up-to-date: /Users/ethandsouza/Documents/GitHub/COMP0246_Labs/install/franka_description/share/franka_description//meshes/robot_arms/fer/visual
[1.790s] -- Up-to-date: /Users/ethandsouza/Documents/GitHub/COMP0246_Labs/install/franka_description/share/franka_description//meshes/robot_arms/fer/visual/link4.dae
[1.790s] -- Up-to-date: /Users/ethandsouza/Documents/GitHub/COMP0246_Labs/install/franka_description/share/franka_description//meshes/robot_arms/fer/visual/link5.dae
[1.790s] -- Up-to-date: /Users/ethandsouza/Documents/GitHub/COMP0246_Labs/install/franka_description/share/franka_description//meshes/robot_arms/fer/visual/link7.dae
[1.791s] -- Up-to-date: /Users/ethandsouza/Documents/GitHub/COMP0246_Labs/install/franka_description/share/franka_description//meshes/robot_arms/fer/visual/link6.dae
[1.791s] -- Up-to-date: /Users/ethandsouza/Documents/GitHub/COMP0246_Labs/install/franka_description/share/franka_description//meshes/robot_arms/fer/visual/link2.dae
[1.792s] -- Up-to-date: /Users/ethandsouza/Documents/GitHub/COMP0246_Labs/install/franka_description/share/franka_description//meshes/robot_arms/fer/visual/link3.dae
[1.793s] -- Up-to-date: /Users/ethandsouza/Documents/GitHub/COMP0246_Labs/install/franka_description/share/franka_description//meshes/robot_arms/fer/visual/link1.dae
[1.793s] -- Up-to-date: /Users/ethandsouza/Documents/GitHub/COMP0246_Labs/install/franka_description/share/franka_description//meshes/robot_arms/fer/visual/link0.dae
[1.793s] -- Up-to-date: /Users/ethandsouza/Documents/GitHub/COMP0246_Labs/install/franka_description/share/franka_description//meshes/robot_arms/fer/visual/hand.dae
[1.793s] -- Up-to-date: /Users/ethandsouza/Documents/GitHub/COMP0246_Labs/install/franka_description/share/franka_description//meshes/robot_arms/fer/visual/finger.dae
[1.793s] -- Up-to-date: /Users/ethandsouza/Documents/GitHub/COMP0246_Labs/install/franka_description/share/franka_description//meshes/robot_arms/fer/collision
[1.794s] -- Up-to-date: /Users/ethandsouza/Documents/GitHub/COMP0246_Labs/install/franka_description/share/franka_description//meshes/robot_arms/fer/collision/hand.stl
[1.794s] -- Up-to-date: /Users/ethandsouza/Documents/GitHub/COMP0246_Labs/install/franka_description/share/franka_description//meshes/robot_arms/fer/collision/link3.stl
[1.794s] -- Up-to-date: /Users/ethandsouza/Documents/GitHub/COMP0246_Labs/install/franka_description/share/franka_description//meshes/robot_arms/fer/collision/link2.stl
[1.794s] -- Up-to-date: /Users/ethandsouza/Documents/GitHub/COMP0246_Labs/install/franka_description/share/franka_description//meshes/robot_arms/fer/collision/link0.stl
[1.794s] -- Up-to-date: /Users/ethandsouza/Documents/GitHub/COMP0246_Labs/install/franka_description/share/franka_description//meshes/robot_arms/fer/collision/link1.stl
[1.794s] -- Up-to-date: /Users/ethandsouza/Documents/GitHub/COMP0246_Labs/install/franka_description/share/franka_description//meshes/robot_arms/fer/collision/link5.stl
[1.795s] -- Up-to-date: /Users/ethandsouza/Documents/GitHub/COMP0246_Labs/install/franka_description/share/franka_description//meshes/robot_arms/fer/collision/link4.stl
[1.795s] -- Up-to-date: /Users/ethandsouza/Documents/GitHub/COMP0246_Labs/install/franka_description/share/franka_description//meshes/robot_arms/fer/collision/link6.stl
[1.795s] -- Up-to-date: /Users/ethandsouza/Documents/GitHub/COMP0246_Labs/install/franka_description/share/franka_description//meshes/robot_arms/fer/collision/link7.stl
[1.795s] -- Up-to-date: /Users/ethandsouza/Documents/GitHub/COMP0246_Labs/install/franka_description/share/franka_description//rviz
[1.796s] -- Up-to-date: /Users/ethandsouza/Documents/GitHub/COMP0246_Labs/install/franka_description/share/franka_description//rviz/visualize_franka.rviz
[1.796s] -- Up-to-date: /Users/ethandsouza/Documents/GitHub/COMP0246_Labs/install/franka_description/share/franka_description//urdfs
[1.797s] -- Up-to-date: /Users/ethandsouza/Documents/GitHub/COMP0246_Labs/install/franka_description/share/franka_description//urdfs/fr3.urdf
[1.797s] -- Up-to-date: /Users/ethandsouza/Documents/GitHub/COMP0246_Labs/install/franka_description/share/franka_description//urdfs/fr3_franka_hand.urdf
[1.797s] -- Up-to-date: /Users/ethandsouza/Documents/GitHub/COMP0246_Labs/install/franka_description/share/ament_index/resource_index/package_run_dependencies/franka_description
[1.798s] -- Up-to-date: /Users/ethandsouza/Documents/GitHub/COMP0246_Labs/install/franka_description/share/ament_index/resource_index/parent_prefix_path/franka_description
[1.798s] -- Up-to-date: /Users/ethandsouza/Documents/GitHub/COMP0246_Labs/install/franka_description/share/franka_description/environment/ament_prefix_path.sh
[1.798s] -- Up-to-date: /Users/ethandsouza/Documents/GitHub/COMP0246_Labs/install/franka_description/share/franka_description/environment/ament_prefix_path.dsv
[1.798s] -- Up-to-date: /Users/ethandsouza/Documents/GitHub/COMP0246_Labs/install/franka_description/share/franka_description/environment/path.sh
[1.799s] -- Up-to-date: /Users/ethandsouza/Documents/GitHub/COMP0246_Labs/install/franka_description/share/franka_description/environment/path.dsv
[1.799s] -- Up-to-date: /Users/ethandsouza/Documents/GitHub/COMP0246_Labs/install/franka_description/share/franka_description/local_setup.bash
[1.799s] -- Up-to-date: /Users/ethandsouza/Documents/GitHub/COMP0246_Labs/install/franka_description/share/franka_description/local_setup.sh
[1.800s] -- Up-to-date: /Users/ethandsouza/Documents/GitHub/COMP0246_Labs/install/franka_description/share/franka_description/local_setup.zsh
[1.800s] -- Up-to-date: /Users/ethandsouza/Documents/GitHub/COMP0246_Labs/install/franka_description/share/franka_description/local_setup.dsv
[1.801s] -- Installing: /Users/ethandsouza/Documents/GitHub/COMP0246_Labs/install/franka_description/share/franka_description/package.dsv
[1.802s] -- Up-to-date: /Users/ethandsouza/Documents/GitHub/COMP0246_Labs/install/franka_description/share/ament_index/resource_index/packages/franka_description
[1.802s] -- Up-to-date: /Users/ethandsouza/Documents/GitHub/COMP0246_Labs/install/franka_description/share/franka_description/cmake/franka_descriptionConfig.cmake
[1.802s] -- Up-to-date: /Users/ethandsouza/Documents/GitHub/COMP0246_Labs/install/franka_description/share/franka_description/cmake/franka_descriptionConfig-version.cmake
[1.803s] -- Up-to-date: /Users/ethandsouza/Documents/GitHub/COMP0246_Labs/install/franka_description/share/franka_description/package.xml
[1.803s] Invoked command in '/Users/ethandsouza/Documents/GitHub/COMP0246_Labs/build/franka_description' returned '0': CMAKE_PREFIX_PATH=${CMAKE_PREFIX_PATH}:/Users/ethandsouza/Documents/GitHub/COMP0246_Labs/install/youbot_kinematics:/Users/ethandsouza/Documents/GitHub/COMP0246_Labs/install/youbot_description:/Users/ethandsouza/Documents/GitHub/COMP0246_Labs/install/transform_helpers:/Users/ethandsouza/miniforge3/envs/roboenv-py3.10 CONDA_PROMPT_MODIFIER=(roboenv-py3.10) SHLVL=2 _=/usr/bin/env /Users/ethandsouza/miniforge3/envs/roboenv-py3.10/bin/cmake --install /Users/ethandsouza/Documents/GitHub/COMP0246_Labs/build/franka_description
