[2.705s] Invoking command in '/Users/ethandsouza/Documents/GitHub/COMP0246_Labs/lab1submission/transform_helpers': AMENT_PREFIX_PATH=/Users/ethandsouza/Documents/GitHub/COMP0246_Labs/install/franka_description:${AMENT_PREFIX_PATH} CMAKE_PREFIX_PATH=/Users/ethandsouza/Documents/GitHub/COMP0246_Labs/install/franka_description CONDA_PROMPT_MODIFIER=(roboenv-py3.10) PYTHONPATH=/Users/ethandsouza/Documents/GitHub/COMP0246_Labs/build/transform_helpers/prefix_override:/Users/ethandsouza/miniforge3/envs/roboenv-py3.10/lib/python3.10/site-packages/colcon_core/task/python/colcon_distutils_commands:/Users/ethandsouza/Documents/GitHub/COMP0246_Labs/install/transform_helpers/lib/python3.10/site-packages:${PYTHONPATH} SHLVL=2 _=/usr/bin/env /Users/ethandsouza/miniforge3/envs/roboenv-py3.10/bin/python3.10 -W ignore:setup.py install is deprecated -W ignore:easy_install command is deprecated setup.py egg_info --egg-base ../../build/transform_helpers build --build-base /Users/ethandsouza/Documents/GitHub/COMP0246_Labs/build/transform_helpers/build install --record /Users/ethandsouza/Documents/GitHub/COMP0246_Labs/build/transform_helpers/install.log --single-version-externally-managed install_data
[3.857s] running egg_info
[3.960s] writing ../../build/transform_helpers/transform_helpers.egg-info/PKG-INFO
[4.035s] writing dependency_links to ../../build/transform_helpers/transform_helpers.egg-info/dependency_links.txt
[4.481s] writing entry points to ../../build/transform_helpers/transform_helpers.egg-info/entry_points.txt
[4.603s] writing requirements to ../../build/transform_helpers/transform_helpers.egg-info/requires.txt
[4.664s] writing top-level names to ../../build/transform_helpers/transform_helpers.egg-info/top_level.txt
[4.773s] reading manifest file '../../build/transform_helpers/transform_helpers.egg-info/SOURCES.txt'
[4.775s] writing manifest file '../../build/transform_helpers/transform_helpers.egg-info/SOURCES.txt'
[4.775s] running build
[4.775s] running build_py
[4.775s] running install
[4.782s] running install_lib
[4.870s] running install_data
[4.870s] running install_egg_info
[4.950s] removing '/Users/ethandsouza/Documents/GitHub/COMP0246_Labs/install/transform_helpers/lib/python3.10/site-packages/transform_helpers-0.0.0-py3.10.egg-info' (and everything under it)
[4.951s] Copying ../../build/transform_helpers/transform_helpers.egg-info to /Users/ethandsouza/Documents/GitHub/COMP0246_Labs/install/transform_helpers/lib/python3.10/site-packages/transform_helpers-0.0.0-py3.10.egg-info
[4.958s] running install_scripts
[5.132s] Installing main script to /Users/ethandsouza/Documents/GitHub/COMP0246_Labs/install/transform_helpers/lib/transform_helpers
[5.133s] writing list of installed files to '/Users/ethandsouza/Documents/GitHub/COMP0246_Labs/build/transform_helpers/install.log'
[5.181s] Invoked command in '/Users/ethandsouza/Documents/GitHub/COMP0246_Labs/lab1submission/transform_helpers' returned '0': AMENT_PREFIX_PATH=/Users/ethandsouza/Documents/GitHub/COMP0246_Labs/install/franka_description:${AMENT_PREFIX_PATH} CMAKE_PREFIX_PATH=/Users/ethandsouza/Documents/GitHub/COMP0246_Labs/install/franka_description CONDA_PROMPT_MODIFIER=(roboenv-py3.10) PYTHONPATH=/Users/ethandsouza/Documents/GitHub/COMP0246_Labs/build/transform_helpers/prefix_override:/Users/ethandsouza/miniforge3/envs/roboenv-py3.10/lib/python3.10/site-packages/colcon_core/task/python/colcon_distutils_commands:/Users/ethandsouza/Documents/GitHub/COMP0246_Labs/install/transform_helpers/lib/python3.10/site-packages:${PYTHONPATH} SHLVL=2 _=/usr/bin/env /Users/ethandsouza/miniforge3/envs/roboenv-py3.10/bin/python3.10 -W ignore:setup.py install is deprecated -W ignore:easy_install command is deprecated setup.py egg_info --egg-base ../../build/transform_helpers build --build-base /Users/ethandsouza/Documents/GitHub/COMP0246_Labs/build/transform_helpers/build install --record /Users/ethandsouza/Documents/GitHub/COMP0246_Labs/build/transform_helpers/install.log --single-version-externally-managed install_data
