[2.351s] Invoking command in '/Users/ethandsouza/Documents/GitHub/COMP0246_Labs/final_lab/youbot_kinematics': AMENT_PREFIX_PATH=/Users/ethandsouza/Documents/GitHub/COMP0246_Labs/install/transform_helpers:/Users/ethandsouza/Documents/GitHub/COMP0246_Labs/install/youbot_description:/Users/ethandsouza/Documents/GitHub/COMP0246_Labs/install/youbot_kinematics:/Users/ethandsouza/Documents/GitHub/COMP0246_Labs/install/franka_description:/Users/ethandsouza/miniforge3/envs/roboenv-py3.10 CONDA_PROMPT_MODIFIER=(roboenv-py3.10) PYTHONPATH=/Users/ethandsouza/Documents/GitHub/COMP0246_Labs/build/youbot_kinematics/prefix_override:/Users/ethandsouza/miniforge3/envs/roboenv-py3.10/lib/python3.10/site-packages/colcon_core/task/python/colcon_distutils_commands:/Users/ethandsouza/Documents/GitHub/COMP0246_Labs/install/youbot_kinematics/lib/python3.10/site-packages:/Users/ethandsouza/Documents/GitHub/COMP0246_Labs/install/transform_helpers/lib/python3.10/site-packages:/Users/ethandsouza/Documents/GitHub/COMP0246_Labs/install/youbot_description/lib/python3.10/site-packages:/Users/ethandsouza/Documents/GitHub/COMP0246_Labs/install/youbot_kinematics/lib/python3.10/site-packages:/Users/ethandsouza/miniforge3/envs/roboenv-py3.10/lib/python310/site-packages:/Users/ethandsouza/miniforge3/envs/roboenv-py3.10/lib/python3.10/site-packages SHLVL=2 _=/usr/bin/env /Users/ethandsouza/miniforge3/envs/roboenv-py3.10/bin/python3.10 -W ignore:setup.py install is deprecated -W ignore:easy_install command is deprecated setup.py egg_info --egg-base ../../build/youbot_kinematics build --build-base /Users/ethandsouza/Documents/GitHub/COMP0246_Labs/build/youbot_kinematics/build install --record /Users/ethandsouza/Documents/GitHub/COMP0246_Labs/build/youbot_kinematics/install.log --single-version-externally-managed install_data
[3.443s] running egg_info
[3.520s] writing ../../build/youbot_kinematics/youbot_kinematics.egg-info/PKG-INFO
[3.587s] writing dependency_links to ../../build/youbot_kinematics/youbot_kinematics.egg-info/dependency_links.txt
[3.767s] writing entry points to ../../build/youbot_kinematics/youbot_kinematics.egg-info/entry_points.txt
[3.883s] writing requirements to ../../build/youbot_kinematics/youbot_kinematics.egg-info/requires.txt
[3.938s] writing top-level names to ../../build/youbot_kinematics/youbot_kinematics.egg-info/top_level.txt
[4.040s] reading manifest file '../../build/youbot_kinematics/youbot_kinematics.egg-info/SOURCES.txt'
[4.042s] writing manifest file '../../build/youbot_kinematics/youbot_kinematics.egg-info/SOURCES.txt'
[4.042s] running build
[4.042s] running build_py
[4.043s] copying youbot_kinematics/youbotKineBase.py -> /Users/ethandsouza/Documents/GitHub/COMP0246_Labs/build/youbot_kinematics/build/lib/youbot_kinematics
[4.045s] running install
[4.050s] running install_lib
[4.129s] copying /Users/ethandsouza/Documents/GitHub/COMP0246_Labs/build/youbot_kinematics/build/lib/youbot_kinematics/youbotKineBase.py -> /Users/ethandsouza/Documents/GitHub/COMP0246_Labs/install/youbot_kinematics/lib/python3.10/site-packages/youbot_kinematics
[4.131s] byte-compiling /Users/ethandsouza/Documents/GitHub/COMP0246_Labs/install/youbot_kinematics/lib/python3.10/site-packages/youbot_kinematics/youbotKineBase.py to youbotKineBase.cpython-310.pyc
[4.133s] running install_data
[4.133s] running install_egg_info
[4.212s] removing '/Users/ethandsouza/Documents/GitHub/COMP0246_Labs/install/youbot_kinematics/lib/python3.10/site-packages/youbot_kinematics-0.0.0-py3.10.egg-info' (and everything under it)
[4.215s] Copying ../../build/youbot_kinematics/youbot_kinematics.egg-info to /Users/ethandsouza/Documents/GitHub/COMP0246_Labs/install/youbot_kinematics/lib/python3.10/site-packages/youbot_kinematics-0.0.0-py3.10.egg-info
[4.219s] running install_scripts
[4.390s] Installing main_kdl script to /Users/ethandsouza/Documents/GitHub/COMP0246_Labs/install/youbot_kinematics/lib/youbot_kinematics
[4.391s] Installing main_student script to /Users/ethandsouza/Documents/GitHub/COMP0246_Labs/install/youbot_kinematics/lib/youbot_kinematics
[4.391s] Installing plan_trajectory script to /Users/ethandsouza/Documents/GitHub/COMP0246_Labs/install/youbot_kinematics/lib/youbot_kinematics
[4.392s] writing list of installed files to '/Users/ethandsouza/Documents/GitHub/COMP0246_Labs/build/youbot_kinematics/install.log'
[4.437s] Invoked command in '/Users/ethandsouza/Documents/GitHub/COMP0246_Labs/final_lab/youbot_kinematics' returned '0': AMENT_PREFIX_PATH=/Users/ethandsouza/Documents/GitHub/COMP0246_Labs/install/transform_helpers:/Users/ethandsouza/Documents/GitHub/COMP0246_Labs/install/youbot_description:/Users/ethandsouza/Documents/GitHub/COMP0246_Labs/install/youbot_kinematics:/Users/ethandsouza/Documents/GitHub/COMP0246_Labs/install/franka_description:/Users/ethandsouza/miniforge3/envs/roboenv-py3.10 CONDA_PROMPT_MODIFIER=(roboenv-py3.10) PYTHONPATH=/Users/ethandsouza/Documents/GitHub/COMP0246_Labs/build/youbot_kinematics/prefix_override:/Users/ethandsouza/miniforge3/envs/roboenv-py3.10/lib/python3.10/site-packages/colcon_core/task/python/colcon_distutils_commands:/Users/ethandsouza/Documents/GitHub/COMP0246_Labs/install/youbot_kinematics/lib/python3.10/site-packages:/Users/ethandsouza/Documents/GitHub/COMP0246_Labs/install/transform_helpers/lib/python3.10/site-packages:/Users/ethandsouza/Documents/GitHub/COMP0246_Labs/install/youbot_description/lib/python3.10/site-packages:/Users/ethandsouza/Documents/GitHub/COMP0246_Labs/install/youbot_kinematics/lib/python3.10/site-packages:/Users/ethandsouza/miniforge3/envs/roboenv-py3.10/lib/python310/site-packages:/Users/ethandsouza/miniforge3/envs/roboenv-py3.10/lib/python3.10/site-packages SHLVL=2 _=/usr/bin/env /Users/ethandsouza/miniforge3/envs/roboenv-py3.10/bin/python3.10 -W ignore:setup.py install is deprecated -W ignore:easy_install command is deprecated setup.py egg_info --egg-base ../../build/youbot_kinematics build --build-base /Users/ethandsouza/Documents/GitHub/COMP0246_Labs/build/youbot_kinematics/build install --record /Users/ethandsouza/Documents/GitHub/COMP0246_Labs/build/youbot_kinematics/install.log --single-version-externally-managed install_data
