[0.079s] Invoking command in '/Users/ethandsouza/Documents/GitHub/COMP0246_Labs/build/franka_description': CMAKE_PREFIX_PATH=/Users/ethandsouza/miniforge3/envs/roboenv-py3.10 CONDA_PROMPT_MODIFIER=(roboenv-py3.10) SHLVL=2 _=/usr/bin/env /Users/ethandsouza/miniforge3/envs/roboenv-py3.10/bin/cmake --build /Users/ethandsouza/Documents/GitHub/COMP0246_Labs/build/franka_description -- -j8 -l8
[10.542s] Invoked command in '/Users/ethandsouza/Documents/GitHub/COMP0246_Labs/build/franka_description' returned '0': CMAKE_PREFIX_PATH=/Users/ethandsouza/miniforge3/envs/roboenv-py3.10 CONDA_PROMPT_MODIFIER=(roboenv-py3.10) SHLVL=2 _=/usr/bin/env /Users/ethandsouza/miniforge3/envs/roboenv-py3.10/bin/cmake --build /Users/ethandsouza/Documents/GitHub/COMP0246_Labs/build/franka_description -- -j8 -l8
[10.591s] Invoking command in '/Users/ethandsouza/Documents/GitHub/COMP0246_Labs/build/franka_description': CMAKE_PREFIX_PATH=/Users/ethandsouza/miniforge3/envs/roboenv-py3.10 CONDA_PROMPT_MODIFIER=(roboenv-py3.10) SHLVL=2 _=/usr/bin/env /Users/ethandsouza/miniforge3/envs/roboenv-py3.10/bin/cmake --install /Users/ethandsouza/Documents/GitHub/COMP0246_Labs/build/franka_description
[10.630s] -- Install configuration: ""
[10.633s] -- Up-to-date: /Users/ethandsouza/Documents/GitHub/COMP0246_Labs/install/franka_description/share/franka_description//launch
[10.635s] -- Up-to-date: /Users/ethandsouza/Documents/GitHub/COMP0246_Labs/install/franka_description/share/franka_description//launch/visualize_franka.launch.py
[10.635s] -- Up-to-date: /Users/ethandsouza/Documents/GitHub/COMP0246_Labs/install/franka_description/share/franka_description//robots
[10.635s] -- Up-to-date: /Users/ethandsouza/Documents/GitHub/COMP0246_Labs/install/franka_description/share/franka_description//robots/fp3
[10.636s] -- Up-to-date: /Users/ethandsouza/Documents/GitHub/COMP0246_Labs/install/franka_description/share/franka_description//robots/fp3/joint_limits.yaml
[10.636s] -- Up-to-date: /Users/ethandsouza/Documents/GitHub/COMP0246_Labs/install/franka_description/share/franka_description//robots/fp3/fp3.urdf.xacro
[10.636s] -- Up-to-date: /Users/ethandsouza/Documents/GitHub/COMP0246_Labs/install/franka_description/share/franka_description//robots/fp3/kinematics.yaml
[10.637s] -- Up-to-date: /Users/ethandsouza/Documents/GitHub/COMP0246_Labs/install/franka_description/share/franka_description//robots/fp3/dynamics.yaml
[10.637s] -- Up-to-date: /Users/ethandsouza/Documents/GitHub/COMP0246_Labs/install/franka_description/share/franka_description//robots/fp3/inertials.yaml
[10.638s] -- Up-to-date: /Users/ethandsouza/Documents/GitHub/COMP0246_Labs/install/franka_description/share/franka_description//robots/fr3
[10.638s] -- Up-to-date: /Users/ethandsouza/Documents/GitHub/COMP0246_Labs/install/franka_description/share/franka_description//robots/fr3/joint_limits.yaml
[10.638s] -- Up-to-date: /Users/ethandsouza/Documents/GitHub/COMP0246_Labs/install/franka_description/share/franka_description//robots/fr3/kinematics.yaml
[10.639s] -- Up-to-date: /Users/ethandsouza/Documents/GitHub/COMP0246_Labs/install/franka_description/share/franka_description//robots/fr3/dynamics.yaml
[10.639s] -- Up-to-date: /Users/ethandsouza/Documents/GitHub/COMP0246_Labs/install/franka_description/share/franka_description//robots/fr3/inertials.yaml
[10.640s] -- Up-to-date: /Users/ethandsouza/Documents/GitHub/COMP0246_Labs/install/franka_description/share/franka_description//robots/fr3/fr3.urdf.xacro
[10.640s] -- Up-to-date: /Users/ethandsouza/Documents/GitHub/COMP0246_Labs/install/franka_description/share/franka_description//robots/common
[10.641s] -- Up-to-date: /Users/ethandsouza/Documents/GitHub/COMP0246_Labs/install/franka_description/share/franka_description//robots/common/franka_arm.ros2_control.xacro
[10.642s] -- Up-to-date: /Users/ethandsouza/Documents/GitHub/COMP0246_Labs/install/franka_description/share/franka_description//robots/common/franka_robot.xacro
[10.642s] -- Up-to-date: /Users/ethandsouza/Documents/GitHub/COMP0246_Labs/install/franka_description/share/franka_description//robots/common/franka_arm.xacro
[10.643s] -- Up-to-date: /Users/ethandsouza/Documents/GitHub/COMP0246_Labs/install/franka_description/share/franka_description//robots/common/utils.xacro
[10.643s] -- Up-to-date: /Users/ethandsouza/Documents/GitHub/COMP0246_Labs/install/franka_description/share/franka_description//robots/fer
[10.643s] -- Up-to-date: /Users/ethandsouza/Documents/GitHub/COMP0246_Labs/install/franka_description/share/franka_description//robots/fer/joint_limits.yaml
[10.643s] -- Up-to-date: /Users/ethandsouza/Documents/GitHub/COMP0246_Labs/install/franka_description/share/franka_description//robots/fer/kinematics.yaml
[10.644s] -- Up-to-date: /Users/ethandsouza/Documents/GitHub/COMP0246_Labs/install/franka_description/share/franka_description//robots/fer/dynamics.yaml
[10.644s] -- Up-to-date: /Users/ethandsouza/Documents/GitHub/COMP0246_Labs/install/franka_description/share/franka_description//robots/fer/inertials.yaml
[10.644s] -- Up-to-date: /Users/ethandsouza/Documents/GitHub/COMP0246_Labs/install/franka_description/share/franka_description//robots/fer/fer.urdf.xacro
[10.645s] -- Up-to-date: /Users/ethandsouza/Documents/GitHub/COMP0246_Labs/install/franka_description/share/franka_description//end_effectors
[10.646s] -- Up-to-date: /Users/ethandsouza/Documents/GitHub/COMP0246_Labs/install/franka_description/share/franka_description//end_effectors/cobot_pump
[10.646s] -- Up-to-date: /Users/ethandsouza/Documents/GitHub/COMP0246_Labs/install/franka_description/share/franka_description//end_effectors/cobot_pump/cobot_pump.urdf.xacro
[10.647s] -- Up-to-date: /Users/ethandsouza/Documents/GitHub/COMP0246_Labs/install/franka_description/share/franka_description//end_effectors/cobot_pump/inertials.yaml
[10.647s] -- Up-to-date: /Users/ethandsouza/Documents/GitHub/COMP0246_Labs/install/franka_description/share/franka_description//end_effectors/cobot_pump/cobot_pump_arguments.xacro
[10.648s] -- Up-to-date: /Users/ethandsouza/Documents/GitHub/COMP0246_Labs/install/franka_description/share/franka_description//end_effectors/franka_hand
[10.649s] -- Up-to-date: /Users/ethandsouza/Documents/GitHub/COMP0246_Labs/install/franka_description/share/franka_description//end_effectors/franka_hand/franka_hand.urdf.xacro
[10.649s] -- Up-to-date: /Users/ethandsouza/Documents/GitHub/COMP0246_Labs/install/franka_description/share/franka_description//end_effectors/franka_hand/franka_hand_arguments.xacro
[10.650s] -- Up-to-date: /Users/ethandsouza/Documents/GitHub/COMP0246_Labs/install/franka_description/share/franka_description//end_effectors/franka_hand/inertials.yaml
[10.650s] -- Up-to-date: /Users/ethandsouza/Documents/GitHub/COMP0246_Labs/install/franka_description/share/franka_description//end_effectors/common
[10.651s] -- Up-to-date: /Users/ethandsouza/Documents/GitHub/COMP0246_Labs/install/franka_description/share/franka_description//end_effectors/common/ee_with_one_link.xacro
[10.651s] -- Up-to-date: /Users/ethandsouza/Documents/GitHub/COMP0246_Labs/install/franka_description/share/franka_description//end_effectors/common/franka_hand.xacro
[10.652s] -- Up-to-date: /Users/ethandsouza/Documents/GitHub/COMP0246_Labs/install/franka_description/share/franka_description//end_effectors/common/utils.xacro
[10.653s] -- Up-to-date: /Users/ethandsouza/Documents/GitHub/COMP0246_Labs/install/franka_description/share/franka_description//meshes
[10.653s] -- Up-to-date: /Users/ethandsouza/Documents/GitHub/COMP0246_Labs/install/franka_description/share/franka_description//meshes/robot_ee
[10.654s] -- Up-to-date: /Users/ethandsouza/Documents/GitHub/COMP0246_Labs/install/franka_description/share/franka_description//meshes/robot_ee/franka_hand_black
[10.654s] -- Up-to-date: /Users/ethandsouza/Documents/GitHub/COMP0246_Labs/install/franka_description/share/franka_description//meshes/robot_ee/franka_hand_black/visual
[10.654s] -- Up-to-date: /Users/ethandsouza/Documents/GitHub/COMP0246_Labs/install/franka_description/share/franka_description//meshes/robot_ee/franka_hand_black/visual/hand.dae
[10.655s] -- Up-to-date: /Users/ethandsouza/Documents/GitHub/COMP0246_Labs/install/franka_description/share/franka_description//meshes/robot_ee/franka_hand_black/visual/finger.dae
[10.655s] -- Up-to-date: /Users/ethandsouza/Documents/GitHub/COMP0246_Labs/install/franka_description/share/franka_description//meshes/robot_ee/franka_hand_black/collision
[10.656s] -- Up-to-date: /Users/ethandsouza/Documents/GitHub/COMP0246_Labs/install/franka_description/share/franka_description//meshes/robot_ee/franka_hand_black/collision/hand.stl
[10.656s] -- Up-to-date: /Users/ethandsouza/Documents/GitHub/COMP0246_Labs/install/franka_description/share/franka_description//meshes/robot_ee/cobot_pump
[10.656s] -- Up-to-date: /Users/ethandsouza/Documents/GitHub/COMP0246_Labs/install/franka_description/share/franka_description//meshes/robot_ee/cobot_pump/visual
[10.656s] -- Up-to-date: /Users/ethandsouza/Documents/GitHub/COMP0246_Labs/install/franka_description/share/franka_description//meshes/robot_ee/cobot_pump/visual/cobot_pump.dae
[10.656s] -- Up-to-date: /Users/ethandsouza/Documents/GitHub/COMP0246_Labs/install/franka_description/share/franka_description//meshes/robot_ee/cobot_pump/collision
[10.656s] -- Up-to-date: /Users/ethandsouza/Documents/GitHub/COMP0246_Labs/install/franka_description/share/franka_description//meshes/robot_ee/cobot_pump/collision/cobot_pump.stl
[10.656s] -- Up-to-date: /Users/ethandsouza/Documents/GitHub/COMP0246_Labs/install/franka_description/share/franka_description//meshes/robot_ee/franka_hand_white
[10.656s] -- Up-to-date: /Users/ethandsouza/Documents/GitHub/COMP0246_Labs/install/franka_description/share/franka_description//meshes/robot_ee/franka_hand_white/visual
[10.657s] -- Up-to-date: /Users/ethandsouza/Documents/GitHub/COMP0246_Labs/install/franka_description/share/franka_description//meshes/robot_ee/franka_hand_white/visual/hand.dae
[10.657s] -- Up-to-date: /Users/ethandsouza/Documents/GitHub/COMP0246_Labs/install/franka_description/share/franka_description//meshes/robot_ee/franka_hand_white/visual/finger.dae
[10.657s] -- Up-to-date: /Users/ethandsouza/Documents/GitHub/COMP0246_Labs/install/franka_description/share/franka_description//meshes/robot_ee/franka_hand_white/collision
[10.657s] -- Up-to-date: /Users/ethandsouza/Documents/GitHub/COMP0246_Labs/install/franka_description/share/franka_description//meshes/robot_ee/franka_hand_white/collision/hand.stl
[10.658s] -- Up-to-date: /Users/ethandsouza/Documents/GitHub/COMP0246_Labs/install/franka_description/share/franka_description//meshes/robot_arms
[10.658s] -- Up-to-date: /Users/ethandsouza/Documents/GitHub/COMP0246_Labs/install/franka_description/share/franka_description//meshes/robot_arms/fp3
[10.658s] -- Up-to-date: /Users/ethandsouza/Documents/GitHub/COMP0246_Labs/install/franka_description/share/franka_description//meshes/robot_arms/fp3/visual
[10.658s] -- Up-to-date: /Users/ethandsouza/Documents/GitHub/COMP0246_Labs/install/franka_description/share/franka_description//meshes/robot_arms/fp3/visual/link4.dae
[10.658s] -- Up-to-date: /Users/ethandsouza/Documents/GitHub/COMP0246_Labs/install/franka_description/share/franka_description//meshes/robot_arms/fp3/visual/link5.dae
[10.659s] -- Up-to-date: /Users/ethandsouza/Documents/GitHub/COMP0246_Labs/install/franka_description/share/franka_description//meshes/robot_arms/fp3/visual/link7.dae
[10.659s] -- Up-to-date: /Users/ethandsouza/Documents/GitHub/COMP0246_Labs/install/franka_description/share/franka_description//meshes/robot_arms/fp3/visual/link6.dae
[10.659s] -- Up-to-date: /Users/ethandsouza/Documents/GitHub/COMP0246_Labs/install/franka_description/share/franka_description//meshes/robot_arms/fp3/visual/link2.dae
[10.659s] -- Up-to-date: /Users/ethandsouza/Documents/GitHub/COMP0246_Labs/install/franka_description/share/franka_description//meshes/robot_arms/fp3/visual/link3.dae
[10.659s] -- Up-to-date: /Users/ethandsouza/Documents/GitHub/COMP0246_Labs/install/franka_description/share/franka_description//meshes/robot_arms/fp3/visual/link1.dae
[10.659s] -- Up-to-date: /Users/ethandsouza/Documents/GitHub/COMP0246_Labs/install/franka_description/share/franka_description//meshes/robot_arms/fp3/visual/link0.dae
[10.659s] -- Up-to-date: /Users/ethandsouza/Documents/GitHub/COMP0246_Labs/install/franka_description/share/franka_description//meshes/robot_arms/fp3/collision
[10.659s] -- Up-to-date: /Users/ethandsouza/Documents/GitHub/COMP0246_Labs/install/franka_description/share/franka_description//meshes/robot_arms/fp3/collision/link3.stl
[10.659s] -- Up-to-date: /Users/ethandsouza/Documents/GitHub/COMP0246_Labs/install/franka_description/share/franka_description//meshes/robot_arms/fp3/collision/link2.stl
[10.660s] -- Up-to-date: /Users/ethandsouza/Documents/GitHub/COMP0246_Labs/install/franka_description/share/franka_description//meshes/robot_arms/fp3/collision/link0.stl
[10.660s] -- Up-to-date: /Users/ethandsouza/Documents/GitHub/COMP0246_Labs/install/franka_description/share/franka_description//meshes/robot_arms/fp3/collision/link1.stl
[10.660s] -- Up-to-date: /Users/ethandsouza/Documents/GitHub/COMP0246_Labs/install/franka_description/share/franka_description//meshes/robot_arms/fp3/collision/link5.stl
[10.660s] -- Up-to-date: /Users/ethandsouza/Documents/GitHub/COMP0246_Labs/install/franka_description/share/franka_description//meshes/robot_arms/fp3/collision/link4.stl
[10.660s] -- Up-to-date: /Users/ethandsouza/Documents/GitHub/COMP0246_Labs/install/franka_description/share/franka_description//meshes/robot_arms/fp3/collision/link6.stl
[10.660s] -- Up-to-date: /Users/ethandsouza/Documents/GitHub/COMP0246_Labs/install/franka_description/share/franka_description//meshes/robot_arms/fp3/collision/link7.stl
[10.661s] -- Up-to-date: /Users/ethandsouza/Documents/GitHub/COMP0246_Labs/install/franka_description/share/franka_description//meshes/robot_arms/fr3
[10.661s] -- Up-to-date: /Users/ethandsouza/Documents/GitHub/COMP0246_Labs/install/franka_description/share/franka_description//meshes/robot_arms/fr3/visual
[10.661s] -- Up-to-date: /Users/ethandsouza/Documents/GitHub/COMP0246_Labs/install/franka_description/share/franka_description//meshes/robot_arms/fr3/visual/link4.dae
[10.661s] -- Up-to-date: /Users/ethandsouza/Documents/GitHub/COMP0246_Labs/install/franka_description/share/franka_description//meshes/robot_arms/fr3/visual/link5.dae
[10.662s] -- Up-to-date: /Users/ethandsouza/Documents/GitHub/COMP0246_Labs/install/franka_description/share/franka_description//meshes/robot_arms/fr3/visual/link7.dae
[10.662s] -- Up-to-date: /Users/ethandsouza/Documents/GitHub/COMP0246_Labs/install/franka_description/share/franka_description//meshes/robot_arms/fr3/visual/link6.dae
[10.662s] -- Up-to-date: /Users/ethandsouza/Documents/GitHub/COMP0246_Labs/install/franka_description/share/franka_description//meshes/robot_arms/fr3/visual/link2.dae
[10.662s] -- Up-to-date: /Users/ethandsouza/Documents/GitHub/COMP0246_Labs/install/franka_description/share/franka_description//meshes/robot_arms/fr3/visual/link3.dae
[10.662s] -- Up-to-date: /Users/ethandsouza/Documents/GitHub/COMP0246_Labs/install/franka_description/share/franka_description//meshes/robot_arms/fr3/visual/link1.dae
[10.663s] -- Up-to-date: /Users/ethandsouza/Documents/GitHub/COMP0246_Labs/install/franka_description/share/franka_description//meshes/robot_arms/fr3/visual/link0.dae
[10.663s] -- Up-to-date: /Users/ethandsouza/Documents/GitHub/COMP0246_Labs/install/franka_description/share/franka_description//meshes/robot_arms/fr3/collision
[10.663s] -- Up-to-date: /Users/ethandsouza/Documents/GitHub/COMP0246_Labs/install/franka_description/share/franka_description//meshes/robot_arms/fr3/collision/link3.stl
[10.665s] -- Up-to-date: /Users/ethandsouza/Documents/GitHub/COMP0246_Labs/install/franka_description/share/franka_description//meshes/robot_arms/fr3/collision/link2.stl
[10.665s] -- Up-to-date: /Users/ethandsouza/Documents/GitHub/COMP0246_Labs/install/franka_description/share/franka_description//meshes/robot_arms/fr3/collision/link0.stl
[10.665s] -- Up-to-date: /Users/ethandsouza/Documents/GitHub/COMP0246_Labs/install/franka_description/share/franka_description//meshes/robot_arms/fr3/collision/link1.stl
[10.666s] -- Up-to-date: /Users/ethandsouza/Documents/GitHub/COMP0246_Labs/install/franka_description/share/franka_description//meshes/robot_arms/fr3/collision/link5.stl
[10.666s] -- Up-to-date: /Users/ethandsouza/Documents/GitHub/COMP0246_Labs/install/franka_description/share/franka_description//meshes/robot_arms/fr3/collision/link4.stl
[10.666s] -- Up-to-date: /Users/ethandsouza/Documents/GitHub/COMP0246_Labs/install/franka_description/share/franka_description//meshes/robot_arms/fr3/collision/link6.stl
[10.666s] -- Up-to-date: /Users/ethandsouza/Documents/GitHub/COMP0246_Labs/install/franka_description/share/franka_description//meshes/robot_arms/fr3/collision/link7.stl
[10.666s] -- Up-to-date: /Users/ethandsouza/Documents/GitHub/COMP0246_Labs/install/franka_description/share/franka_description//meshes/robot_arms/fer
[10.667s] -- Up-to-date: /Users/ethandsouza/Documents/GitHub/COMP0246_Labs/install/franka_description/share/franka_description//meshes/robot_arms/fer/visual
[10.667s] -- Up-to-date: /Users/ethandsouza/Documents/GitHub/COMP0246_Labs/install/franka_description/share/franka_description//meshes/robot_arms/fer/visual/link4.dae
[10.667s] -- Up-to-date: /Users/ethandsouza/Documents/GitHub/COMP0246_Labs/install/franka_description/share/franka_description//meshes/robot_arms/fer/visual/link5.dae
[10.668s] -- Up-to-date: /Users/ethandsouza/Documents/GitHub/COMP0246_Labs/install/franka_description/share/franka_description//meshes/robot_arms/fer/visual/link7.dae
[10.668s] -- Up-to-date: /Users/ethandsouza/Documents/GitHub/COMP0246_Labs/install/franka_description/share/franka_description//meshes/robot_arms/fer/visual/link6.dae
[10.668s] -- Up-to-date: /Users/ethandsouza/Documents/GitHub/COMP0246_Labs/install/franka_description/share/franka_description//meshes/robot_arms/fer/visual/link2.dae
[10.668s] -- Up-to-date: /Users/ethandsouza/Documents/GitHub/COMP0246_Labs/install/franka_description/share/franka_description//meshes/robot_arms/fer/visual/link3.dae
[10.668s] -- Up-to-date: /Users/ethandsouza/Documents/GitHub/COMP0246_Labs/install/franka_description/share/franka_description//meshes/robot_arms/fer/visual/link1.dae
[10.668s] -- Up-to-date: /Users/ethandsouza/Documents/GitHub/COMP0246_Labs/install/franka_description/share/franka_description//meshes/robot_arms/fer/visual/link0.dae
[10.669s] -- Up-to-date: /Users/ethandsouza/Documents/GitHub/COMP0246_Labs/install/franka_description/share/franka_description//meshes/robot_arms/fer/visual/hand.dae
[10.669s] -- Up-to-date: /Users/ethandsouza/Documents/GitHub/COMP0246_Labs/install/franka_description/share/franka_description//meshes/robot_arms/fer/visual/finger.dae
[10.669s] -- Up-to-date: /Users/ethandsouza/Documents/GitHub/COMP0246_Labs/install/franka_description/share/franka_description//meshes/robot_arms/fer/collision
[10.669s] -- Up-to-date: /Users/ethandsouza/Documents/GitHub/COMP0246_Labs/install/franka_description/share/franka_description//meshes/robot_arms/fer/collision/hand.stl
[10.670s] -- Up-to-date: /Users/ethandsouza/Documents/GitHub/COMP0246_Labs/install/franka_description/share/franka_description//meshes/robot_arms/fer/collision/link3.stl
[10.670s] -- Up-to-date: /Users/ethandsouza/Documents/GitHub/COMP0246_Labs/install/franka_description/share/franka_description//meshes/robot_arms/fer/collision/link2.stl
[10.670s] -- Up-to-date: /Users/ethandsouza/Documents/GitHub/COMP0246_Labs/install/franka_description/share/franka_description//meshes/robot_arms/fer/collision/link0.stl
[10.670s] -- Up-to-date: /Users/ethandsouza/Documents/GitHub/COMP0246_Labs/install/franka_description/share/franka_description//meshes/robot_arms/fer/collision/link1.stl
[10.670s] -- Up-to-date: /Users/ethandsouza/Documents/GitHub/COMP0246_Labs/install/franka_description/share/franka_description//meshes/robot_arms/fer/collision/link5.stl
[10.671s] -- Up-to-date: /Users/ethandsouza/Documents/GitHub/COMP0246_Labs/install/franka_description/share/franka_description//meshes/robot_arms/fer/collision/link4.stl
[10.671s] -- Up-to-date: /Users/ethandsouza/Documents/GitHub/COMP0246_Labs/install/franka_description/share/franka_description//meshes/robot_arms/fer/collision/link6.stl
[10.671s] -- Up-to-date: /Users/ethandsouza/Documents/GitHub/COMP0246_Labs/install/franka_description/share/franka_description//meshes/robot_arms/fer/collision/link7.stl
[10.671s] -- Up-to-date: /Users/ethandsouza/Documents/GitHub/COMP0246_Labs/install/franka_description/share/franka_description//rviz
[10.671s] -- Up-to-date: /Users/ethandsouza/Documents/GitHub/COMP0246_Labs/install/franka_description/share/franka_description//rviz/visualize_franka.rviz
[10.671s] -- Up-to-date: /Users/ethandsouza/Documents/GitHub/COMP0246_Labs/install/franka_description/share/franka_description//urdfs
[10.672s] -- Up-to-date: /Users/ethandsouza/Documents/GitHub/COMP0246_Labs/install/franka_description/share/franka_description//urdfs/fr3.urdf
[10.672s] -- Up-to-date: /Users/ethandsouza/Documents/GitHub/COMP0246_Labs/install/franka_description/share/franka_description//urdfs/fr3_franka_hand.urdf
[10.672s] -- Up-to-date: /Users/ethandsouza/Documents/GitHub/COMP0246_Labs/install/franka_description/share/ament_index/resource_index/package_run_dependencies/franka_description
[10.673s] -- Up-to-date: /Users/ethandsouza/Documents/GitHub/COMP0246_Labs/install/franka_description/share/ament_index/resource_index/parent_prefix_path/franka_description
[10.673s] -- Up-to-date: /Users/ethandsouza/Documents/GitHub/COMP0246_Labs/install/franka_description/share/franka_description/environment/ament_prefix_path.sh
[10.674s] -- Up-to-date: /Users/ethandsouza/Documents/GitHub/COMP0246_Labs/install/franka_description/share/franka_description/environment/ament_prefix_path.dsv
[10.674s] -- Up-to-date: /Users/ethandsouza/Documents/GitHub/COMP0246_Labs/install/franka_description/share/franka_description/environment/path.sh
[10.674s] -- Up-to-date: /Users/ethandsouza/Documents/GitHub/COMP0246_Labs/install/franka_description/share/franka_description/environment/path.dsv
[10.675s] -- Up-to-date: /Users/ethandsouza/Documents/GitHub/COMP0246_Labs/install/franka_description/share/franka_description/local_setup.bash
[10.675s] -- Up-to-date: /Users/ethandsouza/Documents/GitHub/COMP0246_Labs/install/franka_description/share/franka_description/local_setup.sh
[10.676s] -- Up-to-date: /Users/ethandsouza/Documents/GitHub/COMP0246_Labs/install/franka_description/share/franka_description/local_setup.zsh
[10.676s] -- Up-to-date: /Users/ethandsouza/Documents/GitHub/COMP0246_Labs/install/franka_description/share/franka_description/local_setup.dsv
[10.676s] -- Installing: /Users/ethandsouza/Documents/GitHub/COMP0246_Labs/install/franka_description/share/franka_description/package.dsv
[10.677s] -- Up-to-date: /Users/ethandsouza/Documents/GitHub/COMP0246_Labs/install/franka_description/share/ament_index/resource_index/packages/franka_description
[10.677s] -- Up-to-date: /Users/ethandsouza/Documents/GitHub/COMP0246_Labs/install/franka_description/share/franka_description/cmake/franka_descriptionConfig.cmake
[10.677s] -- Up-to-date: /Users/ethandsouza/Documents/GitHub/COMP0246_Labs/install/franka_description/share/franka_description/cmake/franka_descriptionConfig-version.cmake
[10.677s] -- Up-to-date: /Users/ethandsouza/Documents/GitHub/COMP0246_Labs/install/franka_description/share/franka_description/package.xml
[10.678s] Invoked command in '/Users/ethandsouza/Documents/GitHub/COMP0246_Labs/build/franka_description' returned '0': CMAKE_PREFIX_PATH=/Users/ethandsouza/miniforge3/envs/roboenv-py3.10 CONDA_PROMPT_MODIFIER=(roboenv-py3.10) SHLVL=2 _=/usr/bin/env /Users/ethandsouza/miniforge3/envs/roboenv-py3.10/bin/cmake --install /Users/ethandsouza/Documents/GitHub/COMP0246_Labs/build/franka_description
