[3.558s] Invoking command in '/Users/ethandsouza/Documents/GitHub/COMP0246_Labs/lab1submission/transform_helpers': AMENT_PREFIX_PATH=/Users/ethandsouza/Documents/GitHub/COMP0246_Labs/install/franka_description:${AMENT_PREFIX_PATH} CMAKE_PREFIX_PATH=/Users/ethandsouza/Documents/GitHub/COMP0246_Labs/install/franka_description CONDA_PROMPT_MODIFIER=(roboenv-py3.10) PYTHONPATH=/Users/ethandsouza/Documents/GitHub/COMP0246_Labs/build/transform_helpers/prefix_override:/Users/ethandsouza/miniforge3/envs/roboenv-py3.10/lib/python3.10/site-packages/colcon_core/task/python/colcon_distutils_commands:/Users/ethandsouza/Documents/GitHub/COMP0246_Labs/install/transform_helpers/lib/python3.10/site-packages:${PYTHONPATH} SHLVL=2 _=/usr/bin/env /Users/ethandsouza/miniforge3/envs/roboenv-py3.10/bin/python3.10 -W ignore:setup.py install is deprecated -W ignore:easy_install command is deprecated setup.py egg_info --egg-base ../../build/transform_helpers build --build-base /Users/ethandsouza/Documents/GitHub/COMP0246_Labs/build/transform_helpers/build install --record /Users/ethandsouza/Documents/GitHub/COMP0246_Labs/build/transform_helpers/install.log --single-version-externally-managed install_data
[5.030s] running egg_info
[5.031s] creating ../../build/transform_helpers/transform_helpers.egg-info
[5.141s] writing ../../build/transform_helpers/transform_helpers.egg-info/PKG-INFO
[5.220s] writing dependency_links to ../../build/transform_helpers/transform_helpers.egg-info/dependency_links.txt
[5.459s] writing entry points to ../../build/transform_helpers/transform_helpers.egg-info/entry_points.txt
[5.617s] writing requirements to ../../build/transform_helpers/transform_helpers.egg-info/requires.txt
[5.703s] writing top-level names to ../../build/transform_helpers/transform_helpers.egg-info/top_level.txt
[5.703s] writing manifest file '../../build/transform_helpers/transform_helpers.egg-info/SOURCES.txt'
[5.840s] reading manifest file '../../build/transform_helpers/transform_helpers.egg-info/SOURCES.txt'
[5.841s] writing manifest file '../../build/transform_helpers/transform_helpers.egg-info/SOURCES.txt'
[5.842s] running build
[5.842s] running build_py
[5.842s] creating /Users/ethandsouza/Documents/GitHub/COMP0246_Labs/build/transform_helpers/build
[5.843s] creating /Users/ethandsouza/Documents/GitHub/COMP0246_Labs/build/transform_helpers/build/lib
[5.843s] creating /Users/ethandsouza/Documents/GitHub/COMP0246_Labs/build/transform_helpers/build/lib/transform_helpers
[5.843s] copying transform_helpers/__init__.py -> /Users/ethandsouza/Documents/GitHub/COMP0246_Labs/build/transform_helpers/build/lib/transform_helpers
[5.843s] copying transform_helpers/utils.py -> /Users/ethandsouza/Documents/GitHub/COMP0246_Labs/build/transform_helpers/build/lib/transform_helpers
[5.844s] copying transform_helpers/main.py -> /Users/ethandsouza/Documents/GitHub/COMP0246_Labs/build/transform_helpers/build/lib/transform_helpers
[5.845s] running install
[5.852s] running install_lib
[5.961s] creating /Users/ethandsouza/Documents/GitHub/COMP0246_Labs/install/transform_helpers/lib/python3.10/site-packages/transform_helpers
[5.962s] copying /Users/ethandsouza/Documents/GitHub/COMP0246_Labs/build/transform_helpers/build/lib/transform_helpers/__init__.py -> /Users/ethandsouza/Documents/GitHub/COMP0246_Labs/install/transform_helpers/lib/python3.10/site-packages/transform_helpers
[5.962s] copying /Users/ethandsouza/Documents/GitHub/COMP0246_Labs/build/transform_helpers/build/lib/transform_helpers/utils.py -> /Users/ethandsouza/Documents/GitHub/COMP0246_Labs/install/transform_helpers/lib/python3.10/site-packages/transform_helpers
[5.962s] copying /Users/ethandsouza/Documents/GitHub/COMP0246_Labs/build/transform_helpers/build/lib/transform_helpers/main.py -> /Users/ethandsouza/Documents/GitHub/COMP0246_Labs/install/transform_helpers/lib/python3.10/site-packages/transform_helpers
[5.964s] byte-compiling /Users/ethandsouza/Documents/GitHub/COMP0246_Labs/install/transform_helpers/lib/python3.10/site-packages/transform_helpers/__init__.py to __init__.cpython-310.pyc
[5.964s] byte-compiling /Users/ethandsouza/Documents/GitHub/COMP0246_Labs/install/transform_helpers/lib/python3.10/site-packages/transform_helpers/utils.py to utils.cpython-310.pyc
[5.966s] byte-compiling /Users/ethandsouza/Documents/GitHub/COMP0246_Labs/install/transform_helpers/lib/python3.10/site-packages/transform_helpers/main.py to main.cpython-310.pyc
[5.969s] running install_data
[5.970s] creating /Users/ethandsouza/Documents/GitHub/COMP0246_Labs/install/transform_helpers/share/ament_index
[5.970s] creating /Users/ethandsouza/Documents/GitHub/COMP0246_Labs/install/transform_helpers/share/ament_index/resource_index
[5.970s] creating /Users/ethandsouza/Documents/GitHub/COMP0246_Labs/install/transform_helpers/share/ament_index/resource_index/packages
[5.970s] copying resource/transform_helpers -> /Users/ethandsouza/Documents/GitHub/COMP0246_Labs/install/transform_helpers/share/ament_index/resource_index/packages
[5.971s] copying package.xml -> /Users/ethandsouza/Documents/GitHub/COMP0246_Labs/install/transform_helpers/share/transform_helpers
[5.971s] creating /Users/ethandsouza/Documents/GitHub/COMP0246_Labs/install/transform_helpers/share/transform_helpers/config
[5.971s] copying config/viz.rviz -> /Users/ethandsouza/Documents/GitHub/COMP0246_Labs/install/transform_helpers/share/transform_helpers/config
[5.973s] creating /Users/ethandsouza/Documents/GitHub/COMP0246_Labs/install/transform_helpers/share/transform_helpers/launch
[5.973s] copying launch/bringup.launch.py -> /Users/ethandsouza/Documents/GitHub/COMP0246_Labs/install/transform_helpers/share/transform_helpers/launch
[5.974s] running install_egg_info
[6.088s] Copying ../../build/transform_helpers/transform_helpers.egg-info to /Users/ethandsouza/Documents/GitHub/COMP0246_Labs/install/transform_helpers/lib/python3.10/site-packages/transform_helpers-0.0.0-py3.10.egg-info
[6.093s] running install_scripts
[6.340s] Installing main script to /Users/ethandsouza/Documents/GitHub/COMP0246_Labs/install/transform_helpers/lib/transform_helpers
[6.341s] writing list of installed files to '/Users/ethandsouza/Documents/GitHub/COMP0246_Labs/build/transform_helpers/install.log'
[6.395s] Invoked command in '/Users/ethandsouza/Documents/GitHub/COMP0246_Labs/lab1submission/transform_helpers' returned '0': AMENT_PREFIX_PATH=/Users/ethandsouza/Documents/GitHub/COMP0246_Labs/install/franka_description:${AMENT_PREFIX_PATH} CMAKE_PREFIX_PATH=/Users/ethandsouza/Documents/GitHub/COMP0246_Labs/install/franka_description CONDA_PROMPT_MODIFIER=(roboenv-py3.10) PYTHONPATH=/Users/ethandsouza/Documents/GitHub/COMP0246_Labs/build/transform_helpers/prefix_override:/Users/ethandsouza/miniforge3/envs/roboenv-py3.10/lib/python3.10/site-packages/colcon_core/task/python/colcon_distutils_commands:/Users/ethandsouza/Documents/GitHub/COMP0246_Labs/install/transform_helpers/lib/python3.10/site-packages:${PYTHONPATH} SHLVL=2 _=/usr/bin/env /Users/ethandsouza/miniforge3/envs/roboenv-py3.10/bin/python3.10 -W ignore:setup.py install is deprecated -W ignore:easy_install command is deprecated setup.py egg_info --egg-base ../../build/transform_helpers build --build-base /Users/ethandsouza/Documents/GitHub/COMP0246_Labs/build/transform_helpers/build install --record /Users/ethandsouza/Documents/GitHub/COMP0246_Labs/build/transform_helpers/install.log --single-version-externally-managed install_data
