running egg_info
writing ../../build/transform_helpers/transform_helpers.egg-info/PKG-INFO
writing dependency_links to ../../build/transform_helpers/transform_helpers.egg-info/dependency_links.txt
writing entry points to ../../build/transform_helpers/transform_helpers.egg-info/entry_points.txt
writing requirements to ../../build/transform_helpers/transform_helpers.egg-info/requires.txt
writing top-level names to ../../build/transform_helpers/transform_helpers.egg-info/top_level.txt
reading manifest file '../../build/transform_helpers/transform_helpers.egg-info/SOURCES.txt'
writing manifest file '../../build/transform_helpers/transform_helpers.egg-info/SOURCES.txt'
running build
running build_py
running install
running install_lib
byte-compiling /Users/ethandsouza/Documents/GitHub/COMP0246_Labs/install/transform_helpers/lib/python3.10/site-packages/transform_helpers/utils.py to utils.cpython-310.pyc
running install_data
running install_egg_info
removing '/Users/ethandsouza/Documents/GitHub/COMP0246_Labs/install/transform_helpers/lib/python3.10/site-packages/transform_helpers-0.0.0-py3.10.egg-info' (and everything under it)
Copying ../../build/transform_helpers/transform_helpers.egg-info to /Users/ethandsouza/Documents/GitHub/COMP0246_Labs/install/transform_helpers/lib/python3.10/site-packages/transform_helpers-0.0.0-py3.10.egg-info
running install_scripts
Installing main script to /Users/ethandsouza/Documents/GitHub/COMP0246_Labs/install/transform_helpers/lib/transform_helpers
writing list of installed files to '/Users/ethandsouza/Documents/GitHub/COMP0246_Labs/build/transform_helpers/install.log'
