[3.744s] Invoking command in '/Users/ethandsouza/Documents/GitHub/COMP0246_Labs/lab1submission/transform_helpers': CONDA_PROMPT_MODIFIER=(roboenv-py3.10) PYTHONPATH=/Users/ethandsouza/Documents/GitHub/COMP0246_Labs/build/transform_helpers/prefix_override:/Users/ethandsouza/miniforge3/envs/roboenv-py3.10/lib/python3.10/site-packages/colcon_core/task/python/colcon_distutils_commands:/Users/ethandsouza/Documents/GitHub/COMP0246_Labs/install/transform_helpers/lib/python3.10/site-packages:${PYTHONPATH} SHLVL=2 _=/usr/bin/env /Users/ethandsouza/miniforge3/envs/roboenv-py3.10/bin/python3.10 -W ignore:setup.py install is deprecated -W ignore:easy_install command is deprecated setup.py egg_info --egg-base ../../build/transform_helpers build --build-base /Users/ethandsouza/Documents/GitHub/COMP0246_Labs/build/transform_helpers/build install --record /Users/ethandsouza/Documents/GitHub/COMP0246_Labs/build/transform_helpers/install.log --single-version-externally-managed install_data
[5.404s] running egg_info
[5.537s] writing ../../build/transform_helpers/transform_helpers.egg-info/PKG-INFO
[5.623s] writing dependency_links to ../../build/transform_helpers/transform_helpers.egg-info/dependency_links.txt
[5.892s] writing entry points to ../../build/transform_helpers/transform_helpers.egg-info/entry_points.txt
[6.086s] writing requirements to ../../build/transform_helpers/transform_helpers.egg-info/requires.txt
[6.173s] writing top-level names to ../../build/transform_helpers/transform_helpers.egg-info/top_level.txt
[6.323s] reading manifest file '../../build/transform_helpers/transform_helpers.egg-info/SOURCES.txt'
[6.326s] writing manifest file '../../build/transform_helpers/transform_helpers.egg-info/SOURCES.txt'
[6.326s] running build
[6.326s] running build_py
[6.327s] running install
[6.334s] running install_lib
[6.451s] running install_data
[6.452s] running install_egg_info
[6.637s] removing '/Users/ethandsouza/Documents/GitHub/COMP0246_Labs/install/transform_helpers/lib/python3.10/site-packages/transform_helpers-0.0.0-py3.10.egg-info' (and everything under it)
[6.639s] Copying ../../build/transform_helpers/transform_helpers.egg-info to /Users/ethandsouza/Documents/GitHub/COMP0246_Labs/install/transform_helpers/lib/python3.10/site-packages/transform_helpers-0.0.0-py3.10.egg-info
[6.647s] running install_scripts
[6.903s] Installing main script to /Users/ethandsouza/Documents/GitHub/COMP0246_Labs/install/transform_helpers/lib/transform_helpers
[6.903s] writing list of installed files to '/Users/ethandsouza/Documents/GitHub/COMP0246_Labs/build/transform_helpers/install.log'
[6.953s] Invoked command in '/Users/ethandsouza/Documents/GitHub/COMP0246_Labs/lab1submission/transform_helpers' returned '0': CONDA_PROMPT_MODIFIER=(roboenv-py3.10) PYTHONPATH=/Users/ethandsouza/Documents/GitHub/COMP0246_Labs/build/transform_helpers/prefix_override:/Users/ethandsouza/miniforge3/envs/roboenv-py3.10/lib/python3.10/site-packages/colcon_core/task/python/colcon_distutils_commands:/Users/ethandsouza/Documents/GitHub/COMP0246_Labs/install/transform_helpers/lib/python3.10/site-packages:${PYTHONPATH} SHLVL=2 _=/usr/bin/env /Users/ethandsouza/miniforge3/envs/roboenv-py3.10/bin/python3.10 -W ignore:setup.py install is deprecated -W ignore:easy_install command is deprecated setup.py egg_info --egg-base ../../build/transform_helpers build --build-base /Users/ethandsouza/Documents/GitHub/COMP0246_Labs/build/transform_helpers/build install --record /Users/ethandsouza/Documents/GitHub/COMP0246_Labs/build/transform_helpers/install.log --single-version-externally-managed install_data
