[0.735s] DEBUG:colcon:Command line arguments: ['/Users/ethandsouza/miniforge3/envs/roboenv-py3.10/bin/colcon', 'build']
[0.735s] DEBUG:colcon:Parsed command line arguments: Namespace(log_base=None, log_level=None, verb_name='build', build_base='build', install_base='install', merge_install=False, symlink_install=False, test_result_base=None, continue_on_error=False, executor='parallel', parallel_workers=8, event_handlers=None, ignore_user_meta=False, metas=['./colcon.meta'], base_paths=['.'], packages_ignore=None, packages_ignore_regex=None, paths=None, packages_up_to=None, packages_up_to_regex=None, packages_above=None, packages_above_and_dependencies=None, packages_above_depth=None, packages_select_by_dep=None, packages_skip_by_dep=None, packages_skip_up_to=None, packages_select_build_failed=False, packages_skip_build_finished=False, packages_select_test_failures=False, packages_skip_test_passed=False, packages_select=None, packages_skip=None, packages_select_regex=None, packages_skip_regex=None, packages_start=None, packages_end=None, cmake_args=None, cmake_target=None, cmake_target_skip_unavailable=False, cmake_clean_cache=False, cmake_clean_first=False, cmake_force_configure=False, ament_cmake_args=None, catkin_cmake_args=None, catkin_skip_building_tests=False, verb_parser=<colcon_defaults.argument_parser.defaults.DefaultArgumentsDecorator object at 0x10401d2a0>, verb_extension=<colcon_core.verb.build.BuildVerb object at 0x10401cd60>, main=<bound method BuildVerb.main of <colcon_core.verb.build.BuildVerb object at 0x10401cd60>>)
[1.426s] Level 1:colcon.colcon_core.package_discovery:discover_packages(colcon_meta) check parameters
[1.427s] Level 1:colcon.colcon_core.package_discovery:discover_packages(recursive) check parameters
[1.427s] Level 1:colcon.colcon_core.package_discovery:discover_packages(ignore) check parameters
[1.427s] Level 1:colcon.colcon_core.package_discovery:discover_packages(path) check parameters
[1.427s] Level 1:colcon.colcon_core.package_discovery:discover_packages(colcon_meta) discover
[1.427s] Level 1:colcon.colcon_core.package_discovery:discover_packages(recursive) discover
[1.427s] INFO:colcon.colcon_core.package_discovery:Crawling recursively for packages in '/Users/ethandsouza/Documents/GitHub/COMP0246_Labs'
[1.428s] Level 1:colcon.colcon_core.package_identification:_identify(.) by extensions ['ignore', 'ignore_ament_install']
[1.428s] Level 1:colcon.colcon_core.package_identification:_identify(.) by extension 'ignore'
[1.428s] Level 1:colcon.colcon_core.package_identification:_identify(.) by extension 'ignore_ament_install'
[1.428s] Level 1:colcon.colcon_core.package_identification:_identify(.) by extensions ['colcon_pkg']
[1.428s] Level 1:colcon.colcon_core.package_identification:_identify(.) by extension 'colcon_pkg'
[1.428s] Level 1:colcon.colcon_core.package_identification:_identify(.) by extensions ['colcon_meta']
[1.428s] Level 1:colcon.colcon_core.package_identification:_identify(.) by extension 'colcon_meta'
[1.429s] Level 1:colcon.colcon_core.package_identification:_identify(.) by extensions ['ros']
[1.429s] Level 1:colcon.colcon_core.package_identification:_identify(.) by extension 'ros'
[1.514s] Level 1:colcon.colcon_core.package_identification:_identify(.) by extensions ['cmake', 'python']
[1.514s] Level 1:colcon.colcon_core.package_identification:_identify(.) by extension 'cmake'
[1.514s] Level 1:colcon.colcon_core.package_identification:_identify(.) by extension 'python'
[1.514s] Level 1:colcon.colcon_core.package_identification:_identify(.) by extensions ['python_setup_py']
[1.514s] Level 1:colcon.colcon_core.package_identification:_identify(.) by extension 'python_setup_py'
[1.515s] Level 1:colcon.colcon_core.package_identification:_identify(build) by extensions ['ignore', 'ignore_ament_install']
[1.515s] Level 1:colcon.colcon_core.package_identification:_identify(build) by extension 'ignore'
[1.515s] Level 1:colcon.colcon_core.package_identification:_identify(build) ignored
[1.516s] Level 1:colcon.colcon_core.package_identification:_identify(final_lab) by extensions ['ignore', 'ignore_ament_install']
[1.516s] Level 1:colcon.colcon_core.package_identification:_identify(final_lab) by extension 'ignore'
[1.516s] Level 1:colcon.colcon_core.package_identification:_identify(final_lab) by extension 'ignore_ament_install'
[1.516s] Level 1:colcon.colcon_core.package_identification:_identify(final_lab) by extensions ['colcon_pkg']
[1.516s] Level 1:colcon.colcon_core.package_identification:_identify(final_lab) by extension 'colcon_pkg'
[1.516s] Level 1:colcon.colcon_core.package_identification:_identify(final_lab) by extensions ['colcon_meta']
[1.516s] Level 1:colcon.colcon_core.package_identification:_identify(final_lab) by extension 'colcon_meta'
[1.517s] Level 1:colcon.colcon_core.package_identification:_identify(final_lab) by extensions ['ros']
[1.517s] Level 1:colcon.colcon_core.package_identification:_identify(final_lab) by extension 'ros'
[1.517s] Level 1:colcon.colcon_core.package_identification:_identify(final_lab) by extensions ['cmake', 'python']
[1.517s] Level 1:colcon.colcon_core.package_identification:_identify(final_lab) by extension 'cmake'
[1.517s] Level 1:colcon.colcon_core.package_identification:_identify(final_lab) by extension 'python'
[1.517s] Level 1:colcon.colcon_core.package_identification:_identify(final_lab) by extensions ['python_setup_py']
[1.517s] Level 1:colcon.colcon_core.package_identification:_identify(final_lab) by extension 'python_setup_py'
[1.517s] Level 1:colcon.colcon_core.package_identification:_identify(final_lab/assets) by extensions ['ignore', 'ignore_ament_install']
[1.517s] Level 1:colcon.colcon_core.package_identification:_identify(final_lab/assets) by extension 'ignore'
[1.517s] Level 1:colcon.colcon_core.package_identification:_identify(final_lab/assets) by extension 'ignore_ament_install'
[1.518s] Level 1:colcon.colcon_core.package_identification:_identify(final_lab/assets) by extensions ['colcon_pkg']
[1.518s] Level 1:colcon.colcon_core.package_identification:_identify(final_lab/assets) by extension 'colcon_pkg'
[1.518s] Level 1:colcon.colcon_core.package_identification:_identify(final_lab/assets) by extensions ['colcon_meta']
[1.518s] Level 1:colcon.colcon_core.package_identification:_identify(final_lab/assets) by extension 'colcon_meta'
[1.518s] Level 1:colcon.colcon_core.package_identification:_identify(final_lab/assets) by extensions ['ros']
[1.518s] Level 1:colcon.colcon_core.package_identification:_identify(final_lab/assets) by extension 'ros'
[1.518s] Level 1:colcon.colcon_core.package_identification:_identify(final_lab/assets) by extensions ['cmake', 'python']
[1.518s] Level 1:colcon.colcon_core.package_identification:_identify(final_lab/assets) by extension 'cmake'
[1.518s] Level 1:colcon.colcon_core.package_identification:_identify(final_lab/assets) by extension 'python'
[1.518s] Level 1:colcon.colcon_core.package_identification:_identify(final_lab/assets) by extensions ['python_setup_py']
[1.518s] Level 1:colcon.colcon_core.package_identification:_identify(final_lab/assets) by extension 'python_setup_py'
[1.519s] Level 1:colcon.colcon_core.package_identification:_identify(final_lab/assets/lab2) by extensions ['ignore', 'ignore_ament_install']
[1.519s] Level 1:colcon.colcon_core.package_identification:_identify(final_lab/assets/lab2) by extension 'ignore'
[1.520s] Level 1:colcon.colcon_core.package_identification:_identify(final_lab/assets/lab2) by extension 'ignore_ament_install'
[1.520s] Level 1:colcon.colcon_core.package_identification:_identify(final_lab/assets/lab2) by extensions ['colcon_pkg']
[1.520s] Level 1:colcon.colcon_core.package_identification:_identify(final_lab/assets/lab2) by extension 'colcon_pkg'
[1.520s] Level 1:colcon.colcon_core.package_identification:_identify(final_lab/assets/lab2) by extensions ['colcon_meta']
[1.520s] Level 1:colcon.colcon_core.package_identification:_identify(final_lab/assets/lab2) by extension 'colcon_meta'
[1.520s] Level 1:colcon.colcon_core.package_identification:_identify(final_lab/assets/lab2) by extensions ['ros']
[1.520s] Level 1:colcon.colcon_core.package_identification:_identify(final_lab/assets/lab2) by extension 'ros'
[1.520s] Level 1:colcon.colcon_core.package_identification:_identify(final_lab/assets/lab2) by extensions ['cmake', 'python']
[1.520s] Level 1:colcon.colcon_core.package_identification:_identify(final_lab/assets/lab2) by extension 'cmake'
[1.520s] Level 1:colcon.colcon_core.package_identification:_identify(final_lab/assets/lab2) by extension 'python'
[1.521s] Level 1:colcon.colcon_core.package_identification:_identify(final_lab/assets/lab2) by extensions ['python_setup_py']
[1.521s] Level 1:colcon.colcon_core.package_identification:_identify(final_lab/assets/lab2) by extension 'python_setup_py'
[1.521s] Level 1:colcon.colcon_core.package_identification:_identify(final_lab/youbot_description) by extensions ['ignore', 'ignore_ament_install']
[1.522s] Level 1:colcon.colcon_core.package_identification:_identify(final_lab/youbot_description) by extension 'ignore'
[1.522s] Level 1:colcon.colcon_core.package_identification:_identify(final_lab/youbot_description) by extension 'ignore_ament_install'
[1.522s] Level 1:colcon.colcon_core.package_identification:_identify(final_lab/youbot_description) by extensions ['colcon_pkg']
[1.522s] Level 1:colcon.colcon_core.package_identification:_identify(final_lab/youbot_description) by extension 'colcon_pkg'
[1.522s] Level 1:colcon.colcon_core.package_identification:_identify(final_lab/youbot_description) by extensions ['colcon_meta']
[1.522s] Level 1:colcon.colcon_core.package_identification:_identify(final_lab/youbot_description) by extension 'colcon_meta'
[1.522s] Level 1:colcon.colcon_core.package_identification:_identify(final_lab/youbot_description) by extensions ['ros']
[1.523s] Level 1:colcon.colcon_core.package_identification:_identify(final_lab/youbot_description) by extension 'ros'
[1.531s] DEBUG:colcon.colcon_core.package_identification:Package 'final_lab/youbot_description' with type 'ros.ament_python' and name 'youbot_description'
[1.532s] Level 1:colcon.colcon_core.package_identification:_identify(final_lab/youbot_kinematics) by extensions ['ignore', 'ignore_ament_install']
[1.532s] Level 1:colcon.colcon_core.package_identification:_identify(final_lab/youbot_kinematics) by extension 'ignore'
[1.532s] Level 1:colcon.colcon_core.package_identification:_identify(final_lab/youbot_kinematics) by extension 'ignore_ament_install'
[1.532s] Level 1:colcon.colcon_core.package_identification:_identify(final_lab/youbot_kinematics) by extensions ['colcon_pkg']
[1.532s] Level 1:colcon.colcon_core.package_identification:_identify(final_lab/youbot_kinematics) by extension 'colcon_pkg'
[1.532s] Level 1:colcon.colcon_core.package_identification:_identify(final_lab/youbot_kinematics) by extensions ['colcon_meta']
[1.532s] Level 1:colcon.colcon_core.package_identification:_identify(final_lab/youbot_kinematics) by extension 'colcon_meta'
[1.533s] Level 1:colcon.colcon_core.package_identification:_identify(final_lab/youbot_kinematics) by extensions ['ros']
[1.533s] Level 1:colcon.colcon_core.package_identification:_identify(final_lab/youbot_kinematics) by extension 'ros'
[1.534s] DEBUG:colcon.colcon_core.package_identification:Package 'final_lab/youbot_kinematics' with type 'ros.ament_python' and name 'youbot_kinematics'
[1.536s] Level 1:colcon.colcon_core.package_identification:_identify(franka_description) by extensions ['ignore', 'ignore_ament_install']
[1.537s] Level 1:colcon.colcon_core.package_identification:_identify(franka_description) by extension 'ignore'
[1.537s] Level 1:colcon.colcon_core.package_identification:_identify(franka_description) by extension 'ignore_ament_install'
[1.537s] Level 1:colcon.colcon_core.package_identification:_identify(franka_description) by extensions ['colcon_pkg']
[1.537s] Level 1:colcon.colcon_core.package_identification:_identify(franka_description) by extension 'colcon_pkg'
[1.538s] Level 1:colcon.colcon_core.package_identification:_identify(franka_description) by extensions ['colcon_meta']
[1.538s] Level 1:colcon.colcon_core.package_identification:_identify(franka_description) by extension 'colcon_meta'
[1.538s] Level 1:colcon.colcon_core.package_identification:_identify(franka_description) by extensions ['ros']
[1.538s] Level 1:colcon.colcon_core.package_identification:_identify(franka_description) by extension 'ros'
[1.541s] DEBUG:colcon.colcon_core.package_identification:Package 'franka_description' with type 'ros.ament_cmake' and name 'franka_description'
[1.542s] Level 1:colcon.colcon_core.package_identification:_identify(install) by extensions ['ignore', 'ignore_ament_install']
[1.542s] Level 1:colcon.colcon_core.package_identification:_identify(install) by extension 'ignore'
[1.542s] Level 1:colcon.colcon_core.package_identification:_identify(install) ignored
[1.543s] Level 1:colcon.colcon_core.package_identification:_identify(lab1submission) by extensions ['ignore', 'ignore_ament_install']
[1.544s] Level 1:colcon.colcon_core.package_identification:_identify(lab1submission) by extension 'ignore'
[1.544s] Level 1:colcon.colcon_core.package_identification:_identify(lab1submission) by extension 'ignore_ament_install'
[1.544s] Level 1:colcon.colcon_core.package_identification:_identify(lab1submission) by extensions ['colcon_pkg']
[1.544s] Level 1:colcon.colcon_core.package_identification:_identify(lab1submission) by extension 'colcon_pkg'
[1.544s] Level 1:colcon.colcon_core.package_identification:_identify(lab1submission) by extensions ['colcon_meta']
[1.544s] Level 1:colcon.colcon_core.package_identification:_identify(lab1submission) by extension 'colcon_meta'
[1.544s] Level 1:colcon.colcon_core.package_identification:_identify(lab1submission) by extensions ['ros']
[1.544s] Level 1:colcon.colcon_core.package_identification:_identify(lab1submission) by extension 'ros'
[1.544s] Level 1:colcon.colcon_core.package_identification:_identify(lab1submission) by extensions ['cmake', 'python']
[1.544s] Level 1:colcon.colcon_core.package_identification:_identify(lab1submission) by extension 'cmake'
[1.545s] Level 1:colcon.colcon_core.package_identification:_identify(lab1submission) by extension 'python'
[1.545s] Level 1:colcon.colcon_core.package_identification:_identify(lab1submission) by extensions ['python_setup_py']
[1.545s] Level 1:colcon.colcon_core.package_identification:_identify(lab1submission) by extension 'python_setup_py'
[1.546s] Level 1:colcon.colcon_core.package_identification:_identify(lab1submission/assets) by extensions ['ignore', 'ignore_ament_install']
[1.546s] Level 1:colcon.colcon_core.package_identification:_identify(lab1submission/assets) by extension 'ignore'
[1.546s] Level 1:colcon.colcon_core.package_identification:_identify(lab1submission/assets) by extension 'ignore_ament_install'
[1.546s] Level 1:colcon.colcon_core.package_identification:_identify(lab1submission/assets) by extensions ['colcon_pkg']
[1.546s] Level 1:colcon.colcon_core.package_identification:_identify(lab1submission/assets) by extension 'colcon_pkg'
[1.546s] Level 1:colcon.colcon_core.package_identification:_identify(lab1submission/assets) by extensions ['colcon_meta']
[1.546s] Level 1:colcon.colcon_core.package_identification:_identify(lab1submission/assets) by extension 'colcon_meta'
[1.547s] Level 1:colcon.colcon_core.package_identification:_identify(lab1submission/assets) by extensions ['ros']
[1.547s] Level 1:colcon.colcon_core.package_identification:_identify(lab1submission/assets) by extension 'ros'
[1.547s] Level 1:colcon.colcon_core.package_identification:_identify(lab1submission/assets) by extensions ['cmake', 'python']
[1.547s] Level 1:colcon.colcon_core.package_identification:_identify(lab1submission/assets) by extension 'cmake'
[1.547s] Level 1:colcon.colcon_core.package_identification:_identify(lab1submission/assets) by extension 'python'
[1.547s] Level 1:colcon.colcon_core.package_identification:_identify(lab1submission/assets) by extensions ['python_setup_py']
[1.547s] Level 1:colcon.colcon_core.package_identification:_identify(lab1submission/assets) by extension 'python_setup_py'
[1.549s] Level 1:colcon.colcon_core.package_identification:_identify(lab1submission/build) by extensions ['ignore', 'ignore_ament_install']
[1.549s] Level 1:colcon.colcon_core.package_identification:_identify(lab1submission/build) by extension 'ignore'
[1.549s] Level 1:colcon.colcon_core.package_identification:_identify(lab1submission/build) ignored
[1.549s] Level 1:colcon.colcon_core.package_identification:_identify(lab1submission/install) by extensions ['ignore', 'ignore_ament_install']
[1.550s] Level 1:colcon.colcon_core.package_identification:_identify(lab1submission/install) by extension 'ignore'
[1.550s] Level 1:colcon.colcon_core.package_identification:_identify(lab1submission/install) ignored
[1.550s] Level 1:colcon.colcon_core.package_identification:_identify(lab1submission/log) by extensions ['ignore', 'ignore_ament_install']
[1.550s] Level 1:colcon.colcon_core.package_identification:_identify(lab1submission/log) by extension 'ignore'
[1.550s] Level 1:colcon.colcon_core.package_identification:_identify(lab1submission/log) ignored
[1.551s] Level 1:colcon.colcon_core.package_identification:_identify(lab1submission/transform_helpers) by extensions ['ignore', 'ignore_ament_install']
[1.551s] Level 1:colcon.colcon_core.package_identification:_identify(lab1submission/transform_helpers) by extension 'ignore'
[1.551s] Level 1:colcon.colcon_core.package_identification:_identify(lab1submission/transform_helpers) by extension 'ignore_ament_install'
[1.551s] Level 1:colcon.colcon_core.package_identification:_identify(lab1submission/transform_helpers) by extensions ['colcon_pkg']
[1.551s] Level 1:colcon.colcon_core.package_identification:_identify(lab1submission/transform_helpers) by extension 'colcon_pkg'
[1.551s] Level 1:colcon.colcon_core.package_identification:_identify(lab1submission/transform_helpers) by extensions ['colcon_meta']
[1.551s] Level 1:colcon.colcon_core.package_identification:_identify(lab1submission/transform_helpers) by extension 'colcon_meta'
[1.552s] Level 1:colcon.colcon_core.package_identification:_identify(lab1submission/transform_helpers) by extensions ['ros']
[1.552s] Level 1:colcon.colcon_core.package_identification:_identify(lab1submission/transform_helpers) by extension 'ros'
[1.553s] DEBUG:colcon.colcon_core.package_identification:Package 'lab1submission/transform_helpers' with type 'ros.ament_python' and name 'transform_helpers'
[1.554s] Level 1:colcon.colcon_core.package_identification:_identify(log) by extensions ['ignore', 'ignore_ament_install']
[1.554s] Level 1:colcon.colcon_core.package_identification:_identify(log) by extension 'ignore'
[1.554s] Level 1:colcon.colcon_core.package_identification:_identify(log) ignored
[1.554s] Level 1:colcon.colcon_core.package_discovery:discover_packages(recursive) using defaults
[1.554s] Level 1:colcon.colcon_core.package_discovery:discover_packages(ignore) discover
[1.555s] Level 1:colcon.colcon_core.package_discovery:discover_packages(ignore) using defaults
[1.555s] Level 1:colcon.colcon_core.package_discovery:discover_packages(path) discover
[1.555s] Level 1:colcon.colcon_core.package_discovery:discover_packages(path) using defaults
[1.623s] Level 5:colcon.colcon_core.verb:set package 'franka_description' build argument 'cmake_args' from command line to 'None'
[1.623s] Level 5:colcon.colcon_core.verb:set package 'franka_description' build argument 'cmake_target' from command line to 'None'
[1.623s] Level 5:colcon.colcon_core.verb:set package 'franka_description' build argument 'cmake_target_skip_unavailable' from command line to 'False'
[1.624s] Level 5:colcon.colcon_core.verb:set package 'franka_description' build argument 'cmake_clean_cache' from command line to 'False'
[1.624s] Level 5:colcon.colcon_core.verb:set package 'franka_description' build argument 'cmake_clean_first' from command line to 'False'
[1.624s] Level 5:colcon.colcon_core.verb:set package 'franka_description' build argument 'cmake_force_configure' from command line to 'False'
[1.624s] Level 5:colcon.colcon_core.verb:set package 'franka_description' build argument 'ament_cmake_args' from command line to 'None'
[1.624s] Level 5:colcon.colcon_core.verb:set package 'franka_description' build argument 'catkin_cmake_args' from command line to 'None'
[1.624s] Level 5:colcon.colcon_core.verb:set package 'franka_description' build argument 'catkin_skip_building_tests' from command line to 'False'
[1.624s] DEBUG:colcon.colcon_core.verb:Building package 'franka_description' with the following arguments: {'ament_cmake_args': None, 'build_base': '/Users/ethandsouza/Documents/GitHub/COMP0246_Labs/build/franka_description', 'catkin_cmake_args': None, 'catkin_skip_building_tests': False, 'cmake_args': None, 'cmake_clean_cache': False, 'cmake_clean_first': False, 'cmake_force_configure': False, 'cmake_target': None, 'cmake_target_skip_unavailable': False, 'install_base': '/Users/ethandsouza/Documents/GitHub/COMP0246_Labs/install/franka_description', 'merge_install': False, 'path': '/Users/ethandsouza/Documents/GitHub/COMP0246_Labs/franka_description', 'symlink_install': False, 'test_result_base': None}
[1.625s] Level 5:colcon.colcon_core.verb:set package 'youbot_description' build argument 'cmake_args' from command line to 'None'
[1.625s] Level 5:colcon.colcon_core.verb:set package 'youbot_description' build argument 'cmake_target' from command line to 'None'
[1.625s] Level 5:colcon.colcon_core.verb:set package 'youbot_description' build argument 'cmake_target_skip_unavailable' from command line to 'False'
[1.625s] Level 5:colcon.colcon_core.verb:set package 'youbot_description' build argument 'cmake_clean_cache' from command line to 'False'
[1.625s] Level 5:colcon.colcon_core.verb:set package 'youbot_description' build argument 'cmake_clean_first' from command line to 'False'
[1.625s] Level 5:colcon.colcon_core.verb:set package 'youbot_description' build argument 'cmake_force_configure' from command line to 'False'
[1.625s] Level 5:colcon.colcon_core.verb:set package 'youbot_description' build argument 'ament_cmake_args' from command line to 'None'
[1.625s] Level 5:colcon.colcon_core.verb:set package 'youbot_description' build argument 'catkin_cmake_args' from command line to 'None'
[1.626s] Level 5:colcon.colcon_core.verb:set package 'youbot_description' build argument 'catkin_skip_building_tests' from command line to 'False'
[1.626s] DEBUG:colcon.colcon_core.verb:Building package 'youbot_description' with the following arguments: {'ament_cmake_args': None, 'build_base': '/Users/ethandsouza/Documents/GitHub/COMP0246_Labs/build/youbot_description', 'catkin_cmake_args': None, 'catkin_skip_building_tests': False, 'cmake_args': None, 'cmake_clean_cache': False, 'cmake_clean_first': False, 'cmake_force_configure': False, 'cmake_target': None, 'cmake_target_skip_unavailable': False, 'install_base': '/Users/ethandsouza/Documents/GitHub/COMP0246_Labs/install/youbot_description', 'merge_install': False, 'path': '/Users/ethandsouza/Documents/GitHub/COMP0246_Labs/final_lab/youbot_description', 'symlink_install': False, 'test_result_base': None}
[1.626s] Level 5:colcon.colcon_core.verb:set package 'transform_helpers' build argument 'cmake_args' from command line to 'None'
[1.626s] Level 5:colcon.colcon_core.verb:set package 'transform_helpers' build argument 'cmake_target' from command line to 'None'
[1.626s] Level 5:colcon.colcon_core.verb:set package 'transform_helpers' build argument 'cmake_target_skip_unavailable' from command line to 'False'
[1.626s] Level 5:colcon.colcon_core.verb:set package 'transform_helpers' build argument 'cmake_clean_cache' from command line to 'False'
[1.627s] Level 5:colcon.colcon_core.verb:set package 'transform_helpers' build argument 'cmake_clean_first' from command line to 'False'
[1.627s] Level 5:colcon.colcon_core.verb:set package 'transform_helpers' build argument 'cmake_force_configure' from command line to 'False'
[1.627s] Level 5:colcon.colcon_core.verb:set package 'transform_helpers' build argument 'ament_cmake_args' from command line to 'None'
[1.627s] Level 5:colcon.colcon_core.verb:set package 'transform_helpers' build argument 'catkin_cmake_args' from command line to 'None'
[1.627s] Level 5:colcon.colcon_core.verb:set package 'transform_helpers' build argument 'catkin_skip_building_tests' from command line to 'False'
[1.627s] DEBUG:colcon.colcon_core.verb:Building package 'transform_helpers' with the following arguments: {'ament_cmake_args': None, 'build_base': '/Users/ethandsouza/Documents/GitHub/COMP0246_Labs/build/transform_helpers', 'catkin_cmake_args': None, 'catkin_skip_building_tests': False, 'cmake_args': None, 'cmake_clean_cache': False, 'cmake_clean_first': False, 'cmake_force_configure': False, 'cmake_target': None, 'cmake_target_skip_unavailable': False, 'install_base': '/Users/ethandsouza/Documents/GitHub/COMP0246_Labs/install/transform_helpers', 'merge_install': False, 'path': '/Users/ethandsouza/Documents/GitHub/COMP0246_Labs/lab1submission/transform_helpers', 'symlink_install': False, 'test_result_base': None}
[1.627s] Level 5:colcon.colcon_core.verb:set package 'youbot_kinematics' build argument 'cmake_args' from command line to 'None'
[1.627s] Level 5:colcon.colcon_core.verb:set package 'youbot_kinematics' build argument 'cmake_target' from command line to 'None'
[1.628s] Level 5:colcon.colcon_core.verb:set package 'youbot_kinematics' build argument 'cmake_target_skip_unavailable' from command line to 'False'
[1.628s] Level 5:colcon.colcon_core.verb:set package 'youbot_kinematics' build argument 'cmake_clean_cache' from command line to 'False'
[1.628s] Level 5:colcon.colcon_core.verb:set package 'youbot_kinematics' build argument 'cmake_clean_first' from command line to 'False'
[1.628s] Level 5:colcon.colcon_core.verb:set package 'youbot_kinematics' build argument 'cmake_force_configure' from command line to 'False'
[1.628s] Level 5:colcon.colcon_core.verb:set package 'youbot_kinematics' build argument 'ament_cmake_args' from command line to 'None'
[1.628s] Level 5:colcon.colcon_core.verb:set package 'youbot_kinematics' build argument 'catkin_cmake_args' from command line to 'None'
[1.628s] Level 5:colcon.colcon_core.verb:set package 'youbot_kinematics' build argument 'catkin_skip_building_tests' from command line to 'False'
[1.628s] DEBUG:colcon.colcon_core.verb:Building package 'youbot_kinematics' with the following arguments: {'ament_cmake_args': None, 'build_base': '/Users/ethandsouza/Documents/GitHub/COMP0246_Labs/build/youbot_kinematics', 'catkin_cmake_args': None, 'catkin_skip_building_tests': False, 'cmake_args': None, 'cmake_clean_cache': False, 'cmake_clean_first': False, 'cmake_force_configure': False, 'cmake_target': None, 'cmake_target_skip_unavailable': False, 'install_base': '/Users/ethandsouza/Documents/GitHub/COMP0246_Labs/install/youbot_kinematics', 'merge_install': False, 'path': '/Users/ethandsouza/Documents/GitHub/COMP0246_Labs/final_lab/youbot_kinematics', 'symlink_install': False, 'test_result_base': None}
[1.628s] INFO:colcon.colcon_core.executor:Executing jobs using 'parallel' executor
[1.629s] DEBUG:colcon.colcon_parallel_executor.executor.parallel:run_until_complete
[1.630s] INFO:colcon.colcon_ros.task.ament_cmake.build:Building ROS package in '/Users/ethandsouza/Documents/GitHub/COMP0246_Labs/franka_description' with build type 'ament_cmake'
[1.630s] INFO:colcon.colcon_cmake.task.cmake.build:Building CMake package in '/Users/ethandsouza/Documents/GitHub/COMP0246_Labs/franka_description'
[1.641s] INFO:colcon.colcon_core.plugin_system:Skipping extension 'colcon_core.shell.bat': Not used on non-Windows systems
[1.641s] INFO:colcon.colcon_core.shell:Skip shell extension 'powershell' for command environment: Not usable outside of PowerShell
[1.641s] DEBUG:colcon.colcon_core.shell:Skip shell extension 'dsv' for command environment
[1.676s] INFO:colcon.colcon_ros.task.ament_python.build:Building ROS package in '/Users/ethandsouza/Documents/GitHub/COMP0246_Labs/final_lab/youbot_description' with build type 'ament_python'
[1.677s] Level 1:colcon.colcon_core.shell:create_environment_hook('youbot_description', 'ament_prefix_path')
[1.678s] INFO:colcon.colcon_core.shell:Creating environment hook '/Users/ethandsouza/Documents/GitHub/COMP0246_Labs/install/youbot_description/share/youbot_description/hook/ament_prefix_path.ps1'
[1.680s] INFO:colcon.colcon_core.shell:Creating environment descriptor '/Users/ethandsouza/Documents/GitHub/COMP0246_Labs/install/youbot_description/share/youbot_description/hook/ament_prefix_path.dsv'
[1.682s] INFO:colcon.colcon_core.shell:Creating environment hook '/Users/ethandsouza/Documents/GitHub/COMP0246_Labs/install/youbot_description/share/youbot_description/hook/ament_prefix_path.sh'
[1.686s] INFO:colcon.colcon_core.shell:Skip shell extension 'powershell' for command environment: Not usable outside of PowerShell
[1.687s] DEBUG:colcon.colcon_core.shell:Skip shell extension 'dsv' for command environment
[1.720s] DEBUG:colcon.colcon_core.event_handler.log_command:Invoking command in '/Users/ethandsouza/Documents/GitHub/COMP0246_Labs/build/franka_description': CMAKE_PREFIX_PATH=${CMAKE_PREFIX_PATH}:/Users/ethandsouza/Documents/GitHub/COMP0246_Labs/install/youbot_kinematics:/Users/ethandsouza/Documents/GitHub/COMP0246_Labs/install/youbot_description:/Users/ethandsouza/Documents/GitHub/COMP0246_Labs/install/transform_helpers:/Users/ethandsouza/miniforge3/envs/roboenv-py3.10 CONDA_PROMPT_MODIFIER=(roboenv-py3.10) SHLVL=2 _=/usr/bin/env /Users/ethandsouza/miniforge3/envs/roboenv-py3.10/bin/cmake --build /Users/ethandsouza/Documents/GitHub/COMP0246_Labs/build/franka_description -- -j8 -l8
[3.532s] INFO:colcon.colcon_core.task.python.build:Building Python package in '/Users/ethandsouza/Documents/GitHub/COMP0246_Labs/final_lab/youbot_description'
[3.533s] INFO:colcon.colcon_core.shell:Skip shell extension 'powershell' for command environment: Not usable outside of PowerShell
[3.533s] DEBUG:colcon.colcon_core.shell:Skip shell extension 'dsv' for command environment
[3.564s] DEBUG:colcon.colcon_core.event_handler.log_command:Invoked command in '/Users/ethandsouza/Documents/GitHub/COMP0246_Labs/build/franka_description' returned '0': CMAKE_PREFIX_PATH=${CMAKE_PREFIX_PATH}:/Users/ethandsouza/Documents/GitHub/COMP0246_Labs/install/youbot_kinematics:/Users/ethandsouza/Documents/GitHub/COMP0246_Labs/install/youbot_description:/Users/ethandsouza/Documents/GitHub/COMP0246_Labs/install/transform_helpers:/Users/ethandsouza/miniforge3/envs/roboenv-py3.10 CONDA_PROMPT_MODIFIER=(roboenv-py3.10) SHLVL=2 _=/usr/bin/env /Users/ethandsouza/miniforge3/envs/roboenv-py3.10/bin/cmake --build /Users/ethandsouza/Documents/GitHub/COMP0246_Labs/build/franka_description -- -j8 -l8
[3.632s] DEBUG:colcon.colcon_core.event_handler.log_command:Invoking command in '/Users/ethandsouza/Documents/GitHub/COMP0246_Labs/build/franka_description': CMAKE_PREFIX_PATH=${CMAKE_PREFIX_PATH}:/Users/ethandsouza/Documents/GitHub/COMP0246_Labs/install/youbot_kinematics:/Users/ethandsouza/Documents/GitHub/COMP0246_Labs/install/youbot_description:/Users/ethandsouza/Documents/GitHub/COMP0246_Labs/install/transform_helpers:/Users/ethandsouza/miniforge3/envs/roboenv-py3.10 CONDA_PROMPT_MODIFIER=(roboenv-py3.10) SHLVL=2 _=/usr/bin/env /Users/ethandsouza/miniforge3/envs/roboenv-py3.10/bin/cmake --install /Users/ethandsouza/Documents/GitHub/COMP0246_Labs/build/franka_description
[3.706s] Level 1:colcon.colcon_core.environment:create_environment_scripts_only(franka_description)
[3.723s] DEBUG:colcon.colcon_core.event_handler.log_command:Invoked command in '/Users/ethandsouza/Documents/GitHub/COMP0246_Labs/build/franka_description' returned '0': CMAKE_PREFIX_PATH=${CMAKE_PREFIX_PATH}:/Users/ethandsouza/Documents/GitHub/COMP0246_Labs/install/youbot_kinematics:/Users/ethandsouza/Documents/GitHub/COMP0246_Labs/install/youbot_description:/Users/ethandsouza/Documents/GitHub/COMP0246_Labs/install/transform_helpers:/Users/ethandsouza/miniforge3/envs/roboenv-py3.10 CONDA_PROMPT_MODIFIER=(roboenv-py3.10) SHLVL=2 _=/usr/bin/env /Users/ethandsouza/miniforge3/envs/roboenv-py3.10/bin/cmake --install /Users/ethandsouza/Documents/GitHub/COMP0246_Labs/build/franka_description
[3.724s] Level 1:colcon.colcon_core.environment:checking '/Users/ethandsouza/Documents/GitHub/COMP0246_Labs/install/franka_description' for CMake module files
[3.726s] Level 1:colcon.colcon_core.environment:checking '/Users/ethandsouza/Documents/GitHub/COMP0246_Labs/install/franka_description' for CMake config files
[3.727s] Level 1:colcon.colcon_core.shell:create_environment_hook('franka_description', 'cmake_prefix_path')
[3.727s] INFO:colcon.colcon_core.shell:Creating environment hook '/Users/ethandsouza/Documents/GitHub/COMP0246_Labs/install/franka_description/share/franka_description/hook/cmake_prefix_path.ps1'
[3.729s] INFO:colcon.colcon_core.shell:Creating environment descriptor '/Users/ethandsouza/Documents/GitHub/COMP0246_Labs/install/franka_description/share/franka_description/hook/cmake_prefix_path.dsv'
[3.730s] INFO:colcon.colcon_core.shell:Creating environment hook '/Users/ethandsouza/Documents/GitHub/COMP0246_Labs/install/franka_description/share/franka_description/hook/cmake_prefix_path.sh'
[3.732s] Level 1:colcon.colcon_core.environment:checking '/Users/ethandsouza/Documents/GitHub/COMP0246_Labs/install/franka_description/lib'
[3.733s] Level 1:colcon.colcon_core.environment:checking '/Users/ethandsouza/Documents/GitHub/COMP0246_Labs/install/franka_description/bin'
[3.733s] Level 1:colcon.colcon_core.environment:checking '/Users/ethandsouza/Documents/GitHub/COMP0246_Labs/install/franka_description/lib/pkgconfig/franka_description.pc'
[3.734s] Level 1:colcon.colcon_core.environment:checking '/Users/ethandsouza/Documents/GitHub/COMP0246_Labs/install/franka_description/lib/python3.10/site-packages'
[3.735s] Level 1:colcon.colcon_core.environment:checking '/Users/ethandsouza/Documents/GitHub/COMP0246_Labs/install/franka_description/bin'
[3.736s] INFO:colcon.colcon_core.shell:Creating package script '/Users/ethandsouza/Documents/GitHub/COMP0246_Labs/install/franka_description/share/franka_description/package.ps1'
[3.739s] INFO:colcon.colcon_core.shell:Creating package descriptor '/Users/ethandsouza/Documents/GitHub/COMP0246_Labs/install/franka_description/share/franka_description/package.dsv'
[3.741s] INFO:colcon.colcon_core.shell:Creating package script '/Users/ethandsouza/Documents/GitHub/COMP0246_Labs/install/franka_description/share/franka_description/package.sh'
[3.743s] INFO:colcon.colcon_core.shell:Creating package script '/Users/ethandsouza/Documents/GitHub/COMP0246_Labs/install/franka_description/share/franka_description/package.bash'
[3.745s] INFO:colcon.colcon_core.shell:Creating package script '/Users/ethandsouza/Documents/GitHub/COMP0246_Labs/install/franka_description/share/franka_description/package.zsh'
[3.746s] Level 1:colcon.colcon_core.environment:create_file_with_runtime_dependencies(/Users/ethandsouza/Documents/GitHub/COMP0246_Labs/install/franka_description/share/colcon-core/packages/franka_description)
[3.748s] Level 1:colcon.colcon_core.environment:create_environment_scripts_only(franka_description)
[3.748s] Level 1:colcon.colcon_core.environment:checking '/Users/ethandsouza/Documents/GitHub/COMP0246_Labs/install/franka_description' for CMake module files
[3.749s] Level 1:colcon.colcon_core.environment:checking '/Users/ethandsouza/Documents/GitHub/COMP0246_Labs/install/franka_description' for CMake config files
[3.750s] Level 1:colcon.colcon_core.shell:create_environment_hook('franka_description', 'cmake_prefix_path')
[3.750s] INFO:colcon.colcon_core.shell:Creating environment hook '/Users/ethandsouza/Documents/GitHub/COMP0246_Labs/install/franka_description/share/franka_description/hook/cmake_prefix_path.ps1'
[3.752s] INFO:colcon.colcon_core.shell:Creating environment descriptor '/Users/ethandsouza/Documents/GitHub/COMP0246_Labs/install/franka_description/share/franka_description/hook/cmake_prefix_path.dsv'
[3.753s] INFO:colcon.colcon_core.shell:Creating environment hook '/Users/ethandsouza/Documents/GitHub/COMP0246_Labs/install/franka_description/share/franka_description/hook/cmake_prefix_path.sh'
[3.754s] Level 1:colcon.colcon_core.environment:checking '/Users/ethandsouza/Documents/GitHub/COMP0246_Labs/install/franka_description/lib'
[3.754s] Level 1:colcon.colcon_core.environment:checking '/Users/ethandsouza/Documents/GitHub/COMP0246_Labs/install/franka_description/bin'
[3.754s] Level 1:colcon.colcon_core.environment:checking '/Users/ethandsouza/Documents/GitHub/COMP0246_Labs/install/franka_description/lib/pkgconfig/franka_description.pc'
[3.754s] Level 1:colcon.colcon_core.environment:checking '/Users/ethandsouza/Documents/GitHub/COMP0246_Labs/install/franka_description/lib/python3.10/site-packages'
[3.755s] Level 1:colcon.colcon_core.environment:checking '/Users/ethandsouza/Documents/GitHub/COMP0246_Labs/install/franka_description/bin'
[3.755s] INFO:colcon.colcon_core.shell:Creating package script '/Users/ethandsouza/Documents/GitHub/COMP0246_Labs/install/franka_description/share/franka_description/package.ps1'
[3.756s] INFO:colcon.colcon_core.shell:Creating package descriptor '/Users/ethandsouza/Documents/GitHub/COMP0246_Labs/install/franka_description/share/franka_description/package.dsv'
[3.757s] INFO:colcon.colcon_core.shell:Creating package script '/Users/ethandsouza/Documents/GitHub/COMP0246_Labs/install/franka_description/share/franka_description/package.sh'
[3.758s] INFO:colcon.colcon_core.shell:Creating package script '/Users/ethandsouza/Documents/GitHub/COMP0246_Labs/install/franka_description/share/franka_description/package.bash'
[3.759s] INFO:colcon.colcon_core.shell:Creating package script '/Users/ethandsouza/Documents/GitHub/COMP0246_Labs/install/franka_description/share/franka_description/package.zsh'
[3.760s] Level 1:colcon.colcon_core.environment:create_file_with_runtime_dependencies(/Users/ethandsouza/Documents/GitHub/COMP0246_Labs/install/franka_description/share/colcon-core/packages/franka_description)
[3.761s] INFO:colcon.colcon_ros.task.ament_python.build:Building ROS package in '/Users/ethandsouza/Documents/GitHub/COMP0246_Labs/lab1submission/transform_helpers' with build type 'ament_python'
[3.761s] Level 1:colcon.colcon_core.shell:create_environment_hook('transform_helpers', 'ament_prefix_path')
[3.762s] INFO:colcon.colcon_core.shell:Creating environment hook '/Users/ethandsouza/Documents/GitHub/COMP0246_Labs/install/transform_helpers/share/transform_helpers/hook/ament_prefix_path.ps1'
[3.763s] INFO:colcon.colcon_core.shell:Creating environment descriptor '/Users/ethandsouza/Documents/GitHub/COMP0246_Labs/install/transform_helpers/share/transform_helpers/hook/ament_prefix_path.dsv'
[3.765s] INFO:colcon.colcon_core.shell:Creating environment hook '/Users/ethandsouza/Documents/GitHub/COMP0246_Labs/install/transform_helpers/share/transform_helpers/hook/ament_prefix_path.sh'
[3.766s] INFO:colcon.colcon_core.shell:Skip shell extension 'powershell' for command environment: Not usable outside of PowerShell
[3.767s] DEBUG:colcon.colcon_core.shell:Skip shell extension 'dsv' for command environment
[5.326s] INFO:colcon.colcon_core.task.python.build:Building Python package in '/Users/ethandsouza/Documents/GitHub/COMP0246_Labs/lab1submission/transform_helpers'
[5.327s] INFO:colcon.colcon_core.shell:Skip shell extension 'powershell' for command environment: Not usable outside of PowerShell
[5.327s] DEBUG:colcon.colcon_core.shell:Skip shell extension 'dsv' for command environment
[5.912s] DEBUG:colcon.colcon_core.event_handler.log_command:Invoking command in '/Users/ethandsouza/Documents/GitHub/COMP0246_Labs/final_lab/youbot_description': CONDA_PROMPT_MODIFIER=(roboenv-py3.10) PYTHONPATH=/Users/ethandsouza/Documents/GitHub/COMP0246_Labs/build/youbot_description/prefix_override:/Users/ethandsouza/miniforge3/envs/roboenv-py3.10/lib/python3.10/site-packages/colcon_core/task/python/colcon_distutils_commands:/Users/ethandsouza/Documents/GitHub/COMP0246_Labs/install/youbot_description/lib/python3.10/site-packages:${PYTHONPATH} SHLVL=2 _=/usr/bin/env /Users/ethandsouza/miniforge3/envs/roboenv-py3.10/bin/python3.10 -W ignore:setup.py install is deprecated -W ignore:easy_install command is deprecated setup.py egg_info --egg-base ../../build/youbot_description build --build-base /Users/ethandsouza/Documents/GitHub/COMP0246_Labs/build/youbot_description/build install --record /Users/ethandsouza/Documents/GitHub/COMP0246_Labs/build/youbot_description/install.log --single-version-externally-managed install_data
[7.497s] DEBUG:colcon.colcon_core.event_handler.log_command:Invoking command in '/Users/ethandsouza/Documents/GitHub/COMP0246_Labs/lab1submission/transform_helpers': CONDA_PROMPT_MODIFIER=(roboenv-py3.10) PYTHONPATH=/Users/ethandsouza/Documents/GitHub/COMP0246_Labs/build/transform_helpers/prefix_override:/Users/ethandsouza/miniforge3/envs/roboenv-py3.10/lib/python3.10/site-packages/colcon_core/task/python/colcon_distutils_commands:/Users/ethandsouza/Documents/GitHub/COMP0246_Labs/install/transform_helpers/lib/python3.10/site-packages:${PYTHONPATH} SHLVL=2 _=/usr/bin/env /Users/ethandsouza/miniforge3/envs/roboenv-py3.10/bin/python3.10 -W ignore:setup.py install is deprecated -W ignore:easy_install command is deprecated setup.py egg_info --egg-base ../../build/transform_helpers build --build-base /Users/ethandsouza/Documents/GitHub/COMP0246_Labs/build/transform_helpers/build install --record /Users/ethandsouza/Documents/GitHub/COMP0246_Labs/build/transform_helpers/install.log --single-version-externally-managed install_data
[9.161s] Level 1:colcon.colcon_core.environment:checking '/Users/ethandsouza/Documents/GitHub/COMP0246_Labs/install/youbot_description' for CMake module files
[9.162s] DEBUG:colcon.colcon_core.event_handler.log_command:Invoked command in '/Users/ethandsouza/Documents/GitHub/COMP0246_Labs/final_lab/youbot_description' returned '0': CONDA_PROMPT_MODIFIER=(roboenv-py3.10) PYTHONPATH=/Users/ethandsouza/Documents/GitHub/COMP0246_Labs/build/youbot_description/prefix_override:/Users/ethandsouza/miniforge3/envs/roboenv-py3.10/lib/python3.10/site-packages/colcon_core/task/python/colcon_distutils_commands:/Users/ethandsouza/Documents/GitHub/COMP0246_Labs/install/youbot_description/lib/python3.10/site-packages:${PYTHONPATH} SHLVL=2 _=/usr/bin/env /Users/ethandsouza/miniforge3/envs/roboenv-py3.10/bin/python3.10 -W ignore:setup.py install is deprecated -W ignore:easy_install command is deprecated setup.py egg_info --egg-base ../../build/youbot_description build --build-base /Users/ethandsouza/Documents/GitHub/COMP0246_Labs/build/youbot_description/build install --record /Users/ethandsouza/Documents/GitHub/COMP0246_Labs/build/youbot_description/install.log --single-version-externally-managed install_data
[9.163s] Level 1:colcon.colcon_core.environment:checking '/Users/ethandsouza/Documents/GitHub/COMP0246_Labs/install/youbot_description' for CMake config files
[9.166s] Level 1:colcon.colcon_core.environment:checking '/Users/ethandsouza/Documents/GitHub/COMP0246_Labs/install/youbot_description/lib'
[9.167s] Level 1:colcon.colcon_core.environment:checking '/Users/ethandsouza/Documents/GitHub/COMP0246_Labs/install/youbot_description/bin'
[9.167s] Level 1:colcon.colcon_core.environment:checking '/Users/ethandsouza/Documents/GitHub/COMP0246_Labs/install/youbot_description/lib/pkgconfig/youbot_description.pc'
[9.167s] Level 1:colcon.colcon_core.environment:checking '/Users/ethandsouza/Documents/GitHub/COMP0246_Labs/install/youbot_description/lib/python3.10/site-packages'
[9.167s] Level 1:colcon.colcon_core.shell:create_environment_hook('youbot_description', 'pythonpath')
[9.168s] INFO:colcon.colcon_core.shell:Creating environment hook '/Users/ethandsouza/Documents/GitHub/COMP0246_Labs/install/youbot_description/share/youbot_description/hook/pythonpath.ps1'
[9.170s] INFO:colcon.colcon_core.shell:Creating environment descriptor '/Users/ethandsouza/Documents/GitHub/COMP0246_Labs/install/youbot_description/share/youbot_description/hook/pythonpath.dsv'
[9.171s] INFO:colcon.colcon_core.shell:Creating environment hook '/Users/ethandsouza/Documents/GitHub/COMP0246_Labs/install/youbot_description/share/youbot_description/hook/pythonpath.sh'
[9.173s] Level 1:colcon.colcon_core.environment:checking '/Users/ethandsouza/Documents/GitHub/COMP0246_Labs/install/youbot_description/bin'
[9.173s] Level 1:colcon.colcon_core.environment:create_environment_scripts_only(youbot_description)
[9.174s] INFO:colcon.colcon_core.shell:Creating package script '/Users/ethandsouza/Documents/GitHub/COMP0246_Labs/install/youbot_description/share/youbot_description/package.ps1'
[9.175s] INFO:colcon.colcon_core.shell:Creating package descriptor '/Users/ethandsouza/Documents/GitHub/COMP0246_Labs/install/youbot_description/share/youbot_description/package.dsv'
[9.176s] INFO:colcon.colcon_core.shell:Creating package script '/Users/ethandsouza/Documents/GitHub/COMP0246_Labs/install/youbot_description/share/youbot_description/package.sh'
[9.177s] INFO:colcon.colcon_core.shell:Creating package script '/Users/ethandsouza/Documents/GitHub/COMP0246_Labs/install/youbot_description/share/youbot_description/package.bash'
[9.179s] INFO:colcon.colcon_core.shell:Creating package script '/Users/ethandsouza/Documents/GitHub/COMP0246_Labs/install/youbot_description/share/youbot_description/package.zsh'
[9.179s] Level 1:colcon.colcon_core.environment:create_file_with_runtime_dependencies(/Users/ethandsouza/Documents/GitHub/COMP0246_Labs/install/youbot_description/share/colcon-core/packages/youbot_description)
[10.673s] Level 1:colcon.colcon_core.environment:checking '/Users/ethandsouza/Documents/GitHub/COMP0246_Labs/install/transform_helpers' for CMake module files
[10.674s] DEBUG:colcon.colcon_core.event_handler.log_command:Invoked command in '/Users/ethandsouza/Documents/GitHub/COMP0246_Labs/lab1submission/transform_helpers' returned '0': CONDA_PROMPT_MODIFIER=(roboenv-py3.10) PYTHONPATH=/Users/ethandsouza/Documents/GitHub/COMP0246_Labs/build/transform_helpers/prefix_override:/Users/ethandsouza/miniforge3/envs/roboenv-py3.10/lib/python3.10/site-packages/colcon_core/task/python/colcon_distutils_commands:/Users/ethandsouza/Documents/GitHub/COMP0246_Labs/install/transform_helpers/lib/python3.10/site-packages:${PYTHONPATH} SHLVL=2 _=/usr/bin/env /Users/ethandsouza/miniforge3/envs/roboenv-py3.10/bin/python3.10 -W ignore:setup.py install is deprecated -W ignore:easy_install command is deprecated setup.py egg_info --egg-base ../../build/transform_helpers build --build-base /Users/ethandsouza/Documents/GitHub/COMP0246_Labs/build/transform_helpers/build install --record /Users/ethandsouza/Documents/GitHub/COMP0246_Labs/build/transform_helpers/install.log --single-version-externally-managed install_data
[10.675s] Level 1:colcon.colcon_core.environment:checking '/Users/ethandsouza/Documents/GitHub/COMP0246_Labs/install/transform_helpers' for CMake config files
[10.677s] Level 1:colcon.colcon_core.environment:checking '/Users/ethandsouza/Documents/GitHub/COMP0246_Labs/install/transform_helpers/lib'
[10.677s] Level 1:colcon.colcon_core.environment:checking '/Users/ethandsouza/Documents/GitHub/COMP0246_Labs/install/transform_helpers/bin'
[10.678s] Level 1:colcon.colcon_core.environment:checking '/Users/ethandsouza/Documents/GitHub/COMP0246_Labs/install/transform_helpers/lib/pkgconfig/transform_helpers.pc'
[10.678s] Level 1:colcon.colcon_core.environment:checking '/Users/ethandsouza/Documents/GitHub/COMP0246_Labs/install/transform_helpers/lib/python3.10/site-packages'
[10.678s] Level 1:colcon.colcon_core.shell:create_environment_hook('transform_helpers', 'pythonpath')
[10.679s] INFO:colcon.colcon_core.shell:Creating environment hook '/Users/ethandsouza/Documents/GitHub/COMP0246_Labs/install/transform_helpers/share/transform_helpers/hook/pythonpath.ps1'
[10.680s] INFO:colcon.colcon_core.shell:Creating environment descriptor '/Users/ethandsouza/Documents/GitHub/COMP0246_Labs/install/transform_helpers/share/transform_helpers/hook/pythonpath.dsv'
[10.680s] INFO:colcon.colcon_core.shell:Creating environment hook '/Users/ethandsouza/Documents/GitHub/COMP0246_Labs/install/transform_helpers/share/transform_helpers/hook/pythonpath.sh'
[10.682s] Level 1:colcon.colcon_core.environment:checking '/Users/ethandsouza/Documents/GitHub/COMP0246_Labs/install/transform_helpers/bin'
[10.682s] Level 1:colcon.colcon_core.environment:create_environment_scripts_only(transform_helpers)
[10.682s] INFO:colcon.colcon_core.shell:Creating package script '/Users/ethandsouza/Documents/GitHub/COMP0246_Labs/install/transform_helpers/share/transform_helpers/package.ps1'
[10.683s] INFO:colcon.colcon_core.shell:Creating package descriptor '/Users/ethandsouza/Documents/GitHub/COMP0246_Labs/install/transform_helpers/share/transform_helpers/package.dsv'
[10.684s] INFO:colcon.colcon_core.shell:Creating package script '/Users/ethandsouza/Documents/GitHub/COMP0246_Labs/install/transform_helpers/share/transform_helpers/package.sh'
[10.685s] INFO:colcon.colcon_core.shell:Creating package script '/Users/ethandsouza/Documents/GitHub/COMP0246_Labs/install/transform_helpers/share/transform_helpers/package.bash'
[10.686s] INFO:colcon.colcon_core.shell:Creating package script '/Users/ethandsouza/Documents/GitHub/COMP0246_Labs/install/transform_helpers/share/transform_helpers/package.zsh'
[10.687s] Level 1:colcon.colcon_core.environment:create_file_with_runtime_dependencies(/Users/ethandsouza/Documents/GitHub/COMP0246_Labs/install/transform_helpers/share/colcon-core/packages/transform_helpers)
[10.688s] INFO:colcon.colcon_ros.task.ament_python.build:Building ROS package in '/Users/ethandsouza/Documents/GitHub/COMP0246_Labs/final_lab/youbot_kinematics' with build type 'ament_python'
[10.688s] Level 1:colcon.colcon_core.shell:create_environment_hook('youbot_kinematics', 'ament_prefix_path')
[10.689s] INFO:colcon.colcon_core.shell:Creating environment hook '/Users/ethandsouza/Documents/GitHub/COMP0246_Labs/install/youbot_kinematics/share/youbot_kinematics/hook/ament_prefix_path.ps1'
[10.690s] INFO:colcon.colcon_core.shell:Creating environment descriptor '/Users/ethandsouza/Documents/GitHub/COMP0246_Labs/install/youbot_kinematics/share/youbot_kinematics/hook/ament_prefix_path.dsv'
[10.691s] INFO:colcon.colcon_core.shell:Creating environment hook '/Users/ethandsouza/Documents/GitHub/COMP0246_Labs/install/youbot_kinematics/share/youbot_kinematics/hook/ament_prefix_path.sh'
[10.692s] INFO:colcon.colcon_core.shell:Skip shell extension 'powershell' for command environment: Not usable outside of PowerShell
[10.693s] DEBUG:colcon.colcon_core.shell:Skip shell extension 'dsv' for command environment
[12.138s] INFO:colcon.colcon_core.task.python.build:Building Python package in '/Users/ethandsouza/Documents/GitHub/COMP0246_Labs/final_lab/youbot_kinematics'
[12.139s] INFO:colcon.colcon_core.shell:Skip shell extension 'powershell' for command environment: Not usable outside of PowerShell
[12.139s] DEBUG:colcon.colcon_core.shell:Skip shell extension 'dsv' for command environment
[14.417s] DEBUG:colcon.colcon_core.event_handler.log_command:Invoking command in '/Users/ethandsouza/Documents/GitHub/COMP0246_Labs/final_lab/youbot_kinematics': AMENT_PREFIX_PATH=/Users/ethandsouza/Documents/GitHub/COMP0246_Labs/install/transform_helpers:/Users/ethandsouza/Documents/GitHub/COMP0246_Labs/install/youbot_description:/Users/ethandsouza/Documents/GitHub/COMP0246_Labs/install/youbot_kinematics:/Users/ethandsouza/Documents/GitHub/COMP0246_Labs/install/franka_description:/Users/ethandsouza/miniforge3/envs/roboenv-py3.10 CONDA_PROMPT_MODIFIER=(roboenv-py3.10) PYTHONPATH=/Users/ethandsouza/Documents/GitHub/COMP0246_Labs/build/youbot_kinematics/prefix_override:/Users/ethandsouza/miniforge3/envs/roboenv-py3.10/lib/python3.10/site-packages/colcon_core/task/python/colcon_distutils_commands:/Users/ethandsouza/Documents/GitHub/COMP0246_Labs/install/youbot_kinematics/lib/python3.10/site-packages:/Users/ethandsouza/Documents/GitHub/COMP0246_Labs/install/transform_helpers/lib/python3.10/site-packages:/Users/ethandsouza/Documents/GitHub/COMP0246_Labs/install/youbot_description/lib/python3.10/site-packages:/Users/ethandsouza/Documents/GitHub/COMP0246_Labs/install/youbot_kinematics/lib/python3.10/site-packages:/Users/ethandsouza/miniforge3/envs/roboenv-py3.10/lib/python310/site-packages:/Users/ethandsouza/miniforge3/envs/roboenv-py3.10/lib/python3.10/site-packages SHLVL=2 _=/usr/bin/env /Users/ethandsouza/miniforge3/envs/roboenv-py3.10/bin/python3.10 -W ignore:setup.py install is deprecated -W ignore:easy_install command is deprecated setup.py egg_info --egg-base ../../build/youbot_kinematics build --build-base /Users/ethandsouza/Documents/GitHub/COMP0246_Labs/build/youbot_kinematics/build install --record /Users/ethandsouza/Documents/GitHub/COMP0246_Labs/build/youbot_kinematics/install.log --single-version-externally-managed install_data
[17.564s] Level 1:colcon.colcon_core.environment:checking '/Users/ethandsouza/Documents/GitHub/COMP0246_Labs/install/youbot_kinematics' for CMake module files
[17.564s] DEBUG:colcon.colcon_core.event_handler.log_command:Invoked command in '/Users/ethandsouza/Documents/GitHub/COMP0246_Labs/final_lab/youbot_kinematics' returned '0': AMENT_PREFIX_PATH=/Users/ethandsouza/Documents/GitHub/COMP0246_Labs/install/transform_helpers:/Users/ethandsouza/Documents/GitHub/COMP0246_Labs/install/youbot_description:/Users/ethandsouza/Documents/GitHub/COMP0246_Labs/install/youbot_kinematics:/Users/ethandsouza/Documents/GitHub/COMP0246_Labs/install/franka_description:/Users/ethandsouza/miniforge3/envs/roboenv-py3.10 CONDA_PROMPT_MODIFIER=(roboenv-py3.10) PYTHONPATH=/Users/ethandsouza/Documents/GitHub/COMP0246_Labs/build/youbot_kinematics/prefix_override:/Users/ethandsouza/miniforge3/envs/roboenv-py3.10/lib/python3.10/site-packages/colcon_core/task/python/colcon_distutils_commands:/Users/ethandsouza/Documents/GitHub/COMP0246_Labs/install/youbot_kinematics/lib/python3.10/site-packages:/Users/ethandsouza/Documents/GitHub/COMP0246_Labs/install/transform_helpers/lib/python3.10/site-packages:/Users/ethandsouza/Documents/GitHub/COMP0246_Labs/install/youbot_description/lib/python3.10/site-packages:/Users/ethandsouza/Documents/GitHub/COMP0246_Labs/install/youbot_kinematics/lib/python3.10/site-packages:/Users/ethandsouza/miniforge3/envs/roboenv-py3.10/lib/python310/site-packages:/Users/ethandsouza/miniforge3/envs/roboenv-py3.10/lib/python3.10/site-packages SHLVL=2 _=/usr/bin/env /Users/ethandsouza/miniforge3/envs/roboenv-py3.10/bin/python3.10 -W ignore:setup.py install is deprecated -W ignore:easy_install command is deprecated setup.py egg_info --egg-base ../../build/youbot_kinematics build --build-base /Users/ethandsouza/Documents/GitHub/COMP0246_Labs/build/youbot_kinematics/build install --record /Users/ethandsouza/Documents/GitHub/COMP0246_Labs/build/youbot_kinematics/install.log --single-version-externally-managed install_data
[17.567s] Level 1:colcon.colcon_core.environment:checking '/Users/ethandsouza/Documents/GitHub/COMP0246_Labs/install/youbot_kinematics' for CMake config files
[17.570s] Level 1:colcon.colcon_core.environment:checking '/Users/ethandsouza/Documents/GitHub/COMP0246_Labs/install/youbot_kinematics/lib'
[17.571s] Level 1:colcon.colcon_core.environment:checking '/Users/ethandsouza/Documents/GitHub/COMP0246_Labs/install/youbot_kinematics/bin'
[17.571s] Level 1:colcon.colcon_core.environment:checking '/Users/ethandsouza/Documents/GitHub/COMP0246_Labs/install/youbot_kinematics/lib/pkgconfig/youbot_kinematics.pc'
[17.572s] Level 1:colcon.colcon_core.environment:checking '/Users/ethandsouza/Documents/GitHub/COMP0246_Labs/install/youbot_kinematics/lib/python3.10/site-packages'
[17.572s] Level 1:colcon.colcon_core.shell:create_environment_hook('youbot_kinematics', 'pythonpath')
[17.572s] INFO:colcon.colcon_core.shell:Creating environment hook '/Users/ethandsouza/Documents/GitHub/COMP0246_Labs/install/youbot_kinematics/share/youbot_kinematics/hook/pythonpath.ps1'
[17.574s] INFO:colcon.colcon_core.shell:Creating environment descriptor '/Users/ethandsouza/Documents/GitHub/COMP0246_Labs/install/youbot_kinematics/share/youbot_kinematics/hook/pythonpath.dsv'
[17.575s] INFO:colcon.colcon_core.shell:Creating environment hook '/Users/ethandsouza/Documents/GitHub/COMP0246_Labs/install/youbot_kinematics/share/youbot_kinematics/hook/pythonpath.sh'
[17.577s] Level 1:colcon.colcon_core.environment:checking '/Users/ethandsouza/Documents/GitHub/COMP0246_Labs/install/youbot_kinematics/bin'
[17.577s] Level 1:colcon.colcon_core.environment:create_environment_scripts_only(youbot_kinematics)
[17.577s] INFO:colcon.colcon_core.shell:Creating package script '/Users/ethandsouza/Documents/GitHub/COMP0246_Labs/install/youbot_kinematics/share/youbot_kinematics/package.ps1'
[17.580s] INFO:colcon.colcon_core.shell:Creating package descriptor '/Users/ethandsouza/Documents/GitHub/COMP0246_Labs/install/youbot_kinematics/share/youbot_kinematics/package.dsv'
[17.581s] INFO:colcon.colcon_core.shell:Creating package script '/Users/ethandsouza/Documents/GitHub/COMP0246_Labs/install/youbot_kinematics/share/youbot_kinematics/package.sh'
[17.582s] INFO:colcon.colcon_core.shell:Creating package script '/Users/ethandsouza/Documents/GitHub/COMP0246_Labs/install/youbot_kinematics/share/youbot_kinematics/package.bash'
[17.583s] INFO:colcon.colcon_core.shell:Creating package script '/Users/ethandsouza/Documents/GitHub/COMP0246_Labs/install/youbot_kinematics/share/youbot_kinematics/package.zsh'
[17.583s] Level 1:colcon.colcon_core.environment:create_file_with_runtime_dependencies(/Users/ethandsouza/Documents/GitHub/COMP0246_Labs/install/youbot_kinematics/share/colcon-core/packages/youbot_kinematics)
[17.584s] DEBUG:colcon.colcon_parallel_executor.executor.parallel:closing loop
[17.584s] DEBUG:colcon.colcon_parallel_executor.executor.parallel:loop closed
[17.584s] DEBUG:colcon.colcon_parallel_executor.executor.parallel:run_until_complete finished with '0'
[17.585s] DEBUG:colcon.colcon_core.event_reactor:joining thread
[17.592s] INFO:colcon.colcon_core.plugin_system:Skipping extension 'colcon_notification.desktop_notification.notify2': 'notify2' not found
[17.593s] INFO:colcon.colcon_core.plugin_system:Skipping extension 'colcon_notification.desktop_notification.notify_send': Not used on non-Linux systems
[17.593s] INFO:colcon.colcon_core.plugin_system:Skipping extension 'colcon_notification.desktop_notification.win32': Not used on non-Windows systems
[17.593s] INFO:colcon.colcon_notification.desktop_notification:Sending desktop notification using 'terminal_notifier'
[17.695s] DEBUG:colcon.colcon_core.event_reactor:joined thread
[17.697s] INFO:colcon.colcon_core.shell:Creating prefix script '/Users/ethandsouza/Documents/GitHub/COMP0246_Labs/install/local_setup.ps1'
[17.700s] INFO:colcon.colcon_core.shell:Creating prefix util module '/Users/ethandsouza/Documents/GitHub/COMP0246_Labs/install/_local_setup_util_ps1.py'
[17.705s] INFO:colcon.colcon_core.shell:Creating prefix chain script '/Users/ethandsouza/Documents/GitHub/COMP0246_Labs/install/setup.ps1'
[17.708s] INFO:colcon.colcon_core.shell:Creating prefix script '/Users/ethandsouza/Documents/GitHub/COMP0246_Labs/install/local_setup.sh'
[17.709s] INFO:colcon.colcon_core.shell:Creating prefix util module '/Users/ethandsouza/Documents/GitHub/COMP0246_Labs/install/_local_setup_util_sh.py'
[17.712s] INFO:colcon.colcon_core.shell:Creating prefix chain script '/Users/ethandsouza/Documents/GitHub/COMP0246_Labs/install/setup.sh'
[17.716s] INFO:colcon.colcon_core.shell:Creating prefix script '/Users/ethandsouza/Documents/GitHub/COMP0246_Labs/install/local_setup.bash'
[17.719s] INFO:colcon.colcon_core.shell:Creating prefix chain script '/Users/ethandsouza/Documents/GitHub/COMP0246_Labs/install/setup.bash'
[17.723s] INFO:colcon.colcon_core.shell:Creating prefix script '/Users/ethandsouza/Documents/GitHub/COMP0246_Labs/install/local_setup.zsh'
[17.725s] INFO:colcon.colcon_core.shell:Creating prefix chain script '/Users/ethandsouza/Documents/GitHub/COMP0246_Labs/install/setup.zsh'
