[0.291s] DEBUG:colcon:Command line arguments: ['/Users/ethandsouza/miniforge3/envs/roboenv-py3.10/bin/colcon', 'build']
[0.291s] DEBUG:colcon:Parsed command line arguments: Namespace(log_base=None, log_level=None, verb_name='build', build_base='build', install_base='install', merge_install=False, symlink_install=False, test_result_base=None, continue_on_error=False, executor='parallel', parallel_workers=8, event_handlers=None, ignore_user_meta=False, metas=['./colcon.meta'], base_paths=['.'], packages_ignore=None, packages_ignore_regex=None, paths=None, packages_up_to=None, packages_up_to_regex=None, packages_above=None, packages_above_and_dependencies=None, packages_above_depth=None, packages_select_by_dep=None, packages_skip_by_dep=None, packages_skip_up_to=None, packages_select_build_failed=False, packages_skip_build_finished=False, packages_select_test_failures=False, packages_skip_test_passed=False, packages_select=None, packages_skip=None, packages_select_regex=None, packages_skip_regex=None, packages_start=None, packages_end=None, cmake_args=None, cmake_target=None, cmake_target_skip_unavailable=False, cmake_clean_cache=False, cmake_clean_first=False, cmake_force_configure=False, ament_cmake_args=None, catkin_cmake_args=None, catkin_skip_building_tests=False, verb_parser=<colcon_defaults.argument_parser.defaults.DefaultArgumentsDecorator object at 0x104eac9d0>, verb_extension=<colcon_core.verb.build.BuildVerb object at 0x104eac430>, main=<bound method BuildVerb.main of <colcon_core.verb.build.BuildVerb object at 0x104eac430>>)
[0.612s] Level 1:colcon.colcon_core.package_discovery:discover_packages(colcon_meta) check parameters
[0.613s] Level 1:colcon.colcon_core.package_discovery:discover_packages(recursive) check parameters
[0.613s] Level 1:colcon.colcon_core.package_discovery:discover_packages(ignore) check parameters
[0.613s] Level 1:colcon.colcon_core.package_discovery:discover_packages(path) check parameters
[0.613s] Level 1:colcon.colcon_core.package_discovery:discover_packages(colcon_meta) discover
[0.613s] Level 1:colcon.colcon_core.package_discovery:discover_packages(recursive) discover
[0.613s] INFO:colcon.colcon_core.package_discovery:Crawling recursively for packages in '/Users/ethandsouza/Documents/GitHub/COMP0246_Labs'
[0.613s] Level 1:colcon.colcon_core.package_identification:_identify(.) by extensions ['ignore', 'ignore_ament_install']
[0.613s] Level 1:colcon.colcon_core.package_identification:_identify(.) by extension 'ignore'
[0.614s] Level 1:colcon.colcon_core.package_identification:_identify(.) by extension 'ignore_ament_install'
[0.614s] Level 1:colcon.colcon_core.package_identification:_identify(.) by extensions ['colcon_pkg']
[0.614s] Level 1:colcon.colcon_core.package_identification:_identify(.) by extension 'colcon_pkg'
[0.614s] Level 1:colcon.colcon_core.package_identification:_identify(.) by extensions ['colcon_meta']
[0.614s] Level 1:colcon.colcon_core.package_identification:_identify(.) by extension 'colcon_meta'
[0.614s] Level 1:colcon.colcon_core.package_identification:_identify(.) by extensions ['ros']
[0.614s] Level 1:colcon.colcon_core.package_identification:_identify(.) by extension 'ros'
[0.669s] Level 1:colcon.colcon_core.package_identification:_identify(.) by extensions ['cmake', 'python']
[0.669s] Level 1:colcon.colcon_core.package_identification:_identify(.) by extension 'cmake'
[0.669s] Level 1:colcon.colcon_core.package_identification:_identify(.) by extension 'python'
[0.669s] Level 1:colcon.colcon_core.package_identification:_identify(.) by extensions ['python_setup_py']
[0.669s] Level 1:colcon.colcon_core.package_identification:_identify(.) by extension 'python_setup_py'
[0.669s] Level 1:colcon.colcon_core.package_identification:_identify(build) by extensions ['ignore', 'ignore_ament_install']
[0.669s] Level 1:colcon.colcon_core.package_identification:_identify(build) by extension 'ignore'
[0.670s] Level 1:colcon.colcon_core.package_identification:_identify(build) ignored
[0.670s] Level 1:colcon.colcon_core.package_identification:_identify(final_lab) by extensions ['ignore', 'ignore_ament_install']
[0.670s] Level 1:colcon.colcon_core.package_identification:_identify(final_lab) by extension 'ignore'
[0.670s] Level 1:colcon.colcon_core.package_identification:_identify(final_lab) by extension 'ignore_ament_install'
[0.670s] Level 1:colcon.colcon_core.package_identification:_identify(final_lab) by extensions ['colcon_pkg']
[0.670s] Level 1:colcon.colcon_core.package_identification:_identify(final_lab) by extension 'colcon_pkg'
[0.670s] Level 1:colcon.colcon_core.package_identification:_identify(final_lab) by extensions ['colcon_meta']
[0.671s] Level 1:colcon.colcon_core.package_identification:_identify(final_lab) by extension 'colcon_meta'
[0.671s] Level 1:colcon.colcon_core.package_identification:_identify(final_lab) by extensions ['ros']
[0.671s] Level 1:colcon.colcon_core.package_identification:_identify(final_lab) by extension 'ros'
[0.671s] Level 1:colcon.colcon_core.package_identification:_identify(final_lab) by extensions ['cmake', 'python']
[0.671s] Level 1:colcon.colcon_core.package_identification:_identify(final_lab) by extension 'cmake'
[0.671s] Level 1:colcon.colcon_core.package_identification:_identify(final_lab) by extension 'python'
[0.671s] Level 1:colcon.colcon_core.package_identification:_identify(final_lab) by extensions ['python_setup_py']
[0.671s] Level 1:colcon.colcon_core.package_identification:_identify(final_lab) by extension 'python_setup_py'
[0.671s] Level 1:colcon.colcon_core.package_identification:_identify(final_lab/assets) by extensions ['ignore', 'ignore_ament_install']
[0.671s] Level 1:colcon.colcon_core.package_identification:_identify(final_lab/assets) by extension 'ignore'
[0.672s] Level 1:colcon.colcon_core.package_identification:_identify(final_lab/assets) by extension 'ignore_ament_install'
[0.672s] Level 1:colcon.colcon_core.package_identification:_identify(final_lab/assets) by extensions ['colcon_pkg']
[0.672s] Level 1:colcon.colcon_core.package_identification:_identify(final_lab/assets) by extension 'colcon_pkg'
[0.672s] Level 1:colcon.colcon_core.package_identification:_identify(final_lab/assets) by extensions ['colcon_meta']
[0.672s] Level 1:colcon.colcon_core.package_identification:_identify(final_lab/assets) by extension 'colcon_meta'
[0.672s] Level 1:colcon.colcon_core.package_identification:_identify(final_lab/assets) by extensions ['ros']
[0.672s] Level 1:colcon.colcon_core.package_identification:_identify(final_lab/assets) by extension 'ros'
[0.672s] Level 1:colcon.colcon_core.package_identification:_identify(final_lab/assets) by extensions ['cmake', 'python']
[0.672s] Level 1:colcon.colcon_core.package_identification:_identify(final_lab/assets) by extension 'cmake'
[0.672s] Level 1:colcon.colcon_core.package_identification:_identify(final_lab/assets) by extension 'python'
[0.673s] Level 1:colcon.colcon_core.package_identification:_identify(final_lab/assets) by extensions ['python_setup_py']
[0.673s] Level 1:colcon.colcon_core.package_identification:_identify(final_lab/assets) by extension 'python_setup_py'
[0.673s] Level 1:colcon.colcon_core.package_identification:_identify(final_lab/assets/lab2) by extensions ['ignore', 'ignore_ament_install']
[0.673s] Level 1:colcon.colcon_core.package_identification:_identify(final_lab/assets/lab2) by extension 'ignore'
[0.673s] Level 1:colcon.colcon_core.package_identification:_identify(final_lab/assets/lab2) by extension 'ignore_ament_install'
[0.673s] Level 1:colcon.colcon_core.package_identification:_identify(final_lab/assets/lab2) by extensions ['colcon_pkg']
[0.673s] Level 1:colcon.colcon_core.package_identification:_identify(final_lab/assets/lab2) by extension 'colcon_pkg'
[0.673s] Level 1:colcon.colcon_core.package_identification:_identify(final_lab/assets/lab2) by extensions ['colcon_meta']
[0.673s] Level 1:colcon.colcon_core.package_identification:_identify(final_lab/assets/lab2) by extension 'colcon_meta'
[0.673s] Level 1:colcon.colcon_core.package_identification:_identify(final_lab/assets/lab2) by extensions ['ros']
[0.674s] Level 1:colcon.colcon_core.package_identification:_identify(final_lab/assets/lab2) by extension 'ros'
[0.674s] Level 1:colcon.colcon_core.package_identification:_identify(final_lab/assets/lab2) by extensions ['cmake', 'python']
[0.674s] Level 1:colcon.colcon_core.package_identification:_identify(final_lab/assets/lab2) by extension 'cmake'
[0.674s] Level 1:colcon.colcon_core.package_identification:_identify(final_lab/assets/lab2) by extension 'python'
[0.674s] Level 1:colcon.colcon_core.package_identification:_identify(final_lab/assets/lab2) by extensions ['python_setup_py']
[0.674s] Level 1:colcon.colcon_core.package_identification:_identify(final_lab/assets/lab2) by extension 'python_setup_py'
[0.674s] Level 1:colcon.colcon_core.package_identification:_identify(final_lab/youbot_description) by extensions ['ignore', 'ignore_ament_install']
[0.674s] Level 1:colcon.colcon_core.package_identification:_identify(final_lab/youbot_description) by extension 'ignore'
[0.674s] Level 1:colcon.colcon_core.package_identification:_identify(final_lab/youbot_description) by extension 'ignore_ament_install'
[0.675s] Level 1:colcon.colcon_core.package_identification:_identify(final_lab/youbot_description) by extensions ['colcon_pkg']
[0.675s] Level 1:colcon.colcon_core.package_identification:_identify(final_lab/youbot_description) by extension 'colcon_pkg'
[0.675s] Level 1:colcon.colcon_core.package_identification:_identify(final_lab/youbot_description) by extensions ['colcon_meta']
[0.675s] Level 1:colcon.colcon_core.package_identification:_identify(final_lab/youbot_description) by extension 'colcon_meta'
[0.675s] Level 1:colcon.colcon_core.package_identification:_identify(final_lab/youbot_description) by extensions ['ros']
[0.675s] Level 1:colcon.colcon_core.package_identification:_identify(final_lab/youbot_description) by extension 'ros'
[0.679s] DEBUG:colcon.colcon_core.package_identification:Package 'final_lab/youbot_description' with type 'ros.ament_python' and name 'youbot_description'
[0.680s] Level 1:colcon.colcon_core.package_identification:_identify(final_lab/youbot_kinematics) by extensions ['ignore', 'ignore_ament_install']
[0.680s] Level 1:colcon.colcon_core.package_identification:_identify(final_lab/youbot_kinematics) by extension 'ignore'
[0.680s] Level 1:colcon.colcon_core.package_identification:_identify(final_lab/youbot_kinematics) by extension 'ignore_ament_install'
[0.680s] Level 1:colcon.colcon_core.package_identification:_identify(final_lab/youbot_kinematics) by extensions ['colcon_pkg']
[0.680s] Level 1:colcon.colcon_core.package_identification:_identify(final_lab/youbot_kinematics) by extension 'colcon_pkg'
[0.680s] Level 1:colcon.colcon_core.package_identification:_identify(final_lab/youbot_kinematics) by extensions ['colcon_meta']
[0.680s] Level 1:colcon.colcon_core.package_identification:_identify(final_lab/youbot_kinematics) by extension 'colcon_meta'
[0.680s] Level 1:colcon.colcon_core.package_identification:_identify(final_lab/youbot_kinematics) by extensions ['ros']
[0.680s] Level 1:colcon.colcon_core.package_identification:_identify(final_lab/youbot_kinematics) by extension 'ros'
[0.681s] DEBUG:colcon.colcon_core.package_identification:Package 'final_lab/youbot_kinematics' with type 'ros.ament_python' and name 'youbot_kinematics'
[0.681s] Level 1:colcon.colcon_core.package_identification:_identify(franka_description) by extensions ['ignore', 'ignore_ament_install']
[0.682s] Level 1:colcon.colcon_core.package_identification:_identify(franka_description) by extension 'ignore'
[0.682s] Level 1:colcon.colcon_core.package_identification:_identify(franka_description) by extension 'ignore_ament_install'
[0.682s] Level 1:colcon.colcon_core.package_identification:_identify(franka_description) by extensions ['colcon_pkg']
[0.682s] Level 1:colcon.colcon_core.package_identification:_identify(franka_description) by extension 'colcon_pkg'
[0.682s] Level 1:colcon.colcon_core.package_identification:_identify(franka_description) by extensions ['colcon_meta']
[0.682s] Level 1:colcon.colcon_core.package_identification:_identify(franka_description) by extension 'colcon_meta'
[0.682s] Level 1:colcon.colcon_core.package_identification:_identify(franka_description) by extensions ['ros']
[0.682s] Level 1:colcon.colcon_core.package_identification:_identify(franka_description) by extension 'ros'
[0.683s] DEBUG:colcon.colcon_core.package_identification:Package 'franka_description' with type 'ros.ament_cmake' and name 'franka_description'
[0.683s] Level 1:colcon.colcon_core.package_identification:_identify(install) by extensions ['ignore', 'ignore_ament_install']
[0.683s] Level 1:colcon.colcon_core.package_identification:_identify(install) by extension 'ignore'
[0.684s] Level 1:colcon.colcon_core.package_identification:_identify(install) ignored
[0.684s] Level 1:colcon.colcon_core.package_identification:_identify(lab1submission) by extensions ['ignore', 'ignore_ament_install']
[0.684s] Level 1:colcon.colcon_core.package_identification:_identify(lab1submission) by extension 'ignore'
[0.684s] Level 1:colcon.colcon_core.package_identification:_identify(lab1submission) by extension 'ignore_ament_install'
[0.684s] Level 1:colcon.colcon_core.package_identification:_identify(lab1submission) by extensions ['colcon_pkg']
[0.684s] Level 1:colcon.colcon_core.package_identification:_identify(lab1submission) by extension 'colcon_pkg'
[0.684s] Level 1:colcon.colcon_core.package_identification:_identify(lab1submission) by extensions ['colcon_meta']
[0.684s] Level 1:colcon.colcon_core.package_identification:_identify(lab1submission) by extension 'colcon_meta'
[0.684s] Level 1:colcon.colcon_core.package_identification:_identify(lab1submission) by extensions ['ros']
[0.685s] Level 1:colcon.colcon_core.package_identification:_identify(lab1submission) by extension 'ros'
[0.685s] Level 1:colcon.colcon_core.package_identification:_identify(lab1submission) by extensions ['cmake', 'python']
[0.685s] Level 1:colcon.colcon_core.package_identification:_identify(lab1submission) by extension 'cmake'
[0.685s] Level 1:colcon.colcon_core.package_identification:_identify(lab1submission) by extension 'python'
[0.685s] Level 1:colcon.colcon_core.package_identification:_identify(lab1submission) by extensions ['python_setup_py']
[0.685s] Level 1:colcon.colcon_core.package_identification:_identify(lab1submission) by extension 'python_setup_py'
[0.685s] Level 1:colcon.colcon_core.package_identification:_identify(lab1submission/assets) by extensions ['ignore', 'ignore_ament_install']
[0.685s] Level 1:colcon.colcon_core.package_identification:_identify(lab1submission/assets) by extension 'ignore'
[0.685s] Level 1:colcon.colcon_core.package_identification:_identify(lab1submission/assets) by extension 'ignore_ament_install'
[0.685s] Level 1:colcon.colcon_core.package_identification:_identify(lab1submission/assets) by extensions ['colcon_pkg']
[0.686s] Level 1:colcon.colcon_core.package_identification:_identify(lab1submission/assets) by extension 'colcon_pkg'
[0.686s] Level 1:colcon.colcon_core.package_identification:_identify(lab1submission/assets) by extensions ['colcon_meta']
[0.686s] Level 1:colcon.colcon_core.package_identification:_identify(lab1submission/assets) by extension 'colcon_meta'
[0.686s] Level 1:colcon.colcon_core.package_identification:_identify(lab1submission/assets) by extensions ['ros']
[0.686s] Level 1:colcon.colcon_core.package_identification:_identify(lab1submission/assets) by extension 'ros'
[0.686s] Level 1:colcon.colcon_core.package_identification:_identify(lab1submission/assets) by extensions ['cmake', 'python']
[0.686s] Level 1:colcon.colcon_core.package_identification:_identify(lab1submission/assets) by extension 'cmake'
[0.686s] Level 1:colcon.colcon_core.package_identification:_identify(lab1submission/assets) by extension 'python'
[0.686s] Level 1:colcon.colcon_core.package_identification:_identify(lab1submission/assets) by extensions ['python_setup_py']
[0.686s] Level 1:colcon.colcon_core.package_identification:_identify(lab1submission/assets) by extension 'python_setup_py'
[0.686s] Level 1:colcon.colcon_core.package_identification:_identify(lab1submission/build) by extensions ['ignore', 'ignore_ament_install']
[0.687s] Level 1:colcon.colcon_core.package_identification:_identify(lab1submission/build) by extension 'ignore'
[0.687s] Level 1:colcon.colcon_core.package_identification:_identify(lab1submission/build) ignored
[0.687s] Level 1:colcon.colcon_core.package_identification:_identify(lab1submission/install) by extensions ['ignore', 'ignore_ament_install']
[0.687s] Level 1:colcon.colcon_core.package_identification:_identify(lab1submission/install) by extension 'ignore'
[0.687s] Level 1:colcon.colcon_core.package_identification:_identify(lab1submission/install) ignored
[0.687s] Level 1:colcon.colcon_core.package_identification:_identify(lab1submission/log) by extensions ['ignore', 'ignore_ament_install']
[0.688s] Level 1:colcon.colcon_core.package_identification:_identify(lab1submission/log) by extension 'ignore'
[0.688s] Level 1:colcon.colcon_core.package_identification:_identify(lab1submission/log) ignored
[0.688s] Level 1:colcon.colcon_core.package_identification:_identify(lab1submission/transform_helpers) by extensions ['ignore', 'ignore_ament_install']
[0.688s] Level 1:colcon.colcon_core.package_identification:_identify(lab1submission/transform_helpers) by extension 'ignore'
[0.688s] Level 1:colcon.colcon_core.package_identification:_identify(lab1submission/transform_helpers) by extension 'ignore_ament_install'
[0.688s] Level 1:colcon.colcon_core.package_identification:_identify(lab1submission/transform_helpers) by extensions ['colcon_pkg']
[0.688s] Level 1:colcon.colcon_core.package_identification:_identify(lab1submission/transform_helpers) by extension 'colcon_pkg'
[0.689s] Level 1:colcon.colcon_core.package_identification:_identify(lab1submission/transform_helpers) by extensions ['colcon_meta']
[0.689s] Level 1:colcon.colcon_core.package_identification:_identify(lab1submission/transform_helpers) by extension 'colcon_meta'
[0.689s] Level 1:colcon.colcon_core.package_identification:_identify(lab1submission/transform_helpers) by extensions ['ros']
[0.689s] Level 1:colcon.colcon_core.package_identification:_identify(lab1submission/transform_helpers) by extension 'ros'
[0.690s] DEBUG:colcon.colcon_core.package_identification:Package 'lab1submission/transform_helpers' with type 'ros.ament_python' and name 'transform_helpers'
[0.691s] Level 1:colcon.colcon_core.package_identification:_identify(log) by extensions ['ignore', 'ignore_ament_install']
[0.692s] Level 1:colcon.colcon_core.package_identification:_identify(log) by extension 'ignore'
[0.692s] Level 1:colcon.colcon_core.package_identification:_identify(log) ignored
[0.692s] Level 1:colcon.colcon_core.package_discovery:discover_packages(recursive) using defaults
[0.692s] Level 1:colcon.colcon_core.package_discovery:discover_packages(ignore) discover
[0.692s] Level 1:colcon.colcon_core.package_discovery:discover_packages(ignore) using defaults
[0.692s] Level 1:colcon.colcon_core.package_discovery:discover_packages(path) discover
[0.692s] Level 1:colcon.colcon_core.package_discovery:discover_packages(path) using defaults
[0.735s] Level 5:colcon.colcon_core.verb:set package 'franka_description' build argument 'cmake_args' from command line to 'None'
[0.736s] Level 5:colcon.colcon_core.verb:set package 'franka_description' build argument 'cmake_target' from command line to 'None'
[0.736s] Level 5:colcon.colcon_core.verb:set package 'franka_description' build argument 'cmake_target_skip_unavailable' from command line to 'False'
[0.736s] Level 5:colcon.colcon_core.verb:set package 'franka_description' build argument 'cmake_clean_cache' from command line to 'False'
[0.736s] Level 5:colcon.colcon_core.verb:set package 'franka_description' build argument 'cmake_clean_first' from command line to 'False'
[0.736s] Level 5:colcon.colcon_core.verb:set package 'franka_description' build argument 'cmake_force_configure' from command line to 'False'
[0.736s] Level 5:colcon.colcon_core.verb:set package 'franka_description' build argument 'ament_cmake_args' from command line to 'None'
[0.736s] Level 5:colcon.colcon_core.verb:set package 'franka_description' build argument 'catkin_cmake_args' from command line to 'None'
[0.736s] Level 5:colcon.colcon_core.verb:set package 'franka_description' build argument 'catkin_skip_building_tests' from command line to 'False'
[0.736s] DEBUG:colcon.colcon_core.verb:Building package 'franka_description' with the following arguments: {'ament_cmake_args': None, 'build_base': '/Users/ethandsouza/Documents/GitHub/COMP0246_Labs/build/franka_description', 'catkin_cmake_args': None, 'catkin_skip_building_tests': False, 'cmake_args': None, 'cmake_clean_cache': False, 'cmake_clean_first': False, 'cmake_force_configure': False, 'cmake_target': None, 'cmake_target_skip_unavailable': False, 'install_base': '/Users/ethandsouza/Documents/GitHub/COMP0246_Labs/install/franka_description', 'merge_install': False, 'path': '/Users/ethandsouza/Documents/GitHub/COMP0246_Labs/franka_description', 'symlink_install': False, 'test_result_base': None}
[0.737s] Level 5:colcon.colcon_core.verb:set package 'youbot_description' build argument 'cmake_args' from command line to 'None'
[0.738s] Level 5:colcon.colcon_core.verb:set package 'youbot_description' build argument 'cmake_target' from command line to 'None'
[0.738s] Level 5:colcon.colcon_core.verb:set package 'youbot_description' build argument 'cmake_target_skip_unavailable' from command line to 'False'
[0.738s] Level 5:colcon.colcon_core.verb:set package 'youbot_description' build argument 'cmake_clean_cache' from command line to 'False'
[0.738s] Level 5:colcon.colcon_core.verb:set package 'youbot_description' build argument 'cmake_clean_first' from command line to 'False'
[0.738s] Level 5:colcon.colcon_core.verb:set package 'youbot_description' build argument 'cmake_force_configure' from command line to 'False'
[0.738s] Level 5:colcon.colcon_core.verb:set package 'youbot_description' build argument 'ament_cmake_args' from command line to 'None'
[0.738s] Level 5:colcon.colcon_core.verb:set package 'youbot_description' build argument 'catkin_cmake_args' from command line to 'None'
[0.738s] Level 5:colcon.colcon_core.verb:set package 'youbot_description' build argument 'catkin_skip_building_tests' from command line to 'False'
[0.738s] DEBUG:colcon.colcon_core.verb:Building package 'youbot_description' with the following arguments: {'ament_cmake_args': None, 'build_base': '/Users/ethandsouza/Documents/GitHub/COMP0246_Labs/build/youbot_description', 'catkin_cmake_args': None, 'catkin_skip_building_tests': False, 'cmake_args': None, 'cmake_clean_cache': False, 'cmake_clean_first': False, 'cmake_force_configure': False, 'cmake_target': None, 'cmake_target_skip_unavailable': False, 'install_base': '/Users/ethandsouza/Documents/GitHub/COMP0246_Labs/install/youbot_description', 'merge_install': False, 'path': '/Users/ethandsouza/Documents/GitHub/COMP0246_Labs/final_lab/youbot_description', 'symlink_install': False, 'test_result_base': None}
[0.739s] Level 5:colcon.colcon_core.verb:set package 'transform_helpers' build argument 'cmake_args' from command line to 'None'
[0.739s] Level 5:colcon.colcon_core.verb:set package 'transform_helpers' build argument 'cmake_target' from command line to 'None'
[0.739s] Level 5:colcon.colcon_core.verb:set package 'transform_helpers' build argument 'cmake_target_skip_unavailable' from command line to 'False'
[0.739s] Level 5:colcon.colcon_core.verb:set package 'transform_helpers' build argument 'cmake_clean_cache' from command line to 'False'
[0.739s] Level 5:colcon.colcon_core.verb:set package 'transform_helpers' build argument 'cmake_clean_first' from command line to 'False'
[0.739s] Level 5:colcon.colcon_core.verb:set package 'transform_helpers' build argument 'cmake_force_configure' from command line to 'False'
[0.739s] Level 5:colcon.colcon_core.verb:set package 'transform_helpers' build argument 'ament_cmake_args' from command line to 'None'
[0.739s] Level 5:colcon.colcon_core.verb:set package 'transform_helpers' build argument 'catkin_cmake_args' from command line to 'None'
[0.739s] Level 5:colcon.colcon_core.verb:set package 'transform_helpers' build argument 'catkin_skip_building_tests' from command line to 'False'
[0.739s] DEBUG:colcon.colcon_core.verb:Building package 'transform_helpers' with the following arguments: {'ament_cmake_args': None, 'build_base': '/Users/ethandsouza/Documents/GitHub/COMP0246_Labs/build/transform_helpers', 'catkin_cmake_args': None, 'catkin_skip_building_tests': False, 'cmake_args': None, 'cmake_clean_cache': False, 'cmake_clean_first': False, 'cmake_force_configure': False, 'cmake_target': None, 'cmake_target_skip_unavailable': False, 'install_base': '/Users/ethandsouza/Documents/GitHub/COMP0246_Labs/install/transform_helpers', 'merge_install': False, 'path': '/Users/ethandsouza/Documents/GitHub/COMP0246_Labs/lab1submission/transform_helpers', 'symlink_install': False, 'test_result_base': None}
[0.740s] Level 5:colcon.colcon_core.verb:set package 'youbot_kinematics' build argument 'cmake_args' from command line to 'None'
[0.740s] Level 5:colcon.colcon_core.verb:set package 'youbot_kinematics' build argument 'cmake_target' from command line to 'None'
[0.740s] Level 5:colcon.colcon_core.verb:set package 'youbot_kinematics' build argument 'cmake_target_skip_unavailable' from command line to 'False'
[0.740s] Level 5:colcon.colcon_core.verb:set package 'youbot_kinematics' build argument 'cmake_clean_cache' from command line to 'False'
[0.740s] Level 5:colcon.colcon_core.verb:set package 'youbot_kinematics' build argument 'cmake_clean_first' from command line to 'False'
[0.740s] Level 5:colcon.colcon_core.verb:set package 'youbot_kinematics' build argument 'cmake_force_configure' from command line to 'False'
[0.740s] Level 5:colcon.colcon_core.verb:set package 'youbot_kinematics' build argument 'ament_cmake_args' from command line to 'None'
[0.740s] Level 5:colcon.colcon_core.verb:set package 'youbot_kinematics' build argument 'catkin_cmake_args' from command line to 'None'
[0.740s] Level 5:colcon.colcon_core.verb:set package 'youbot_kinematics' build argument 'catkin_skip_building_tests' from command line to 'False'
[0.740s] DEBUG:colcon.colcon_core.verb:Building package 'youbot_kinematics' with the following arguments: {'ament_cmake_args': None, 'build_base': '/Users/ethandsouza/Documents/GitHub/COMP0246_Labs/build/youbot_kinematics', 'catkin_cmake_args': None, 'catkin_skip_building_tests': False, 'cmake_args': None, 'cmake_clean_cache': False, 'cmake_clean_first': False, 'cmake_force_configure': False, 'cmake_target': None, 'cmake_target_skip_unavailable': False, 'install_base': '/Users/ethandsouza/Documents/GitHub/COMP0246_Labs/install/youbot_kinematics', 'merge_install': False, 'path': '/Users/ethandsouza/Documents/GitHub/COMP0246_Labs/final_lab/youbot_kinematics', 'symlink_install': False, 'test_result_base': None}
[0.740s] INFO:colcon.colcon_core.executor:Executing jobs using 'parallel' executor
[0.742s] DEBUG:colcon.colcon_parallel_executor.executor.parallel:run_until_complete
[0.742s] INFO:colcon.colcon_ros.task.ament_cmake.build:Building ROS package in '/Users/ethandsouza/Documents/GitHub/COMP0246_Labs/franka_description' with build type 'ament_cmake'
[0.742s] INFO:colcon.colcon_cmake.task.cmake.build:Building CMake package in '/Users/ethandsouza/Documents/GitHub/COMP0246_Labs/franka_description'
[0.746s] INFO:colcon.colcon_core.plugin_system:Skipping extension 'colcon_core.shell.bat': Not used on non-Windows systems
[0.747s] INFO:colcon.colcon_core.shell:Skip shell extension 'powershell' for command environment: Not usable outside of PowerShell
[0.747s] DEBUG:colcon.colcon_core.shell:Skip shell extension 'dsv' for command environment
[0.759s] INFO:colcon.colcon_ros.task.ament_python.build:Building ROS package in '/Users/ethandsouza/Documents/GitHub/COMP0246_Labs/final_lab/youbot_description' with build type 'ament_python'
[0.760s] Level 1:colcon.colcon_core.shell:create_environment_hook('youbot_description', 'ament_prefix_path')
[0.762s] INFO:colcon.colcon_core.shell:Creating environment hook '/Users/ethandsouza/Documents/GitHub/COMP0246_Labs/install/youbot_description/share/youbot_description/hook/ament_prefix_path.ps1'
[0.764s] INFO:colcon.colcon_core.shell:Creating environment descriptor '/Users/ethandsouza/Documents/GitHub/COMP0246_Labs/install/youbot_description/share/youbot_description/hook/ament_prefix_path.dsv'
[0.766s] INFO:colcon.colcon_core.shell:Creating environment hook '/Users/ethandsouza/Documents/GitHub/COMP0246_Labs/install/youbot_description/share/youbot_description/hook/ament_prefix_path.sh'
[0.768s] INFO:colcon.colcon_core.shell:Skip shell extension 'powershell' for command environment: Not usable outside of PowerShell
[0.769s] DEBUG:colcon.colcon_core.shell:Skip shell extension 'dsv' for command environment
[0.799s] DEBUG:colcon.colcon_core.event_handler.log_command:Invoking command in '/Users/ethandsouza/Documents/GitHub/COMP0246_Labs/build/franka_description': CMAKE_PREFIX_PATH=/Users/ethandsouza/miniforge3/envs/roboenv-py3.10 CONDA_PROMPT_MODIFIER=(roboenv-py3.10) SHLVL=2 _=/usr/bin/env /Users/ethandsouza/miniforge3/envs/roboenv-py3.10/bin/cmake --build /Users/ethandsouza/Documents/GitHub/COMP0246_Labs/build/franka_description -- -j8 -l8
[2.253s] INFO:colcon.colcon_core.task.python.build:Building Python package in '/Users/ethandsouza/Documents/GitHub/COMP0246_Labs/final_lab/youbot_description'
[2.254s] INFO:colcon.colcon_core.shell:Skip shell extension 'powershell' for command environment: Not usable outside of PowerShell
[2.254s] DEBUG:colcon.colcon_core.shell:Skip shell extension 'dsv' for command environment
[4.320s] DEBUG:colcon.colcon_core.event_handler.log_command:Invoking command in '/Users/ethandsouza/Documents/GitHub/COMP0246_Labs/final_lab/youbot_description': CONDA_PROMPT_MODIFIER=(roboenv-py3.10) PYTHONPATH=/Users/ethandsouza/Documents/GitHub/COMP0246_Labs/build/youbot_description/prefix_override:/Users/ethandsouza/miniforge3/envs/roboenv-py3.10/lib/python3.10/site-packages/colcon_core/task/python/colcon_distutils_commands:/Users/ethandsouza/Documents/GitHub/COMP0246_Labs/install/youbot_description/lib/python3.10/site-packages:${PYTHONPATH} SHLVL=2 _=/usr/bin/env /Users/ethandsouza/miniforge3/envs/roboenv-py3.10/bin/python3.10 -W ignore:setup.py install is deprecated -W ignore:easy_install command is deprecated setup.py egg_info --egg-base ../../build/youbot_description build --build-base /Users/ethandsouza/Documents/GitHub/COMP0246_Labs/build/youbot_description/build install --record /Users/ethandsouza/Documents/GitHub/COMP0246_Labs/build/youbot_description/install.log --single-version-externally-managed install_data
[8.806s] DEBUG:colcon.colcon_core.event_handler.log_command:Invoked command in '/Users/ethandsouza/Documents/GitHub/COMP0246_Labs/final_lab/youbot_description' returned '0': CONDA_PROMPT_MODIFIER=(roboenv-py3.10) PYTHONPATH=/Users/ethandsouza/Documents/GitHub/COMP0246_Labs/build/youbot_description/prefix_override:/Users/ethandsouza/miniforge3/envs/roboenv-py3.10/lib/python3.10/site-packages/colcon_core/task/python/colcon_distutils_commands:/Users/ethandsouza/Documents/GitHub/COMP0246_Labs/install/youbot_description/lib/python3.10/site-packages:${PYTHONPATH} SHLVL=2 _=/usr/bin/env /Users/ethandsouza/miniforge3/envs/roboenv-py3.10/bin/python3.10 -W ignore:setup.py install is deprecated -W ignore:easy_install command is deprecated setup.py egg_info --egg-base ../../build/youbot_description build --build-base /Users/ethandsouza/Documents/GitHub/COMP0246_Labs/build/youbot_description/build install --record /Users/ethandsouza/Documents/GitHub/COMP0246_Labs/build/youbot_description/install.log --single-version-externally-managed install_data
[8.817s] Level 1:colcon.colcon_core.environment:checking '/Users/ethandsouza/Documents/GitHub/COMP0246_Labs/install/youbot_description' for CMake module files
[8.818s] Level 1:colcon.colcon_core.environment:checking '/Users/ethandsouza/Documents/GitHub/COMP0246_Labs/install/youbot_description' for CMake config files
[8.821s] Level 1:colcon.colcon_core.environment:checking '/Users/ethandsouza/Documents/GitHub/COMP0246_Labs/install/youbot_description/lib'
[8.822s] Level 1:colcon.colcon_core.environment:checking '/Users/ethandsouza/Documents/GitHub/COMP0246_Labs/install/youbot_description/bin'
[8.822s] Level 1:colcon.colcon_core.environment:checking '/Users/ethandsouza/Documents/GitHub/COMP0246_Labs/install/youbot_description/lib/pkgconfig/youbot_description.pc'
[8.823s] Level 1:colcon.colcon_core.environment:checking '/Users/ethandsouza/Documents/GitHub/COMP0246_Labs/install/youbot_description/lib/python3.10/site-packages'
[8.823s] Level 1:colcon.colcon_core.shell:create_environment_hook('youbot_description', 'pythonpath')
[8.823s] INFO:colcon.colcon_core.shell:Creating environment hook '/Users/ethandsouza/Documents/GitHub/COMP0246_Labs/install/youbot_description/share/youbot_description/hook/pythonpath.ps1'
[8.826s] INFO:colcon.colcon_core.shell:Creating environment descriptor '/Users/ethandsouza/Documents/GitHub/COMP0246_Labs/install/youbot_description/share/youbot_description/hook/pythonpath.dsv'
[8.827s] INFO:colcon.colcon_core.shell:Creating environment hook '/Users/ethandsouza/Documents/GitHub/COMP0246_Labs/install/youbot_description/share/youbot_description/hook/pythonpath.sh'
[8.831s] Level 1:colcon.colcon_core.environment:checking '/Users/ethandsouza/Documents/GitHub/COMP0246_Labs/install/youbot_description/bin'
[8.831s] Level 1:colcon.colcon_core.environment:create_environment_scripts_only(youbot_description)
[8.832s] INFO:colcon.colcon_core.shell:Creating package script '/Users/ethandsouza/Documents/GitHub/COMP0246_Labs/install/youbot_description/share/youbot_description/package.ps1'
[8.834s] INFO:colcon.colcon_core.shell:Creating package descriptor '/Users/ethandsouza/Documents/GitHub/COMP0246_Labs/install/youbot_description/share/youbot_description/package.dsv'
[8.835s] INFO:colcon.colcon_core.shell:Creating package script '/Users/ethandsouza/Documents/GitHub/COMP0246_Labs/install/youbot_description/share/youbot_description/package.sh'
[8.837s] INFO:colcon.colcon_core.shell:Creating package script '/Users/ethandsouza/Documents/GitHub/COMP0246_Labs/install/youbot_description/share/youbot_description/package.bash'
[8.839s] INFO:colcon.colcon_core.shell:Creating package script '/Users/ethandsouza/Documents/GitHub/COMP0246_Labs/install/youbot_description/share/youbot_description/package.zsh'
[8.842s] Level 1:colcon.colcon_core.environment:create_file_with_runtime_dependencies(/Users/ethandsouza/Documents/GitHub/COMP0246_Labs/install/youbot_description/share/colcon-core/packages/youbot_description)
[32.303s] DEBUG:colcon.colcon_core.event_handler.log_command:Invoked command in '/Users/ethandsouza/Documents/GitHub/COMP0246_Labs/build/franka_description' returned '0': CMAKE_PREFIX_PATH=/Users/ethandsouza/miniforge3/envs/roboenv-py3.10 CONDA_PROMPT_MODIFIER=(roboenv-py3.10) SHLVL=2 _=/usr/bin/env /Users/ethandsouza/miniforge3/envs/roboenv-py3.10/bin/cmake --build /Users/ethandsouza/Documents/GitHub/COMP0246_Labs/build/franka_description -- -j8 -l8
[32.346s] DEBUG:colcon.colcon_core.event_handler.log_command:Invoking command in '/Users/ethandsouza/Documents/GitHub/COMP0246_Labs/build/franka_description': CMAKE_PREFIX_PATH=/Users/ethandsouza/miniforge3/envs/roboenv-py3.10 CONDA_PROMPT_MODIFIER=(roboenv-py3.10) SHLVL=2 _=/usr/bin/env /Users/ethandsouza/miniforge3/envs/roboenv-py3.10/bin/cmake --install /Users/ethandsouza/Documents/GitHub/COMP0246_Labs/build/franka_description
[32.426s] Level 1:colcon.colcon_core.environment:create_environment_scripts_only(franka_description)
[32.428s] Level 1:colcon.colcon_core.environment:checking '/Users/ethandsouza/Documents/GitHub/COMP0246_Labs/install/franka_description' for CMake module files
[32.434s] Level 1:colcon.colcon_core.environment:checking '/Users/ethandsouza/Documents/GitHub/COMP0246_Labs/install/franka_description' for CMake config files
[32.440s] Level 1:colcon.colcon_core.shell:create_environment_hook('franka_description', 'cmake_prefix_path')
[32.441s] INFO:colcon.colcon_core.shell:Creating environment hook '/Users/ethandsouza/Documents/GitHub/COMP0246_Labs/install/franka_description/share/franka_description/hook/cmake_prefix_path.ps1'
[32.444s] INFO:colcon.colcon_core.shell:Creating environment descriptor '/Users/ethandsouza/Documents/GitHub/COMP0246_Labs/install/franka_description/share/franka_description/hook/cmake_prefix_path.dsv'
[32.446s] INFO:colcon.colcon_core.shell:Creating environment hook '/Users/ethandsouza/Documents/GitHub/COMP0246_Labs/install/franka_description/share/franka_description/hook/cmake_prefix_path.sh'
[32.449s] Level 1:colcon.colcon_core.environment:checking '/Users/ethandsouza/Documents/GitHub/COMP0246_Labs/install/franka_description/lib'
[32.449s] Level 1:colcon.colcon_core.environment:checking '/Users/ethandsouza/Documents/GitHub/COMP0246_Labs/install/franka_description/bin'
[32.449s] Level 1:colcon.colcon_core.environment:checking '/Users/ethandsouza/Documents/GitHub/COMP0246_Labs/install/franka_description/lib/pkgconfig/franka_description.pc'
[32.450s] Level 1:colcon.colcon_core.environment:checking '/Users/ethandsouza/Documents/GitHub/COMP0246_Labs/install/franka_description/lib/python3.10/site-packages'
[32.450s] Level 1:colcon.colcon_core.environment:checking '/Users/ethandsouza/Documents/GitHub/COMP0246_Labs/install/franka_description/bin'
[32.451s] INFO:colcon.colcon_core.shell:Creating package script '/Users/ethandsouza/Documents/GitHub/COMP0246_Labs/install/franka_description/share/franka_description/package.ps1'
[32.453s] INFO:colcon.colcon_core.shell:Creating package descriptor '/Users/ethandsouza/Documents/GitHub/COMP0246_Labs/install/franka_description/share/franka_description/package.dsv'
[32.456s] INFO:colcon.colcon_core.shell:Creating package script '/Users/ethandsouza/Documents/GitHub/COMP0246_Labs/install/franka_description/share/franka_description/package.sh'
[32.459s] INFO:colcon.colcon_core.shell:Creating package script '/Users/ethandsouza/Documents/GitHub/COMP0246_Labs/install/franka_description/share/franka_description/package.bash'
[32.461s] INFO:colcon.colcon_core.shell:Creating package script '/Users/ethandsouza/Documents/GitHub/COMP0246_Labs/install/franka_description/share/franka_description/package.zsh'
[32.463s] Level 1:colcon.colcon_core.environment:create_file_with_runtime_dependencies(/Users/ethandsouza/Documents/GitHub/COMP0246_Labs/install/franka_description/share/colcon-core/packages/franka_description)
[32.465s] DEBUG:colcon.colcon_core.event_handler.log_command:Invoked command in '/Users/ethandsouza/Documents/GitHub/COMP0246_Labs/build/franka_description' returned '0': CMAKE_PREFIX_PATH=/Users/ethandsouza/miniforge3/envs/roboenv-py3.10 CONDA_PROMPT_MODIFIER=(roboenv-py3.10) SHLVL=2 _=/usr/bin/env /Users/ethandsouza/miniforge3/envs/roboenv-py3.10/bin/cmake --install /Users/ethandsouza/Documents/GitHub/COMP0246_Labs/build/franka_description
[32.466s] Level 1:colcon.colcon_core.environment:create_environment_scripts_only(franka_description)
[32.466s] Level 1:colcon.colcon_core.environment:checking '/Users/ethandsouza/Documents/GitHub/COMP0246_Labs/install/franka_description' for CMake module files
[32.467s] Level 1:colcon.colcon_core.environment:checking '/Users/ethandsouza/Documents/GitHub/COMP0246_Labs/install/franka_description' for CMake config files
[32.468s] Level 1:colcon.colcon_core.shell:create_environment_hook('franka_description', 'cmake_prefix_path')
[32.468s] INFO:colcon.colcon_core.shell:Creating environment hook '/Users/ethandsouza/Documents/GitHub/COMP0246_Labs/install/franka_description/share/franka_description/hook/cmake_prefix_path.ps1'
[32.469s] INFO:colcon.colcon_core.shell:Creating environment descriptor '/Users/ethandsouza/Documents/GitHub/COMP0246_Labs/install/franka_description/share/franka_description/hook/cmake_prefix_path.dsv'
[32.470s] INFO:colcon.colcon_core.shell:Creating environment hook '/Users/ethandsouza/Documents/GitHub/COMP0246_Labs/install/franka_description/share/franka_description/hook/cmake_prefix_path.sh'
[32.472s] Level 1:colcon.colcon_core.environment:checking '/Users/ethandsouza/Documents/GitHub/COMP0246_Labs/install/franka_description/lib'
[32.472s] Level 1:colcon.colcon_core.environment:checking '/Users/ethandsouza/Documents/GitHub/COMP0246_Labs/install/franka_description/bin'
[32.472s] Level 1:colcon.colcon_core.environment:checking '/Users/ethandsouza/Documents/GitHub/COMP0246_Labs/install/franka_description/lib/pkgconfig/franka_description.pc'
[32.472s] Level 1:colcon.colcon_core.environment:checking '/Users/ethandsouza/Documents/GitHub/COMP0246_Labs/install/franka_description/lib/python3.10/site-packages'
[32.473s] Level 1:colcon.colcon_core.environment:checking '/Users/ethandsouza/Documents/GitHub/COMP0246_Labs/install/franka_description/bin'
[32.473s] INFO:colcon.colcon_core.shell:Creating package script '/Users/ethandsouza/Documents/GitHub/COMP0246_Labs/install/franka_description/share/franka_description/package.ps1'
[32.474s] INFO:colcon.colcon_core.shell:Creating package descriptor '/Users/ethandsouza/Documents/GitHub/COMP0246_Labs/install/franka_description/share/franka_description/package.dsv'
[32.475s] INFO:colcon.colcon_core.shell:Creating package script '/Users/ethandsouza/Documents/GitHub/COMP0246_Labs/install/franka_description/share/franka_description/package.sh'
[32.476s] INFO:colcon.colcon_core.shell:Creating package script '/Users/ethandsouza/Documents/GitHub/COMP0246_Labs/install/franka_description/share/franka_description/package.bash'
[32.477s] INFO:colcon.colcon_core.shell:Creating package script '/Users/ethandsouza/Documents/GitHub/COMP0246_Labs/install/franka_description/share/franka_description/package.zsh'
[32.479s] Level 1:colcon.colcon_core.environment:create_file_with_runtime_dependencies(/Users/ethandsouza/Documents/GitHub/COMP0246_Labs/install/franka_description/share/colcon-core/packages/franka_description)
[32.480s] INFO:colcon.colcon_ros.task.ament_python.build:Building ROS package in '/Users/ethandsouza/Documents/GitHub/COMP0246_Labs/lab1submission/transform_helpers' with build type 'ament_python'
[32.481s] Level 1:colcon.colcon_core.shell:create_environment_hook('transform_helpers', 'ament_prefix_path')
[32.481s] INFO:colcon.colcon_core.shell:Creating environment hook '/Users/ethandsouza/Documents/GitHub/COMP0246_Labs/install/transform_helpers/share/transform_helpers/hook/ament_prefix_path.ps1'
[32.483s] INFO:colcon.colcon_core.shell:Creating environment descriptor '/Users/ethandsouza/Documents/GitHub/COMP0246_Labs/install/transform_helpers/share/transform_helpers/hook/ament_prefix_path.dsv'
[32.485s] INFO:colcon.colcon_core.shell:Creating environment hook '/Users/ethandsouza/Documents/GitHub/COMP0246_Labs/install/transform_helpers/share/transform_helpers/hook/ament_prefix_path.sh'
[32.487s] INFO:colcon.colcon_core.shell:Skip shell extension 'powershell' for command environment: Not usable outside of PowerShell
[32.487s] DEBUG:colcon.colcon_core.shell:Skip shell extension 'dsv' for command environment
[34.284s] INFO:colcon.colcon_core.task.python.build:Building Python package in '/Users/ethandsouza/Documents/GitHub/COMP0246_Labs/lab1submission/transform_helpers'
[34.285s] INFO:colcon.colcon_core.shell:Skip shell extension 'powershell' for command environment: Not usable outside of PowerShell
[34.285s] DEBUG:colcon.colcon_core.shell:Skip shell extension 'dsv' for command environment
[36.346s] DEBUG:colcon.colcon_core.event_handler.log_command:Invoking command in '/Users/ethandsouza/Documents/GitHub/COMP0246_Labs/lab1submission/transform_helpers': AMENT_PREFIX_PATH=/Users/ethandsouza/Documents/GitHub/COMP0246_Labs/install/franka_description:${AMENT_PREFIX_PATH} CMAKE_PREFIX_PATH=/Users/ethandsouza/Documents/GitHub/COMP0246_Labs/install/franka_description CONDA_PROMPT_MODIFIER=(roboenv-py3.10) PYTHONPATH=/Users/ethandsouza/Documents/GitHub/COMP0246_Labs/build/transform_helpers/prefix_override:/Users/ethandsouza/miniforge3/envs/roboenv-py3.10/lib/python3.10/site-packages/colcon_core/task/python/colcon_distutils_commands:/Users/ethandsouza/Documents/GitHub/COMP0246_Labs/install/transform_helpers/lib/python3.10/site-packages:${PYTHONPATH} SHLVL=2 _=/usr/bin/env /Users/ethandsouza/miniforge3/envs/roboenv-py3.10/bin/python3.10 -W ignore:setup.py install is deprecated -W ignore:easy_install command is deprecated setup.py egg_info --egg-base ../../build/transform_helpers build --build-base /Users/ethandsouza/Documents/GitHub/COMP0246_Labs/build/transform_helpers/build install --record /Users/ethandsouza/Documents/GitHub/COMP0246_Labs/build/transform_helpers/install.log --single-version-externally-managed install_data
[39.499s] Level 1:colcon.colcon_core.environment:checking '/Users/ethandsouza/Documents/GitHub/COMP0246_Labs/install/transform_helpers' for CMake module files
[39.500s] DEBUG:colcon.colcon_core.event_handler.log_command:Invoked command in '/Users/ethandsouza/Documents/GitHub/COMP0246_Labs/lab1submission/transform_helpers' returned '0': AMENT_PREFIX_PATH=/Users/ethandsouza/Documents/GitHub/COMP0246_Labs/install/franka_description:${AMENT_PREFIX_PATH} CMAKE_PREFIX_PATH=/Users/ethandsouza/Documents/GitHub/COMP0246_Labs/install/franka_description CONDA_PROMPT_MODIFIER=(roboenv-py3.10) PYTHONPATH=/Users/ethandsouza/Documents/GitHub/COMP0246_Labs/build/transform_helpers/prefix_override:/Users/ethandsouza/miniforge3/envs/roboenv-py3.10/lib/python3.10/site-packages/colcon_core/task/python/colcon_distutils_commands:/Users/ethandsouza/Documents/GitHub/COMP0246_Labs/install/transform_helpers/lib/python3.10/site-packages:${PYTHONPATH} SHLVL=2 _=/usr/bin/env /Users/ethandsouza/miniforge3/envs/roboenv-py3.10/bin/python3.10 -W ignore:setup.py install is deprecated -W ignore:easy_install command is deprecated setup.py egg_info --egg-base ../../build/transform_helpers build --build-base /Users/ethandsouza/Documents/GitHub/COMP0246_Labs/build/transform_helpers/build install --record /Users/ethandsouza/Documents/GitHub/COMP0246_Labs/build/transform_helpers/install.log --single-version-externally-managed install_data
[39.501s] Level 1:colcon.colcon_core.environment:checking '/Users/ethandsouza/Documents/GitHub/COMP0246_Labs/install/transform_helpers' for CMake config files
[39.504s] Level 1:colcon.colcon_core.environment:checking '/Users/ethandsouza/Documents/GitHub/COMP0246_Labs/install/transform_helpers/lib'
[39.504s] Level 1:colcon.colcon_core.environment:checking '/Users/ethandsouza/Documents/GitHub/COMP0246_Labs/install/transform_helpers/bin'
[39.505s] Level 1:colcon.colcon_core.environment:checking '/Users/ethandsouza/Documents/GitHub/COMP0246_Labs/install/transform_helpers/lib/pkgconfig/transform_helpers.pc'
[39.507s] Level 1:colcon.colcon_core.environment:checking '/Users/ethandsouza/Documents/GitHub/COMP0246_Labs/install/transform_helpers/lib/python3.10/site-packages'
[39.507s] Level 1:colcon.colcon_core.shell:create_environment_hook('transform_helpers', 'pythonpath')
[39.508s] INFO:colcon.colcon_core.shell:Creating environment hook '/Users/ethandsouza/Documents/GitHub/COMP0246_Labs/install/transform_helpers/share/transform_helpers/hook/pythonpath.ps1'
[39.509s] INFO:colcon.colcon_core.shell:Creating environment descriptor '/Users/ethandsouza/Documents/GitHub/COMP0246_Labs/install/transform_helpers/share/transform_helpers/hook/pythonpath.dsv'
[39.510s] INFO:colcon.colcon_core.shell:Creating environment hook '/Users/ethandsouza/Documents/GitHub/COMP0246_Labs/install/transform_helpers/share/transform_helpers/hook/pythonpath.sh'
[39.512s] Level 1:colcon.colcon_core.environment:checking '/Users/ethandsouza/Documents/GitHub/COMP0246_Labs/install/transform_helpers/bin'
[39.512s] Level 1:colcon.colcon_core.environment:create_environment_scripts_only(transform_helpers)
[39.513s] INFO:colcon.colcon_core.shell:Creating package script '/Users/ethandsouza/Documents/GitHub/COMP0246_Labs/install/transform_helpers/share/transform_helpers/package.ps1'
[39.514s] INFO:colcon.colcon_core.shell:Creating package descriptor '/Users/ethandsouza/Documents/GitHub/COMP0246_Labs/install/transform_helpers/share/transform_helpers/package.dsv'
[39.516s] INFO:colcon.colcon_core.shell:Creating package script '/Users/ethandsouza/Documents/GitHub/COMP0246_Labs/install/transform_helpers/share/transform_helpers/package.sh'
[39.517s] INFO:colcon.colcon_core.shell:Creating package script '/Users/ethandsouza/Documents/GitHub/COMP0246_Labs/install/transform_helpers/share/transform_helpers/package.bash'
[39.518s] INFO:colcon.colcon_core.shell:Creating package script '/Users/ethandsouza/Documents/GitHub/COMP0246_Labs/install/transform_helpers/share/transform_helpers/package.zsh'
[39.520s] Level 1:colcon.colcon_core.environment:create_file_with_runtime_dependencies(/Users/ethandsouza/Documents/GitHub/COMP0246_Labs/install/transform_helpers/share/colcon-core/packages/transform_helpers)
[39.521s] INFO:colcon.colcon_ros.task.ament_python.build:Building ROS package in '/Users/ethandsouza/Documents/GitHub/COMP0246_Labs/final_lab/youbot_kinematics' with build type 'ament_python'
[39.522s] Level 1:colcon.colcon_core.shell:create_environment_hook('youbot_kinematics', 'ament_prefix_path')
[39.522s] INFO:colcon.colcon_core.shell:Creating environment hook '/Users/ethandsouza/Documents/GitHub/COMP0246_Labs/install/youbot_kinematics/share/youbot_kinematics/hook/ament_prefix_path.ps1'
[39.524s] INFO:colcon.colcon_core.shell:Creating environment descriptor '/Users/ethandsouza/Documents/GitHub/COMP0246_Labs/install/youbot_kinematics/share/youbot_kinematics/hook/ament_prefix_path.dsv'
[39.525s] INFO:colcon.colcon_core.shell:Creating environment hook '/Users/ethandsouza/Documents/GitHub/COMP0246_Labs/install/youbot_kinematics/share/youbot_kinematics/hook/ament_prefix_path.sh'
[39.527s] INFO:colcon.colcon_core.shell:Skip shell extension 'powershell' for command environment: Not usable outside of PowerShell
[39.527s] DEBUG:colcon.colcon_core.shell:Skip shell extension 'dsv' for command environment
[41.146s] INFO:colcon.colcon_core.task.python.build:Building Python package in '/Users/ethandsouza/Documents/GitHub/COMP0246_Labs/final_lab/youbot_kinematics'
[41.147s] INFO:colcon.colcon_core.shell:Skip shell extension 'powershell' for command environment: Not usable outside of PowerShell
[41.147s] DEBUG:colcon.colcon_core.shell:Skip shell extension 'dsv' for command environment
[43.710s] DEBUG:colcon.colcon_core.event_handler.log_command:Invoking command in '/Users/ethandsouza/Documents/GitHub/COMP0246_Labs/final_lab/youbot_kinematics': AMENT_PREFIX_PATH=/Users/ethandsouza/Documents/GitHub/COMP0246_Labs/install/transform_helpers:/Users/ethandsouza/Documents/GitHub/COMP0246_Labs/install/youbot_description:/Users/ethandsouza/Documents/GitHub/COMP0246_Labs/install/franka_description:${AMENT_PREFIX_PATH} CMAKE_PREFIX_PATH=/Users/ethandsouza/Documents/GitHub/COMP0246_Labs/install/franka_description CONDA_PROMPT_MODIFIER=(roboenv-py3.10) PYTHONPATH=/Users/ethandsouza/Documents/GitHub/COMP0246_Labs/build/youbot_kinematics/prefix_override:/Users/ethandsouza/miniforge3/envs/roboenv-py3.10/lib/python3.10/site-packages/colcon_core/task/python/colcon_distutils_commands:/Users/ethandsouza/Documents/GitHub/COMP0246_Labs/install/youbot_kinematics/lib/python3.10/site-packages:/Users/ethandsouza/Documents/GitHub/COMP0246_Labs/install/transform_helpers/lib/python3.10/site-packages:/Users/ethandsouza/Documents/GitHub/COMP0246_Labs/install/youbot_description/lib/python3.10/site-packages:${PYTHONPATH} SHLVL=2 _=/usr/bin/env /Users/ethandsouza/miniforge3/envs/roboenv-py3.10/bin/python3.10 -W ignore:setup.py install is deprecated -W ignore:easy_install command is deprecated setup.py egg_info --egg-base ../../build/youbot_kinematics build --build-base /Users/ethandsouza/Documents/GitHub/COMP0246_Labs/build/youbot_kinematics/build install --record /Users/ethandsouza/Documents/GitHub/COMP0246_Labs/build/youbot_kinematics/install.log --single-version-externally-managed install_data
[48.395s] Level 1:colcon.colcon_core.environment:checking '/Users/ethandsouza/Documents/GitHub/COMP0246_Labs/install/youbot_kinematics' for CMake module files
[48.396s] DEBUG:colcon.colcon_core.event_handler.log_command:Invoked command in '/Users/ethandsouza/Documents/GitHub/COMP0246_Labs/final_lab/youbot_kinematics' returned '0': AMENT_PREFIX_PATH=/Users/ethandsouza/Documents/GitHub/COMP0246_Labs/install/transform_helpers:/Users/ethandsouza/Documents/GitHub/COMP0246_Labs/install/youbot_description:/Users/ethandsouza/Documents/GitHub/COMP0246_Labs/install/franka_description:${AMENT_PREFIX_PATH} CMAKE_PREFIX_PATH=/Users/ethandsouza/Documents/GitHub/COMP0246_Labs/install/franka_description CONDA_PROMPT_MODIFIER=(roboenv-py3.10) PYTHONPATH=/Users/ethandsouza/Documents/GitHub/COMP0246_Labs/build/youbot_kinematics/prefix_override:/Users/ethandsouza/miniforge3/envs/roboenv-py3.10/lib/python3.10/site-packages/colcon_core/task/python/colcon_distutils_commands:/Users/ethandsouza/Documents/GitHub/COMP0246_Labs/install/youbot_kinematics/lib/python3.10/site-packages:/Users/ethandsouza/Documents/GitHub/COMP0246_Labs/install/transform_helpers/lib/python3.10/site-packages:/Users/ethandsouza/Documents/GitHub/COMP0246_Labs/install/youbot_description/lib/python3.10/site-packages:${PYTHONPATH} SHLVL=2 _=/usr/bin/env /Users/ethandsouza/miniforge3/envs/roboenv-py3.10/bin/python3.10 -W ignore:setup.py install is deprecated -W ignore:easy_install command is deprecated setup.py egg_info --egg-base ../../build/youbot_kinematics build --build-base /Users/ethandsouza/Documents/GitHub/COMP0246_Labs/build/youbot_kinematics/build install --record /Users/ethandsouza/Documents/GitHub/COMP0246_Labs/build/youbot_kinematics/install.log --single-version-externally-managed install_data
[48.397s] Level 1:colcon.colcon_core.environment:checking '/Users/ethandsouza/Documents/GitHub/COMP0246_Labs/install/youbot_kinematics' for CMake config files
[48.400s] Level 1:colcon.colcon_core.environment:checking '/Users/ethandsouza/Documents/GitHub/COMP0246_Labs/install/youbot_kinematics/lib'
[48.401s] Level 1:colcon.colcon_core.environment:checking '/Users/ethandsouza/Documents/GitHub/COMP0246_Labs/install/youbot_kinematics/bin'
[48.401s] Level 1:colcon.colcon_core.environment:checking '/Users/ethandsouza/Documents/GitHub/COMP0246_Labs/install/youbot_kinematics/lib/pkgconfig/youbot_kinematics.pc'
[48.402s] Level 1:colcon.colcon_core.environment:checking '/Users/ethandsouza/Documents/GitHub/COMP0246_Labs/install/youbot_kinematics/lib/python3.10/site-packages'
[48.402s] Level 1:colcon.colcon_core.shell:create_environment_hook('youbot_kinematics', 'pythonpath')
[48.403s] INFO:colcon.colcon_core.shell:Creating environment hook '/Users/ethandsouza/Documents/GitHub/COMP0246_Labs/install/youbot_kinematics/share/youbot_kinematics/hook/pythonpath.ps1'
[48.404s] INFO:colcon.colcon_core.shell:Creating environment descriptor '/Users/ethandsouza/Documents/GitHub/COMP0246_Labs/install/youbot_kinematics/share/youbot_kinematics/hook/pythonpath.dsv'
[48.406s] INFO:colcon.colcon_core.shell:Creating environment hook '/Users/ethandsouza/Documents/GitHub/COMP0246_Labs/install/youbot_kinematics/share/youbot_kinematics/hook/pythonpath.sh'
[48.408s] Level 1:colcon.colcon_core.environment:checking '/Users/ethandsouza/Documents/GitHub/COMP0246_Labs/install/youbot_kinematics/bin'
[48.408s] Level 1:colcon.colcon_core.environment:create_environment_scripts_only(youbot_kinematics)
[48.409s] INFO:colcon.colcon_core.shell:Creating package script '/Users/ethandsouza/Documents/GitHub/COMP0246_Labs/install/youbot_kinematics/share/youbot_kinematics/package.ps1'
[48.410s] INFO:colcon.colcon_core.shell:Creating package descriptor '/Users/ethandsouza/Documents/GitHub/COMP0246_Labs/install/youbot_kinematics/share/youbot_kinematics/package.dsv'
[48.412s] INFO:colcon.colcon_core.shell:Creating package script '/Users/ethandsouza/Documents/GitHub/COMP0246_Labs/install/youbot_kinematics/share/youbot_kinematics/package.sh'
[48.413s] INFO:colcon.colcon_core.shell:Creating package script '/Users/ethandsouza/Documents/GitHub/COMP0246_Labs/install/youbot_kinematics/share/youbot_kinematics/package.bash'
[48.414s] INFO:colcon.colcon_core.shell:Creating package script '/Users/ethandsouza/Documents/GitHub/COMP0246_Labs/install/youbot_kinematics/share/youbot_kinematics/package.zsh'
[48.416s] Level 1:colcon.colcon_core.environment:create_file_with_runtime_dependencies(/Users/ethandsouza/Documents/GitHub/COMP0246_Labs/install/youbot_kinematics/share/colcon-core/packages/youbot_kinematics)
[48.417s] DEBUG:colcon.colcon_parallel_executor.executor.parallel:closing loop
[48.417s] DEBUG:colcon.colcon_parallel_executor.executor.parallel:loop closed
[48.417s] DEBUG:colcon.colcon_parallel_executor.executor.parallel:run_until_complete finished with '0'
[48.418s] DEBUG:colcon.colcon_core.event_reactor:joining thread
[48.423s] INFO:colcon.colcon_core.plugin_system:Skipping extension 'colcon_notification.desktop_notification.notify2': 'notify2' not found
[48.423s] INFO:colcon.colcon_core.plugin_system:Skipping extension 'colcon_notification.desktop_notification.notify_send': Not used on non-Linux systems
[48.423s] INFO:colcon.colcon_core.plugin_system:Skipping extension 'colcon_notification.desktop_notification.win32': Not used on non-Windows systems
[48.424s] INFO:colcon.colcon_notification.desktop_notification:Sending desktop notification using 'terminal_notifier'
[48.639s] DEBUG:colcon.colcon_core.event_reactor:joined thread
[48.641s] INFO:colcon.colcon_core.shell:Creating prefix script '/Users/ethandsouza/Documents/GitHub/COMP0246_Labs/install/local_setup.ps1'
[48.645s] INFO:colcon.colcon_core.shell:Creating prefix util module '/Users/ethandsouza/Documents/GitHub/COMP0246_Labs/install/_local_setup_util_ps1.py'
[48.650s] INFO:colcon.colcon_core.shell:Creating prefix chain script '/Users/ethandsouza/Documents/GitHub/COMP0246_Labs/install/setup.ps1'
[48.652s] INFO:colcon.colcon_core.shell:Creating prefix script '/Users/ethandsouza/Documents/GitHub/COMP0246_Labs/install/local_setup.sh'
[48.654s] INFO:colcon.colcon_core.shell:Creating prefix util module '/Users/ethandsouza/Documents/GitHub/COMP0246_Labs/install/_local_setup_util_sh.py'
[48.656s] INFO:colcon.colcon_core.shell:Creating prefix chain script '/Users/ethandsouza/Documents/GitHub/COMP0246_Labs/install/setup.sh'
[48.660s] INFO:colcon.colcon_core.shell:Creating prefix script '/Users/ethandsouza/Documents/GitHub/COMP0246_Labs/install/local_setup.bash'
[48.661s] INFO:colcon.colcon_core.shell:Creating prefix chain script '/Users/ethandsouza/Documents/GitHub/COMP0246_Labs/install/setup.bash'
[48.664s] INFO:colcon.colcon_core.shell:Creating prefix script '/Users/ethandsouza/Documents/GitHub/COMP0246_Labs/install/local_setup.zsh'
[48.667s] INFO:colcon.colcon_core.shell:Creating prefix chain script '/Users/ethandsouza/Documents/GitHub/COMP0246_Labs/install/setup.zsh'
