[0.525s] DEBUG:colcon:Command line arguments: ['/Users/ethandsouza/miniforge3/envs/roboenv-py3.10/bin/colcon', 'build']
[0.525s] DEBUG:colcon:Parsed command line arguments: Namespace(log_base=None, log_level=None, verb_name='build', build_base='build', install_base='install', merge_install=False, symlink_install=False, test_result_base=None, continue_on_error=False, executor='parallel', parallel_workers=8, event_handlers=None, ignore_user_meta=False, metas=['./colcon.meta'], base_paths=['.'], packages_ignore=None, packages_ignore_regex=None, paths=None, packages_up_to=None, packages_up_to_regex=None, packages_above=None, packages_above_and_dependencies=None, packages_above_depth=None, packages_select_by_dep=None, packages_skip_by_dep=None, packages_skip_up_to=None, packages_select_build_failed=False, packages_skip_build_finished=False, packages_select_test_failures=False, packages_skip_test_passed=False, packages_select=None, packages_skip=None, packages_select_regex=None, packages_skip_regex=None, packages_start=None, packages_end=None, cmake_args=None, cmake_target=None, cmake_target_skip_unavailable=False, cmake_clean_cache=False, cmake_clean_first=False, cmake_force_configure=False, ament_cmake_args=None, catkin_cmake_args=None, catkin_skip_building_tests=False, verb_parser=<colcon_defaults.argument_parser.defaults.DefaultArgumentsDecorator object at 0x1012ad2d0>, verb_extension=<colcon_core.verb.build.BuildVerb object at 0x1012acd90>, main=<bound method BuildVerb.main of <colcon_core.verb.build.BuildVerb object at 0x1012acd90>>)
[1.025s] Level 1:colcon.colcon_core.package_discovery:discover_packages(colcon_meta) check parameters
[1.025s] Level 1:colcon.colcon_core.package_discovery:discover_packages(recursive) check parameters
[1.025s] Level 1:colcon.colcon_core.package_discovery:discover_packages(ignore) check parameters
[1.025s] Level 1:colcon.colcon_core.package_discovery:discover_packages(path) check parameters
[1.025s] Level 1:colcon.colcon_core.package_discovery:discover_packages(colcon_meta) discover
[1.025s] Level 1:colcon.colcon_core.package_discovery:discover_packages(recursive) discover
[1.025s] INFO:colcon.colcon_core.package_discovery:Crawling recursively for packages in '/Users/ethandsouza/Documents/GitHub/COMP0246_Labs'
[1.026s] Level 1:colcon.colcon_core.package_identification:_identify(.) by extensions ['ignore', 'ignore_ament_install']
[1.026s] Level 1:colcon.colcon_core.package_identification:_identify(.) by extension 'ignore'
[1.026s] Level 1:colcon.colcon_core.package_identification:_identify(.) by extension 'ignore_ament_install'
[1.026s] Level 1:colcon.colcon_core.package_identification:_identify(.) by extensions ['colcon_pkg']
[1.026s] Level 1:colcon.colcon_core.package_identification:_identify(.) by extension 'colcon_pkg'
[1.026s] Level 1:colcon.colcon_core.package_identification:_identify(.) by extensions ['colcon_meta']
[1.026s] Level 1:colcon.colcon_core.package_identification:_identify(.) by extension 'colcon_meta'
[1.026s] Level 1:colcon.colcon_core.package_identification:_identify(.) by extensions ['ros']
[1.026s] Level 1:colcon.colcon_core.package_identification:_identify(.) by extension 'ros'
[1.094s] Level 1:colcon.colcon_core.package_identification:_identify(.) by extensions ['cmake', 'python']
[1.094s] Level 1:colcon.colcon_core.package_identification:_identify(.) by extension 'cmake'
[1.094s] Level 1:colcon.colcon_core.package_identification:_identify(.) by extension 'python'
[1.094s] Level 1:colcon.colcon_core.package_identification:_identify(.) by extensions ['python_setup_py']
[1.094s] Level 1:colcon.colcon_core.package_identification:_identify(.) by extension 'python_setup_py'
[1.095s] Level 1:colcon.colcon_core.package_identification:_identify(build) by extensions ['ignore', 'ignore_ament_install']
[1.095s] Level 1:colcon.colcon_core.package_identification:_identify(build) by extension 'ignore'
[1.096s] Level 1:colcon.colcon_core.package_identification:_identify(build) ignored
[1.097s] Level 1:colcon.colcon_core.package_identification:_identify(final_lab) by extensions ['ignore', 'ignore_ament_install']
[1.097s] Level 1:colcon.colcon_core.package_identification:_identify(final_lab) by extension 'ignore'
[1.097s] Level 1:colcon.colcon_core.package_identification:_identify(final_lab) by extension 'ignore_ament_install'
[1.097s] Level 1:colcon.colcon_core.package_identification:_identify(final_lab) by extensions ['colcon_pkg']
[1.097s] Level 1:colcon.colcon_core.package_identification:_identify(final_lab) by extension 'colcon_pkg'
[1.097s] Level 1:colcon.colcon_core.package_identification:_identify(final_lab) by extensions ['colcon_meta']
[1.097s] Level 1:colcon.colcon_core.package_identification:_identify(final_lab) by extension 'colcon_meta'
[1.098s] Level 1:colcon.colcon_core.package_identification:_identify(final_lab) by extensions ['ros']
[1.098s] Level 1:colcon.colcon_core.package_identification:_identify(final_lab) by extension 'ros'
[1.098s] Level 1:colcon.colcon_core.package_identification:_identify(final_lab) by extensions ['cmake', 'python']
[1.098s] Level 1:colcon.colcon_core.package_identification:_identify(final_lab) by extension 'cmake'
[1.098s] Level 1:colcon.colcon_core.package_identification:_identify(final_lab) by extension 'python'
[1.098s] Level 1:colcon.colcon_core.package_identification:_identify(final_lab) by extensions ['python_setup_py']
[1.098s] Level 1:colcon.colcon_core.package_identification:_identify(final_lab) by extension 'python_setup_py'
[1.098s] Level 1:colcon.colcon_core.package_identification:_identify(final_lab/assets) by extensions ['ignore', 'ignore_ament_install']
[1.098s] Level 1:colcon.colcon_core.package_identification:_identify(final_lab/assets) by extension 'ignore'
[1.098s] Level 1:colcon.colcon_core.package_identification:_identify(final_lab/assets) by extension 'ignore_ament_install'
[1.099s] Level 1:colcon.colcon_core.package_identification:_identify(final_lab/assets) by extensions ['colcon_pkg']
[1.099s] Level 1:colcon.colcon_core.package_identification:_identify(final_lab/assets) by extension 'colcon_pkg'
[1.099s] Level 1:colcon.colcon_core.package_identification:_identify(final_lab/assets) by extensions ['colcon_meta']
[1.099s] Level 1:colcon.colcon_core.package_identification:_identify(final_lab/assets) by extension 'colcon_meta'
[1.099s] Level 1:colcon.colcon_core.package_identification:_identify(final_lab/assets) by extensions ['ros']
[1.099s] Level 1:colcon.colcon_core.package_identification:_identify(final_lab/assets) by extension 'ros'
[1.099s] Level 1:colcon.colcon_core.package_identification:_identify(final_lab/assets) by extensions ['cmake', 'python']
[1.099s] Level 1:colcon.colcon_core.package_identification:_identify(final_lab/assets) by extension 'cmake'
[1.099s] Level 1:colcon.colcon_core.package_identification:_identify(final_lab/assets) by extension 'python'
[1.099s] Level 1:colcon.colcon_core.package_identification:_identify(final_lab/assets) by extensions ['python_setup_py']
[1.099s] Level 1:colcon.colcon_core.package_identification:_identify(final_lab/assets) by extension 'python_setup_py'
[1.100s] Level 1:colcon.colcon_core.package_identification:_identify(final_lab/assets/lab2) by extensions ['ignore', 'ignore_ament_install']
[1.100s] Level 1:colcon.colcon_core.package_identification:_identify(final_lab/assets/lab2) by extension 'ignore'
[1.100s] Level 1:colcon.colcon_core.package_identification:_identify(final_lab/assets/lab2) by extension 'ignore_ament_install'
[1.100s] Level 1:colcon.colcon_core.package_identification:_identify(final_lab/assets/lab2) by extensions ['colcon_pkg']
[1.100s] Level 1:colcon.colcon_core.package_identification:_identify(final_lab/assets/lab2) by extension 'colcon_pkg'
[1.100s] Level 1:colcon.colcon_core.package_identification:_identify(final_lab/assets/lab2) by extensions ['colcon_meta']
[1.100s] Level 1:colcon.colcon_core.package_identification:_identify(final_lab/assets/lab2) by extension 'colcon_meta'
[1.101s] Level 1:colcon.colcon_core.package_identification:_identify(final_lab/assets/lab2) by extensions ['ros']
[1.101s] Level 1:colcon.colcon_core.package_identification:_identify(final_lab/assets/lab2) by extension 'ros'
[1.101s] Level 1:colcon.colcon_core.package_identification:_identify(final_lab/assets/lab2) by extensions ['cmake', 'python']
[1.101s] Level 1:colcon.colcon_core.package_identification:_identify(final_lab/assets/lab2) by extension 'cmake'
[1.101s] Level 1:colcon.colcon_core.package_identification:_identify(final_lab/assets/lab2) by extension 'python'
[1.101s] Level 1:colcon.colcon_core.package_identification:_identify(final_lab/assets/lab2) by extensions ['python_setup_py']
[1.101s] Level 1:colcon.colcon_core.package_identification:_identify(final_lab/assets/lab2) by extension 'python_setup_py'
[1.102s] Level 1:colcon.colcon_core.package_identification:_identify(final_lab/youbot_description) by extensions ['ignore', 'ignore_ament_install']
[1.102s] Level 1:colcon.colcon_core.package_identification:_identify(final_lab/youbot_description) by extension 'ignore'
[1.102s] Level 1:colcon.colcon_core.package_identification:_identify(final_lab/youbot_description) by extension 'ignore_ament_install'
[1.102s] Level 1:colcon.colcon_core.package_identification:_identify(final_lab/youbot_description) by extensions ['colcon_pkg']
[1.102s] Level 1:colcon.colcon_core.package_identification:_identify(final_lab/youbot_description) by extension 'colcon_pkg'
[1.102s] Level 1:colcon.colcon_core.package_identification:_identify(final_lab/youbot_description) by extensions ['colcon_meta']
[1.102s] Level 1:colcon.colcon_core.package_identification:_identify(final_lab/youbot_description) by extension 'colcon_meta'
[1.103s] Level 1:colcon.colcon_core.package_identification:_identify(final_lab/youbot_description) by extensions ['ros']
[1.103s] Level 1:colcon.colcon_core.package_identification:_identify(final_lab/youbot_description) by extension 'ros'
[1.109s] DEBUG:colcon.colcon_core.package_identification:Package 'final_lab/youbot_description' with type 'ros.ament_python' and name 'youbot_description'
[1.110s] Level 1:colcon.colcon_core.package_identification:_identify(final_lab/youbot_kinematics) by extensions ['ignore', 'ignore_ament_install']
[1.111s] Level 1:colcon.colcon_core.package_identification:_identify(final_lab/youbot_kinematics) by extension 'ignore'
[1.111s] Level 1:colcon.colcon_core.package_identification:_identify(final_lab/youbot_kinematics) by extension 'ignore_ament_install'
[1.111s] Level 1:colcon.colcon_core.package_identification:_identify(final_lab/youbot_kinematics) by extensions ['colcon_pkg']
[1.111s] Level 1:colcon.colcon_core.package_identification:_identify(final_lab/youbot_kinematics) by extension 'colcon_pkg'
[1.111s] Level 1:colcon.colcon_core.package_identification:_identify(final_lab/youbot_kinematics) by extensions ['colcon_meta']
[1.111s] Level 1:colcon.colcon_core.package_identification:_identify(final_lab/youbot_kinematics) by extension 'colcon_meta'
[1.111s] Level 1:colcon.colcon_core.package_identification:_identify(final_lab/youbot_kinematics) by extensions ['ros']
[1.111s] Level 1:colcon.colcon_core.package_identification:_identify(final_lab/youbot_kinematics) by extension 'ros'
[1.113s] DEBUG:colcon.colcon_core.package_identification:Package 'final_lab/youbot_kinematics' with type 'ros.ament_python' and name 'youbot_kinematics'
[1.114s] Level 1:colcon.colcon_core.package_identification:_identify(franka_description) by extensions ['ignore', 'ignore_ament_install']
[1.114s] Level 1:colcon.colcon_core.package_identification:_identify(franka_description) by extension 'ignore'
[1.114s] Level 1:colcon.colcon_core.package_identification:_identify(franka_description) by extension 'ignore_ament_install'
[1.114s] Level 1:colcon.colcon_core.package_identification:_identify(franka_description) by extensions ['colcon_pkg']
[1.114s] Level 1:colcon.colcon_core.package_identification:_identify(franka_description) by extension 'colcon_pkg'
[1.115s] Level 1:colcon.colcon_core.package_identification:_identify(franka_description) by extensions ['colcon_meta']
[1.115s] Level 1:colcon.colcon_core.package_identification:_identify(franka_description) by extension 'colcon_meta'
[1.115s] Level 1:colcon.colcon_core.package_identification:_identify(franka_description) by extensions ['ros']
[1.115s] Level 1:colcon.colcon_core.package_identification:_identify(franka_description) by extension 'ros'
[1.117s] DEBUG:colcon.colcon_core.package_identification:Package 'franka_description' with type 'ros.ament_cmake' and name 'franka_description'
[1.117s] Level 1:colcon.colcon_core.package_identification:_identify(install) by extensions ['ignore', 'ignore_ament_install']
[1.117s] Level 1:colcon.colcon_core.package_identification:_identify(install) by extension 'ignore'
[1.117s] Level 1:colcon.colcon_core.package_identification:_identify(install) ignored
[1.118s] Level 1:colcon.colcon_core.package_identification:_identify(lab1submission) by extensions ['ignore', 'ignore_ament_install']
[1.118s] Level 1:colcon.colcon_core.package_identification:_identify(lab1submission) by extension 'ignore'
[1.119s] Level 1:colcon.colcon_core.package_identification:_identify(lab1submission) by extension 'ignore_ament_install'
[1.119s] Level 1:colcon.colcon_core.package_identification:_identify(lab1submission) by extensions ['colcon_pkg']
[1.119s] Level 1:colcon.colcon_core.package_identification:_identify(lab1submission) by extension 'colcon_pkg'
[1.119s] Level 1:colcon.colcon_core.package_identification:_identify(lab1submission) by extensions ['colcon_meta']
[1.119s] Level 1:colcon.colcon_core.package_identification:_identify(lab1submission) by extension 'colcon_meta'
[1.119s] Level 1:colcon.colcon_core.package_identification:_identify(lab1submission) by extensions ['ros']
[1.119s] Level 1:colcon.colcon_core.package_identification:_identify(lab1submission) by extension 'ros'
[1.119s] Level 1:colcon.colcon_core.package_identification:_identify(lab1submission) by extensions ['cmake', 'python']
[1.119s] Level 1:colcon.colcon_core.package_identification:_identify(lab1submission) by extension 'cmake'
[1.119s] Level 1:colcon.colcon_core.package_identification:_identify(lab1submission) by extension 'python'
[1.119s] Level 1:colcon.colcon_core.package_identification:_identify(lab1submission) by extensions ['python_setup_py']
[1.119s] Level 1:colcon.colcon_core.package_identification:_identify(lab1submission) by extension 'python_setup_py'
[1.120s] Level 1:colcon.colcon_core.package_identification:_identify(lab1submission/assets) by extensions ['ignore', 'ignore_ament_install']
[1.120s] Level 1:colcon.colcon_core.package_identification:_identify(lab1submission/assets) by extension 'ignore'
[1.120s] Level 1:colcon.colcon_core.package_identification:_identify(lab1submission/assets) by extension 'ignore_ament_install'
[1.121s] Level 1:colcon.colcon_core.package_identification:_identify(lab1submission/assets) by extensions ['colcon_pkg']
[1.121s] Level 1:colcon.colcon_core.package_identification:_identify(lab1submission/assets) by extension 'colcon_pkg'
[1.121s] Level 1:colcon.colcon_core.package_identification:_identify(lab1submission/assets) by extensions ['colcon_meta']
[1.121s] Level 1:colcon.colcon_core.package_identification:_identify(lab1submission/assets) by extension 'colcon_meta'
[1.121s] Level 1:colcon.colcon_core.package_identification:_identify(lab1submission/assets) by extensions ['ros']
[1.121s] Level 1:colcon.colcon_core.package_identification:_identify(lab1submission/assets) by extension 'ros'
[1.121s] Level 1:colcon.colcon_core.package_identification:_identify(lab1submission/assets) by extensions ['cmake', 'python']
[1.121s] Level 1:colcon.colcon_core.package_identification:_identify(lab1submission/assets) by extension 'cmake'
[1.121s] Level 1:colcon.colcon_core.package_identification:_identify(lab1submission/assets) by extension 'python'
[1.121s] Level 1:colcon.colcon_core.package_identification:_identify(lab1submission/assets) by extensions ['python_setup_py']
[1.121s] Level 1:colcon.colcon_core.package_identification:_identify(lab1submission/assets) by extension 'python_setup_py'
[1.123s] Level 1:colcon.colcon_core.package_identification:_identify(lab1submission/build) by extensions ['ignore', 'ignore_ament_install']
[1.123s] Level 1:colcon.colcon_core.package_identification:_identify(lab1submission/build) by extension 'ignore'
[1.123s] Level 1:colcon.colcon_core.package_identification:_identify(lab1submission/build) ignored
[1.123s] Level 1:colcon.colcon_core.package_identification:_identify(lab1submission/install) by extensions ['ignore', 'ignore_ament_install']
[1.123s] Level 1:colcon.colcon_core.package_identification:_identify(lab1submission/install) by extension 'ignore'
[1.124s] Level 1:colcon.colcon_core.package_identification:_identify(lab1submission/install) ignored
[1.124s] Level 1:colcon.colcon_core.package_identification:_identify(lab1submission/log) by extensions ['ignore', 'ignore_ament_install']
[1.124s] Level 1:colcon.colcon_core.package_identification:_identify(lab1submission/log) by extension 'ignore'
[1.124s] Level 1:colcon.colcon_core.package_identification:_identify(lab1submission/log) ignored
[1.125s] Level 1:colcon.colcon_core.package_identification:_identify(lab1submission/transform_helpers) by extensions ['ignore', 'ignore_ament_install']
[1.125s] Level 1:colcon.colcon_core.package_identification:_identify(lab1submission/transform_helpers) by extension 'ignore'
[1.125s] Level 1:colcon.colcon_core.package_identification:_identify(lab1submission/transform_helpers) by extension 'ignore_ament_install'
[1.125s] Level 1:colcon.colcon_core.package_identification:_identify(lab1submission/transform_helpers) by extensions ['colcon_pkg']
[1.125s] Level 1:colcon.colcon_core.package_identification:_identify(lab1submission/transform_helpers) by extension 'colcon_pkg'
[1.125s] Level 1:colcon.colcon_core.package_identification:_identify(lab1submission/transform_helpers) by extensions ['colcon_meta']
[1.125s] Level 1:colcon.colcon_core.package_identification:_identify(lab1submission/transform_helpers) by extension 'colcon_meta'
[1.126s] Level 1:colcon.colcon_core.package_identification:_identify(lab1submission/transform_helpers) by extensions ['ros']
[1.126s] Level 1:colcon.colcon_core.package_identification:_identify(lab1submission/transform_helpers) by extension 'ros'
[1.127s] DEBUG:colcon.colcon_core.package_identification:Package 'lab1submission/transform_helpers' with type 'ros.ament_python' and name 'transform_helpers'
[1.128s] Level 1:colcon.colcon_core.package_identification:_identify(log) by extensions ['ignore', 'ignore_ament_install']
[1.128s] Level 1:colcon.colcon_core.package_identification:_identify(log) by extension 'ignore'
[1.128s] Level 1:colcon.colcon_core.package_identification:_identify(log) ignored
[1.128s] Level 1:colcon.colcon_core.package_discovery:discover_packages(recursive) using defaults
[1.128s] Level 1:colcon.colcon_core.package_discovery:discover_packages(ignore) discover
[1.128s] Level 1:colcon.colcon_core.package_discovery:discover_packages(ignore) using defaults
[1.128s] Level 1:colcon.colcon_core.package_discovery:discover_packages(path) discover
[1.128s] Level 1:colcon.colcon_core.package_discovery:discover_packages(path) using defaults
[1.184s] Level 5:colcon.colcon_core.verb:set package 'franka_description' build argument 'cmake_args' from command line to 'None'
[1.185s] Level 5:colcon.colcon_core.verb:set package 'franka_description' build argument 'cmake_target' from command line to 'None'
[1.185s] Level 5:colcon.colcon_core.verb:set package 'franka_description' build argument 'cmake_target_skip_unavailable' from command line to 'False'
[1.185s] Level 5:colcon.colcon_core.verb:set package 'franka_description' build argument 'cmake_clean_cache' from command line to 'False'
[1.185s] Level 5:colcon.colcon_core.verb:set package 'franka_description' build argument 'cmake_clean_first' from command line to 'False'
[1.185s] Level 5:colcon.colcon_core.verb:set package 'franka_description' build argument 'cmake_force_configure' from command line to 'False'
[1.185s] Level 5:colcon.colcon_core.verb:set package 'franka_description' build argument 'ament_cmake_args' from command line to 'None'
[1.185s] Level 5:colcon.colcon_core.verb:set package 'franka_description' build argument 'catkin_cmake_args' from command line to 'None'
[1.185s] Level 5:colcon.colcon_core.verb:set package 'franka_description' build argument 'catkin_skip_building_tests' from command line to 'False'
[1.185s] DEBUG:colcon.colcon_core.verb:Building package 'franka_description' with the following arguments: {'ament_cmake_args': None, 'build_base': '/Users/ethandsouza/Documents/GitHub/COMP0246_Labs/build/franka_description', 'catkin_cmake_args': None, 'catkin_skip_building_tests': False, 'cmake_args': None, 'cmake_clean_cache': False, 'cmake_clean_first': False, 'cmake_force_configure': False, 'cmake_target': None, 'cmake_target_skip_unavailable': False, 'install_base': '/Users/ethandsouza/Documents/GitHub/COMP0246_Labs/install/franka_description', 'merge_install': False, 'path': '/Users/ethandsouza/Documents/GitHub/COMP0246_Labs/franka_description', 'symlink_install': False, 'test_result_base': None}
[1.186s] Level 5:colcon.colcon_core.verb:set package 'youbot_description' build argument 'cmake_args' from command line to 'None'
[1.186s] Level 5:colcon.colcon_core.verb:set package 'youbot_description' build argument 'cmake_target' from command line to 'None'
[1.186s] Level 5:colcon.colcon_core.verb:set package 'youbot_description' build argument 'cmake_target_skip_unavailable' from command line to 'False'
[1.186s] Level 5:colcon.colcon_core.verb:set package 'youbot_description' build argument 'cmake_clean_cache' from command line to 'False'
[1.186s] Level 5:colcon.colcon_core.verb:set package 'youbot_description' build argument 'cmake_clean_first' from command line to 'False'
[1.186s] Level 5:colcon.colcon_core.verb:set package 'youbot_description' build argument 'cmake_force_configure' from command line to 'False'
[1.186s] Level 5:colcon.colcon_core.verb:set package 'youbot_description' build argument 'ament_cmake_args' from command line to 'None'
[1.186s] Level 5:colcon.colcon_core.verb:set package 'youbot_description' build argument 'catkin_cmake_args' from command line to 'None'
[1.186s] Level 5:colcon.colcon_core.verb:set package 'youbot_description' build argument 'catkin_skip_building_tests' from command line to 'False'
[1.187s] DEBUG:colcon.colcon_core.verb:Building package 'youbot_description' with the following arguments: {'ament_cmake_args': None, 'build_base': '/Users/ethandsouza/Documents/GitHub/COMP0246_Labs/build/youbot_description', 'catkin_cmake_args': None, 'catkin_skip_building_tests': False, 'cmake_args': None, 'cmake_clean_cache': False, 'cmake_clean_first': False, 'cmake_force_configure': False, 'cmake_target': None, 'cmake_target_skip_unavailable': False, 'install_base': '/Users/ethandsouza/Documents/GitHub/COMP0246_Labs/install/youbot_description', 'merge_install': False, 'path': '/Users/ethandsouza/Documents/GitHub/COMP0246_Labs/final_lab/youbot_description', 'symlink_install': False, 'test_result_base': None}
[1.187s] Level 5:colcon.colcon_core.verb:set package 'transform_helpers' build argument 'cmake_args' from command line to 'None'
[1.187s] Level 5:colcon.colcon_core.verb:set package 'transform_helpers' build argument 'cmake_target' from command line to 'None'
[1.187s] Level 5:colcon.colcon_core.verb:set package 'transform_helpers' build argument 'cmake_target_skip_unavailable' from command line to 'False'
[1.187s] Level 5:colcon.colcon_core.verb:set package 'transform_helpers' build argument 'cmake_clean_cache' from command line to 'False'
[1.187s] Level 5:colcon.colcon_core.verb:set package 'transform_helpers' build argument 'cmake_clean_first' from command line to 'False'
[1.188s] Level 5:colcon.colcon_core.verb:set package 'transform_helpers' build argument 'cmake_force_configure' from command line to 'False'
[1.188s] Level 5:colcon.colcon_core.verb:set package 'transform_helpers' build argument 'ament_cmake_args' from command line to 'None'
[1.188s] Level 5:colcon.colcon_core.verb:set package 'transform_helpers' build argument 'catkin_cmake_args' from command line to 'None'
[1.188s] Level 5:colcon.colcon_core.verb:set package 'transform_helpers' build argument 'catkin_skip_building_tests' from command line to 'False'
[1.188s] DEBUG:colcon.colcon_core.verb:Building package 'transform_helpers' with the following arguments: {'ament_cmake_args': None, 'build_base': '/Users/ethandsouza/Documents/GitHub/COMP0246_Labs/build/transform_helpers', 'catkin_cmake_args': None, 'catkin_skip_building_tests': False, 'cmake_args': None, 'cmake_clean_cache': False, 'cmake_clean_first': False, 'cmake_force_configure': False, 'cmake_target': None, 'cmake_target_skip_unavailable': False, 'install_base': '/Users/ethandsouza/Documents/GitHub/COMP0246_Labs/install/transform_helpers', 'merge_install': False, 'path': '/Users/ethandsouza/Documents/GitHub/COMP0246_Labs/lab1submission/transform_helpers', 'symlink_install': False, 'test_result_base': None}
[1.189s] Level 5:colcon.colcon_core.verb:set package 'youbot_kinematics' build argument 'cmake_args' from command line to 'None'
[1.189s] Level 5:colcon.colcon_core.verb:set package 'youbot_kinematics' build argument 'cmake_target' from command line to 'None'
[1.189s] Level 5:colcon.colcon_core.verb:set package 'youbot_kinematics' build argument 'cmake_target_skip_unavailable' from command line to 'False'
[1.189s] Level 5:colcon.colcon_core.verb:set package 'youbot_kinematics' build argument 'cmake_clean_cache' from command line to 'False'
[1.189s] Level 5:colcon.colcon_core.verb:set package 'youbot_kinematics' build argument 'cmake_clean_first' from command line to 'False'
[1.189s] Level 5:colcon.colcon_core.verb:set package 'youbot_kinematics' build argument 'cmake_force_configure' from command line to 'False'
[1.189s] Level 5:colcon.colcon_core.verb:set package 'youbot_kinematics' build argument 'ament_cmake_args' from command line to 'None'
[1.189s] Level 5:colcon.colcon_core.verb:set package 'youbot_kinematics' build argument 'catkin_cmake_args' from command line to 'None'
[1.189s] Level 5:colcon.colcon_core.verb:set package 'youbot_kinematics' build argument 'catkin_skip_building_tests' from command line to 'False'
[1.189s] DEBUG:colcon.colcon_core.verb:Building package 'youbot_kinematics' with the following arguments: {'ament_cmake_args': None, 'build_base': '/Users/ethandsouza/Documents/GitHub/COMP0246_Labs/build/youbot_kinematics', 'catkin_cmake_args': None, 'catkin_skip_building_tests': False, 'cmake_args': None, 'cmake_clean_cache': False, 'cmake_clean_first': False, 'cmake_force_configure': False, 'cmake_target': None, 'cmake_target_skip_unavailable': False, 'install_base': '/Users/ethandsouza/Documents/GitHub/COMP0246_Labs/install/youbot_kinematics', 'merge_install': False, 'path': '/Users/ethandsouza/Documents/GitHub/COMP0246_Labs/final_lab/youbot_kinematics', 'symlink_install': False, 'test_result_base': None}
[1.189s] INFO:colcon.colcon_core.executor:Executing jobs using 'parallel' executor
[1.190s] DEBUG:colcon.colcon_parallel_executor.executor.parallel:run_until_complete
[1.191s] INFO:colcon.colcon_ros.task.ament_cmake.build:Building ROS package in '/Users/ethandsouza/Documents/GitHub/COMP0246_Labs/franka_description' with build type 'ament_cmake'
[1.191s] INFO:colcon.colcon_cmake.task.cmake.build:Building CMake package in '/Users/ethandsouza/Documents/GitHub/COMP0246_Labs/franka_description'
[1.201s] INFO:colcon.colcon_core.plugin_system:Skipping extension 'colcon_core.shell.bat': Not used on non-Windows systems
[1.201s] INFO:colcon.colcon_core.shell:Skip shell extension 'powershell' for command environment: Not usable outside of PowerShell
[1.201s] DEBUG:colcon.colcon_core.shell:Skip shell extension 'dsv' for command environment
[1.228s] INFO:colcon.colcon_ros.task.ament_python.build:Building ROS package in '/Users/ethandsouza/Documents/GitHub/COMP0246_Labs/final_lab/youbot_description' with build type 'ament_python'
[1.229s] Level 1:colcon.colcon_core.shell:create_environment_hook('youbot_description', 'ament_prefix_path')
[1.230s] INFO:colcon.colcon_core.shell:Creating environment hook '/Users/ethandsouza/Documents/GitHub/COMP0246_Labs/install/youbot_description/share/youbot_description/hook/ament_prefix_path.ps1'
[1.232s] INFO:colcon.colcon_core.shell:Creating environment descriptor '/Users/ethandsouza/Documents/GitHub/COMP0246_Labs/install/youbot_description/share/youbot_description/hook/ament_prefix_path.dsv'
[1.233s] INFO:colcon.colcon_core.shell:Creating environment hook '/Users/ethandsouza/Documents/GitHub/COMP0246_Labs/install/youbot_description/share/youbot_description/hook/ament_prefix_path.sh'
[1.235s] INFO:colcon.colcon_core.shell:Skip shell extension 'powershell' for command environment: Not usable outside of PowerShell
[1.235s] DEBUG:colcon.colcon_core.shell:Skip shell extension 'dsv' for command environment
[1.259s] DEBUG:colcon.colcon_core.event_handler.log_command:Invoking command in '/Users/ethandsouza/Documents/GitHub/COMP0246_Labs/build/franka_description': CMAKE_PREFIX_PATH=${CMAKE_PREFIX_PATH}:/Users/ethandsouza/Documents/GitHub/COMP0246_Labs/install/youbot_kinematics:/Users/ethandsouza/Documents/GitHub/COMP0246_Labs/install/youbot_description:/Users/ethandsouza/Documents/GitHub/COMP0246_Labs/install/transform_helpers:/Users/ethandsouza/miniforge3/envs/roboenv-py3.10 CONDA_PROMPT_MODIFIER=(roboenv-py3.10) SHLVL=2 _=/usr/bin/env /Users/ethandsouza/miniforge3/envs/roboenv-py3.10/bin/cmake --build /Users/ethandsouza/Documents/GitHub/COMP0246_Labs/build/franka_description -- -j8 -l8
[2.341s] INFO:colcon.colcon_core.task.python.build:Building Python package in '/Users/ethandsouza/Documents/GitHub/COMP0246_Labs/final_lab/youbot_description'
[2.342s] INFO:colcon.colcon_core.shell:Skip shell extension 'powershell' for command environment: Not usable outside of PowerShell
[2.342s] DEBUG:colcon.colcon_core.shell:Skip shell extension 'dsv' for command environment
[2.357s] DEBUG:colcon.colcon_core.event_handler.log_command:Invoked command in '/Users/ethandsouza/Documents/GitHub/COMP0246_Labs/build/franka_description' returned '0': CMAKE_PREFIX_PATH=${CMAKE_PREFIX_PATH}:/Users/ethandsouza/Documents/GitHub/COMP0246_Labs/install/youbot_kinematics:/Users/ethandsouza/Documents/GitHub/COMP0246_Labs/install/youbot_description:/Users/ethandsouza/Documents/GitHub/COMP0246_Labs/install/transform_helpers:/Users/ethandsouza/miniforge3/envs/roboenv-py3.10 CONDA_PROMPT_MODIFIER=(roboenv-py3.10) SHLVL=2 _=/usr/bin/env /Users/ethandsouza/miniforge3/envs/roboenv-py3.10/bin/cmake --build /Users/ethandsouza/Documents/GitHub/COMP0246_Labs/build/franka_description -- -j8 -l8
[2.400s] DEBUG:colcon.colcon_core.event_handler.log_command:Invoking command in '/Users/ethandsouza/Documents/GitHub/COMP0246_Labs/build/franka_description': CMAKE_PREFIX_PATH=${CMAKE_PREFIX_PATH}:/Users/ethandsouza/Documents/GitHub/COMP0246_Labs/install/youbot_kinematics:/Users/ethandsouza/Documents/GitHub/COMP0246_Labs/install/youbot_description:/Users/ethandsouza/Documents/GitHub/COMP0246_Labs/install/transform_helpers:/Users/ethandsouza/miniforge3/envs/roboenv-py3.10 CONDA_PROMPT_MODIFIER=(roboenv-py3.10) SHLVL=2 _=/usr/bin/env /Users/ethandsouza/miniforge3/envs/roboenv-py3.10/bin/cmake --install /Users/ethandsouza/Documents/GitHub/COMP0246_Labs/build/franka_description
[2.461s] Level 1:colcon.colcon_core.environment:create_environment_scripts_only(franka_description)
[2.480s] Level 1:colcon.colcon_core.environment:checking '/Users/ethandsouza/Documents/GitHub/COMP0246_Labs/install/franka_description' for CMake module files
[2.483s] DEBUG:colcon.colcon_core.event_handler.log_command:Invoked command in '/Users/ethandsouza/Documents/GitHub/COMP0246_Labs/build/franka_description' returned '0': CMAKE_PREFIX_PATH=${CMAKE_PREFIX_PATH}:/Users/ethandsouza/Documents/GitHub/COMP0246_Labs/install/youbot_kinematics:/Users/ethandsouza/Documents/GitHub/COMP0246_Labs/install/youbot_description:/Users/ethandsouza/Documents/GitHub/COMP0246_Labs/install/transform_helpers:/Users/ethandsouza/miniforge3/envs/roboenv-py3.10 CONDA_PROMPT_MODIFIER=(roboenv-py3.10) SHLVL=2 _=/usr/bin/env /Users/ethandsouza/miniforge3/envs/roboenv-py3.10/bin/cmake --install /Users/ethandsouza/Documents/GitHub/COMP0246_Labs/build/franka_description
[2.484s] Level 1:colcon.colcon_core.environment:checking '/Users/ethandsouza/Documents/GitHub/COMP0246_Labs/install/franka_description' for CMake config files
[2.486s] Level 1:colcon.colcon_core.shell:create_environment_hook('franka_description', 'cmake_prefix_path')
[2.486s] INFO:colcon.colcon_core.shell:Creating environment hook '/Users/ethandsouza/Documents/GitHub/COMP0246_Labs/install/franka_description/share/franka_description/hook/cmake_prefix_path.ps1'
[2.488s] INFO:colcon.colcon_core.shell:Creating environment descriptor '/Users/ethandsouza/Documents/GitHub/COMP0246_Labs/install/franka_description/share/franka_description/hook/cmake_prefix_path.dsv'
[2.489s] INFO:colcon.colcon_core.shell:Creating environment hook '/Users/ethandsouza/Documents/GitHub/COMP0246_Labs/install/franka_description/share/franka_description/hook/cmake_prefix_path.sh'
[2.490s] Level 1:colcon.colcon_core.environment:checking '/Users/ethandsouza/Documents/GitHub/COMP0246_Labs/install/franka_description/lib'
[2.491s] Level 1:colcon.colcon_core.environment:checking '/Users/ethandsouza/Documents/GitHub/COMP0246_Labs/install/franka_description/bin'
[2.491s] Level 1:colcon.colcon_core.environment:checking '/Users/ethandsouza/Documents/GitHub/COMP0246_Labs/install/franka_description/lib/pkgconfig/franka_description.pc'
[2.492s] Level 1:colcon.colcon_core.environment:checking '/Users/ethandsouza/Documents/GitHub/COMP0246_Labs/install/franka_description/lib/python3.10/site-packages'
[2.493s] Level 1:colcon.colcon_core.environment:checking '/Users/ethandsouza/Documents/GitHub/COMP0246_Labs/install/franka_description/bin'
[2.494s] INFO:colcon.colcon_core.shell:Creating package script '/Users/ethandsouza/Documents/GitHub/COMP0246_Labs/install/franka_description/share/franka_description/package.ps1'
[2.495s] INFO:colcon.colcon_core.shell:Creating package descriptor '/Users/ethandsouza/Documents/GitHub/COMP0246_Labs/install/franka_description/share/franka_description/package.dsv'
[2.497s] INFO:colcon.colcon_core.shell:Creating package script '/Users/ethandsouza/Documents/GitHub/COMP0246_Labs/install/franka_description/share/franka_description/package.sh'
[2.500s] INFO:colcon.colcon_core.shell:Creating package script '/Users/ethandsouza/Documents/GitHub/COMP0246_Labs/install/franka_description/share/franka_description/package.bash'
[2.502s] INFO:colcon.colcon_core.shell:Creating package script '/Users/ethandsouza/Documents/GitHub/COMP0246_Labs/install/franka_description/share/franka_description/package.zsh'
[2.504s] Level 1:colcon.colcon_core.environment:create_file_with_runtime_dependencies(/Users/ethandsouza/Documents/GitHub/COMP0246_Labs/install/franka_description/share/colcon-core/packages/franka_description)
[2.505s] Level 1:colcon.colcon_core.environment:create_environment_scripts_only(franka_description)
[2.505s] Level 1:colcon.colcon_core.environment:checking '/Users/ethandsouza/Documents/GitHub/COMP0246_Labs/install/franka_description' for CMake module files
[2.506s] Level 1:colcon.colcon_core.environment:checking '/Users/ethandsouza/Documents/GitHub/COMP0246_Labs/install/franka_description' for CMake config files
[2.507s] Level 1:colcon.colcon_core.shell:create_environment_hook('franka_description', 'cmake_prefix_path')
[2.507s] INFO:colcon.colcon_core.shell:Creating environment hook '/Users/ethandsouza/Documents/GitHub/COMP0246_Labs/install/franka_description/share/franka_description/hook/cmake_prefix_path.ps1'
[2.508s] INFO:colcon.colcon_core.shell:Creating environment descriptor '/Users/ethandsouza/Documents/GitHub/COMP0246_Labs/install/franka_description/share/franka_description/hook/cmake_prefix_path.dsv'
[2.508s] INFO:colcon.colcon_core.shell:Creating environment hook '/Users/ethandsouza/Documents/GitHub/COMP0246_Labs/install/franka_description/share/franka_description/hook/cmake_prefix_path.sh'
[2.509s] Level 1:colcon.colcon_core.environment:checking '/Users/ethandsouza/Documents/GitHub/COMP0246_Labs/install/franka_description/lib'
[2.509s] Level 1:colcon.colcon_core.environment:checking '/Users/ethandsouza/Documents/GitHub/COMP0246_Labs/install/franka_description/bin'
[2.510s] Level 1:colcon.colcon_core.environment:checking '/Users/ethandsouza/Documents/GitHub/COMP0246_Labs/install/franka_description/lib/pkgconfig/franka_description.pc'
[2.510s] Level 1:colcon.colcon_core.environment:checking '/Users/ethandsouza/Documents/GitHub/COMP0246_Labs/install/franka_description/lib/python3.10/site-packages'
[2.510s] Level 1:colcon.colcon_core.environment:checking '/Users/ethandsouza/Documents/GitHub/COMP0246_Labs/install/franka_description/bin'
[2.511s] INFO:colcon.colcon_core.shell:Creating package script '/Users/ethandsouza/Documents/GitHub/COMP0246_Labs/install/franka_description/share/franka_description/package.ps1'
[2.512s] INFO:colcon.colcon_core.shell:Creating package descriptor '/Users/ethandsouza/Documents/GitHub/COMP0246_Labs/install/franka_description/share/franka_description/package.dsv'
[2.512s] INFO:colcon.colcon_core.shell:Creating package script '/Users/ethandsouza/Documents/GitHub/COMP0246_Labs/install/franka_description/share/franka_description/package.sh'
[2.513s] INFO:colcon.colcon_core.shell:Creating package script '/Users/ethandsouza/Documents/GitHub/COMP0246_Labs/install/franka_description/share/franka_description/package.bash'
[2.514s] INFO:colcon.colcon_core.shell:Creating package script '/Users/ethandsouza/Documents/GitHub/COMP0246_Labs/install/franka_description/share/franka_description/package.zsh'
[2.515s] Level 1:colcon.colcon_core.environment:create_file_with_runtime_dependencies(/Users/ethandsouza/Documents/GitHub/COMP0246_Labs/install/franka_description/share/colcon-core/packages/franka_description)
[2.516s] INFO:colcon.colcon_ros.task.ament_python.build:Building ROS package in '/Users/ethandsouza/Documents/GitHub/COMP0246_Labs/lab1submission/transform_helpers' with build type 'ament_python'
[2.516s] Level 1:colcon.colcon_core.shell:create_environment_hook('transform_helpers', 'ament_prefix_path')
[2.516s] INFO:colcon.colcon_core.shell:Creating environment hook '/Users/ethandsouza/Documents/GitHub/COMP0246_Labs/install/transform_helpers/share/transform_helpers/hook/ament_prefix_path.ps1'
[2.518s] INFO:colcon.colcon_core.shell:Creating environment descriptor '/Users/ethandsouza/Documents/GitHub/COMP0246_Labs/install/transform_helpers/share/transform_helpers/hook/ament_prefix_path.dsv'
[2.519s] INFO:colcon.colcon_core.shell:Creating environment hook '/Users/ethandsouza/Documents/GitHub/COMP0246_Labs/install/transform_helpers/share/transform_helpers/hook/ament_prefix_path.sh'
[2.521s] INFO:colcon.colcon_core.shell:Skip shell extension 'powershell' for command environment: Not usable outside of PowerShell
[2.521s] DEBUG:colcon.colcon_core.shell:Skip shell extension 'dsv' for command environment
[3.725s] INFO:colcon.colcon_core.task.python.build:Building Python package in '/Users/ethandsouza/Documents/GitHub/COMP0246_Labs/lab1submission/transform_helpers'
[3.726s] INFO:colcon.colcon_core.shell:Skip shell extension 'powershell' for command environment: Not usable outside of PowerShell
[3.726s] DEBUG:colcon.colcon_core.shell:Skip shell extension 'dsv' for command environment
[4.116s] DEBUG:colcon.colcon_core.event_handler.log_command:Invoking command in '/Users/ethandsouza/Documents/GitHub/COMP0246_Labs/final_lab/youbot_description': CONDA_PROMPT_MODIFIER=(roboenv-py3.10) PYTHONPATH=/Users/ethandsouza/Documents/GitHub/COMP0246_Labs/build/youbot_description/prefix_override:/Users/ethandsouza/miniforge3/envs/roboenv-py3.10/lib/python3.10/site-packages/colcon_core/task/python/colcon_distutils_commands:/Users/ethandsouza/Documents/GitHub/COMP0246_Labs/install/youbot_description/lib/python3.10/site-packages:${PYTHONPATH} SHLVL=2 _=/usr/bin/env /Users/ethandsouza/miniforge3/envs/roboenv-py3.10/bin/python3.10 -W ignore:setup.py install is deprecated -W ignore:easy_install command is deprecated setup.py egg_info --egg-base ../../build/youbot_description build --build-base /Users/ethandsouza/Documents/GitHub/COMP0246_Labs/build/youbot_description/build install --record /Users/ethandsouza/Documents/GitHub/COMP0246_Labs/build/youbot_description/install.log --single-version-externally-managed install_data
[5.762s] DEBUG:colcon.colcon_core.event_handler.log_command:Invoking command in '/Users/ethandsouza/Documents/GitHub/COMP0246_Labs/lab1submission/transform_helpers': CONDA_PROMPT_MODIFIER=(roboenv-py3.10) PYTHONPATH=/Users/ethandsouza/Documents/GitHub/COMP0246_Labs/build/transform_helpers/prefix_override:/Users/ethandsouza/miniforge3/envs/roboenv-py3.10/lib/python3.10/site-packages/colcon_core/task/python/colcon_distutils_commands:/Users/ethandsouza/Documents/GitHub/COMP0246_Labs/install/transform_helpers/lib/python3.10/site-packages:${PYTHONPATH} SHLVL=2 _=/usr/bin/env /Users/ethandsouza/miniforge3/envs/roboenv-py3.10/bin/python3.10 -W ignore:setup.py install is deprecated -W ignore:easy_install command is deprecated setup.py egg_info --egg-base ../../build/transform_helpers build --build-base /Users/ethandsouza/Documents/GitHub/COMP0246_Labs/build/transform_helpers/build install --record /Users/ethandsouza/Documents/GitHub/COMP0246_Labs/build/transform_helpers/install.log --single-version-externally-managed install_data
[7.101s] Level 1:colcon.colcon_core.environment:checking '/Users/ethandsouza/Documents/GitHub/COMP0246_Labs/install/youbot_description' for CMake module files
[7.102s] DEBUG:colcon.colcon_core.event_handler.log_command:Invoked command in '/Users/ethandsouza/Documents/GitHub/COMP0246_Labs/final_lab/youbot_description' returned '0': CONDA_PROMPT_MODIFIER=(roboenv-py3.10) PYTHONPATH=/Users/ethandsouza/Documents/GitHub/COMP0246_Labs/build/youbot_description/prefix_override:/Users/ethandsouza/miniforge3/envs/roboenv-py3.10/lib/python3.10/site-packages/colcon_core/task/python/colcon_distutils_commands:/Users/ethandsouza/Documents/GitHub/COMP0246_Labs/install/youbot_description/lib/python3.10/site-packages:${PYTHONPATH} SHLVL=2 _=/usr/bin/env /Users/ethandsouza/miniforge3/envs/roboenv-py3.10/bin/python3.10 -W ignore:setup.py install is deprecated -W ignore:easy_install command is deprecated setup.py egg_info --egg-base ../../build/youbot_description build --build-base /Users/ethandsouza/Documents/GitHub/COMP0246_Labs/build/youbot_description/build install --record /Users/ethandsouza/Documents/GitHub/COMP0246_Labs/build/youbot_description/install.log --single-version-externally-managed install_data
[7.102s] Level 1:colcon.colcon_core.environment:checking '/Users/ethandsouza/Documents/GitHub/COMP0246_Labs/install/youbot_description' for CMake config files
[7.105s] Level 1:colcon.colcon_core.environment:checking '/Users/ethandsouza/Documents/GitHub/COMP0246_Labs/install/youbot_description/lib'
[7.105s] Level 1:colcon.colcon_core.environment:checking '/Users/ethandsouza/Documents/GitHub/COMP0246_Labs/install/youbot_description/bin'
[7.105s] Level 1:colcon.colcon_core.environment:checking '/Users/ethandsouza/Documents/GitHub/COMP0246_Labs/install/youbot_description/lib/pkgconfig/youbot_description.pc'
[7.105s] Level 1:colcon.colcon_core.environment:checking '/Users/ethandsouza/Documents/GitHub/COMP0246_Labs/install/youbot_description/lib/python3.10/site-packages'
[7.106s] Level 1:colcon.colcon_core.shell:create_environment_hook('youbot_description', 'pythonpath')
[7.106s] INFO:colcon.colcon_core.shell:Creating environment hook '/Users/ethandsouza/Documents/GitHub/COMP0246_Labs/install/youbot_description/share/youbot_description/hook/pythonpath.ps1'
[7.107s] INFO:colcon.colcon_core.shell:Creating environment descriptor '/Users/ethandsouza/Documents/GitHub/COMP0246_Labs/install/youbot_description/share/youbot_description/hook/pythonpath.dsv'
[7.107s] INFO:colcon.colcon_core.shell:Creating environment hook '/Users/ethandsouza/Documents/GitHub/COMP0246_Labs/install/youbot_description/share/youbot_description/hook/pythonpath.sh'
[7.108s] Level 1:colcon.colcon_core.environment:checking '/Users/ethandsouza/Documents/GitHub/COMP0246_Labs/install/youbot_description/bin'
[7.108s] Level 1:colcon.colcon_core.environment:create_environment_scripts_only(youbot_description)
[7.109s] INFO:colcon.colcon_core.shell:Creating package script '/Users/ethandsouza/Documents/GitHub/COMP0246_Labs/install/youbot_description/share/youbot_description/package.ps1'
[7.110s] INFO:colcon.colcon_core.shell:Creating package descriptor '/Users/ethandsouza/Documents/GitHub/COMP0246_Labs/install/youbot_description/share/youbot_description/package.dsv'
[7.110s] INFO:colcon.colcon_core.shell:Creating package script '/Users/ethandsouza/Documents/GitHub/COMP0246_Labs/install/youbot_description/share/youbot_description/package.sh'
[7.111s] INFO:colcon.colcon_core.shell:Creating package script '/Users/ethandsouza/Documents/GitHub/COMP0246_Labs/install/youbot_description/share/youbot_description/package.bash'
[7.112s] INFO:colcon.colcon_core.shell:Creating package script '/Users/ethandsouza/Documents/GitHub/COMP0246_Labs/install/youbot_description/share/youbot_description/package.zsh'
[7.112s] Level 1:colcon.colcon_core.environment:create_file_with_runtime_dependencies(/Users/ethandsouza/Documents/GitHub/COMP0246_Labs/install/youbot_description/share/colcon-core/packages/youbot_description)
[8.109s] Level 1:colcon.colcon_core.environment:checking '/Users/ethandsouza/Documents/GitHub/COMP0246_Labs/install/transform_helpers' for CMake module files
[8.110s] DEBUG:colcon.colcon_core.event_handler.log_command:Invoked command in '/Users/ethandsouza/Documents/GitHub/COMP0246_Labs/lab1submission/transform_helpers' returned '0': CONDA_PROMPT_MODIFIER=(roboenv-py3.10) PYTHONPATH=/Users/ethandsouza/Documents/GitHub/COMP0246_Labs/build/transform_helpers/prefix_override:/Users/ethandsouza/miniforge3/envs/roboenv-py3.10/lib/python3.10/site-packages/colcon_core/task/python/colcon_distutils_commands:/Users/ethandsouza/Documents/GitHub/COMP0246_Labs/install/transform_helpers/lib/python3.10/site-packages:${PYTHONPATH} SHLVL=2 _=/usr/bin/env /Users/ethandsouza/miniforge3/envs/roboenv-py3.10/bin/python3.10 -W ignore:setup.py install is deprecated -W ignore:easy_install command is deprecated setup.py egg_info --egg-base ../../build/transform_helpers build --build-base /Users/ethandsouza/Documents/GitHub/COMP0246_Labs/build/transform_helpers/build install --record /Users/ethandsouza/Documents/GitHub/COMP0246_Labs/build/transform_helpers/install.log --single-version-externally-managed install_data
[8.111s] Level 1:colcon.colcon_core.environment:checking '/Users/ethandsouza/Documents/GitHub/COMP0246_Labs/install/transform_helpers' for CMake config files
[8.113s] Level 1:colcon.colcon_core.environment:checking '/Users/ethandsouza/Documents/GitHub/COMP0246_Labs/install/transform_helpers/lib'
[8.113s] Level 1:colcon.colcon_core.environment:checking '/Users/ethandsouza/Documents/GitHub/COMP0246_Labs/install/transform_helpers/bin'
[8.113s] Level 1:colcon.colcon_core.environment:checking '/Users/ethandsouza/Documents/GitHub/COMP0246_Labs/install/transform_helpers/lib/pkgconfig/transform_helpers.pc'
[8.114s] Level 1:colcon.colcon_core.environment:checking '/Users/ethandsouza/Documents/GitHub/COMP0246_Labs/install/transform_helpers/lib/python3.10/site-packages'
[8.114s] Level 1:colcon.colcon_core.shell:create_environment_hook('transform_helpers', 'pythonpath')
[8.114s] INFO:colcon.colcon_core.shell:Creating environment hook '/Users/ethandsouza/Documents/GitHub/COMP0246_Labs/install/transform_helpers/share/transform_helpers/hook/pythonpath.ps1'
[8.115s] INFO:colcon.colcon_core.shell:Creating environment descriptor '/Users/ethandsouza/Documents/GitHub/COMP0246_Labs/install/transform_helpers/share/transform_helpers/hook/pythonpath.dsv'
[8.115s] INFO:colcon.colcon_core.shell:Creating environment hook '/Users/ethandsouza/Documents/GitHub/COMP0246_Labs/install/transform_helpers/share/transform_helpers/hook/pythonpath.sh'
[8.116s] Level 1:colcon.colcon_core.environment:checking '/Users/ethandsouza/Documents/GitHub/COMP0246_Labs/install/transform_helpers/bin'
[8.116s] Level 1:colcon.colcon_core.environment:create_environment_scripts_only(transform_helpers)
[8.117s] INFO:colcon.colcon_core.shell:Creating package script '/Users/ethandsouza/Documents/GitHub/COMP0246_Labs/install/transform_helpers/share/transform_helpers/package.ps1'
[8.117s] INFO:colcon.colcon_core.shell:Creating package descriptor '/Users/ethandsouza/Documents/GitHub/COMP0246_Labs/install/transform_helpers/share/transform_helpers/package.dsv'
[8.118s] INFO:colcon.colcon_core.shell:Creating package script '/Users/ethandsouza/Documents/GitHub/COMP0246_Labs/install/transform_helpers/share/transform_helpers/package.sh'
[8.119s] INFO:colcon.colcon_core.shell:Creating package script '/Users/ethandsouza/Documents/GitHub/COMP0246_Labs/install/transform_helpers/share/transform_helpers/package.bash'
[8.119s] INFO:colcon.colcon_core.shell:Creating package script '/Users/ethandsouza/Documents/GitHub/COMP0246_Labs/install/transform_helpers/share/transform_helpers/package.zsh'
[8.120s] Level 1:colcon.colcon_core.environment:create_file_with_runtime_dependencies(/Users/ethandsouza/Documents/GitHub/COMP0246_Labs/install/transform_helpers/share/colcon-core/packages/transform_helpers)
[8.121s] INFO:colcon.colcon_ros.task.ament_python.build:Building ROS package in '/Users/ethandsouza/Documents/GitHub/COMP0246_Labs/final_lab/youbot_kinematics' with build type 'ament_python'
[8.121s] Level 1:colcon.colcon_core.shell:create_environment_hook('youbot_kinematics', 'ament_prefix_path')
[8.121s] INFO:colcon.colcon_core.shell:Creating environment hook '/Users/ethandsouza/Documents/GitHub/COMP0246_Labs/install/youbot_kinematics/share/youbot_kinematics/hook/ament_prefix_path.ps1'
[8.122s] INFO:colcon.colcon_core.shell:Creating environment descriptor '/Users/ethandsouza/Documents/GitHub/COMP0246_Labs/install/youbot_kinematics/share/youbot_kinematics/hook/ament_prefix_path.dsv'
[8.123s] INFO:colcon.colcon_core.shell:Creating environment hook '/Users/ethandsouza/Documents/GitHub/COMP0246_Labs/install/youbot_kinematics/share/youbot_kinematics/hook/ament_prefix_path.sh'
[8.124s] INFO:colcon.colcon_core.shell:Skip shell extension 'powershell' for command environment: Not usable outside of PowerShell
[8.124s] DEBUG:colcon.colcon_core.shell:Skip shell extension 'dsv' for command environment
[9.315s] INFO:colcon.colcon_core.task.python.build:Building Python package in '/Users/ethandsouza/Documents/GitHub/COMP0246_Labs/final_lab/youbot_kinematics'
[9.316s] INFO:colcon.colcon_core.shell:Skip shell extension 'powershell' for command environment: Not usable outside of PowerShell
[9.316s] DEBUG:colcon.colcon_core.shell:Skip shell extension 'dsv' for command environment
[11.108s] DEBUG:colcon.colcon_core.event_handler.log_command:Invoking command in '/Users/ethandsouza/Documents/GitHub/COMP0246_Labs/final_lab/youbot_kinematics': AMENT_PREFIX_PATH=/Users/ethandsouza/Documents/GitHub/COMP0246_Labs/install/transform_helpers:/Users/ethandsouza/Documents/GitHub/COMP0246_Labs/install/youbot_description:/Users/ethandsouza/Documents/GitHub/COMP0246_Labs/install/youbot_kinematics:/Users/ethandsouza/Documents/GitHub/COMP0246_Labs/install/franka_description:/Users/ethandsouza/miniforge3/envs/roboenv-py3.10 CONDA_PROMPT_MODIFIER=(roboenv-py3.10) PYTHONPATH=/Users/ethandsouza/Documents/GitHub/COMP0246_Labs/build/youbot_kinematics/prefix_override:/Users/ethandsouza/miniforge3/envs/roboenv-py3.10/lib/python3.10/site-packages/colcon_core/task/python/colcon_distutils_commands:/Users/ethandsouza/Documents/GitHub/COMP0246_Labs/install/youbot_kinematics/lib/python3.10/site-packages:/Users/ethandsouza/Documents/GitHub/COMP0246_Labs/install/transform_helpers/lib/python3.10/site-packages:/Users/ethandsouza/Documents/GitHub/COMP0246_Labs/install/youbot_description/lib/python3.10/site-packages:/Users/ethandsouza/Documents/GitHub/COMP0246_Labs/install/youbot_kinematics/lib/python3.10/site-packages:/Users/ethandsouza/miniforge3/envs/roboenv-py3.10/lib/python310/site-packages:/Users/ethandsouza/miniforge3/envs/roboenv-py3.10/lib/python3.10/site-packages SHLVL=2 _=/usr/bin/env /Users/ethandsouza/miniforge3/envs/roboenv-py3.10/bin/python3.10 -W ignore:setup.py install is deprecated -W ignore:easy_install command is deprecated setup.py egg_info --egg-base ../../build/youbot_kinematics build --build-base /Users/ethandsouza/Documents/GitHub/COMP0246_Labs/build/youbot_kinematics/build install --record /Users/ethandsouza/Documents/GitHub/COMP0246_Labs/build/youbot_kinematics/install.log --single-version-externally-managed install_data
[13.462s] Level 1:colcon.colcon_core.environment:checking '/Users/ethandsouza/Documents/GitHub/COMP0246_Labs/install/youbot_kinematics' for CMake module files
[13.462s] DEBUG:colcon.colcon_core.event_handler.log_command:Invoked command in '/Users/ethandsouza/Documents/GitHub/COMP0246_Labs/final_lab/youbot_kinematics' returned '0': AMENT_PREFIX_PATH=/Users/ethandsouza/Documents/GitHub/COMP0246_Labs/install/transform_helpers:/Users/ethandsouza/Documents/GitHub/COMP0246_Labs/install/youbot_description:/Users/ethandsouza/Documents/GitHub/COMP0246_Labs/install/youbot_kinematics:/Users/ethandsouza/Documents/GitHub/COMP0246_Labs/install/franka_description:/Users/ethandsouza/miniforge3/envs/roboenv-py3.10 CONDA_PROMPT_MODIFIER=(roboenv-py3.10) PYTHONPATH=/Users/ethandsouza/Documents/GitHub/COMP0246_Labs/build/youbot_kinematics/prefix_override:/Users/ethandsouza/miniforge3/envs/roboenv-py3.10/lib/python3.10/site-packages/colcon_core/task/python/colcon_distutils_commands:/Users/ethandsouza/Documents/GitHub/COMP0246_Labs/install/youbot_kinematics/lib/python3.10/site-packages:/Users/ethandsouza/Documents/GitHub/COMP0246_Labs/install/transform_helpers/lib/python3.10/site-packages:/Users/ethandsouza/Documents/GitHub/COMP0246_Labs/install/youbot_description/lib/python3.10/site-packages:/Users/ethandsouza/Documents/GitHub/COMP0246_Labs/install/youbot_kinematics/lib/python3.10/site-packages:/Users/ethandsouza/miniforge3/envs/roboenv-py3.10/lib/python310/site-packages:/Users/ethandsouza/miniforge3/envs/roboenv-py3.10/lib/python3.10/site-packages SHLVL=2 _=/usr/bin/env /Users/ethandsouza/miniforge3/envs/roboenv-py3.10/bin/python3.10 -W ignore:setup.py install is deprecated -W ignore:easy_install command is deprecated setup.py egg_info --egg-base ../../build/youbot_kinematics build --build-base /Users/ethandsouza/Documents/GitHub/COMP0246_Labs/build/youbot_kinematics/build install --record /Users/ethandsouza/Documents/GitHub/COMP0246_Labs/build/youbot_kinematics/install.log --single-version-externally-managed install_data
[13.463s] Level 1:colcon.colcon_core.environment:checking '/Users/ethandsouza/Documents/GitHub/COMP0246_Labs/install/youbot_kinematics' for CMake config files
[13.465s] Level 1:colcon.colcon_core.environment:checking '/Users/ethandsouza/Documents/GitHub/COMP0246_Labs/install/youbot_kinematics/lib'
[13.465s] Level 1:colcon.colcon_core.environment:checking '/Users/ethandsouza/Documents/GitHub/COMP0246_Labs/install/youbot_kinematics/bin'
[13.465s] Level 1:colcon.colcon_core.environment:checking '/Users/ethandsouza/Documents/GitHub/COMP0246_Labs/install/youbot_kinematics/lib/pkgconfig/youbot_kinematics.pc'
[13.465s] Level 1:colcon.colcon_core.environment:checking '/Users/ethandsouza/Documents/GitHub/COMP0246_Labs/install/youbot_kinematics/lib/python3.10/site-packages'
[13.465s] Level 1:colcon.colcon_core.shell:create_environment_hook('youbot_kinematics', 'pythonpath')
[13.466s] INFO:colcon.colcon_core.shell:Creating environment hook '/Users/ethandsouza/Documents/GitHub/COMP0246_Labs/install/youbot_kinematics/share/youbot_kinematics/hook/pythonpath.ps1'
[13.467s] INFO:colcon.colcon_core.shell:Creating environment descriptor '/Users/ethandsouza/Documents/GitHub/COMP0246_Labs/install/youbot_kinematics/share/youbot_kinematics/hook/pythonpath.dsv'
[13.467s] INFO:colcon.colcon_core.shell:Creating environment hook '/Users/ethandsouza/Documents/GitHub/COMP0246_Labs/install/youbot_kinematics/share/youbot_kinematics/hook/pythonpath.sh'
[13.468s] Level 1:colcon.colcon_core.environment:checking '/Users/ethandsouza/Documents/GitHub/COMP0246_Labs/install/youbot_kinematics/bin'
[13.468s] Level 1:colcon.colcon_core.environment:create_environment_scripts_only(youbot_kinematics)
[13.468s] INFO:colcon.colcon_core.shell:Creating package script '/Users/ethandsouza/Documents/GitHub/COMP0246_Labs/install/youbot_kinematics/share/youbot_kinematics/package.ps1'
[13.469s] INFO:colcon.colcon_core.shell:Creating package descriptor '/Users/ethandsouza/Documents/GitHub/COMP0246_Labs/install/youbot_kinematics/share/youbot_kinematics/package.dsv'
[13.470s] INFO:colcon.colcon_core.shell:Creating package script '/Users/ethandsouza/Documents/GitHub/COMP0246_Labs/install/youbot_kinematics/share/youbot_kinematics/package.sh'
[13.470s] INFO:colcon.colcon_core.shell:Creating package script '/Users/ethandsouza/Documents/GitHub/COMP0246_Labs/install/youbot_kinematics/share/youbot_kinematics/package.bash'
[13.471s] INFO:colcon.colcon_core.shell:Creating package script '/Users/ethandsouza/Documents/GitHub/COMP0246_Labs/install/youbot_kinematics/share/youbot_kinematics/package.zsh'
[13.472s] Level 1:colcon.colcon_core.environment:create_file_with_runtime_dependencies(/Users/ethandsouza/Documents/GitHub/COMP0246_Labs/install/youbot_kinematics/share/colcon-core/packages/youbot_kinematics)
[13.473s] DEBUG:colcon.colcon_parallel_executor.executor.parallel:closing loop
[13.473s] DEBUG:colcon.colcon_parallel_executor.executor.parallel:loop closed
[13.474s] DEBUG:colcon.colcon_parallel_executor.executor.parallel:run_until_complete finished with '0'
[13.474s] DEBUG:colcon.colcon_core.event_reactor:joining thread
[13.482s] INFO:colcon.colcon_core.plugin_system:Skipping extension 'colcon_notification.desktop_notification.notify2': 'notify2' not found
[13.484s] INFO:colcon.colcon_core.plugin_system:Skipping extension 'colcon_notification.desktop_notification.notify_send': Not used on non-Linux systems
[13.484s] INFO:colcon.colcon_core.plugin_system:Skipping extension 'colcon_notification.desktop_notification.win32': Not used on non-Windows systems
[13.485s] INFO:colcon.colcon_notification.desktop_notification:Sending desktop notification using 'terminal_notifier'
[13.562s] DEBUG:colcon.colcon_core.event_reactor:joined thread
[13.563s] INFO:colcon.colcon_core.shell:Creating prefix script '/Users/ethandsouza/Documents/GitHub/COMP0246_Labs/install/local_setup.ps1'
[13.565s] INFO:colcon.colcon_core.shell:Creating prefix util module '/Users/ethandsouza/Documents/GitHub/COMP0246_Labs/install/_local_setup_util_ps1.py'
[13.568s] INFO:colcon.colcon_core.shell:Creating prefix chain script '/Users/ethandsouza/Documents/GitHub/COMP0246_Labs/install/setup.ps1'
[13.571s] INFO:colcon.colcon_core.shell:Creating prefix script '/Users/ethandsouza/Documents/GitHub/COMP0246_Labs/install/local_setup.sh'
[13.572s] INFO:colcon.colcon_core.shell:Creating prefix util module '/Users/ethandsouza/Documents/GitHub/COMP0246_Labs/install/_local_setup_util_sh.py'
[13.574s] INFO:colcon.colcon_core.shell:Creating prefix chain script '/Users/ethandsouza/Documents/GitHub/COMP0246_Labs/install/setup.sh'
[13.577s] INFO:colcon.colcon_core.shell:Creating prefix script '/Users/ethandsouza/Documents/GitHub/COMP0246_Labs/install/local_setup.bash'
[13.578s] INFO:colcon.colcon_core.shell:Creating prefix chain script '/Users/ethandsouza/Documents/GitHub/COMP0246_Labs/install/setup.bash'
[13.581s] INFO:colcon.colcon_core.shell:Creating prefix script '/Users/ethandsouza/Documents/GitHub/COMP0246_Labs/install/local_setup.zsh'
[13.583s] INFO:colcon.colcon_core.shell:Creating prefix chain script '/Users/ethandsouza/Documents/GitHub/COMP0246_Labs/install/setup.zsh'
