[0.056s] Invoking command in '/Users/ethandsouza/Documents/GitHub/COMP0246_Labs/build/franka_description': CMAKE_PREFIX_PATH=/Users/ethandsouza/miniforge3/envs/roboenv-py3.10 CONDA_PROMPT_MODIFIER=(roboenv-py3.10) SHLVL=2 _=/usr/bin/env /Users/ethandsouza/miniforge3/envs/roboenv-py3.10/bin/cmake --build /Users/ethandsouza/Documents/GitHub/COMP0246_Labs/build/franka_description -- -j8 -l8
[31.556s] Invoked command in '/Users/ethandsouza/Documents/GitHub/COMP0246_Labs/build/franka_description' returned '0': CMAKE_PREFIX_PATH=/Users/ethandsouza/miniforge3/envs/roboenv-py3.10 CONDA_PROMPT_MODIFIER=(roboenv-py3.10) SHLVL=2 _=/usr/bin/env /Users/ethandsouza/miniforge3/envs/roboenv-py3.10/bin/cmake --build /Users/ethandsouza/Documents/GitHub/COMP0246_Labs/build/franka_description -- -j8 -l8
[31.603s] Invoking command in '/Users/ethandsouza/Documents/GitHub/COMP0246_Labs/build/franka_description': CMAKE_PREFIX_PATH=/Users/ethandsouza/miniforge3/envs/roboenv-py3.10 CONDA_PROMPT_MODIFIER=(roboenv-py3.10) SHLVL=2 _=/usr/bin/env /Users/ethandsouza/miniforge3/envs/roboenv-py3.10/bin/cmake --install /Users/ethandsouza/Documents/GitHub/COMP0246_Labs/build/franka_description
[31.637s] -- Install configuration: ""
[31.638s] -- Up-to-date: /Users/ethandsouza/Documents/GitHub/COMP0246_Labs/install/franka_description/share/franka_description//launch
[31.639s] -- Up-to-date: /Users/ethandsouza/Documents/GitHub/COMP0246_Labs/install/franka_description/share/franka_description//launch/visualize_franka.launch.py
[31.640s] -- Up-to-date: /Users/ethandsouza/Documents/GitHub/COMP0246_Labs/install/franka_description/share/franka_description//robots
[31.641s] -- Up-to-date: /Users/ethandsouza/Documents/GitHub/COMP0246_Labs/install/franka_description/share/franka_description//robots/fp3
[31.641s] -- Up-to-date: /Users/ethandsouza/Documents/GitHub/COMP0246_Labs/install/franka_description/share/franka_description//robots/fp3/joint_limits.yaml
[31.642s] -- Up-to-date: /Users/ethandsouza/Documents/GitHub/COMP0246_Labs/install/franka_description/share/franka_description//robots/fp3/fp3.urdf.xacro
[31.643s] -- Up-to-date: /Users/ethandsouza/Documents/GitHub/COMP0246_Labs/install/franka_description/share/franka_description//robots/fp3/kinematics.yaml
[31.644s] -- Up-to-date: /Users/ethandsouza/Documents/GitHub/COMP0246_Labs/install/franka_description/share/franka_description//robots/fp3/dynamics.yaml
[31.645s] -- Up-to-date: /Users/ethandsouza/Documents/GitHub/COMP0246_Labs/install/franka_description/share/franka_description//robots/fp3/inertials.yaml
[31.645s] -- Up-to-date: /Users/ethandsouza/Documents/GitHub/COMP0246_Labs/install/franka_description/share/franka_description//robots/fr3
[31.646s] -- Up-to-date: /Users/ethandsouza/Documents/GitHub/COMP0246_Labs/install/franka_description/share/franka_description//robots/fr3/joint_limits.yaml
[31.647s] -- Up-to-date: /Users/ethandsouza/Documents/GitHub/COMP0246_Labs/install/franka_description/share/franka_description//robots/fr3/kinematics.yaml
[31.648s] -- Up-to-date: /Users/ethandsouza/Documents/GitHub/COMP0246_Labs/install/franka_description/share/franka_description//robots/fr3/dynamics.yaml
[31.648s] -- Up-to-date: /Users/ethandsouza/Documents/GitHub/COMP0246_Labs/install/franka_description/share/franka_description//robots/fr3/inertials.yaml
[31.649s] -- Up-to-date: /Users/ethandsouza/Documents/GitHub/COMP0246_Labs/install/franka_description/share/franka_description//robots/fr3/fr3.urdf.xacro
[31.650s] -- Up-to-date: /Users/ethandsouza/Documents/GitHub/COMP0246_Labs/install/franka_description/share/franka_description//robots/common
[31.651s] -- Up-to-date: /Users/ethandsouza/Documents/GitHub/COMP0246_Labs/install/franka_description/share/franka_description//robots/common/franka_arm.ros2_control.xacro
[31.652s] -- Up-to-date: /Users/ethandsouza/Documents/GitHub/COMP0246_Labs/install/franka_description/share/franka_description//robots/common/franka_robot.xacro
[31.653s] -- Up-to-date: /Users/ethandsouza/Documents/GitHub/COMP0246_Labs/install/franka_description/share/franka_description//robots/common/franka_arm.xacro
[31.653s] -- Up-to-date: /Users/ethandsouza/Documents/GitHub/COMP0246_Labs/install/franka_description/share/franka_description//robots/common/utils.xacro
[31.654s] -- Up-to-date: /Users/ethandsouza/Documents/GitHub/COMP0246_Labs/install/franka_description/share/franka_description//robots/fer
[31.654s] -- Up-to-date: /Users/ethandsouza/Documents/GitHub/COMP0246_Labs/install/franka_description/share/franka_description//robots/fer/joint_limits.yaml
[31.655s] -- Up-to-date: /Users/ethandsouza/Documents/GitHub/COMP0246_Labs/install/franka_description/share/franka_description//robots/fer/kinematics.yaml
[31.656s] -- Up-to-date: /Users/ethandsouza/Documents/GitHub/COMP0246_Labs/install/franka_description/share/franka_description//robots/fer/dynamics.yaml
[31.656s] -- Up-to-date: /Users/ethandsouza/Documents/GitHub/COMP0246_Labs/install/franka_description/share/franka_description//robots/fer/inertials.yaml
[31.658s] -- Up-to-date: /Users/ethandsouza/Documents/GitHub/COMP0246_Labs/install/franka_description/share/franka_description//robots/fer/fer.urdf.xacro
[31.658s] -- Up-to-date: /Users/ethandsouza/Documents/GitHub/COMP0246_Labs/install/franka_description/share/franka_description//end_effectors
[31.659s] -- Up-to-date: /Users/ethandsouza/Documents/GitHub/COMP0246_Labs/install/franka_description/share/franka_description//end_effectors/cobot_pump
[31.660s] -- Up-to-date: /Users/ethandsouza/Documents/GitHub/COMP0246_Labs/install/franka_description/share/franka_description//end_effectors/cobot_pump/cobot_pump.urdf.xacro
[31.661s] -- Up-to-date: /Users/ethandsouza/Documents/GitHub/COMP0246_Labs/install/franka_description/share/franka_description//end_effectors/cobot_pump/inertials.yaml
[31.663s] -- Up-to-date: /Users/ethandsouza/Documents/GitHub/COMP0246_Labs/install/franka_description/share/franka_description//end_effectors/cobot_pump/cobot_pump_arguments.xacro
[31.663s] -- Up-to-date: /Users/ethandsouza/Documents/GitHub/COMP0246_Labs/install/franka_description/share/franka_description//end_effectors/franka_hand
[31.664s] -- Up-to-date: /Users/ethandsouza/Documents/GitHub/COMP0246_Labs/install/franka_description/share/franka_description//end_effectors/franka_hand/franka_hand.urdf.xacro
[31.665s] -- Up-to-date: /Users/ethandsouza/Documents/GitHub/COMP0246_Labs/install/franka_description/share/franka_description//end_effectors/franka_hand/franka_hand_arguments.xacro
[31.665s] -- Up-to-date: /Users/ethandsouza/Documents/GitHub/COMP0246_Labs/install/franka_description/share/franka_description//end_effectors/franka_hand/inertials.yaml
[31.666s] -- Up-to-date: /Users/ethandsouza/Documents/GitHub/COMP0246_Labs/install/franka_description/share/franka_description//end_effectors/common
[31.667s] -- Up-to-date: /Users/ethandsouza/Documents/GitHub/COMP0246_Labs/install/franka_description/share/franka_description//end_effectors/common/ee_with_one_link.xacro
[31.667s] -- Up-to-date: /Users/ethandsouza/Documents/GitHub/COMP0246_Labs/install/franka_description/share/franka_description//end_effectors/common/franka_hand.xacro
[31.668s] -- Up-to-date: /Users/ethandsouza/Documents/GitHub/COMP0246_Labs/install/franka_description/share/franka_description//end_effectors/common/utils.xacro
[31.669s] -- Up-to-date: /Users/ethandsouza/Documents/GitHub/COMP0246_Labs/install/franka_description/share/franka_description//meshes
[31.670s] -- Up-to-date: /Users/ethandsouza/Documents/GitHub/COMP0246_Labs/install/franka_description/share/franka_description//meshes/robot_ee
[31.670s] -- Up-to-date: /Users/ethandsouza/Documents/GitHub/COMP0246_Labs/install/franka_description/share/franka_description//meshes/robot_ee/franka_hand_black
[31.671s] -- Up-to-date: /Users/ethandsouza/Documents/GitHub/COMP0246_Labs/install/franka_description/share/franka_description//meshes/robot_ee/franka_hand_black/visual
[31.672s] -- Up-to-date: /Users/ethandsouza/Documents/GitHub/COMP0246_Labs/install/franka_description/share/franka_description//meshes/robot_ee/franka_hand_black/visual/hand.dae
[31.672s] -- Up-to-date: /Users/ethandsouza/Documents/GitHub/COMP0246_Labs/install/franka_description/share/franka_description//meshes/robot_ee/franka_hand_black/visual/finger.dae
[31.673s] -- Up-to-date: /Users/ethandsouza/Documents/GitHub/COMP0246_Labs/install/franka_description/share/franka_description//meshes/robot_ee/franka_hand_black/collision
[31.673s] -- Up-to-date: /Users/ethandsouza/Documents/GitHub/COMP0246_Labs/install/franka_description/share/franka_description//meshes/robot_ee/franka_hand_black/collision/hand.stl
[31.674s] -- Up-to-date: /Users/ethandsouza/Documents/GitHub/COMP0246_Labs/install/franka_description/share/franka_description//meshes/robot_ee/cobot_pump
[31.674s] -- Up-to-date: /Users/ethandsouza/Documents/GitHub/COMP0246_Labs/install/franka_description/share/franka_description//meshes/robot_ee/cobot_pump/visual
[31.675s] -- Up-to-date: /Users/ethandsouza/Documents/GitHub/COMP0246_Labs/install/franka_description/share/franka_description//meshes/robot_ee/cobot_pump/visual/cobot_pump.dae
[31.676s] -- Up-to-date: /Users/ethandsouza/Documents/GitHub/COMP0246_Labs/install/franka_description/share/franka_description//meshes/robot_ee/cobot_pump/collision
[31.676s] -- Up-to-date: /Users/ethandsouza/Documents/GitHub/COMP0246_Labs/install/franka_description/share/franka_description//meshes/robot_ee/cobot_pump/collision/cobot_pump.stl
[31.677s] -- Up-to-date: /Users/ethandsouza/Documents/GitHub/COMP0246_Labs/install/franka_description/share/franka_description//meshes/robot_ee/franka_hand_white
[31.677s] -- Up-to-date: /Users/ethandsouza/Documents/GitHub/COMP0246_Labs/install/franka_description/share/franka_description//meshes/robot_ee/franka_hand_white/visual
[31.678s] -- Up-to-date: /Users/ethandsouza/Documents/GitHub/COMP0246_Labs/install/franka_description/share/franka_description//meshes/robot_ee/franka_hand_white/visual/hand.dae
[31.678s] -- Up-to-date: /Users/ethandsouza/Documents/GitHub/COMP0246_Labs/install/franka_description/share/franka_description//meshes/robot_ee/franka_hand_white/visual/finger.dae
[31.679s] -- Up-to-date: /Users/ethandsouza/Documents/GitHub/COMP0246_Labs/install/franka_description/share/franka_description//meshes/robot_ee/franka_hand_white/collision
[31.679s] -- Up-to-date: /Users/ethandsouza/Documents/GitHub/COMP0246_Labs/install/franka_description/share/franka_description//meshes/robot_ee/franka_hand_white/collision/hand.stl
[31.680s] -- Up-to-date: /Users/ethandsouza/Documents/GitHub/COMP0246_Labs/install/franka_description/share/franka_description//meshes/robot_arms
[31.680s] -- Up-to-date: /Users/ethandsouza/Documents/GitHub/COMP0246_Labs/install/franka_description/share/franka_description//meshes/robot_arms/fp3
[31.680s] -- Up-to-date: /Users/ethandsouza/Documents/GitHub/COMP0246_Labs/install/franka_description/share/franka_description//meshes/robot_arms/fp3/visual
[31.680s] -- Up-to-date: /Users/ethandsouza/Documents/GitHub/COMP0246_Labs/install/franka_description/share/franka_description//meshes/robot_arms/fp3/visual/link4.dae
[31.680s] -- Up-to-date: /Users/ethandsouza/Documents/GitHub/COMP0246_Labs/install/franka_description/share/franka_description//meshes/robot_arms/fp3/visual/link5.dae
[31.681s] -- Up-to-date: /Users/ethandsouza/Documents/GitHub/COMP0246_Labs/install/franka_description/share/franka_description//meshes/robot_arms/fp3/visual/link7.dae
[31.681s] -- Up-to-date: /Users/ethandsouza/Documents/GitHub/COMP0246_Labs/install/franka_description/share/franka_description//meshes/robot_arms/fp3/visual/link6.dae
[31.681s] -- Up-to-date: /Users/ethandsouza/Documents/GitHub/COMP0246_Labs/install/franka_description/share/franka_description//meshes/robot_arms/fp3/visual/link2.dae
[31.681s] -- Up-to-date: /Users/ethandsouza/Documents/GitHub/COMP0246_Labs/install/franka_description/share/franka_description//meshes/robot_arms/fp3/visual/link3.dae
[31.682s] -- Up-to-date: /Users/ethandsouza/Documents/GitHub/COMP0246_Labs/install/franka_description/share/franka_description//meshes/robot_arms/fp3/visual/link1.dae
[31.682s] -- Up-to-date: /Users/ethandsouza/Documents/GitHub/COMP0246_Labs/install/franka_description/share/franka_description//meshes/robot_arms/fp3/visual/link0.dae
[31.683s] -- Up-to-date: /Users/ethandsouza/Documents/GitHub/COMP0246_Labs/install/franka_description/share/franka_description//meshes/robot_arms/fp3/collision
[31.683s] -- Up-to-date: /Users/ethandsouza/Documents/GitHub/COMP0246_Labs/install/franka_description/share/franka_description//meshes/robot_arms/fp3/collision/link3.stl
[31.686s] -- Up-to-date: /Users/ethandsouza/Documents/GitHub/COMP0246_Labs/install/franka_description/share/franka_description//meshes/robot_arms/fp3/collision/link2.stl
[31.686s] -- Up-to-date: /Users/ethandsouza/Documents/GitHub/COMP0246_Labs/install/franka_description/share/franka_description//meshes/robot_arms/fp3/collision/link0.stl
[31.687s] -- Up-to-date: /Users/ethandsouza/Documents/GitHub/COMP0246_Labs/install/franka_description/share/franka_description//meshes/robot_arms/fp3/collision/link1.stl
[31.687s] -- Up-to-date: /Users/ethandsouza/Documents/GitHub/COMP0246_Labs/install/franka_description/share/franka_description//meshes/robot_arms/fp3/collision/link5.stl
[31.687s] -- Up-to-date: /Users/ethandsouza/Documents/GitHub/COMP0246_Labs/install/franka_description/share/franka_description//meshes/robot_arms/fp3/collision/link4.stl
[31.688s] -- Up-to-date: /Users/ethandsouza/Documents/GitHub/COMP0246_Labs/install/franka_description/share/franka_description//meshes/robot_arms/fp3/collision/link6.stl
[31.688s] -- Up-to-date: /Users/ethandsouza/Documents/GitHub/COMP0246_Labs/install/franka_description/share/franka_description//meshes/robot_arms/fp3/collision/link7.stl
[31.688s] -- Up-to-date: /Users/ethandsouza/Documents/GitHub/COMP0246_Labs/install/franka_description/share/franka_description//meshes/robot_arms/fr3
[31.689s] -- Up-to-date: /Users/ethandsouza/Documents/GitHub/COMP0246_Labs/install/franka_description/share/franka_description//meshes/robot_arms/fr3/visual
[31.689s] -- Up-to-date: /Users/ethandsouza/Documents/GitHub/COMP0246_Labs/install/franka_description/share/franka_description//meshes/robot_arms/fr3/visual/link4.dae
[31.689s] -- Up-to-date: /Users/ethandsouza/Documents/GitHub/COMP0246_Labs/install/franka_description/share/franka_description//meshes/robot_arms/fr3/visual/link5.dae
[31.690s] -- Up-to-date: /Users/ethandsouza/Documents/GitHub/COMP0246_Labs/install/franka_description/share/franka_description//meshes/robot_arms/fr3/visual/link7.dae
[31.690s] -- Up-to-date: /Users/ethandsouza/Documents/GitHub/COMP0246_Labs/install/franka_description/share/franka_description//meshes/robot_arms/fr3/visual/link6.dae
[31.691s] -- Up-to-date: /Users/ethandsouza/Documents/GitHub/COMP0246_Labs/install/franka_description/share/franka_description//meshes/robot_arms/fr3/visual/link2.dae
[31.691s] -- Up-to-date: /Users/ethandsouza/Documents/GitHub/COMP0246_Labs/install/franka_description/share/franka_description//meshes/robot_arms/fr3/visual/link3.dae
[31.691s] -- Up-to-date: /Users/ethandsouza/Documents/GitHub/COMP0246_Labs/install/franka_description/share/franka_description//meshes/robot_arms/fr3/visual/link1.dae
[31.692s] -- Up-to-date: /Users/ethandsouza/Documents/GitHub/COMP0246_Labs/install/franka_description/share/franka_description//meshes/robot_arms/fr3/visual/link0.dae
[31.692s] -- Up-to-date: /Users/ethandsouza/Documents/GitHub/COMP0246_Labs/install/franka_description/share/franka_description//meshes/robot_arms/fr3/collision
[31.693s] -- Up-to-date: /Users/ethandsouza/Documents/GitHub/COMP0246_Labs/install/franka_description/share/franka_description//meshes/robot_arms/fr3/collision/link3.stl
[31.693s] -- Up-to-date: /Users/ethandsouza/Documents/GitHub/COMP0246_Labs/install/franka_description/share/franka_description//meshes/robot_arms/fr3/collision/link2.stl
[31.694s] -- Up-to-date: /Users/ethandsouza/Documents/GitHub/COMP0246_Labs/install/franka_description/share/franka_description//meshes/robot_arms/fr3/collision/link0.stl
[31.695s] -- Up-to-date: /Users/ethandsouza/Documents/GitHub/COMP0246_Labs/install/franka_description/share/franka_description//meshes/robot_arms/fr3/collision/link1.stl
[31.695s] -- Up-to-date: /Users/ethandsouza/Documents/GitHub/COMP0246_Labs/install/franka_description/share/franka_description//meshes/robot_arms/fr3/collision/link5.stl
[31.696s] -- Up-to-date: /Users/ethandsouza/Documents/GitHub/COMP0246_Labs/install/franka_description/share/franka_description//meshes/robot_arms/fr3/collision/link4.stl
[31.696s] -- Up-to-date: /Users/ethandsouza/Documents/GitHub/COMP0246_Labs/install/franka_description/share/franka_description//meshes/robot_arms/fr3/collision/link6.stl
[31.696s] -- Up-to-date: /Users/ethandsouza/Documents/GitHub/COMP0246_Labs/install/franka_description/share/franka_description//meshes/robot_arms/fr3/collision/link7.stl
[31.697s] -- Up-to-date: /Users/ethandsouza/Documents/GitHub/COMP0246_Labs/install/franka_description/share/franka_description//meshes/robot_arms/fer
[31.699s] -- Up-to-date: /Users/ethandsouza/Documents/GitHub/COMP0246_Labs/install/franka_description/share/franka_description//meshes/robot_arms/fer/visual
[31.700s] -- Up-to-date: /Users/ethandsouza/Documents/GitHub/COMP0246_Labs/install/franka_description/share/franka_description//meshes/robot_arms/fer/visual/link4.dae
[31.700s] -- Up-to-date: /Users/ethandsouza/Documents/GitHub/COMP0246_Labs/install/franka_description/share/franka_description//meshes/robot_arms/fer/visual/link5.dae
[31.701s] -- Up-to-date: /Users/ethandsouza/Documents/GitHub/COMP0246_Labs/install/franka_description/share/franka_description//meshes/robot_arms/fer/visual/link7.dae
[31.701s] -- Up-to-date: /Users/ethandsouza/Documents/GitHub/COMP0246_Labs/install/franka_description/share/franka_description//meshes/robot_arms/fer/visual/link6.dae
[31.702s] -- Up-to-date: /Users/ethandsouza/Documents/GitHub/COMP0246_Labs/install/franka_description/share/franka_description//meshes/robot_arms/fer/visual/link2.dae
[31.702s] -- Up-to-date: /Users/ethandsouza/Documents/GitHub/COMP0246_Labs/install/franka_description/share/franka_description//meshes/robot_arms/fer/visual/link3.dae
[31.702s] -- Up-to-date: /Users/ethandsouza/Documents/GitHub/COMP0246_Labs/install/franka_description/share/franka_description//meshes/robot_arms/fer/visual/link1.dae
[31.703s] -- Up-to-date: /Users/ethandsouza/Documents/GitHub/COMP0246_Labs/install/franka_description/share/franka_description//meshes/robot_arms/fer/visual/link0.dae
[31.703s] -- Up-to-date: /Users/ethandsouza/Documents/GitHub/COMP0246_Labs/install/franka_description/share/franka_description//meshes/robot_arms/fer/visual/hand.dae
[31.703s] -- Up-to-date: /Users/ethandsouza/Documents/GitHub/COMP0246_Labs/install/franka_description/share/franka_description//meshes/robot_arms/fer/visual/finger.dae
[31.704s] -- Up-to-date: /Users/ethandsouza/Documents/GitHub/COMP0246_Labs/install/franka_description/share/franka_description//meshes/robot_arms/fer/collision
[31.704s] -- Up-to-date: /Users/ethandsouza/Documents/GitHub/COMP0246_Labs/install/franka_description/share/franka_description//meshes/robot_arms/fer/collision/hand.stl
[31.705s] -- Up-to-date: /Users/ethandsouza/Documents/GitHub/COMP0246_Labs/install/franka_description/share/franka_description//meshes/robot_arms/fer/collision/link3.stl
[31.705s] -- Up-to-date: /Users/ethandsouza/Documents/GitHub/COMP0246_Labs/install/franka_description/share/franka_description//meshes/robot_arms/fer/collision/link2.stl
[31.706s] -- Up-to-date: /Users/ethandsouza/Documents/GitHub/COMP0246_Labs/install/franka_description/share/franka_description//meshes/robot_arms/fer/collision/link0.stl
[31.708s] -- Up-to-date: /Users/ethandsouza/Documents/GitHub/COMP0246_Labs/install/franka_description/share/franka_description//meshes/robot_arms/fer/collision/link1.stl
[31.709s] -- Up-to-date: /Users/ethandsouza/Documents/GitHub/COMP0246_Labs/install/franka_description/share/franka_description//meshes/robot_arms/fer/collision/link5.stl
[31.710s] -- Up-to-date: /Users/ethandsouza/Documents/GitHub/COMP0246_Labs/install/franka_description/share/franka_description//meshes/robot_arms/fer/collision/link4.stl
[31.710s] -- Up-to-date: /Users/ethandsouza/Documents/GitHub/COMP0246_Labs/install/franka_description/share/franka_description//meshes/robot_arms/fer/collision/link6.stl
[31.711s] -- Up-to-date: /Users/ethandsouza/Documents/GitHub/COMP0246_Labs/install/franka_description/share/franka_description//meshes/robot_arms/fer/collision/link7.stl
[31.712s] -- Up-to-date: /Users/ethandsouza/Documents/GitHub/COMP0246_Labs/install/franka_description/share/franka_description//rviz
[31.712s] -- Up-to-date: /Users/ethandsouza/Documents/GitHub/COMP0246_Labs/install/franka_description/share/franka_description//rviz/visualize_franka.rviz
[31.713s] -- Up-to-date: /Users/ethandsouza/Documents/GitHub/COMP0246_Labs/install/franka_description/share/franka_description//urdfs
[31.713s] -- Up-to-date: /Users/ethandsouza/Documents/GitHub/COMP0246_Labs/install/franka_description/share/franka_description//urdfs/fr3.urdf
[31.714s] -- Up-to-date: /Users/ethandsouza/Documents/GitHub/COMP0246_Labs/install/franka_description/share/franka_description//urdfs/fr3_franka_hand.urdf
[31.715s] -- Up-to-date: /Users/ethandsouza/Documents/GitHub/COMP0246_Labs/install/franka_description/share/ament_index/resource_index/package_run_dependencies/franka_description
[31.716s] -- Up-to-date: /Users/ethandsouza/Documents/GitHub/COMP0246_Labs/install/franka_description/share/ament_index/resource_index/parent_prefix_path/franka_description
[31.716s] -- Up-to-date: /Users/ethandsouza/Documents/GitHub/COMP0246_Labs/install/franka_description/share/franka_description/environment/ament_prefix_path.sh
[31.717s] -- Up-to-date: /Users/ethandsouza/Documents/GitHub/COMP0246_Labs/install/franka_description/share/franka_description/environment/ament_prefix_path.dsv
[31.717s] -- Up-to-date: /Users/ethandsouza/Documents/GitHub/COMP0246_Labs/install/franka_description/share/franka_description/environment/path.sh
[31.718s] -- Up-to-date: /Users/ethandsouza/Documents/GitHub/COMP0246_Labs/install/franka_description/share/franka_description/environment/path.dsv
[31.718s] -- Up-to-date: /Users/ethandsouza/Documents/GitHub/COMP0246_Labs/install/franka_description/share/franka_description/local_setup.bash
[31.719s] -- Up-to-date: /Users/ethandsouza/Documents/GitHub/COMP0246_Labs/install/franka_description/share/franka_description/local_setup.sh
[31.720s] -- Up-to-date: /Users/ethandsouza/Documents/GitHub/COMP0246_Labs/install/franka_description/share/franka_description/local_setup.zsh
[31.720s] -- Up-to-date: /Users/ethandsouza/Documents/GitHub/COMP0246_Labs/install/franka_description/share/franka_description/local_setup.dsv
[31.721s] -- Installing: /Users/ethandsouza/Documents/GitHub/COMP0246_Labs/install/franka_description/share/franka_description/package.dsv
[31.721s] -- Up-to-date: /Users/ethandsouza/Documents/GitHub/COMP0246_Labs/install/franka_description/share/ament_index/resource_index/packages/franka_description
[31.721s] -- Up-to-date: /Users/ethandsouza/Documents/GitHub/COMP0246_Labs/install/franka_description/share/franka_description/cmake/franka_descriptionConfig.cmake
[31.721s] -- Up-to-date: /Users/ethandsouza/Documents/GitHub/COMP0246_Labs/install/franka_description/share/franka_description/cmake/franka_descriptionConfig-version.cmake
[31.721s] -- Up-to-date: /Users/ethandsouza/Documents/GitHub/COMP0246_Labs/install/franka_description/share/franka_description/package.xml
[31.722s] Invoked command in '/Users/ethandsouza/Documents/GitHub/COMP0246_Labs/build/franka_description' returned '0': CMAKE_PREFIX_PATH=/Users/ethandsouza/miniforge3/envs/roboenv-py3.10 CONDA_PROMPT_MODIFIER=(roboenv-py3.10) SHLVL=2 _=/usr/bin/env /Users/ethandsouza/miniforge3/envs/roboenv-py3.10/bin/cmake --install /Users/ethandsouza/Documents/GitHub/COMP0246_Labs/build/franka_description
