[0.056s] Invoking command in '/Users/ethandsouza/Documents/GitHub/COMP0246_Labs/build/franka_description': CMAKE_PREFIX_PATH=/Users/ethandsouza/miniforge3/envs/roboenv-py3.10 CONDA_PROMPT_MODIFIER=(roboenv-py3.10) SHLVL=2 _=/usr/bin/env /Users/ethandsouza/miniforge3/envs/roboenv-py3.10/bin/cmake --build /Users/ethandsouza/Documents/GitHub/COMP0246_Labs/build/franka_description -- -j8 -l8
[45.272s] Invoked command in '/Users/ethandsouza/Documents/GitHub/COMP0246_Labs/build/franka_description' returned '0': CMAKE_PREFIX_PATH=/Users/ethandsouza/miniforge3/envs/roboenv-py3.10 CONDA_PROMPT_MODIFIER=(roboenv-py3.10) SHLVL=2 _=/usr/bin/env /Users/ethandsouza/miniforge3/envs/roboenv-py3.10/bin/cmake --build /Users/ethandsouza/Documents/GitHub/COMP0246_Labs/build/franka_description -- -j8 -l8
[45.318s] Invoking command in '/Users/ethandsouza/Documents/GitHub/COMP0246_Labs/build/franka_description': CMAKE_PREFIX_PATH=/Users/ethandsouza/miniforge3/envs/roboenv-py3.10 CONDA_PROMPT_MODIFIER=(roboenv-py3.10) SHLVL=2 _=/usr/bin/env /Users/ethandsouza/miniforge3/envs/roboenv-py3.10/bin/cmake --install /Users/ethandsouza/Documents/GitHub/COMP0246_Labs/build/franka_description
[45.355s] -- Install configuration: ""
[45.358s] -- Up-to-date: /Users/ethandsouza/Documents/GitHub/COMP0246_Labs/install/franka_description/share/franka_description//launch
[45.359s] -- Up-to-date: /Users/ethandsouza/Documents/GitHub/COMP0246_Labs/install/franka_description/share/franka_description//launch/visualize_franka.launch.py
[45.360s] -- Up-to-date: /Users/ethandsouza/Documents/GitHub/COMP0246_Labs/install/franka_description/share/franka_description//robots
[45.361s] -- Up-to-date: /Users/ethandsouza/Documents/GitHub/COMP0246_Labs/install/franka_description/share/franka_description//robots/fp3
[45.361s] -- Up-to-date: /Users/ethandsouza/Documents/GitHub/COMP0246_Labs/install/franka_description/share/franka_description//robots/fp3/joint_limits.yaml
[45.362s] -- Up-to-date: /Users/ethandsouza/Documents/GitHub/COMP0246_Labs/install/franka_description/share/franka_description//robots/fp3/fp3.urdf.xacro
[45.362s] -- Up-to-date: /Users/ethandsouza/Documents/GitHub/COMP0246_Labs/install/franka_description/share/franka_description//robots/fp3/kinematics.yaml
[45.363s] -- Up-to-date: /Users/ethandsouza/Documents/GitHub/COMP0246_Labs/install/franka_description/share/franka_description//robots/fp3/dynamics.yaml
[45.364s] -- Up-to-date: /Users/ethandsouza/Documents/GitHub/COMP0246_Labs/install/franka_description/share/franka_description//robots/fp3/inertials.yaml
[45.365s] -- Up-to-date: /Users/ethandsouza/Documents/GitHub/COMP0246_Labs/install/franka_description/share/franka_description//robots/fr3
[45.365s] -- Up-to-date: /Users/ethandsouza/Documents/GitHub/COMP0246_Labs/install/franka_description/share/franka_description//robots/fr3/joint_limits.yaml
[45.366s] -- Up-to-date: /Users/ethandsouza/Documents/GitHub/COMP0246_Labs/install/franka_description/share/franka_description//robots/fr3/kinematics.yaml
[45.367s] -- Up-to-date: /Users/ethandsouza/Documents/GitHub/COMP0246_Labs/install/franka_description/share/franka_description//robots/fr3/dynamics.yaml
[45.367s] -- Up-to-date: /Users/ethandsouza/Documents/GitHub/COMP0246_Labs/install/franka_description/share/franka_description//robots/fr3/inertials.yaml
[45.368s] -- Up-to-date: /Users/ethandsouza/Documents/GitHub/COMP0246_Labs/install/franka_description/share/franka_description//robots/fr3/fr3.urdf.xacro
[45.369s] -- Up-to-date: /Users/ethandsouza/Documents/GitHub/COMP0246_Labs/install/franka_description/share/franka_description//robots/common
[45.369s] -- Up-to-date: /Users/ethandsouza/Documents/GitHub/COMP0246_Labs/install/franka_description/share/franka_description//robots/common/franka_arm.ros2_control.xacro
[45.370s] -- Up-to-date: /Users/ethandsouza/Documents/GitHub/COMP0246_Labs/install/franka_description/share/franka_description//robots/common/franka_robot.xacro
[45.370s] -- Up-to-date: /Users/ethandsouza/Documents/GitHub/COMP0246_Labs/install/franka_description/share/franka_description//robots/common/franka_arm.xacro
[45.371s] -- Up-to-date: /Users/ethandsouza/Documents/GitHub/COMP0246_Labs/install/franka_description/share/franka_description//robots/common/utils.xacro
[45.372s] -- Up-to-date: /Users/ethandsouza/Documents/GitHub/COMP0246_Labs/install/franka_description/share/franka_description//robots/fer
[45.373s] -- Up-to-date: /Users/ethandsouza/Documents/GitHub/COMP0246_Labs/install/franka_description/share/franka_description//robots/fer/joint_limits.yaml
[45.373s] -- Up-to-date: /Users/ethandsouza/Documents/GitHub/COMP0246_Labs/install/franka_description/share/franka_description//robots/fer/kinematics.yaml
[45.374s] -- Up-to-date: /Users/ethandsouza/Documents/GitHub/COMP0246_Labs/install/franka_description/share/franka_description//robots/fer/dynamics.yaml
[45.375s] -- Up-to-date: /Users/ethandsouza/Documents/GitHub/COMP0246_Labs/install/franka_description/share/franka_description//robots/fer/inertials.yaml
[45.375s] -- Up-to-date: /Users/ethandsouza/Documents/GitHub/COMP0246_Labs/install/franka_description/share/franka_description//robots/fer/fer.urdf.xacro
[45.376s] -- Up-to-date: /Users/ethandsouza/Documents/GitHub/COMP0246_Labs/install/franka_description/share/franka_description//end_effectors
[45.377s] -- Up-to-date: /Users/ethandsouza/Documents/GitHub/COMP0246_Labs/install/franka_description/share/franka_description//end_effectors/cobot_pump
[45.377s] -- Up-to-date: /Users/ethandsouza/Documents/GitHub/COMP0246_Labs/install/franka_description/share/franka_description//end_effectors/cobot_pump/cobot_pump.urdf.xacro
[45.378s] -- Up-to-date: /Users/ethandsouza/Documents/GitHub/COMP0246_Labs/install/franka_description/share/franka_description//end_effectors/cobot_pump/inertials.yaml
[45.379s] -- Up-to-date: /Users/ethandsouza/Documents/GitHub/COMP0246_Labs/install/franka_description/share/franka_description//end_effectors/cobot_pump/cobot_pump_arguments.xacro
[45.380s] -- Up-to-date: /Users/ethandsouza/Documents/GitHub/COMP0246_Labs/install/franka_description/share/franka_description//end_effectors/franka_hand
[45.381s] -- Up-to-date: /Users/ethandsouza/Documents/GitHub/COMP0246_Labs/install/franka_description/share/franka_description//end_effectors/franka_hand/franka_hand.urdf.xacro
[45.382s] -- Up-to-date: /Users/ethandsouza/Documents/GitHub/COMP0246_Labs/install/franka_description/share/franka_description//end_effectors/franka_hand/franka_hand_arguments.xacro
[45.382s] -- Up-to-date: /Users/ethandsouza/Documents/GitHub/COMP0246_Labs/install/franka_description/share/franka_description//end_effectors/franka_hand/inertials.yaml
[45.383s] -- Up-to-date: /Users/ethandsouza/Documents/GitHub/COMP0246_Labs/install/franka_description/share/franka_description//end_effectors/common
[45.384s] -- Up-to-date: /Users/ethandsouza/Documents/GitHub/COMP0246_Labs/install/franka_description/share/franka_description//end_effectors/common/ee_with_one_link.xacro
[45.384s] -- Up-to-date: /Users/ethandsouza/Documents/GitHub/COMP0246_Labs/install/franka_description/share/franka_description//end_effectors/common/franka_hand.xacro
[45.385s] -- Up-to-date: /Users/ethandsouza/Documents/GitHub/COMP0246_Labs/install/franka_description/share/franka_description//end_effectors/common/utils.xacro
[45.386s] -- Up-to-date: /Users/ethandsouza/Documents/GitHub/COMP0246_Labs/install/franka_description/share/franka_description//meshes
[45.386s] -- Up-to-date: /Users/ethandsouza/Documents/GitHub/COMP0246_Labs/install/franka_description/share/franka_description//meshes/robot_ee
[45.387s] -- Up-to-date: /Users/ethandsouza/Documents/GitHub/COMP0246_Labs/install/franka_description/share/franka_description//meshes/robot_ee/franka_hand_black
[45.388s] -- Up-to-date: /Users/ethandsouza/Documents/GitHub/COMP0246_Labs/install/franka_description/share/franka_description//meshes/robot_ee/franka_hand_black/visual
[45.389s] -- Up-to-date: /Users/ethandsouza/Documents/GitHub/COMP0246_Labs/install/franka_description/share/franka_description//meshes/robot_ee/franka_hand_black/visual/hand.dae
[45.389s] -- Up-to-date: /Users/ethandsouza/Documents/GitHub/COMP0246_Labs/install/franka_description/share/franka_description//meshes/robot_ee/franka_hand_black/visual/finger.dae
[45.390s] -- Up-to-date: /Users/ethandsouza/Documents/GitHub/COMP0246_Labs/install/franka_description/share/franka_description//meshes/robot_ee/franka_hand_black/collision
[45.391s] -- Up-to-date: /Users/ethandsouza/Documents/GitHub/COMP0246_Labs/install/franka_description/share/franka_description//meshes/robot_ee/franka_hand_black/collision/hand.stl
[45.391s] -- Up-to-date: /Users/ethandsouza/Documents/GitHub/COMP0246_Labs/install/franka_description/share/franka_description//meshes/robot_ee/cobot_pump
[45.392s] -- Up-to-date: /Users/ethandsouza/Documents/GitHub/COMP0246_Labs/install/franka_description/share/franka_description//meshes/robot_ee/cobot_pump/visual
[45.392s] -- Up-to-date: /Users/ethandsouza/Documents/GitHub/COMP0246_Labs/install/franka_description/share/franka_description//meshes/robot_ee/cobot_pump/visual/cobot_pump.dae
[45.393s] -- Up-to-date: /Users/ethandsouza/Documents/GitHub/COMP0246_Labs/install/franka_description/share/franka_description//meshes/robot_ee/cobot_pump/collision
[45.394s] -- Up-to-date: /Users/ethandsouza/Documents/GitHub/COMP0246_Labs/install/franka_description/share/franka_description//meshes/robot_ee/cobot_pump/collision/cobot_pump.stl
[45.394s] -- Up-to-date: /Users/ethandsouza/Documents/GitHub/COMP0246_Labs/install/franka_description/share/franka_description//meshes/robot_ee/franka_hand_white
[45.395s] -- Up-to-date: /Users/ethandsouza/Documents/GitHub/COMP0246_Labs/install/franka_description/share/franka_description//meshes/robot_ee/franka_hand_white/visual
[45.395s] -- Up-to-date: /Users/ethandsouza/Documents/GitHub/COMP0246_Labs/install/franka_description/share/franka_description//meshes/robot_ee/franka_hand_white/visual/hand.dae
[45.396s] -- Up-to-date: /Users/ethandsouza/Documents/GitHub/COMP0246_Labs/install/franka_description/share/franka_description//meshes/robot_ee/franka_hand_white/visual/finger.dae
[45.396s] -- Up-to-date: /Users/ethandsouza/Documents/GitHub/COMP0246_Labs/install/franka_description/share/franka_description//meshes/robot_ee/franka_hand_white/collision
[45.396s] -- Up-to-date: /Users/ethandsouza/Documents/GitHub/COMP0246_Labs/install/franka_description/share/franka_description//meshes/robot_ee/franka_hand_white/collision/hand.stl
[45.397s] -- Up-to-date: /Users/ethandsouza/Documents/GitHub/COMP0246_Labs/install/franka_description/share/franka_description//meshes/robot_arms
[45.397s] -- Up-to-date: /Users/ethandsouza/Documents/GitHub/COMP0246_Labs/install/franka_description/share/franka_description//meshes/robot_arms/fp3
[45.398s] -- Up-to-date: /Users/ethandsouza/Documents/GitHub/COMP0246_Labs/install/franka_description/share/franka_description//meshes/robot_arms/fp3/visual
[45.398s] -- Up-to-date: /Users/ethandsouza/Documents/GitHub/COMP0246_Labs/install/franka_description/share/franka_description//meshes/robot_arms/fp3/visual/link4.dae
[45.398s] -- Up-to-date: /Users/ethandsouza/Documents/GitHub/COMP0246_Labs/install/franka_description/share/franka_description//meshes/robot_arms/fp3/visual/link5.dae
[45.398s] -- Up-to-date: /Users/ethandsouza/Documents/GitHub/COMP0246_Labs/install/franka_description/share/franka_description//meshes/robot_arms/fp3/visual/link7.dae
[45.398s] -- Up-to-date: /Users/ethandsouza/Documents/GitHub/COMP0246_Labs/install/franka_description/share/franka_description//meshes/robot_arms/fp3/visual/link6.dae
[45.399s] -- Up-to-date: /Users/ethandsouza/Documents/GitHub/COMP0246_Labs/install/franka_description/share/franka_description//meshes/robot_arms/fp3/visual/link2.dae
[45.399s] -- Up-to-date: /Users/ethandsouza/Documents/GitHub/COMP0246_Labs/install/franka_description/share/franka_description//meshes/robot_arms/fp3/visual/link3.dae
[45.399s] -- Up-to-date: /Users/ethandsouza/Documents/GitHub/COMP0246_Labs/install/franka_description/share/franka_description//meshes/robot_arms/fp3/visual/link1.dae
[45.400s] -- Up-to-date: /Users/ethandsouza/Documents/GitHub/COMP0246_Labs/install/franka_description/share/franka_description//meshes/robot_arms/fp3/visual/link0.dae
[45.400s] -- Up-to-date: /Users/ethandsouza/Documents/GitHub/COMP0246_Labs/install/franka_description/share/franka_description//meshes/robot_arms/fp3/collision
[45.400s] -- Up-to-date: /Users/ethandsouza/Documents/GitHub/COMP0246_Labs/install/franka_description/share/franka_description//meshes/robot_arms/fp3/collision/link3.stl
[45.400s] -- Up-to-date: /Users/ethandsouza/Documents/GitHub/COMP0246_Labs/install/franka_description/share/franka_description//meshes/robot_arms/fp3/collision/link2.stl
[45.400s] -- Up-to-date: /Users/ethandsouza/Documents/GitHub/COMP0246_Labs/install/franka_description/share/franka_description//meshes/robot_arms/fp3/collision/link0.stl
[45.401s] -- Up-to-date: /Users/ethandsouza/Documents/GitHub/COMP0246_Labs/install/franka_description/share/franka_description//meshes/robot_arms/fp3/collision/link1.stl
[45.401s] -- Up-to-date: /Users/ethandsouza/Documents/GitHub/COMP0246_Labs/install/franka_description/share/franka_description//meshes/robot_arms/fp3/collision/link5.stl
[45.402s] -- Up-to-date: /Users/ethandsouza/Documents/GitHub/COMP0246_Labs/install/franka_description/share/franka_description//meshes/robot_arms/fp3/collision/link4.stl
[45.404s] -- Up-to-date: /Users/ethandsouza/Documents/GitHub/COMP0246_Labs/install/franka_description/share/franka_description//meshes/robot_arms/fp3/collision/link6.stl
[45.405s] -- Up-to-date: /Users/ethandsouza/Documents/GitHub/COMP0246_Labs/install/franka_description/share/franka_description//meshes/robot_arms/fp3/collision/link7.stl
[45.405s] -- Up-to-date: /Users/ethandsouza/Documents/GitHub/COMP0246_Labs/install/franka_description/share/franka_description//meshes/robot_arms/fr3
[45.406s] -- Up-to-date: /Users/ethandsouza/Documents/GitHub/COMP0246_Labs/install/franka_description/share/franka_description//meshes/robot_arms/fr3/visual
[45.406s] -- Up-to-date: /Users/ethandsouza/Documents/GitHub/COMP0246_Labs/install/franka_description/share/franka_description//meshes/robot_arms/fr3/visual/link4.dae
[45.407s] -- Up-to-date: /Users/ethandsouza/Documents/GitHub/COMP0246_Labs/install/franka_description/share/franka_description//meshes/robot_arms/fr3/visual/link5.dae
[45.407s] -- Up-to-date: /Users/ethandsouza/Documents/GitHub/COMP0246_Labs/install/franka_description/share/franka_description//meshes/robot_arms/fr3/visual/link7.dae
[45.407s] -- Up-to-date: /Users/ethandsouza/Documents/GitHub/COMP0246_Labs/install/franka_description/share/franka_description//meshes/robot_arms/fr3/visual/link6.dae
[45.407s] -- Up-to-date: /Users/ethandsouza/Documents/GitHub/COMP0246_Labs/install/franka_description/share/franka_description//meshes/robot_arms/fr3/visual/link2.dae
[45.408s] -- Up-to-date: /Users/ethandsouza/Documents/GitHub/COMP0246_Labs/install/franka_description/share/franka_description//meshes/robot_arms/fr3/visual/link3.dae
[45.408s] -- Up-to-date: /Users/ethandsouza/Documents/GitHub/COMP0246_Labs/install/franka_description/share/franka_description//meshes/robot_arms/fr3/visual/link1.dae
[45.409s] -- Up-to-date: /Users/ethandsouza/Documents/GitHub/COMP0246_Labs/install/franka_description/share/franka_description//meshes/robot_arms/fr3/visual/link0.dae
[45.409s] -- Up-to-date: /Users/ethandsouza/Documents/GitHub/COMP0246_Labs/install/franka_description/share/franka_description//meshes/robot_arms/fr3/collision
[45.409s] -- Up-to-date: /Users/ethandsouza/Documents/GitHub/COMP0246_Labs/install/franka_description/share/franka_description//meshes/robot_arms/fr3/collision/link3.stl
[45.410s] -- Up-to-date: /Users/ethandsouza/Documents/GitHub/COMP0246_Labs/install/franka_description/share/franka_description//meshes/robot_arms/fr3/collision/link2.stl
[45.410s] -- Up-to-date: /Users/ethandsouza/Documents/GitHub/COMP0246_Labs/install/franka_description/share/franka_description//meshes/robot_arms/fr3/collision/link0.stl
[45.411s] -- Up-to-date: /Users/ethandsouza/Documents/GitHub/COMP0246_Labs/install/franka_description/share/franka_description//meshes/robot_arms/fr3/collision/link1.stl
[45.411s] -- Up-to-date: /Users/ethandsouza/Documents/GitHub/COMP0246_Labs/install/franka_description/share/franka_description//meshes/robot_arms/fr3/collision/link5.stl
[45.411s] -- Up-to-date: /Users/ethandsouza/Documents/GitHub/COMP0246_Labs/install/franka_description/share/franka_description//meshes/robot_arms/fr3/collision/link4.stl
[45.412s] -- Up-to-date: /Users/ethandsouza/Documents/GitHub/COMP0246_Labs/install/franka_description/share/franka_description//meshes/robot_arms/fr3/collision/link6.stl
[45.412s] -- Up-to-date: /Users/ethandsouza/Documents/GitHub/COMP0246_Labs/install/franka_description/share/franka_description//meshes/robot_arms/fr3/collision/link7.stl
[45.413s] -- Up-to-date: /Users/ethandsouza/Documents/GitHub/COMP0246_Labs/install/franka_description/share/franka_description//meshes/robot_arms/fer
[45.413s] -- Up-to-date: /Users/ethandsouza/Documents/GitHub/COMP0246_Labs/install/franka_description/share/franka_description//meshes/robot_arms/fer/visual
[45.414s] -- Up-to-date: /Users/ethandsouza/Documents/GitHub/COMP0246_Labs/install/franka_description/share/franka_description//meshes/robot_arms/fer/visual/link4.dae
[45.414s] -- Up-to-date: /Users/ethandsouza/Documents/GitHub/COMP0246_Labs/install/franka_description/share/franka_description//meshes/robot_arms/fer/visual/link5.dae
[45.415s] -- Up-to-date: /Users/ethandsouza/Documents/GitHub/COMP0246_Labs/install/franka_description/share/franka_description//meshes/robot_arms/fer/visual/link7.dae
[45.417s] -- Up-to-date: /Users/ethandsouza/Documents/GitHub/COMP0246_Labs/install/franka_description/share/franka_description//meshes/robot_arms/fer/visual/link6.dae
[45.417s] -- Up-to-date: /Users/ethandsouza/Documents/GitHub/COMP0246_Labs/install/franka_description/share/franka_description//meshes/robot_arms/fer/visual/link2.dae
[45.418s] -- Up-to-date: /Users/ethandsouza/Documents/GitHub/COMP0246_Labs/install/franka_description/share/franka_description//meshes/robot_arms/fer/visual/link3.dae
[45.419s] -- Up-to-date: /Users/ethandsouza/Documents/GitHub/COMP0246_Labs/install/franka_description/share/franka_description//meshes/robot_arms/fer/visual/link1.dae
[45.419s] -- Up-to-date: /Users/ethandsouza/Documents/GitHub/COMP0246_Labs/install/franka_description/share/franka_description//meshes/robot_arms/fer/visual/link0.dae
[45.420s] -- Up-to-date: /Users/ethandsouza/Documents/GitHub/COMP0246_Labs/install/franka_description/share/franka_description//meshes/robot_arms/fer/visual/hand.dae
[45.420s] -- Up-to-date: /Users/ethandsouza/Documents/GitHub/COMP0246_Labs/install/franka_description/share/franka_description//meshes/robot_arms/fer/visual/finger.dae
[45.421s] -- Up-to-date: /Users/ethandsouza/Documents/GitHub/COMP0246_Labs/install/franka_description/share/franka_description//meshes/robot_arms/fer/collision
[45.421s] -- Up-to-date: /Users/ethandsouza/Documents/GitHub/COMP0246_Labs/install/franka_description/share/franka_description//meshes/robot_arms/fer/collision/hand.stl
[45.421s] -- Up-to-date: /Users/ethandsouza/Documents/GitHub/COMP0246_Labs/install/franka_description/share/franka_description//meshes/robot_arms/fer/collision/link3.stl
[45.422s] -- Up-to-date: /Users/ethandsouza/Documents/GitHub/COMP0246_Labs/install/franka_description/share/franka_description//meshes/robot_arms/fer/collision/link2.stl
[45.422s] -- Up-to-date: /Users/ethandsouza/Documents/GitHub/COMP0246_Labs/install/franka_description/share/franka_description//meshes/robot_arms/fer/collision/link0.stl
[45.423s] -- Up-to-date: /Users/ethandsouza/Documents/GitHub/COMP0246_Labs/install/franka_description/share/franka_description//meshes/robot_arms/fer/collision/link1.stl
[45.423s] -- Up-to-date: /Users/ethandsouza/Documents/GitHub/COMP0246_Labs/install/franka_description/share/franka_description//meshes/robot_arms/fer/collision/link5.stl
[45.424s] -- Up-to-date: /Users/ethandsouza/Documents/GitHub/COMP0246_Labs/install/franka_description/share/franka_description//meshes/robot_arms/fer/collision/link4.stl
[45.424s] -- Up-to-date: /Users/ethandsouza/Documents/GitHub/COMP0246_Labs/install/franka_description/share/franka_description//meshes/robot_arms/fer/collision/link6.stl
[45.425s] -- Up-to-date: /Users/ethandsouza/Documents/GitHub/COMP0246_Labs/install/franka_description/share/franka_description//meshes/robot_arms/fer/collision/link7.stl
[45.425s] -- Up-to-date: /Users/ethandsouza/Documents/GitHub/COMP0246_Labs/install/franka_description/share/franka_description//rviz
[45.426s] -- Up-to-date: /Users/ethandsouza/Documents/GitHub/COMP0246_Labs/install/franka_description/share/franka_description//rviz/visualize_franka.rviz
[45.427s] -- Up-to-date: /Users/ethandsouza/Documents/GitHub/COMP0246_Labs/install/franka_description/share/franka_description//urdfs
[45.428s] -- Up-to-date: /Users/ethandsouza/Documents/GitHub/COMP0246_Labs/install/franka_description/share/franka_description//urdfs/fr3.urdf
[45.429s] -- Up-to-date: /Users/ethandsouza/Documents/GitHub/COMP0246_Labs/install/franka_description/share/franka_description//urdfs/fr3_franka_hand.urdf
[45.429s] -- Up-to-date: /Users/ethandsouza/Documents/GitHub/COMP0246_Labs/install/franka_description/share/ament_index/resource_index/package_run_dependencies/franka_description
[45.429s] -- Up-to-date: /Users/ethandsouza/Documents/GitHub/COMP0246_Labs/install/franka_description/share/ament_index/resource_index/parent_prefix_path/franka_description
[45.430s] -- Up-to-date: /Users/ethandsouza/Documents/GitHub/COMP0246_Labs/install/franka_description/share/franka_description/environment/ament_prefix_path.sh
[45.431s] -- Up-to-date: /Users/ethandsouza/Documents/GitHub/COMP0246_Labs/install/franka_description/share/franka_description/environment/ament_prefix_path.dsv
[45.431s] -- Up-to-date: /Users/ethandsouza/Documents/GitHub/COMP0246_Labs/install/franka_description/share/franka_description/environment/path.sh
[45.432s] -- Up-to-date: /Users/ethandsouza/Documents/GitHub/COMP0246_Labs/install/franka_description/share/franka_description/environment/path.dsv
[45.432s] -- Up-to-date: /Users/ethandsouza/Documents/GitHub/COMP0246_Labs/install/franka_description/share/franka_description/local_setup.bash
[45.434s] -- Up-to-date: /Users/ethandsouza/Documents/GitHub/COMP0246_Labs/install/franka_description/share/franka_description/local_setup.sh
[45.434s] -- Up-to-date: /Users/ethandsouza/Documents/GitHub/COMP0246_Labs/install/franka_description/share/franka_description/local_setup.zsh
[45.435s] -- Up-to-date: /Users/ethandsouza/Documents/GitHub/COMP0246_Labs/install/franka_description/share/franka_description/local_setup.dsv
[45.435s] -- Installing: /Users/ethandsouza/Documents/GitHub/COMP0246_Labs/install/franka_description/share/franka_description/package.dsv
[45.436s] -- Up-to-date: /Users/ethandsouza/Documents/GitHub/COMP0246_Labs/install/franka_description/share/ament_index/resource_index/packages/franka_description
[45.436s] -- Up-to-date: /Users/ethandsouza/Documents/GitHub/COMP0246_Labs/install/franka_description/share/franka_description/cmake/franka_descriptionConfig.cmake
[45.437s] -- Up-to-date: /Users/ethandsouza/Documents/GitHub/COMP0246_Labs/install/franka_description/share/franka_description/cmake/franka_descriptionConfig-version.cmake
[45.437s] -- Up-to-date: /Users/ethandsouza/Documents/GitHub/COMP0246_Labs/install/franka_description/share/franka_description/package.xml
[45.438s] Invoked command in '/Users/ethandsouza/Documents/GitHub/COMP0246_Labs/build/franka_description' returned '0': CMAKE_PREFIX_PATH=/Users/ethandsouza/miniforge3/envs/roboenv-py3.10 CONDA_PROMPT_MODIFIER=(roboenv-py3.10) SHLVL=2 _=/usr/bin/env /Users/ethandsouza/miniforge3/envs/roboenv-py3.10/bin/cmake --install /Users/ethandsouza/Documents/GitHub/COMP0246_Labs/build/franka_description
