[3.531s] Invoking command in '/Users/ethandsouza/Documents/GitHub/COMP0246_Labs/final_lab/youbot_kinematics': AMENT_PREFIX_PATH=/Users/ethandsouza/Documents/GitHub/COMP0246_Labs/install/transform_helpers:/Users/ethandsouza/Documents/GitHub/COMP0246_Labs/install/youbot_description:/Users/ethandsouza/Documents/GitHub/COMP0246_Labs/install/youbot_kinematics:/Users/ethandsouza/Documents/GitHub/COMP0246_Labs/install/franka_description:/Users/ethandsouza/miniforge3/envs/roboenv-py3.10 CONDA_PROMPT_MODIFIER=(roboenv-py3.10) PYTHONPATH=/Users/ethandsouza/Documents/GitHub/COMP0246_Labs/build/youbot_kinematics/prefix_override:/Users/ethandsouza/miniforge3/envs/roboenv-py3.10/lib/python3.10/site-packages/colcon_core/task/python/colcon_distutils_commands:/Users/ethandsouza/Documents/GitHub/COMP0246_Labs/install/youbot_kinematics/lib/python3.10/site-packages:/Users/ethandsouza/Documents/GitHub/COMP0246_Labs/install/transform_helpers/lib/python3.10/site-packages:/Users/ethandsouza/Documents/GitHub/COMP0246_Labs/install/youbot_description/lib/python3.10/site-packages:/Users/ethandsouza/Documents/GitHub/COMP0246_Labs/install/youbot_kinematics/lib/python3.10/site-packages:/Users/ethandsouza/miniforge3/envs/roboenv-py3.10/lib/python310/site-packages:/Users/ethandsouza/miniforge3/envs/roboenv-py3.10/lib/python3.10/site-packages SHLVL=2 _=/usr/bin/env /Users/ethandsouza/miniforge3/envs/roboenv-py3.10/bin/python3.10 -W ignore:setup.py install is deprecated -W ignore:easy_install command is deprecated setup.py egg_info --egg-base ../../build/youbot_kinematics build --build-base /Users/ethandsouza/Documents/GitHub/COMP0246_Labs/build/youbot_kinematics/build install --record /Users/ethandsouza/Documents/GitHub/COMP0246_Labs/build/youbot_kinematics/install.log --single-version-externally-managed install_data
[5.147s] running egg_info
[5.260s] writing ../../build/youbot_kinematics/youbot_kinematics.egg-info/PKG-INFO
[5.348s] writing dependency_links to ../../build/youbot_kinematics/youbot_kinematics.egg-info/dependency_links.txt
[5.616s] writing entry points to ../../build/youbot_kinematics/youbot_kinematics.egg-info/entry_points.txt
[5.785s] writing requirements to ../../build/youbot_kinematics/youbot_kinematics.egg-info/requires.txt
[5.870s] writing top-level names to ../../build/youbot_kinematics/youbot_kinematics.egg-info/top_level.txt
[6.032s] reading manifest file '../../build/youbot_kinematics/youbot_kinematics.egg-info/SOURCES.txt'
[6.034s] writing manifest file '../../build/youbot_kinematics/youbot_kinematics.egg-info/SOURCES.txt'
[6.034s] running build
[6.035s] running build_py
[6.035s] copying youbot_kinematics/youbotKineBase.py -> /Users/ethandsouza/Documents/GitHub/COMP0246_Labs/build/youbot_kinematics/build/lib/youbot_kinematics
[6.040s] running install
[6.047s] running install_lib
[6.163s] copying /Users/ethandsouza/Documents/GitHub/COMP0246_Labs/build/youbot_kinematics/build/lib/youbot_kinematics/youbotKineBase.py -> /Users/ethandsouza/Documents/GitHub/COMP0246_Labs/install/youbot_kinematics/lib/python3.10/site-packages/youbot_kinematics
[6.165s] byte-compiling /Users/ethandsouza/Documents/GitHub/COMP0246_Labs/install/youbot_kinematics/lib/python3.10/site-packages/youbot_kinematics/youbotKineBase.py to youbotKineBase.cpython-310.pyc
[6.168s] running install_data
[6.169s] running install_egg_info
[6.287s] removing '/Users/ethandsouza/Documents/GitHub/COMP0246_Labs/install/youbot_kinematics/lib/python3.10/site-packages/youbot_kinematics-0.0.0-py3.10.egg-info' (and everything under it)
[6.289s] Copying ../../build/youbot_kinematics/youbot_kinematics.egg-info to /Users/ethandsouza/Documents/GitHub/COMP0246_Labs/install/youbot_kinematics/lib/python3.10/site-packages/youbot_kinematics-0.0.0-py3.10.egg-info
[6.297s] running install_scripts
[6.552s] Installing main_kdl script to /Users/ethandsouza/Documents/GitHub/COMP0246_Labs/install/youbot_kinematics/lib/youbot_kinematics
[6.552s] Installing main_student script to /Users/ethandsouza/Documents/GitHub/COMP0246_Labs/install/youbot_kinematics/lib/youbot_kinematics
[6.553s] Installing plan_trajectory script to /Users/ethandsouza/Documents/GitHub/COMP0246_Labs/install/youbot_kinematics/lib/youbot_kinematics
[6.554s] writing list of installed files to '/Users/ethandsouza/Documents/GitHub/COMP0246_Labs/build/youbot_kinematics/install.log'
[6.620s] Invoked command in '/Users/ethandsouza/Documents/GitHub/COMP0246_Labs/final_lab/youbot_kinematics' returned '0': AMENT_PREFIX_PATH=/Users/ethandsouza/Documents/GitHub/COMP0246_Labs/install/transform_helpers:/Users/ethandsouza/Documents/GitHub/COMP0246_Labs/install/youbot_description:/Users/ethandsouza/Documents/GitHub/COMP0246_Labs/install/youbot_kinematics:/Users/ethandsouza/Documents/GitHub/COMP0246_Labs/install/franka_description:/Users/ethandsouza/miniforge3/envs/roboenv-py3.10 CONDA_PROMPT_MODIFIER=(roboenv-py3.10) PYTHONPATH=/Users/ethandsouza/Documents/GitHub/COMP0246_Labs/build/youbot_kinematics/prefix_override:/Users/ethandsouza/miniforge3/envs/roboenv-py3.10/lib/python3.10/site-packages/colcon_core/task/python/colcon_distutils_commands:/Users/ethandsouza/Documents/GitHub/COMP0246_Labs/install/youbot_kinematics/lib/python3.10/site-packages:/Users/ethandsouza/Documents/GitHub/COMP0246_Labs/install/transform_helpers/lib/python3.10/site-packages:/Users/ethandsouza/Documents/GitHub/COMP0246_Labs/install/youbot_description/lib/python3.10/site-packages:/Users/ethandsouza/Documents/GitHub/COMP0246_Labs/install/youbot_kinematics/lib/python3.10/site-packages:/Users/ethandsouza/miniforge3/envs/roboenv-py3.10/lib/python310/site-packages:/Users/ethandsouza/miniforge3/envs/roboenv-py3.10/lib/python3.10/site-packages SHLVL=2 _=/usr/bin/env /Users/ethandsouza/miniforge3/envs/roboenv-py3.10/bin/python3.10 -W ignore:setup.py install is deprecated -W ignore:easy_install command is deprecated setup.py egg_info --egg-base ../../build/youbot_kinematics build --build-base /Users/ethandsouza/Documents/GitHub/COMP0246_Labs/build/youbot_kinematics/build install --record /Users/ethandsouza/Documents/GitHub/COMP0246_Labs/build/youbot_kinematics/install.log --single-version-externally-managed install_data
