[0.405s] DEBUG:colcon:Command line arguments: ['/Users/ethandsouza/miniforge3/envs/roboenv-py3.10/bin/colcon', 'build']
[0.405s] DEBUG:colcon:Parsed command line arguments: Namespace(log_base=None, log_level=None, verb_name='build', build_base='build', install_base='install', merge_install=False, symlink_install=False, test_result_base=None, continue_on_error=False, executor='parallel', parallel_workers=8, event_handlers=None, ignore_user_meta=False, metas=['./colcon.meta'], base_paths=['.'], packages_ignore=None, packages_ignore_regex=None, paths=None, packages_up_to=None, packages_up_to_regex=None, packages_above=None, packages_above_and_dependencies=None, packages_above_depth=None, packages_select_by_dep=None, packages_skip_by_dep=None, packages_skip_up_to=None, packages_select_build_failed=False, packages_skip_build_finished=False, packages_select_test_failures=False, packages_skip_test_passed=False, packages_select=None, packages_skip=None, packages_select_regex=None, packages_skip_regex=None, packages_start=None, packages_end=None, cmake_args=None, cmake_target=None, cmake_target_skip_unavailable=False, cmake_clean_cache=False, cmake_clean_first=False, cmake_force_configure=False, ament_cmake_args=None, catkin_cmake_args=None, catkin_skip_building_tests=False, verb_parser=<colcon_defaults.argument_parser.defaults.DefaultArgumentsDecorator object at 0x10549c9d0>, verb_extension=<colcon_core.verb.build.BuildVerb object at 0x10549c430>, main=<bound method BuildVerb.main of <colcon_core.verb.build.BuildVerb object at 0x10549c430>>)
[0.908s] Level 1:colcon.colcon_core.package_discovery:discover_packages(colcon_meta) check parameters
[0.908s] Level 1:colcon.colcon_core.package_discovery:discover_packages(recursive) check parameters
[0.909s] Level 1:colcon.colcon_core.package_discovery:discover_packages(ignore) check parameters
[0.909s] Level 1:colcon.colcon_core.package_discovery:discover_packages(path) check parameters
[0.909s] Level 1:colcon.colcon_core.package_discovery:discover_packages(colcon_meta) discover
[0.909s] Level 1:colcon.colcon_core.package_discovery:discover_packages(recursive) discover
[0.909s] INFO:colcon.colcon_core.package_discovery:Crawling recursively for packages in '/Users/ethandsouza/Documents/GitHub/COMP0246_Labs'
[0.909s] Level 1:colcon.colcon_core.package_identification:_identify(.) by extensions ['ignore', 'ignore_ament_install']
[0.910s] Level 1:colcon.colcon_core.package_identification:_identify(.) by extension 'ignore'
[0.910s] Level 1:colcon.colcon_core.package_identification:_identify(.) by extension 'ignore_ament_install'
[0.910s] Level 1:colcon.colcon_core.package_identification:_identify(.) by extensions ['colcon_pkg']
[0.910s] Level 1:colcon.colcon_core.package_identification:_identify(.) by extension 'colcon_pkg'
[0.910s] Level 1:colcon.colcon_core.package_identification:_identify(.) by extensions ['colcon_meta']
[0.910s] Level 1:colcon.colcon_core.package_identification:_identify(.) by extension 'colcon_meta'
[0.910s] Level 1:colcon.colcon_core.package_identification:_identify(.) by extensions ['ros']
[0.910s] Level 1:colcon.colcon_core.package_identification:_identify(.) by extension 'ros'
[0.998s] Level 1:colcon.colcon_core.package_identification:_identify(.) by extensions ['cmake', 'python']
[0.998s] Level 1:colcon.colcon_core.package_identification:_identify(.) by extension 'cmake'
[0.998s] Level 1:colcon.colcon_core.package_identification:_identify(.) by extension 'python'
[0.998s] Level 1:colcon.colcon_core.package_identification:_identify(.) by extensions ['python_setup_py']
[0.998s] Level 1:colcon.colcon_core.package_identification:_identify(.) by extension 'python_setup_py'
[0.999s] Level 1:colcon.colcon_core.package_identification:_identify(build) by extensions ['ignore', 'ignore_ament_install']
[0.999s] Level 1:colcon.colcon_core.package_identification:_identify(build) by extension 'ignore'
[0.999s] Level 1:colcon.colcon_core.package_identification:_identify(build) ignored
[0.999s] Level 1:colcon.colcon_core.package_identification:_identify(final_lab) by extensions ['ignore', 'ignore_ament_install']
[0.999s] Level 1:colcon.colcon_core.package_identification:_identify(final_lab) by extension 'ignore'
[0.999s] Level 1:colcon.colcon_core.package_identification:_identify(final_lab) by extension 'ignore_ament_install'
[0.999s] Level 1:colcon.colcon_core.package_identification:_identify(final_lab) by extensions ['colcon_pkg']
[0.999s] Level 1:colcon.colcon_core.package_identification:_identify(final_lab) by extension 'colcon_pkg'
[1.000s] Level 1:colcon.colcon_core.package_identification:_identify(final_lab) by extensions ['colcon_meta']
[1.000s] Level 1:colcon.colcon_core.package_identification:_identify(final_lab) by extension 'colcon_meta'
[1.000s] Level 1:colcon.colcon_core.package_identification:_identify(final_lab) by extensions ['ros']
[1.000s] Level 1:colcon.colcon_core.package_identification:_identify(final_lab) by extension 'ros'
[1.000s] Level 1:colcon.colcon_core.package_identification:_identify(final_lab) by extensions ['cmake', 'python']
[1.000s] Level 1:colcon.colcon_core.package_identification:_identify(final_lab) by extension 'cmake'
[1.000s] Level 1:colcon.colcon_core.package_identification:_identify(final_lab) by extension 'python'
[1.000s] Level 1:colcon.colcon_core.package_identification:_identify(final_lab) by extensions ['python_setup_py']
[1.000s] Level 1:colcon.colcon_core.package_identification:_identify(final_lab) by extension 'python_setup_py'
[1.000s] Level 1:colcon.colcon_core.package_identification:_identify(final_lab/assets) by extensions ['ignore', 'ignore_ament_install']
[1.001s] Level 1:colcon.colcon_core.package_identification:_identify(final_lab/assets) by extension 'ignore'
[1.001s] Level 1:colcon.colcon_core.package_identification:_identify(final_lab/assets) by extension 'ignore_ament_install'
[1.001s] Level 1:colcon.colcon_core.package_identification:_identify(final_lab/assets) by extensions ['colcon_pkg']
[1.001s] Level 1:colcon.colcon_core.package_identification:_identify(final_lab/assets) by extension 'colcon_pkg'
[1.001s] Level 1:colcon.colcon_core.package_identification:_identify(final_lab/assets) by extensions ['colcon_meta']
[1.001s] Level 1:colcon.colcon_core.package_identification:_identify(final_lab/assets) by extension 'colcon_meta'
[1.001s] Level 1:colcon.colcon_core.package_identification:_identify(final_lab/assets) by extensions ['ros']
[1.001s] Level 1:colcon.colcon_core.package_identification:_identify(final_lab/assets) by extension 'ros'
[1.002s] Level 1:colcon.colcon_core.package_identification:_identify(final_lab/assets) by extensions ['cmake', 'python']
[1.002s] Level 1:colcon.colcon_core.package_identification:_identify(final_lab/assets) by extension 'cmake'
[1.002s] Level 1:colcon.colcon_core.package_identification:_identify(final_lab/assets) by extension 'python'
[1.002s] Level 1:colcon.colcon_core.package_identification:_identify(final_lab/assets) by extensions ['python_setup_py']
[1.002s] Level 1:colcon.colcon_core.package_identification:_identify(final_lab/assets) by extension 'python_setup_py'
[1.002s] Level 1:colcon.colcon_core.package_identification:_identify(final_lab/assets/lab2) by extensions ['ignore', 'ignore_ament_install']
[1.002s] Level 1:colcon.colcon_core.package_identification:_identify(final_lab/assets/lab2) by extension 'ignore'
[1.002s] Level 1:colcon.colcon_core.package_identification:_identify(final_lab/assets/lab2) by extension 'ignore_ament_install'
[1.003s] Level 1:colcon.colcon_core.package_identification:_identify(final_lab/assets/lab2) by extensions ['colcon_pkg']
[1.003s] Level 1:colcon.colcon_core.package_identification:_identify(final_lab/assets/lab2) by extension 'colcon_pkg'
[1.003s] Level 1:colcon.colcon_core.package_identification:_identify(final_lab/assets/lab2) by extensions ['colcon_meta']
[1.003s] Level 1:colcon.colcon_core.package_identification:_identify(final_lab/assets/lab2) by extension 'colcon_meta'
[1.003s] Level 1:colcon.colcon_core.package_identification:_identify(final_lab/assets/lab2) by extensions ['ros']
[1.003s] Level 1:colcon.colcon_core.package_identification:_identify(final_lab/assets/lab2) by extension 'ros'
[1.004s] Level 1:colcon.colcon_core.package_identification:_identify(final_lab/assets/lab2) by extensions ['cmake', 'python']
[1.004s] Level 1:colcon.colcon_core.package_identification:_identify(final_lab/assets/lab2) by extension 'cmake'
[1.004s] Level 1:colcon.colcon_core.package_identification:_identify(final_lab/assets/lab2) by extension 'python'
[1.004s] Level 1:colcon.colcon_core.package_identification:_identify(final_lab/assets/lab2) by extensions ['python_setup_py']
[1.004s] Level 1:colcon.colcon_core.package_identification:_identify(final_lab/assets/lab2) by extension 'python_setup_py'
[1.004s] Level 1:colcon.colcon_core.package_identification:_identify(final_lab/youbot_description) by extensions ['ignore', 'ignore_ament_install']
[1.005s] Level 1:colcon.colcon_core.package_identification:_identify(final_lab/youbot_description) by extension 'ignore'
[1.005s] Level 1:colcon.colcon_core.package_identification:_identify(final_lab/youbot_description) by extension 'ignore_ament_install'
[1.005s] Level 1:colcon.colcon_core.package_identification:_identify(final_lab/youbot_description) by extensions ['colcon_pkg']
[1.005s] Level 1:colcon.colcon_core.package_identification:_identify(final_lab/youbot_description) by extension 'colcon_pkg'
[1.005s] Level 1:colcon.colcon_core.package_identification:_identify(final_lab/youbot_description) by extensions ['colcon_meta']
[1.005s] Level 1:colcon.colcon_core.package_identification:_identify(final_lab/youbot_description) by extension 'colcon_meta'
[1.005s] Level 1:colcon.colcon_core.package_identification:_identify(final_lab/youbot_description) by extensions ['ros']
[1.005s] Level 1:colcon.colcon_core.package_identification:_identify(final_lab/youbot_description) by extension 'ros'
[1.013s] DEBUG:colcon.colcon_core.package_identification:Package 'final_lab/youbot_description' with type 'ros.ament_python' and name 'youbot_description'
[1.013s] Level 1:colcon.colcon_core.package_identification:_identify(final_lab/youbot_kinematics) by extensions ['ignore', 'ignore_ament_install']
[1.014s] Level 1:colcon.colcon_core.package_identification:_identify(final_lab/youbot_kinematics) by extension 'ignore'
[1.014s] Level 1:colcon.colcon_core.package_identification:_identify(final_lab/youbot_kinematics) by extension 'ignore_ament_install'
[1.014s] Level 1:colcon.colcon_core.package_identification:_identify(final_lab/youbot_kinematics) by extensions ['colcon_pkg']
[1.014s] Level 1:colcon.colcon_core.package_identification:_identify(final_lab/youbot_kinematics) by extension 'colcon_pkg'
[1.014s] Level 1:colcon.colcon_core.package_identification:_identify(final_lab/youbot_kinematics) by extensions ['colcon_meta']
[1.014s] Level 1:colcon.colcon_core.package_identification:_identify(final_lab/youbot_kinematics) by extension 'colcon_meta'
[1.014s] Level 1:colcon.colcon_core.package_identification:_identify(final_lab/youbot_kinematics) by extensions ['ros']
[1.014s] Level 1:colcon.colcon_core.package_identification:_identify(final_lab/youbot_kinematics) by extension 'ros'
[1.016s] DEBUG:colcon.colcon_core.package_identification:Package 'final_lab/youbot_kinematics' with type 'ros.ament_python' and name 'youbot_kinematics'
[1.016s] Level 1:colcon.colcon_core.package_identification:_identify(franka_description) by extensions ['ignore', 'ignore_ament_install']
[1.016s] Level 1:colcon.colcon_core.package_identification:_identify(franka_description) by extension 'ignore'
[1.017s] Level 1:colcon.colcon_core.package_identification:_identify(franka_description) by extension 'ignore_ament_install'
[1.017s] Level 1:colcon.colcon_core.package_identification:_identify(franka_description) by extensions ['colcon_pkg']
[1.017s] Level 1:colcon.colcon_core.package_identification:_identify(franka_description) by extension 'colcon_pkg'
[1.017s] Level 1:colcon.colcon_core.package_identification:_identify(franka_description) by extensions ['colcon_meta']
[1.017s] Level 1:colcon.colcon_core.package_identification:_identify(franka_description) by extension 'colcon_meta'
[1.017s] Level 1:colcon.colcon_core.package_identification:_identify(franka_description) by extensions ['ros']
[1.017s] Level 1:colcon.colcon_core.package_identification:_identify(franka_description) by extension 'ros'
[1.020s] DEBUG:colcon.colcon_core.package_identification:Package 'franka_description' with type 'ros.ament_cmake' and name 'franka_description'
[1.021s] Level 1:colcon.colcon_core.package_identification:_identify(install) by extensions ['ignore', 'ignore_ament_install']
[1.022s] Level 1:colcon.colcon_core.package_identification:_identify(install) by extension 'ignore'
[1.022s] Level 1:colcon.colcon_core.package_identification:_identify(install) ignored
[1.022s] Level 1:colcon.colcon_core.package_identification:_identify(lab1submission) by extensions ['ignore', 'ignore_ament_install']
[1.022s] Level 1:colcon.colcon_core.package_identification:_identify(lab1submission) by extension 'ignore'
[1.022s] Level 1:colcon.colcon_core.package_identification:_identify(lab1submission) by extension 'ignore_ament_install'
[1.022s] Level 1:colcon.colcon_core.package_identification:_identify(lab1submission) by extensions ['colcon_pkg']
[1.022s] Level 1:colcon.colcon_core.package_identification:_identify(lab1submission) by extension 'colcon_pkg'
[1.023s] Level 1:colcon.colcon_core.package_identification:_identify(lab1submission) by extensions ['colcon_meta']
[1.023s] Level 1:colcon.colcon_core.package_identification:_identify(lab1submission) by extension 'colcon_meta'
[1.023s] Level 1:colcon.colcon_core.package_identification:_identify(lab1submission) by extensions ['ros']
[1.023s] Level 1:colcon.colcon_core.package_identification:_identify(lab1submission) by extension 'ros'
[1.023s] Level 1:colcon.colcon_core.package_identification:_identify(lab1submission) by extensions ['cmake', 'python']
[1.023s] Level 1:colcon.colcon_core.package_identification:_identify(lab1submission) by extension 'cmake'
[1.023s] Level 1:colcon.colcon_core.package_identification:_identify(lab1submission) by extension 'python'
[1.023s] Level 1:colcon.colcon_core.package_identification:_identify(lab1submission) by extensions ['python_setup_py']
[1.023s] Level 1:colcon.colcon_core.package_identification:_identify(lab1submission) by extension 'python_setup_py'
[1.024s] Level 1:colcon.colcon_core.package_identification:_identify(lab1submission/assets) by extensions ['ignore', 'ignore_ament_install']
[1.024s] Level 1:colcon.colcon_core.package_identification:_identify(lab1submission/assets) by extension 'ignore'
[1.024s] Level 1:colcon.colcon_core.package_identification:_identify(lab1submission/assets) by extension 'ignore_ament_install'
[1.024s] Level 1:colcon.colcon_core.package_identification:_identify(lab1submission/assets) by extensions ['colcon_pkg']
[1.024s] Level 1:colcon.colcon_core.package_identification:_identify(lab1submission/assets) by extension 'colcon_pkg'
[1.024s] Level 1:colcon.colcon_core.package_identification:_identify(lab1submission/assets) by extensions ['colcon_meta']
[1.024s] Level 1:colcon.colcon_core.package_identification:_identify(lab1submission/assets) by extension 'colcon_meta'
[1.024s] Level 1:colcon.colcon_core.package_identification:_identify(lab1submission/assets) by extensions ['ros']
[1.024s] Level 1:colcon.colcon_core.package_identification:_identify(lab1submission/assets) by extension 'ros'
[1.025s] Level 1:colcon.colcon_core.package_identification:_identify(lab1submission/assets) by extensions ['cmake', 'python']
[1.025s] Level 1:colcon.colcon_core.package_identification:_identify(lab1submission/assets) by extension 'cmake'
[1.025s] Level 1:colcon.colcon_core.package_identification:_identify(lab1submission/assets) by extension 'python'
[1.025s] Level 1:colcon.colcon_core.package_identification:_identify(lab1submission/assets) by extensions ['python_setup_py']
[1.025s] Level 1:colcon.colcon_core.package_identification:_identify(lab1submission/assets) by extension 'python_setup_py'
[1.025s] Level 1:colcon.colcon_core.package_identification:_identify(lab1submission/build) by extensions ['ignore', 'ignore_ament_install']
[1.025s] Level 1:colcon.colcon_core.package_identification:_identify(lab1submission/build) by extension 'ignore'
[1.025s] Level 1:colcon.colcon_core.package_identification:_identify(lab1submission/build) ignored
[1.026s] Level 1:colcon.colcon_core.package_identification:_identify(lab1submission/install) by extensions ['ignore', 'ignore_ament_install']
[1.026s] Level 1:colcon.colcon_core.package_identification:_identify(lab1submission/install) by extension 'ignore'
[1.026s] Level 1:colcon.colcon_core.package_identification:_identify(lab1submission/install) ignored
[1.026s] Level 1:colcon.colcon_core.package_identification:_identify(lab1submission/log) by extensions ['ignore', 'ignore_ament_install']
[1.026s] Level 1:colcon.colcon_core.package_identification:_identify(lab1submission/log) by extension 'ignore'
[1.026s] Level 1:colcon.colcon_core.package_identification:_identify(lab1submission/log) ignored
[1.027s] Level 1:colcon.colcon_core.package_identification:_identify(lab1submission/transform_helpers) by extensions ['ignore', 'ignore_ament_install']
[1.027s] Level 1:colcon.colcon_core.package_identification:_identify(lab1submission/transform_helpers) by extension 'ignore'
[1.027s] Level 1:colcon.colcon_core.package_identification:_identify(lab1submission/transform_helpers) by extension 'ignore_ament_install'
[1.027s] Level 1:colcon.colcon_core.package_identification:_identify(lab1submission/transform_helpers) by extensions ['colcon_pkg']
[1.027s] Level 1:colcon.colcon_core.package_identification:_identify(lab1submission/transform_helpers) by extension 'colcon_pkg'
[1.027s] Level 1:colcon.colcon_core.package_identification:_identify(lab1submission/transform_helpers) by extensions ['colcon_meta']
[1.027s] Level 1:colcon.colcon_core.package_identification:_identify(lab1submission/transform_helpers) by extension 'colcon_meta'
[1.027s] Level 1:colcon.colcon_core.package_identification:_identify(lab1submission/transform_helpers) by extensions ['ros']
[1.027s] Level 1:colcon.colcon_core.package_identification:_identify(lab1submission/transform_helpers) by extension 'ros'
[1.029s] DEBUG:colcon.colcon_core.package_identification:Package 'lab1submission/transform_helpers' with type 'ros.ament_python' and name 'transform_helpers'
[1.029s] Level 1:colcon.colcon_core.package_identification:_identify(log) by extensions ['ignore', 'ignore_ament_install']
[1.029s] Level 1:colcon.colcon_core.package_identification:_identify(log) by extension 'ignore'
[1.029s] Level 1:colcon.colcon_core.package_identification:_identify(log) ignored
[1.029s] Level 1:colcon.colcon_core.package_discovery:discover_packages(recursive) using defaults
[1.030s] Level 1:colcon.colcon_core.package_discovery:discover_packages(ignore) discover
[1.030s] Level 1:colcon.colcon_core.package_discovery:discover_packages(ignore) using defaults
[1.030s] Level 1:colcon.colcon_core.package_discovery:discover_packages(path) discover
[1.030s] Level 1:colcon.colcon_core.package_discovery:discover_packages(path) using defaults
[1.097s] Level 5:colcon.colcon_core.verb:set package 'franka_description' build argument 'cmake_args' from command line to 'None'
[1.097s] Level 5:colcon.colcon_core.verb:set package 'franka_description' build argument 'cmake_target' from command line to 'None'
[1.097s] Level 5:colcon.colcon_core.verb:set package 'franka_description' build argument 'cmake_target_skip_unavailable' from command line to 'False'
[1.097s] Level 5:colcon.colcon_core.verb:set package 'franka_description' build argument 'cmake_clean_cache' from command line to 'False'
[1.097s] Level 5:colcon.colcon_core.verb:set package 'franka_description' build argument 'cmake_clean_first' from command line to 'False'
[1.097s] Level 5:colcon.colcon_core.verb:set package 'franka_description' build argument 'cmake_force_configure' from command line to 'False'
[1.098s] Level 5:colcon.colcon_core.verb:set package 'franka_description' build argument 'ament_cmake_args' from command line to 'None'
[1.098s] Level 5:colcon.colcon_core.verb:set package 'franka_description' build argument 'catkin_cmake_args' from command line to 'None'
[1.098s] Level 5:colcon.colcon_core.verb:set package 'franka_description' build argument 'catkin_skip_building_tests' from command line to 'False'
[1.098s] DEBUG:colcon.colcon_core.verb:Building package 'franka_description' with the following arguments: {'ament_cmake_args': None, 'build_base': '/Users/ethandsouza/Documents/GitHub/COMP0246_Labs/build/franka_description', 'catkin_cmake_args': None, 'catkin_skip_building_tests': False, 'cmake_args': None, 'cmake_clean_cache': False, 'cmake_clean_first': False, 'cmake_force_configure': False, 'cmake_target': None, 'cmake_target_skip_unavailable': False, 'install_base': '/Users/ethandsouza/Documents/GitHub/COMP0246_Labs/install/franka_description', 'merge_install': False, 'path': '/Users/ethandsouza/Documents/GitHub/COMP0246_Labs/franka_description', 'symlink_install': False, 'test_result_base': None}
[1.098s] Level 5:colcon.colcon_core.verb:set package 'youbot_description' build argument 'cmake_args' from command line to 'None'
[1.098s] Level 5:colcon.colcon_core.verb:set package 'youbot_description' build argument 'cmake_target' from command line to 'None'
[1.099s] Level 5:colcon.colcon_core.verb:set package 'youbot_description' build argument 'cmake_target_skip_unavailable' from command line to 'False'
[1.099s] Level 5:colcon.colcon_core.verb:set package 'youbot_description' build argument 'cmake_clean_cache' from command line to 'False'
[1.099s] Level 5:colcon.colcon_core.verb:set package 'youbot_description' build argument 'cmake_clean_first' from command line to 'False'
[1.099s] Level 5:colcon.colcon_core.verb:set package 'youbot_description' build argument 'cmake_force_configure' from command line to 'False'
[1.099s] Level 5:colcon.colcon_core.verb:set package 'youbot_description' build argument 'ament_cmake_args' from command line to 'None'
[1.099s] Level 5:colcon.colcon_core.verb:set package 'youbot_description' build argument 'catkin_cmake_args' from command line to 'None'
[1.100s] Level 5:colcon.colcon_core.verb:set package 'youbot_description' build argument 'catkin_skip_building_tests' from command line to 'False'
[1.100s] DEBUG:colcon.colcon_core.verb:Building package 'youbot_description' with the following arguments: {'ament_cmake_args': None, 'build_base': '/Users/ethandsouza/Documents/GitHub/COMP0246_Labs/build/youbot_description', 'catkin_cmake_args': None, 'catkin_skip_building_tests': False, 'cmake_args': None, 'cmake_clean_cache': False, 'cmake_clean_first': False, 'cmake_force_configure': False, 'cmake_target': None, 'cmake_target_skip_unavailable': False, 'install_base': '/Users/ethandsouza/Documents/GitHub/COMP0246_Labs/install/youbot_description', 'merge_install': False, 'path': '/Users/ethandsouza/Documents/GitHub/COMP0246_Labs/final_lab/youbot_description', 'symlink_install': False, 'test_result_base': None}
[1.100s] Level 5:colcon.colcon_core.verb:set package 'transform_helpers' build argument 'cmake_args' from command line to 'None'
[1.101s] Level 5:colcon.colcon_core.verb:set package 'transform_helpers' build argument 'cmake_target' from command line to 'None'
[1.101s] Level 5:colcon.colcon_core.verb:set package 'transform_helpers' build argument 'cmake_target_skip_unavailable' from command line to 'False'
[1.101s] Level 5:colcon.colcon_core.verb:set package 'transform_helpers' build argument 'cmake_clean_cache' from command line to 'False'
[1.101s] Level 5:colcon.colcon_core.verb:set package 'transform_helpers' build argument 'cmake_clean_first' from command line to 'False'
[1.101s] Level 5:colcon.colcon_core.verb:set package 'transform_helpers' build argument 'cmake_force_configure' from command line to 'False'
[1.101s] Level 5:colcon.colcon_core.verb:set package 'transform_helpers' build argument 'ament_cmake_args' from command line to 'None'
[1.101s] Level 5:colcon.colcon_core.verb:set package 'transform_helpers' build argument 'catkin_cmake_args' from command line to 'None'
[1.101s] Level 5:colcon.colcon_core.verb:set package 'transform_helpers' build argument 'catkin_skip_building_tests' from command line to 'False'
[1.101s] DEBUG:colcon.colcon_core.verb:Building package 'transform_helpers' with the following arguments: {'ament_cmake_args': None, 'build_base': '/Users/ethandsouza/Documents/GitHub/COMP0246_Labs/build/transform_helpers', 'catkin_cmake_args': None, 'catkin_skip_building_tests': False, 'cmake_args': None, 'cmake_clean_cache': False, 'cmake_clean_first': False, 'cmake_force_configure': False, 'cmake_target': None, 'cmake_target_skip_unavailable': False, 'install_base': '/Users/ethandsouza/Documents/GitHub/COMP0246_Labs/install/transform_helpers', 'merge_install': False, 'path': '/Users/ethandsouza/Documents/GitHub/COMP0246_Labs/lab1submission/transform_helpers', 'symlink_install': False, 'test_result_base': None}
[1.102s] Level 5:colcon.colcon_core.verb:set package 'youbot_kinematics' build argument 'cmake_args' from command line to 'None'
[1.102s] Level 5:colcon.colcon_core.verb:set package 'youbot_kinematics' build argument 'cmake_target' from command line to 'None'
[1.102s] Level 5:colcon.colcon_core.verb:set package 'youbot_kinematics' build argument 'cmake_target_skip_unavailable' from command line to 'False'
[1.102s] Level 5:colcon.colcon_core.verb:set package 'youbot_kinematics' build argument 'cmake_clean_cache' from command line to 'False'
[1.102s] Level 5:colcon.colcon_core.verb:set package 'youbot_kinematics' build argument 'cmake_clean_first' from command line to 'False'
[1.102s] Level 5:colcon.colcon_core.verb:set package 'youbot_kinematics' build argument 'cmake_force_configure' from command line to 'False'
[1.102s] Level 5:colcon.colcon_core.verb:set package 'youbot_kinematics' build argument 'ament_cmake_args' from command line to 'None'
[1.102s] Level 5:colcon.colcon_core.verb:set package 'youbot_kinematics' build argument 'catkin_cmake_args' from command line to 'None'
[1.102s] Level 5:colcon.colcon_core.verb:set package 'youbot_kinematics' build argument 'catkin_skip_building_tests' from command line to 'False'
[1.103s] DEBUG:colcon.colcon_core.verb:Building package 'youbot_kinematics' with the following arguments: {'ament_cmake_args': None, 'build_base': '/Users/ethandsouza/Documents/GitHub/COMP0246_Labs/build/youbot_kinematics', 'catkin_cmake_args': None, 'catkin_skip_building_tests': False, 'cmake_args': None, 'cmake_clean_cache': False, 'cmake_clean_first': False, 'cmake_force_configure': False, 'cmake_target': None, 'cmake_target_skip_unavailable': False, 'install_base': '/Users/ethandsouza/Documents/GitHub/COMP0246_Labs/install/youbot_kinematics', 'merge_install': False, 'path': '/Users/ethandsouza/Documents/GitHub/COMP0246_Labs/final_lab/youbot_kinematics', 'symlink_install': False, 'test_result_base': None}
[1.103s] INFO:colcon.colcon_core.executor:Executing jobs using 'parallel' executor
[1.104s] DEBUG:colcon.colcon_parallel_executor.executor.parallel:run_until_complete
[1.105s] INFO:colcon.colcon_ros.task.ament_cmake.build:Building ROS package in '/Users/ethandsouza/Documents/GitHub/COMP0246_Labs/franka_description' with build type 'ament_cmake'
[1.105s] INFO:colcon.colcon_cmake.task.cmake.build:Building CMake package in '/Users/ethandsouza/Documents/GitHub/COMP0246_Labs/franka_description'
[1.113s] INFO:colcon.colcon_core.plugin_system:Skipping extension 'colcon_core.shell.bat': Not used on non-Windows systems
[1.114s] INFO:colcon.colcon_core.shell:Skip shell extension 'powershell' for command environment: Not usable outside of PowerShell
[1.114s] DEBUG:colcon.colcon_core.shell:Skip shell extension 'dsv' for command environment
[1.133s] INFO:colcon.colcon_ros.task.ament_python.build:Building ROS package in '/Users/ethandsouza/Documents/GitHub/COMP0246_Labs/final_lab/youbot_description' with build type 'ament_python'
[1.133s] Level 1:colcon.colcon_core.shell:create_environment_hook('youbot_description', 'ament_prefix_path')
[1.134s] INFO:colcon.colcon_core.shell:Creating environment hook '/Users/ethandsouza/Documents/GitHub/COMP0246_Labs/install/youbot_description/share/youbot_description/hook/ament_prefix_path.ps1'
[1.136s] INFO:colcon.colcon_core.shell:Creating environment descriptor '/Users/ethandsouza/Documents/GitHub/COMP0246_Labs/install/youbot_description/share/youbot_description/hook/ament_prefix_path.dsv'
[1.139s] INFO:colcon.colcon_core.shell:Creating environment hook '/Users/ethandsouza/Documents/GitHub/COMP0246_Labs/install/youbot_description/share/youbot_description/hook/ament_prefix_path.sh'
[1.143s] INFO:colcon.colcon_core.shell:Skip shell extension 'powershell' for command environment: Not usable outside of PowerShell
[1.143s] DEBUG:colcon.colcon_core.shell:Skip shell extension 'dsv' for command environment
[1.180s] DEBUG:colcon.colcon_core.event_handler.log_command:Invoking command in '/Users/ethandsouza/Documents/GitHub/COMP0246_Labs/build/franka_description': CMAKE_PREFIX_PATH=/Users/ethandsouza/miniforge3/envs/roboenv-py3.10 CONDA_PROMPT_MODIFIER=(roboenv-py3.10) SHLVL=2 _=/usr/bin/env /Users/ethandsouza/miniforge3/envs/roboenv-py3.10/bin/cmake --build /Users/ethandsouza/Documents/GitHub/COMP0246_Labs/build/franka_description -- -j8 -l8
[2.678s] INFO:colcon.colcon_core.task.python.build:Building Python package in '/Users/ethandsouza/Documents/GitHub/COMP0246_Labs/final_lab/youbot_description'
[2.679s] INFO:colcon.colcon_core.shell:Skip shell extension 'powershell' for command environment: Not usable outside of PowerShell
[2.679s] DEBUG:colcon.colcon_core.shell:Skip shell extension 'dsv' for command environment
[2.693s] DEBUG:colcon.colcon_core.event_handler.log_command:Invoked command in '/Users/ethandsouza/Documents/GitHub/COMP0246_Labs/build/franka_description' returned '0': CMAKE_PREFIX_PATH=/Users/ethandsouza/miniforge3/envs/roboenv-py3.10 CONDA_PROMPT_MODIFIER=(roboenv-py3.10) SHLVL=2 _=/usr/bin/env /Users/ethandsouza/miniforge3/envs/roboenv-py3.10/bin/cmake --build /Users/ethandsouza/Documents/GitHub/COMP0246_Labs/build/franka_description -- -j8 -l8
[2.792s] DEBUG:colcon.colcon_core.event_handler.log_command:Invoking command in '/Users/ethandsouza/Documents/GitHub/COMP0246_Labs/build/franka_description': CMAKE_PREFIX_PATH=/Users/ethandsouza/miniforge3/envs/roboenv-py3.10 CONDA_PROMPT_MODIFIER=(roboenv-py3.10) SHLVL=2 _=/usr/bin/env /Users/ethandsouza/miniforge3/envs/roboenv-py3.10/bin/cmake --install /Users/ethandsouza/Documents/GitHub/COMP0246_Labs/build/franka_description
[2.914s] Level 1:colcon.colcon_core.environment:create_environment_scripts_only(franka_description)
[2.942s] Level 1:colcon.colcon_core.environment:checking '/Users/ethandsouza/Documents/GitHub/COMP0246_Labs/install/franka_description' for CMake module files
[2.949s] Level 1:colcon.colcon_core.environment:checking '/Users/ethandsouza/Documents/GitHub/COMP0246_Labs/install/franka_description' for CMake config files
[2.954s] Level 1:colcon.colcon_core.shell:create_environment_hook('franka_description', 'cmake_prefix_path')
[2.955s] INFO:colcon.colcon_core.shell:Creating environment hook '/Users/ethandsouza/Documents/GitHub/COMP0246_Labs/install/franka_description/share/franka_description/hook/cmake_prefix_path.ps1'
[2.958s] INFO:colcon.colcon_core.shell:Creating environment descriptor '/Users/ethandsouza/Documents/GitHub/COMP0246_Labs/install/franka_description/share/franka_description/hook/cmake_prefix_path.dsv'
[2.961s] INFO:colcon.colcon_core.shell:Creating environment hook '/Users/ethandsouza/Documents/GitHub/COMP0246_Labs/install/franka_description/share/franka_description/hook/cmake_prefix_path.sh'
[2.964s] Level 1:colcon.colcon_core.environment:checking '/Users/ethandsouza/Documents/GitHub/COMP0246_Labs/install/franka_description/lib'
[2.965s] Level 1:colcon.colcon_core.environment:checking '/Users/ethandsouza/Documents/GitHub/COMP0246_Labs/install/franka_description/bin'
[2.965s] Level 1:colcon.colcon_core.environment:checking '/Users/ethandsouza/Documents/GitHub/COMP0246_Labs/install/franka_description/lib/pkgconfig/franka_description.pc'
[2.966s] Level 1:colcon.colcon_core.environment:checking '/Users/ethandsouza/Documents/GitHub/COMP0246_Labs/install/franka_description/lib/python3.10/site-packages'
[2.967s] Level 1:colcon.colcon_core.environment:checking '/Users/ethandsouza/Documents/GitHub/COMP0246_Labs/install/franka_description/bin'
[2.968s] INFO:colcon.colcon_core.shell:Creating package script '/Users/ethandsouza/Documents/GitHub/COMP0246_Labs/install/franka_description/share/franka_description/package.ps1'
[2.974s] INFO:colcon.colcon_core.shell:Creating package descriptor '/Users/ethandsouza/Documents/GitHub/COMP0246_Labs/install/franka_description/share/franka_description/package.dsv'
[2.977s] INFO:colcon.colcon_core.shell:Creating package script '/Users/ethandsouza/Documents/GitHub/COMP0246_Labs/install/franka_description/share/franka_description/package.sh'
[2.980s] DEBUG:colcon.colcon_core.event_handler.log_command:Invoked command in '/Users/ethandsouza/Documents/GitHub/COMP0246_Labs/build/franka_description' returned '0': CMAKE_PREFIX_PATH=/Users/ethandsouza/miniforge3/envs/roboenv-py3.10 CONDA_PROMPT_MODIFIER=(roboenv-py3.10) SHLVL=2 _=/usr/bin/env /Users/ethandsouza/miniforge3/envs/roboenv-py3.10/bin/cmake --install /Users/ethandsouza/Documents/GitHub/COMP0246_Labs/build/franka_description
[2.980s] INFO:colcon.colcon_core.shell:Creating package script '/Users/ethandsouza/Documents/GitHub/COMP0246_Labs/install/franka_description/share/franka_description/package.bash'
[2.983s] INFO:colcon.colcon_core.shell:Creating package script '/Users/ethandsouza/Documents/GitHub/COMP0246_Labs/install/franka_description/share/franka_description/package.zsh'
[2.986s] Level 1:colcon.colcon_core.environment:create_file_with_runtime_dependencies(/Users/ethandsouza/Documents/GitHub/COMP0246_Labs/install/franka_description/share/colcon-core/packages/franka_description)
[2.988s] Level 1:colcon.colcon_core.environment:create_environment_scripts_only(franka_description)
[2.989s] Level 1:colcon.colcon_core.environment:checking '/Users/ethandsouza/Documents/GitHub/COMP0246_Labs/install/franka_description' for CMake module files
[2.991s] Level 1:colcon.colcon_core.environment:checking '/Users/ethandsouza/Documents/GitHub/COMP0246_Labs/install/franka_description' for CMake config files
[2.993s] Level 1:colcon.colcon_core.shell:create_environment_hook('franka_description', 'cmake_prefix_path')
[2.995s] INFO:colcon.colcon_core.shell:Creating environment hook '/Users/ethandsouza/Documents/GitHub/COMP0246_Labs/install/franka_description/share/franka_description/hook/cmake_prefix_path.ps1'
[2.997s] INFO:colcon.colcon_core.shell:Creating environment descriptor '/Users/ethandsouza/Documents/GitHub/COMP0246_Labs/install/franka_description/share/franka_description/hook/cmake_prefix_path.dsv'
[2.999s] INFO:colcon.colcon_core.shell:Creating environment hook '/Users/ethandsouza/Documents/GitHub/COMP0246_Labs/install/franka_description/share/franka_description/hook/cmake_prefix_path.sh'
[3.000s] Level 1:colcon.colcon_core.environment:checking '/Users/ethandsouza/Documents/GitHub/COMP0246_Labs/install/franka_description/lib'
[3.000s] Level 1:colcon.colcon_core.environment:checking '/Users/ethandsouza/Documents/GitHub/COMP0246_Labs/install/franka_description/bin'
[3.001s] Level 1:colcon.colcon_core.environment:checking '/Users/ethandsouza/Documents/GitHub/COMP0246_Labs/install/franka_description/lib/pkgconfig/franka_description.pc'
[3.001s] Level 1:colcon.colcon_core.environment:checking '/Users/ethandsouza/Documents/GitHub/COMP0246_Labs/install/franka_description/lib/python3.10/site-packages'
[3.002s] Level 1:colcon.colcon_core.environment:checking '/Users/ethandsouza/Documents/GitHub/COMP0246_Labs/install/franka_description/bin'
[3.004s] INFO:colcon.colcon_core.shell:Creating package script '/Users/ethandsouza/Documents/GitHub/COMP0246_Labs/install/franka_description/share/franka_description/package.ps1'
[3.006s] INFO:colcon.colcon_core.shell:Creating package descriptor '/Users/ethandsouza/Documents/GitHub/COMP0246_Labs/install/franka_description/share/franka_description/package.dsv'
[3.010s] INFO:colcon.colcon_core.shell:Creating package script '/Users/ethandsouza/Documents/GitHub/COMP0246_Labs/install/franka_description/share/franka_description/package.sh'
[3.012s] INFO:colcon.colcon_core.shell:Creating package script '/Users/ethandsouza/Documents/GitHub/COMP0246_Labs/install/franka_description/share/franka_description/package.bash'
[3.013s] INFO:colcon.colcon_core.shell:Creating package script '/Users/ethandsouza/Documents/GitHub/COMP0246_Labs/install/franka_description/share/franka_description/package.zsh'
[3.015s] Level 1:colcon.colcon_core.environment:create_file_with_runtime_dependencies(/Users/ethandsouza/Documents/GitHub/COMP0246_Labs/install/franka_description/share/colcon-core/packages/franka_description)
[3.016s] INFO:colcon.colcon_ros.task.ament_python.build:Building ROS package in '/Users/ethandsouza/Documents/GitHub/COMP0246_Labs/lab1submission/transform_helpers' with build type 'ament_python'
[3.017s] Level 1:colcon.colcon_core.shell:create_environment_hook('transform_helpers', 'ament_prefix_path')
[3.018s] INFO:colcon.colcon_core.shell:Creating environment hook '/Users/ethandsouza/Documents/GitHub/COMP0246_Labs/install/transform_helpers/share/transform_helpers/hook/ament_prefix_path.ps1'
[3.020s] INFO:colcon.colcon_core.shell:Creating environment descriptor '/Users/ethandsouza/Documents/GitHub/COMP0246_Labs/install/transform_helpers/share/transform_helpers/hook/ament_prefix_path.dsv'
[3.021s] INFO:colcon.colcon_core.shell:Creating environment hook '/Users/ethandsouza/Documents/GitHub/COMP0246_Labs/install/transform_helpers/share/transform_helpers/hook/ament_prefix_path.sh'
[3.024s] INFO:colcon.colcon_core.shell:Skip shell extension 'powershell' for command environment: Not usable outside of PowerShell
[3.024s] DEBUG:colcon.colcon_core.shell:Skip shell extension 'dsv' for command environment
[4.583s] INFO:colcon.colcon_core.task.python.build:Building Python package in '/Users/ethandsouza/Documents/GitHub/COMP0246_Labs/lab1submission/transform_helpers'
[4.584s] INFO:colcon.colcon_core.shell:Skip shell extension 'powershell' for command environment: Not usable outside of PowerShell
[4.584s] DEBUG:colcon.colcon_core.shell:Skip shell extension 'dsv' for command environment
[5.159s] DEBUG:colcon.colcon_core.event_handler.log_command:Invoking command in '/Users/ethandsouza/Documents/GitHub/COMP0246_Labs/final_lab/youbot_description': CONDA_PROMPT_MODIFIER=(roboenv-py3.10) PYTHONPATH=/Users/ethandsouza/Documents/GitHub/COMP0246_Labs/build/youbot_description/prefix_override:/Users/ethandsouza/miniforge3/envs/roboenv-py3.10/lib/python3.10/site-packages/colcon_core/task/python/colcon_distutils_commands:/Users/ethandsouza/Documents/GitHub/COMP0246_Labs/install/youbot_description/lib/python3.10/site-packages:${PYTHONPATH} SHLVL=2 _=/usr/bin/env /Users/ethandsouza/miniforge3/envs/roboenv-py3.10/bin/python3.10 -W ignore:setup.py install is deprecated -W ignore:easy_install command is deprecated setup.py egg_info --egg-base ../../build/youbot_description build --build-base /Users/ethandsouza/Documents/GitHub/COMP0246_Labs/build/youbot_description/build install --record /Users/ethandsouza/Documents/GitHub/COMP0246_Labs/build/youbot_description/install.log --single-version-externally-managed install_data
[6.709s] DEBUG:colcon.colcon_core.event_handler.log_command:Invoking command in '/Users/ethandsouza/Documents/GitHub/COMP0246_Labs/lab1submission/transform_helpers': AMENT_PREFIX_PATH=/Users/ethandsouza/Documents/GitHub/COMP0246_Labs/install/franka_description:${AMENT_PREFIX_PATH} CMAKE_PREFIX_PATH=/Users/ethandsouza/Documents/GitHub/COMP0246_Labs/install/franka_description CONDA_PROMPT_MODIFIER=(roboenv-py3.10) PYTHONPATH=/Users/ethandsouza/Documents/GitHub/COMP0246_Labs/build/transform_helpers/prefix_override:/Users/ethandsouza/miniforge3/envs/roboenv-py3.10/lib/python3.10/site-packages/colcon_core/task/python/colcon_distutils_commands:/Users/ethandsouza/Documents/GitHub/COMP0246_Labs/install/transform_helpers/lib/python3.10/site-packages:${PYTHONPATH} SHLVL=2 _=/usr/bin/env /Users/ethandsouza/miniforge3/envs/roboenv-py3.10/bin/python3.10 -W ignore:setup.py install is deprecated -W ignore:easy_install command is deprecated setup.py egg_info --egg-base ../../build/transform_helpers build --build-base /Users/ethandsouza/Documents/GitHub/COMP0246_Labs/build/transform_helpers/build install --record /Users/ethandsouza/Documents/GitHub/COMP0246_Labs/build/transform_helpers/install.log --single-version-externally-managed install_data
[8.527s] Level 1:colcon.colcon_core.environment:checking '/Users/ethandsouza/Documents/GitHub/COMP0246_Labs/install/youbot_description' for CMake module files
[8.528s] DEBUG:colcon.colcon_core.event_handler.log_command:Invoked command in '/Users/ethandsouza/Documents/GitHub/COMP0246_Labs/final_lab/youbot_description' returned '0': CONDA_PROMPT_MODIFIER=(roboenv-py3.10) PYTHONPATH=/Users/ethandsouza/Documents/GitHub/COMP0246_Labs/build/youbot_description/prefix_override:/Users/ethandsouza/miniforge3/envs/roboenv-py3.10/lib/python3.10/site-packages/colcon_core/task/python/colcon_distutils_commands:/Users/ethandsouza/Documents/GitHub/COMP0246_Labs/install/youbot_description/lib/python3.10/site-packages:${PYTHONPATH} SHLVL=2 _=/usr/bin/env /Users/ethandsouza/miniforge3/envs/roboenv-py3.10/bin/python3.10 -W ignore:setup.py install is deprecated -W ignore:easy_install command is deprecated setup.py egg_info --egg-base ../../build/youbot_description build --build-base /Users/ethandsouza/Documents/GitHub/COMP0246_Labs/build/youbot_description/build install --record /Users/ethandsouza/Documents/GitHub/COMP0246_Labs/build/youbot_description/install.log --single-version-externally-managed install_data
[8.528s] Level 1:colcon.colcon_core.environment:checking '/Users/ethandsouza/Documents/GitHub/COMP0246_Labs/install/youbot_description' for CMake config files
[8.530s] Level 1:colcon.colcon_core.environment:checking '/Users/ethandsouza/Documents/GitHub/COMP0246_Labs/install/youbot_description/lib'
[8.531s] Level 1:colcon.colcon_core.environment:checking '/Users/ethandsouza/Documents/GitHub/COMP0246_Labs/install/youbot_description/bin'
[8.531s] Level 1:colcon.colcon_core.environment:checking '/Users/ethandsouza/Documents/GitHub/COMP0246_Labs/install/youbot_description/lib/pkgconfig/youbot_description.pc'
[8.531s] Level 1:colcon.colcon_core.environment:checking '/Users/ethandsouza/Documents/GitHub/COMP0246_Labs/install/youbot_description/lib/python3.10/site-packages'
[8.531s] Level 1:colcon.colcon_core.shell:create_environment_hook('youbot_description', 'pythonpath')
[8.532s] INFO:colcon.colcon_core.shell:Creating environment hook '/Users/ethandsouza/Documents/GitHub/COMP0246_Labs/install/youbot_description/share/youbot_description/hook/pythonpath.ps1'
[8.533s] INFO:colcon.colcon_core.shell:Creating environment descriptor '/Users/ethandsouza/Documents/GitHub/COMP0246_Labs/install/youbot_description/share/youbot_description/hook/pythonpath.dsv'
[8.534s] INFO:colcon.colcon_core.shell:Creating environment hook '/Users/ethandsouza/Documents/GitHub/COMP0246_Labs/install/youbot_description/share/youbot_description/hook/pythonpath.sh'
[8.535s] Level 1:colcon.colcon_core.environment:checking '/Users/ethandsouza/Documents/GitHub/COMP0246_Labs/install/youbot_description/bin'
[8.535s] Level 1:colcon.colcon_core.environment:create_environment_scripts_only(youbot_description)
[8.535s] INFO:colcon.colcon_core.shell:Creating package script '/Users/ethandsouza/Documents/GitHub/COMP0246_Labs/install/youbot_description/share/youbot_description/package.ps1'
[8.537s] INFO:colcon.colcon_core.shell:Creating package descriptor '/Users/ethandsouza/Documents/GitHub/COMP0246_Labs/install/youbot_description/share/youbot_description/package.dsv'
[8.538s] INFO:colcon.colcon_core.shell:Creating package script '/Users/ethandsouza/Documents/GitHub/COMP0246_Labs/install/youbot_description/share/youbot_description/package.sh'
[8.539s] INFO:colcon.colcon_core.shell:Creating package script '/Users/ethandsouza/Documents/GitHub/COMP0246_Labs/install/youbot_description/share/youbot_description/package.bash'
[8.539s] INFO:colcon.colcon_core.shell:Creating package script '/Users/ethandsouza/Documents/GitHub/COMP0246_Labs/install/youbot_description/share/youbot_description/package.zsh'
[8.540s] Level 1:colcon.colcon_core.environment:create_file_with_runtime_dependencies(/Users/ethandsouza/Documents/GitHub/COMP0246_Labs/install/youbot_description/share/colcon-core/packages/youbot_description)
[9.992s] Level 1:colcon.colcon_core.environment:checking '/Users/ethandsouza/Documents/GitHub/COMP0246_Labs/install/transform_helpers' for CMake module files
[9.993s] DEBUG:colcon.colcon_core.event_handler.log_command:Invoked command in '/Users/ethandsouza/Documents/GitHub/COMP0246_Labs/lab1submission/transform_helpers' returned '0': AMENT_PREFIX_PATH=/Users/ethandsouza/Documents/GitHub/COMP0246_Labs/install/franka_description:${AMENT_PREFIX_PATH} CMAKE_PREFIX_PATH=/Users/ethandsouza/Documents/GitHub/COMP0246_Labs/install/franka_description CONDA_PROMPT_MODIFIER=(roboenv-py3.10) PYTHONPATH=/Users/ethandsouza/Documents/GitHub/COMP0246_Labs/build/transform_helpers/prefix_override:/Users/ethandsouza/miniforge3/envs/roboenv-py3.10/lib/python3.10/site-packages/colcon_core/task/python/colcon_distutils_commands:/Users/ethandsouza/Documents/GitHub/COMP0246_Labs/install/transform_helpers/lib/python3.10/site-packages:${PYTHONPATH} SHLVL=2 _=/usr/bin/env /Users/ethandsouza/miniforge3/envs/roboenv-py3.10/bin/python3.10 -W ignore:setup.py install is deprecated -W ignore:easy_install command is deprecated setup.py egg_info --egg-base ../../build/transform_helpers build --build-base /Users/ethandsouza/Documents/GitHub/COMP0246_Labs/build/transform_helpers/build install --record /Users/ethandsouza/Documents/GitHub/COMP0246_Labs/build/transform_helpers/install.log --single-version-externally-managed install_data
[9.993s] Level 1:colcon.colcon_core.environment:checking '/Users/ethandsouza/Documents/GitHub/COMP0246_Labs/install/transform_helpers' for CMake config files
[9.995s] Level 1:colcon.colcon_core.environment:checking '/Users/ethandsouza/Documents/GitHub/COMP0246_Labs/install/transform_helpers/lib'
[9.995s] Level 1:colcon.colcon_core.environment:checking '/Users/ethandsouza/Documents/GitHub/COMP0246_Labs/install/transform_helpers/bin'
[9.995s] Level 1:colcon.colcon_core.environment:checking '/Users/ethandsouza/Documents/GitHub/COMP0246_Labs/install/transform_helpers/lib/pkgconfig/transform_helpers.pc'
[9.995s] Level 1:colcon.colcon_core.environment:checking '/Users/ethandsouza/Documents/GitHub/COMP0246_Labs/install/transform_helpers/lib/python3.10/site-packages'
[9.996s] Level 1:colcon.colcon_core.shell:create_environment_hook('transform_helpers', 'pythonpath')
[9.996s] INFO:colcon.colcon_core.shell:Creating environment hook '/Users/ethandsouza/Documents/GitHub/COMP0246_Labs/install/transform_helpers/share/transform_helpers/hook/pythonpath.ps1'
[9.997s] INFO:colcon.colcon_core.shell:Creating environment descriptor '/Users/ethandsouza/Documents/GitHub/COMP0246_Labs/install/transform_helpers/share/transform_helpers/hook/pythonpath.dsv'
[9.997s] INFO:colcon.colcon_core.shell:Creating environment hook '/Users/ethandsouza/Documents/GitHub/COMP0246_Labs/install/transform_helpers/share/transform_helpers/hook/pythonpath.sh'
[9.999s] Level 1:colcon.colcon_core.environment:checking '/Users/ethandsouza/Documents/GitHub/COMP0246_Labs/install/transform_helpers/bin'
[9.999s] Level 1:colcon.colcon_core.environment:create_environment_scripts_only(transform_helpers)
[9.999s] INFO:colcon.colcon_core.shell:Creating package script '/Users/ethandsouza/Documents/GitHub/COMP0246_Labs/install/transform_helpers/share/transform_helpers/package.ps1'
[10.000s] INFO:colcon.colcon_core.shell:Creating package descriptor '/Users/ethandsouza/Documents/GitHub/COMP0246_Labs/install/transform_helpers/share/transform_helpers/package.dsv'
[10.001s] INFO:colcon.colcon_core.shell:Creating package script '/Users/ethandsouza/Documents/GitHub/COMP0246_Labs/install/transform_helpers/share/transform_helpers/package.sh'
[10.002s] INFO:colcon.colcon_core.shell:Creating package script '/Users/ethandsouza/Documents/GitHub/COMP0246_Labs/install/transform_helpers/share/transform_helpers/package.bash'
[10.003s] INFO:colcon.colcon_core.shell:Creating package script '/Users/ethandsouza/Documents/GitHub/COMP0246_Labs/install/transform_helpers/share/transform_helpers/package.zsh'
[10.004s] Level 1:colcon.colcon_core.environment:create_file_with_runtime_dependencies(/Users/ethandsouza/Documents/GitHub/COMP0246_Labs/install/transform_helpers/share/colcon-core/packages/transform_helpers)
[10.005s] INFO:colcon.colcon_ros.task.ament_python.build:Building ROS package in '/Users/ethandsouza/Documents/GitHub/COMP0246_Labs/final_lab/youbot_kinematics' with build type 'ament_python'
[10.005s] Level 1:colcon.colcon_core.shell:create_environment_hook('youbot_kinematics', 'ament_prefix_path')
[10.006s] INFO:colcon.colcon_core.shell:Creating environment hook '/Users/ethandsouza/Documents/GitHub/COMP0246_Labs/install/youbot_kinematics/share/youbot_kinematics/hook/ament_prefix_path.ps1'
[10.007s] INFO:colcon.colcon_core.shell:Creating environment descriptor '/Users/ethandsouza/Documents/GitHub/COMP0246_Labs/install/youbot_kinematics/share/youbot_kinematics/hook/ament_prefix_path.dsv'
[10.009s] INFO:colcon.colcon_core.shell:Creating environment hook '/Users/ethandsouza/Documents/GitHub/COMP0246_Labs/install/youbot_kinematics/share/youbot_kinematics/hook/ament_prefix_path.sh'
[10.011s] INFO:colcon.colcon_core.shell:Skip shell extension 'powershell' for command environment: Not usable outside of PowerShell
[10.011s] DEBUG:colcon.colcon_core.shell:Skip shell extension 'dsv' for command environment
[11.590s] INFO:colcon.colcon_core.task.python.build:Building Python package in '/Users/ethandsouza/Documents/GitHub/COMP0246_Labs/final_lab/youbot_kinematics'
[11.592s] INFO:colcon.colcon_core.shell:Skip shell extension 'powershell' for command environment: Not usable outside of PowerShell
[11.592s] DEBUG:colcon.colcon_core.shell:Skip shell extension 'dsv' for command environment
[13.687s] DEBUG:colcon.colcon_core.event_handler.log_command:Invoking command in '/Users/ethandsouza/Documents/GitHub/COMP0246_Labs/final_lab/youbot_kinematics': AMENT_PREFIX_PATH=/Users/ethandsouza/Documents/GitHub/COMP0246_Labs/install/transform_helpers:/Users/ethandsouza/Documents/GitHub/COMP0246_Labs/install/youbot_description:/Users/ethandsouza/Documents/GitHub/COMP0246_Labs/install/franka_description:${AMENT_PREFIX_PATH} CMAKE_PREFIX_PATH=/Users/ethandsouza/Documents/GitHub/COMP0246_Labs/install/franka_description CONDA_PROMPT_MODIFIER=(roboenv-py3.10) PYTHONPATH=/Users/ethandsouza/Documents/GitHub/COMP0246_Labs/build/youbot_kinematics/prefix_override:/Users/ethandsouza/miniforge3/envs/roboenv-py3.10/lib/python3.10/site-packages/colcon_core/task/python/colcon_distutils_commands:/Users/ethandsouza/Documents/GitHub/COMP0246_Labs/install/youbot_kinematics/lib/python3.10/site-packages:/Users/ethandsouza/Documents/GitHub/COMP0246_Labs/install/transform_helpers/lib/python3.10/site-packages:/Users/ethandsouza/Documents/GitHub/COMP0246_Labs/install/youbot_description/lib/python3.10/site-packages:${PYTHONPATH} SHLVL=2 _=/usr/bin/env /Users/ethandsouza/miniforge3/envs/roboenv-py3.10/bin/python3.10 -W ignore:setup.py install is deprecated -W ignore:easy_install command is deprecated setup.py egg_info --egg-base ../../build/youbot_kinematics build --build-base /Users/ethandsouza/Documents/GitHub/COMP0246_Labs/build/youbot_kinematics/build install --record /Users/ethandsouza/Documents/GitHub/COMP0246_Labs/build/youbot_kinematics/install.log --single-version-externally-managed install_data
[17.203s] Level 1:colcon.colcon_core.environment:checking '/Users/ethandsouza/Documents/GitHub/COMP0246_Labs/install/youbot_kinematics' for CMake module files
[17.204s] DEBUG:colcon.colcon_core.event_handler.log_command:Invoked command in '/Users/ethandsouza/Documents/GitHub/COMP0246_Labs/final_lab/youbot_kinematics' returned '0': AMENT_PREFIX_PATH=/Users/ethandsouza/Documents/GitHub/COMP0246_Labs/install/transform_helpers:/Users/ethandsouza/Documents/GitHub/COMP0246_Labs/install/youbot_description:/Users/ethandsouza/Documents/GitHub/COMP0246_Labs/install/franka_description:${AMENT_PREFIX_PATH} CMAKE_PREFIX_PATH=/Users/ethandsouza/Documents/GitHub/COMP0246_Labs/install/franka_description CONDA_PROMPT_MODIFIER=(roboenv-py3.10) PYTHONPATH=/Users/ethandsouza/Documents/GitHub/COMP0246_Labs/build/youbot_kinematics/prefix_override:/Users/ethandsouza/miniforge3/envs/roboenv-py3.10/lib/python3.10/site-packages/colcon_core/task/python/colcon_distutils_commands:/Users/ethandsouza/Documents/GitHub/COMP0246_Labs/install/youbot_kinematics/lib/python3.10/site-packages:/Users/ethandsouza/Documents/GitHub/COMP0246_Labs/install/transform_helpers/lib/python3.10/site-packages:/Users/ethandsouza/Documents/GitHub/COMP0246_Labs/install/youbot_description/lib/python3.10/site-packages:${PYTHONPATH} SHLVL=2 _=/usr/bin/env /Users/ethandsouza/miniforge3/envs/roboenv-py3.10/bin/python3.10 -W ignore:setup.py install is deprecated -W ignore:easy_install command is deprecated setup.py egg_info --egg-base ../../build/youbot_kinematics build --build-base /Users/ethandsouza/Documents/GitHub/COMP0246_Labs/build/youbot_kinematics/build install --record /Users/ethandsouza/Documents/GitHub/COMP0246_Labs/build/youbot_kinematics/install.log --single-version-externally-managed install_data
[17.205s] Level 1:colcon.colcon_core.environment:checking '/Users/ethandsouza/Documents/GitHub/COMP0246_Labs/install/youbot_kinematics' for CMake config files
[17.207s] Level 1:colcon.colcon_core.environment:checking '/Users/ethandsouza/Documents/GitHub/COMP0246_Labs/install/youbot_kinematics/lib'
[17.208s] Level 1:colcon.colcon_core.environment:checking '/Users/ethandsouza/Documents/GitHub/COMP0246_Labs/install/youbot_kinematics/bin'
[17.208s] Level 1:colcon.colcon_core.environment:checking '/Users/ethandsouza/Documents/GitHub/COMP0246_Labs/install/youbot_kinematics/lib/pkgconfig/youbot_kinematics.pc'
[17.208s] Level 1:colcon.colcon_core.environment:checking '/Users/ethandsouza/Documents/GitHub/COMP0246_Labs/install/youbot_kinematics/lib/python3.10/site-packages'
[17.208s] Level 1:colcon.colcon_core.shell:create_environment_hook('youbot_kinematics', 'pythonpath')
[17.209s] INFO:colcon.colcon_core.shell:Creating environment hook '/Users/ethandsouza/Documents/GitHub/COMP0246_Labs/install/youbot_kinematics/share/youbot_kinematics/hook/pythonpath.ps1'
[17.210s] INFO:colcon.colcon_core.shell:Creating environment descriptor '/Users/ethandsouza/Documents/GitHub/COMP0246_Labs/install/youbot_kinematics/share/youbot_kinematics/hook/pythonpath.dsv'
[17.211s] INFO:colcon.colcon_core.shell:Creating environment hook '/Users/ethandsouza/Documents/GitHub/COMP0246_Labs/install/youbot_kinematics/share/youbot_kinematics/hook/pythonpath.sh'
[17.212s] Level 1:colcon.colcon_core.environment:checking '/Users/ethandsouza/Documents/GitHub/COMP0246_Labs/install/youbot_kinematics/bin'
[17.212s] Level 1:colcon.colcon_core.environment:create_environment_scripts_only(youbot_kinematics)
[17.213s] INFO:colcon.colcon_core.shell:Creating package script '/Users/ethandsouza/Documents/GitHub/COMP0246_Labs/install/youbot_kinematics/share/youbot_kinematics/package.ps1'
[17.214s] INFO:colcon.colcon_core.shell:Creating package descriptor '/Users/ethandsouza/Documents/GitHub/COMP0246_Labs/install/youbot_kinematics/share/youbot_kinematics/package.dsv'
[17.215s] INFO:colcon.colcon_core.shell:Creating package script '/Users/ethandsouza/Documents/GitHub/COMP0246_Labs/install/youbot_kinematics/share/youbot_kinematics/package.sh'
[17.215s] INFO:colcon.colcon_core.shell:Creating package script '/Users/ethandsouza/Documents/GitHub/COMP0246_Labs/install/youbot_kinematics/share/youbot_kinematics/package.bash'
[17.216s] INFO:colcon.colcon_core.shell:Creating package script '/Users/ethandsouza/Documents/GitHub/COMP0246_Labs/install/youbot_kinematics/share/youbot_kinematics/package.zsh'
[17.217s] Level 1:colcon.colcon_core.environment:create_file_with_runtime_dependencies(/Users/ethandsouza/Documents/GitHub/COMP0246_Labs/install/youbot_kinematics/share/colcon-core/packages/youbot_kinematics)
[17.218s] DEBUG:colcon.colcon_parallel_executor.executor.parallel:closing loop
[17.218s] DEBUG:colcon.colcon_parallel_executor.executor.parallel:loop closed
[17.218s] DEBUG:colcon.colcon_parallel_executor.executor.parallel:run_until_complete finished with '0'
[17.219s] DEBUG:colcon.colcon_core.event_reactor:joining thread
[17.230s] INFO:colcon.colcon_core.plugin_system:Skipping extension 'colcon_notification.desktop_notification.notify2': 'notify2' not found
[17.231s] INFO:colcon.colcon_core.plugin_system:Skipping extension 'colcon_notification.desktop_notification.notify_send': Not used on non-Linux systems
[17.231s] INFO:colcon.colcon_core.plugin_system:Skipping extension 'colcon_notification.desktop_notification.win32': Not used on non-Windows systems
[17.231s] INFO:colcon.colcon_notification.desktop_notification:Sending desktop notification using 'terminal_notifier'
[17.346s] DEBUG:colcon.colcon_core.event_reactor:joined thread
[17.347s] INFO:colcon.colcon_core.shell:Creating prefix script '/Users/ethandsouza/Documents/GitHub/COMP0246_Labs/install/local_setup.ps1'
[17.350s] INFO:colcon.colcon_core.shell:Creating prefix util module '/Users/ethandsouza/Documents/GitHub/COMP0246_Labs/install/_local_setup_util_ps1.py'
[17.355s] INFO:colcon.colcon_core.shell:Creating prefix chain script '/Users/ethandsouza/Documents/GitHub/COMP0246_Labs/install/setup.ps1'
[17.359s] INFO:colcon.colcon_core.shell:Creating prefix script '/Users/ethandsouza/Documents/GitHub/COMP0246_Labs/install/local_setup.sh'
[17.365s] INFO:colcon.colcon_core.shell:Creating prefix util module '/Users/ethandsouza/Documents/GitHub/COMP0246_Labs/install/_local_setup_util_sh.py'
[17.368s] INFO:colcon.colcon_core.shell:Creating prefix chain script '/Users/ethandsouza/Documents/GitHub/COMP0246_Labs/install/setup.sh'
[17.371s] INFO:colcon.colcon_core.shell:Creating prefix script '/Users/ethandsouza/Documents/GitHub/COMP0246_Labs/install/local_setup.bash'
[17.373s] INFO:colcon.colcon_core.shell:Creating prefix chain script '/Users/ethandsouza/Documents/GitHub/COMP0246_Labs/install/setup.bash'
[17.377s] INFO:colcon.colcon_core.shell:Creating prefix script '/Users/ethandsouza/Documents/GitHub/COMP0246_Labs/install/local_setup.zsh'
[17.379s] INFO:colcon.colcon_core.shell:Creating prefix chain script '/Users/ethandsouza/Documents/GitHub/COMP0246_Labs/install/setup.zsh'
