[0.078s] Invoking command in '/Users/ethandsouza/Documents/GitHub/COMP0246_Labs/build/franka_description': CMAKE_PREFIX_PATH=${CMAKE_PREFIX_PATH}:/Users/ethandsouza/Documents/GitHub/COMP0246_Labs/install/youbot_kinematics:/Users/ethandsouza/Documents/GitHub/COMP0246_Labs/install/youbot_description:/Users/ethandsouza/Documents/GitHub/COMP0246_Labs/install/transform_helpers:/Users/ethandsouza/miniforge3/envs/roboenv-py3.10 CONDA_PROMPT_MODIFIER=(roboenv-py3.10) SHLVL=2 _=/usr/bin/env /Users/ethandsouza/miniforge3/envs/roboenv-py3.10/bin/cmake --build /Users/ethandsouza/Documents/GitHub/COMP0246_Labs/build/franka_description -- -j8 -l8
[1.730s] Invoked command in '/Users/ethandsouza/Documents/GitHub/COMP0246_Labs/build/franka_description' returned '0': CMAKE_PREFIX_PATH=${CMAKE_PREFIX_PATH}:/Users/ethandsouza/Documents/GitHub/COMP0246_Labs/install/youbot_kinematics:/Users/ethandsouza/Documents/GitHub/COMP0246_Labs/install/youbot_description:/Users/ethandsouza/Documents/GitHub/COMP0246_Labs/install/transform_helpers:/Users/ethandsouza/miniforge3/envs/roboenv-py3.10 CONDA_PROMPT_MODIFIER=(roboenv-py3.10) SHLVL=2 _=/usr/bin/env /Users/ethandsouza/miniforge3/envs/roboenv-py3.10/bin/cmake --build /Users/ethandsouza/Documents/GitHub/COMP0246_Labs/build/franka_description -- -j8 -l8
[1.771s] Invoking command in '/Users/ethandsouza/Documents/GitHub/COMP0246_Labs/build/franka_description': CMAKE_PREFIX_PATH=${CMAKE_PREFIX_PATH}:/Users/ethandsouza/Documents/GitHub/COMP0246_Labs/install/youbot_kinematics:/Users/ethandsouza/Documents/GitHub/COMP0246_Labs/install/youbot_description:/Users/ethandsouza/Documents/GitHub/COMP0246_Labs/install/transform_helpers:/Users/ethandsouza/miniforge3/envs/roboenv-py3.10 CONDA_PROMPT_MODIFIER=(roboenv-py3.10) SHLVL=2 _=/usr/bin/env /Users/ethandsouza/miniforge3/envs/roboenv-py3.10/bin/cmake --install /Users/ethandsouza/Documents/GitHub/COMP0246_Labs/build/franka_description
[1.811s] -- Install configuration: ""
[1.811s] -- Up-to-date: /Users/ethandsouza/Documents/GitHub/COMP0246_Labs/install/franka_description/share/franka_description//launch
[1.812s] -- Up-to-date: /Users/ethandsouza/Documents/GitHub/COMP0246_Labs/install/franka_description/share/franka_description//launch/visualize_franka.launch.py
[1.813s] -- Up-to-date: /Users/ethandsouza/Documents/GitHub/COMP0246_Labs/install/franka_description/share/franka_description//robots
[1.814s] -- Up-to-date: /Users/ethandsouza/Documents/GitHub/COMP0246_Labs/install/franka_description/share/franka_description//robots/fp3
[1.815s] -- Up-to-date: /Users/ethandsouza/Documents/GitHub/COMP0246_Labs/install/franka_description/share/franka_description//robots/fp3/joint_limits.yaml
[1.815s] -- Up-to-date: /Users/ethandsouza/Documents/GitHub/COMP0246_Labs/install/franka_description/share/franka_description//robots/fp3/fp3.urdf.xacro
[1.816s] -- Up-to-date: /Users/ethandsouza/Documents/GitHub/COMP0246_Labs/install/franka_description/share/franka_description//robots/fp3/kinematics.yaml
[1.817s] -- Up-to-date: /Users/ethandsouza/Documents/GitHub/COMP0246_Labs/install/franka_description/share/franka_description//robots/fp3/dynamics.yaml
[1.818s] -- Up-to-date: /Users/ethandsouza/Documents/GitHub/COMP0246_Labs/install/franka_description/share/franka_description//robots/fp3/inertials.yaml
[1.819s] -- Up-to-date: /Users/ethandsouza/Documents/GitHub/COMP0246_Labs/install/franka_description/share/franka_description//robots/fr3
[1.819s] -- Up-to-date: /Users/ethandsouza/Documents/GitHub/COMP0246_Labs/install/franka_description/share/franka_description//robots/fr3/joint_limits.yaml
[1.820s] -- Up-to-date: /Users/ethandsouza/Documents/GitHub/COMP0246_Labs/install/franka_description/share/franka_description//robots/fr3/kinematics.yaml
[1.820s] -- Up-to-date: /Users/ethandsouza/Documents/GitHub/COMP0246_Labs/install/franka_description/share/franka_description//robots/fr3/dynamics.yaml
[1.821s] -- Up-to-date: /Users/ethandsouza/Documents/GitHub/COMP0246_Labs/install/franka_description/share/franka_description//robots/fr3/inertials.yaml
[1.822s] -- Up-to-date: /Users/ethandsouza/Documents/GitHub/COMP0246_Labs/install/franka_description/share/franka_description//robots/fr3/fr3.urdf.xacro
[1.823s] -- Up-to-date: /Users/ethandsouza/Documents/GitHub/COMP0246_Labs/install/franka_description/share/franka_description//robots/common
[1.823s] -- Up-to-date: /Users/ethandsouza/Documents/GitHub/COMP0246_Labs/install/franka_description/share/franka_description//robots/common/franka_arm.ros2_control.xacro
[1.824s] -- Up-to-date: /Users/ethandsouza/Documents/GitHub/COMP0246_Labs/install/franka_description/share/franka_description//robots/common/franka_robot.xacro
[1.825s] -- Up-to-date: /Users/ethandsouza/Documents/GitHub/COMP0246_Labs/install/franka_description/share/franka_description//robots/common/franka_arm.xacro
[1.827s] -- Up-to-date: /Users/ethandsouza/Documents/GitHub/COMP0246_Labs/install/franka_description/share/franka_description//robots/common/utils.xacro
[1.828s] -- Up-to-date: /Users/ethandsouza/Documents/GitHub/COMP0246_Labs/install/franka_description/share/franka_description//robots/fer
[1.828s] -- Up-to-date: /Users/ethandsouza/Documents/GitHub/COMP0246_Labs/install/franka_description/share/franka_description//robots/fer/joint_limits.yaml
[1.829s] -- Up-to-date: /Users/ethandsouza/Documents/GitHub/COMP0246_Labs/install/franka_description/share/franka_description//robots/fer/kinematics.yaml
[1.830s] -- Up-to-date: /Users/ethandsouza/Documents/GitHub/COMP0246_Labs/install/franka_description/share/franka_description//robots/fer/dynamics.yaml
[1.831s] -- Up-to-date: /Users/ethandsouza/Documents/GitHub/COMP0246_Labs/install/franka_description/share/franka_description//robots/fer/inertials.yaml
[1.832s] -- Up-to-date: /Users/ethandsouza/Documents/GitHub/COMP0246_Labs/install/franka_description/share/franka_description//robots/fer/fer.urdf.xacro
[1.833s] -- Up-to-date: /Users/ethandsouza/Documents/GitHub/COMP0246_Labs/install/franka_description/share/franka_description//end_effectors
[1.833s] -- Up-to-date: /Users/ethandsouza/Documents/GitHub/COMP0246_Labs/install/franka_description/share/franka_description//end_effectors/cobot_pump
[1.834s] -- Up-to-date: /Users/ethandsouza/Documents/GitHub/COMP0246_Labs/install/franka_description/share/franka_description//end_effectors/cobot_pump/cobot_pump.urdf.xacro
[1.834s] -- Up-to-date: /Users/ethandsouza/Documents/GitHub/COMP0246_Labs/install/franka_description/share/franka_description//end_effectors/cobot_pump/inertials.yaml
[1.834s] -- Up-to-date: /Users/ethandsouza/Documents/GitHub/COMP0246_Labs/install/franka_description/share/franka_description//end_effectors/cobot_pump/cobot_pump_arguments.xacro
[1.835s] -- Up-to-date: /Users/ethandsouza/Documents/GitHub/COMP0246_Labs/install/franka_description/share/franka_description//end_effectors/franka_hand
[1.835s] -- Up-to-date: /Users/ethandsouza/Documents/GitHub/COMP0246_Labs/install/franka_description/share/franka_description//end_effectors/franka_hand/franka_hand.urdf.xacro
[1.835s] -- Up-to-date: /Users/ethandsouza/Documents/GitHub/COMP0246_Labs/install/franka_description/share/franka_description//end_effectors/franka_hand/franka_hand_arguments.xacro
[1.836s] -- Up-to-date: /Users/ethandsouza/Documents/GitHub/COMP0246_Labs/install/franka_description/share/franka_description//end_effectors/franka_hand/inertials.yaml
[1.837s] -- Up-to-date: /Users/ethandsouza/Documents/GitHub/COMP0246_Labs/install/franka_description/share/franka_description//end_effectors/common
[1.838s] -- Up-to-date: /Users/ethandsouza/Documents/GitHub/COMP0246_Labs/install/franka_description/share/franka_description//end_effectors/common/ee_with_one_link.xacro
[1.838s] -- Up-to-date: /Users/ethandsouza/Documents/GitHub/COMP0246_Labs/install/franka_description/share/franka_description//end_effectors/common/franka_hand.xacro
[1.838s] -- Up-to-date: /Users/ethandsouza/Documents/GitHub/COMP0246_Labs/install/franka_description/share/franka_description//end_effectors/common/utils.xacro
[1.839s] -- Up-to-date: /Users/ethandsouza/Documents/GitHub/COMP0246_Labs/install/franka_description/share/franka_description//meshes
[1.839s] -- Up-to-date: /Users/ethandsouza/Documents/GitHub/COMP0246_Labs/install/franka_description/share/franka_description//meshes/robot_ee
[1.839s] -- Up-to-date: /Users/ethandsouza/Documents/GitHub/COMP0246_Labs/install/franka_description/share/franka_description//meshes/robot_ee/franka_hand_black
[1.840s] -- Up-to-date: /Users/ethandsouza/Documents/GitHub/COMP0246_Labs/install/franka_description/share/franka_description//meshes/robot_ee/franka_hand_black/visual
[1.840s] -- Up-to-date: /Users/ethandsouza/Documents/GitHub/COMP0246_Labs/install/franka_description/share/franka_description//meshes/robot_ee/franka_hand_black/visual/hand.dae
[1.840s] -- Up-to-date: /Users/ethandsouza/Documents/GitHub/COMP0246_Labs/install/franka_description/share/franka_description//meshes/robot_ee/franka_hand_black/visual/finger.dae
[1.841s] -- Up-to-date: /Users/ethandsouza/Documents/GitHub/COMP0246_Labs/install/franka_description/share/franka_description//meshes/robot_ee/franka_hand_black/collision
[1.841s] -- Up-to-date: /Users/ethandsouza/Documents/GitHub/COMP0246_Labs/install/franka_description/share/franka_description//meshes/robot_ee/franka_hand_black/collision/hand.stl
[1.841s] -- Up-to-date: /Users/ethandsouza/Documents/GitHub/COMP0246_Labs/install/franka_description/share/franka_description//meshes/robot_ee/cobot_pump
[1.842s] -- Up-to-date: /Users/ethandsouza/Documents/GitHub/COMP0246_Labs/install/franka_description/share/franka_description//meshes/robot_ee/cobot_pump/visual
[1.842s] -- Up-to-date: /Users/ethandsouza/Documents/GitHub/COMP0246_Labs/install/franka_description/share/franka_description//meshes/robot_ee/cobot_pump/visual/cobot_pump.dae
[1.842s] -- Up-to-date: /Users/ethandsouza/Documents/GitHub/COMP0246_Labs/install/franka_description/share/franka_description//meshes/robot_ee/cobot_pump/collision
[1.842s] -- Up-to-date: /Users/ethandsouza/Documents/GitHub/COMP0246_Labs/install/franka_description/share/franka_description//meshes/robot_ee/cobot_pump/collision/cobot_pump.stl
[1.842s] -- Up-to-date: /Users/ethandsouza/Documents/GitHub/COMP0246_Labs/install/franka_description/share/franka_description//meshes/robot_ee/franka_hand_white
[1.843s] -- Up-to-date: /Users/ethandsouza/Documents/GitHub/COMP0246_Labs/install/franka_description/share/franka_description//meshes/robot_ee/franka_hand_white/visual
[1.843s] -- Up-to-date: /Users/ethandsouza/Documents/GitHub/COMP0246_Labs/install/franka_description/share/franka_description//meshes/robot_ee/franka_hand_white/visual/hand.dae
[1.843s] -- Up-to-date: /Users/ethandsouza/Documents/GitHub/COMP0246_Labs/install/franka_description/share/franka_description//meshes/robot_ee/franka_hand_white/visual/finger.dae
[1.844s] -- Up-to-date: /Users/ethandsouza/Documents/GitHub/COMP0246_Labs/install/franka_description/share/franka_description//meshes/robot_ee/franka_hand_white/collision
[1.845s] -- Up-to-date: /Users/ethandsouza/Documents/GitHub/COMP0246_Labs/install/franka_description/share/franka_description//meshes/robot_ee/franka_hand_white/collision/hand.stl
[1.846s] -- Up-to-date: /Users/ethandsouza/Documents/GitHub/COMP0246_Labs/install/franka_description/share/franka_description//meshes/robot_arms
[1.847s] -- Up-to-date: /Users/ethandsouza/Documents/GitHub/COMP0246_Labs/install/franka_description/share/franka_description//meshes/robot_arms/fp3
[1.847s] -- Up-to-date: /Users/ethandsouza/Documents/GitHub/COMP0246_Labs/install/franka_description/share/franka_description//meshes/robot_arms/fp3/visual
[1.848s] -- Up-to-date: /Users/ethandsouza/Documents/GitHub/COMP0246_Labs/install/franka_description/share/franka_description//meshes/robot_arms/fp3/visual/link4.dae
[1.848s] -- Up-to-date: /Users/ethandsouza/Documents/GitHub/COMP0246_Labs/install/franka_description/share/franka_description//meshes/robot_arms/fp3/visual/link5.dae
[1.849s] -- Up-to-date: /Users/ethandsouza/Documents/GitHub/COMP0246_Labs/install/franka_description/share/franka_description//meshes/robot_arms/fp3/visual/link7.dae
[1.849s] -- Up-to-date: /Users/ethandsouza/Documents/GitHub/COMP0246_Labs/install/franka_description/share/franka_description//meshes/robot_arms/fp3/visual/link6.dae
[1.850s] -- Up-to-date: /Users/ethandsouza/Documents/GitHub/COMP0246_Labs/install/franka_description/share/franka_description//meshes/robot_arms/fp3/visual/link2.dae
[1.851s] -- Up-to-date: /Users/ethandsouza/Documents/GitHub/COMP0246_Labs/install/franka_description/share/franka_description//meshes/robot_arms/fp3/visual/link3.dae
[1.851s] -- Up-to-date: /Users/ethandsouza/Documents/GitHub/COMP0246_Labs/install/franka_description/share/franka_description//meshes/robot_arms/fp3/visual/link1.dae
[1.852s] -- Up-to-date: /Users/ethandsouza/Documents/GitHub/COMP0246_Labs/install/franka_description/share/franka_description//meshes/robot_arms/fp3/visual/link0.dae
[1.852s] -- Up-to-date: /Users/ethandsouza/Documents/GitHub/COMP0246_Labs/install/franka_description/share/franka_description//meshes/robot_arms/fp3/collision
[1.852s] -- Up-to-date: /Users/ethandsouza/Documents/GitHub/COMP0246_Labs/install/franka_description/share/franka_description//meshes/robot_arms/fp3/collision/link3.stl
[1.853s] -- Up-to-date: /Users/ethandsouza/Documents/GitHub/COMP0246_Labs/install/franka_description/share/franka_description//meshes/robot_arms/fp3/collision/link2.stl
[1.854s] -- Up-to-date: /Users/ethandsouza/Documents/GitHub/COMP0246_Labs/install/franka_description/share/franka_description//meshes/robot_arms/fp3/collision/link0.stl
[1.856s] -- Up-to-date: /Users/ethandsouza/Documents/GitHub/COMP0246_Labs/install/franka_description/share/franka_description//meshes/robot_arms/fp3/collision/link1.stl
[1.857s] -- Up-to-date: /Users/ethandsouza/Documents/GitHub/COMP0246_Labs/install/franka_description/share/franka_description//meshes/robot_arms/fp3/collision/link5.stl
[1.857s] -- Up-to-date: /Users/ethandsouza/Documents/GitHub/COMP0246_Labs/install/franka_description/share/franka_description//meshes/robot_arms/fp3/collision/link4.stl
[1.858s] -- Up-to-date: /Users/ethandsouza/Documents/GitHub/COMP0246_Labs/install/franka_description/share/franka_description//meshes/robot_arms/fp3/collision/link6.stl
[1.858s] -- Up-to-date: /Users/ethandsouza/Documents/GitHub/COMP0246_Labs/install/franka_description/share/franka_description//meshes/robot_arms/fp3/collision/link7.stl
[1.859s] -- Up-to-date: /Users/ethandsouza/Documents/GitHub/COMP0246_Labs/install/franka_description/share/franka_description//meshes/robot_arms/fr3
[1.859s] -- Up-to-date: /Users/ethandsouza/Documents/GitHub/COMP0246_Labs/install/franka_description/share/franka_description//meshes/robot_arms/fr3/visual
[1.860s] -- Up-to-date: /Users/ethandsouza/Documents/GitHub/COMP0246_Labs/install/franka_description/share/franka_description//meshes/robot_arms/fr3/visual/link4.dae
[1.860s] -- Up-to-date: /Users/ethandsouza/Documents/GitHub/COMP0246_Labs/install/franka_description/share/franka_description//meshes/robot_arms/fr3/visual/link5.dae
[1.861s] -- Up-to-date: /Users/ethandsouza/Documents/GitHub/COMP0246_Labs/install/franka_description/share/franka_description//meshes/robot_arms/fr3/visual/link7.dae
[1.861s] -- Up-to-date: /Users/ethandsouza/Documents/GitHub/COMP0246_Labs/install/franka_description/share/franka_description//meshes/robot_arms/fr3/visual/link6.dae
[1.862s] -- Up-to-date: /Users/ethandsouza/Documents/GitHub/COMP0246_Labs/install/franka_description/share/franka_description//meshes/robot_arms/fr3/visual/link2.dae
[1.862s] -- Up-to-date: /Users/ethandsouza/Documents/GitHub/COMP0246_Labs/install/franka_description/share/franka_description//meshes/robot_arms/fr3/visual/link3.dae
[1.863s] -- Up-to-date: /Users/ethandsouza/Documents/GitHub/COMP0246_Labs/install/franka_description/share/franka_description//meshes/robot_arms/fr3/visual/link1.dae
[1.863s] -- Up-to-date: /Users/ethandsouza/Documents/GitHub/COMP0246_Labs/install/franka_description/share/franka_description//meshes/robot_arms/fr3/visual/link0.dae
[1.863s] -- Up-to-date: /Users/ethandsouza/Documents/GitHub/COMP0246_Labs/install/franka_description/share/franka_description//meshes/robot_arms/fr3/collision
[1.864s] -- Up-to-date: /Users/ethandsouza/Documents/GitHub/COMP0246_Labs/install/franka_description/share/franka_description//meshes/robot_arms/fr3/collision/link3.stl
[1.864s] -- Up-to-date: /Users/ethandsouza/Documents/GitHub/COMP0246_Labs/install/franka_description/share/franka_description//meshes/robot_arms/fr3/collision/link2.stl
[1.864s] -- Up-to-date: /Users/ethandsouza/Documents/GitHub/COMP0246_Labs/install/franka_description/share/franka_description//meshes/robot_arms/fr3/collision/link0.stl
[1.867s] -- Up-to-date: /Users/ethandsouza/Documents/GitHub/COMP0246_Labs/install/franka_description/share/franka_description//meshes/robot_arms/fr3/collision/link1.stl
[1.869s] -- Up-to-date: /Users/ethandsouza/Documents/GitHub/COMP0246_Labs/install/franka_description/share/franka_description//meshes/robot_arms/fr3/collision/link5.stl
[1.870s] -- Up-to-date: /Users/ethandsouza/Documents/GitHub/COMP0246_Labs/install/franka_description/share/franka_description//meshes/robot_arms/fr3/collision/link4.stl
[1.871s] -- Up-to-date: /Users/ethandsouza/Documents/GitHub/COMP0246_Labs/install/franka_description/share/franka_description//meshes/robot_arms/fr3/collision/link6.stl
[1.871s] -- Up-to-date: /Users/ethandsouza/Documents/GitHub/COMP0246_Labs/install/franka_description/share/franka_description//meshes/robot_arms/fr3/collision/link7.stl
[1.872s] -- Up-to-date: /Users/ethandsouza/Documents/GitHub/COMP0246_Labs/install/franka_description/share/franka_description//meshes/robot_arms/fer
[1.872s] -- Up-to-date: /Users/ethandsouza/Documents/GitHub/COMP0246_Labs/install/franka_description/share/franka_description//meshes/robot_arms/fer/visual
[1.874s] -- Up-to-date: /Users/ethandsouza/Documents/GitHub/COMP0246_Labs/install/franka_description/share/franka_description//meshes/robot_arms/fer/visual/link4.dae
[1.874s] -- Up-to-date: /Users/ethandsouza/Documents/GitHub/COMP0246_Labs/install/franka_description/share/franka_description//meshes/robot_arms/fer/visual/link5.dae
[1.875s] -- Up-to-date: /Users/ethandsouza/Documents/GitHub/COMP0246_Labs/install/franka_description/share/franka_description//meshes/robot_arms/fer/visual/link7.dae
[1.875s] -- Up-to-date: /Users/ethandsouza/Documents/GitHub/COMP0246_Labs/install/franka_description/share/franka_description//meshes/robot_arms/fer/visual/link6.dae
[1.875s] -- Up-to-date: /Users/ethandsouza/Documents/GitHub/COMP0246_Labs/install/franka_description/share/franka_description//meshes/robot_arms/fer/visual/link2.dae
[1.876s] -- Up-to-date: /Users/ethandsouza/Documents/GitHub/COMP0246_Labs/install/franka_description/share/franka_description//meshes/robot_arms/fer/visual/link3.dae
[1.876s] -- Up-to-date: /Users/ethandsouza/Documents/GitHub/COMP0246_Labs/install/franka_description/share/franka_description//meshes/robot_arms/fer/visual/link1.dae
[1.877s] -- Up-to-date: /Users/ethandsouza/Documents/GitHub/COMP0246_Labs/install/franka_description/share/franka_description//meshes/robot_arms/fer/visual/link0.dae
[1.877s] -- Up-to-date: /Users/ethandsouza/Documents/GitHub/COMP0246_Labs/install/franka_description/share/franka_description//meshes/robot_arms/fer/visual/hand.dae
[1.878s] -- Up-to-date: /Users/ethandsouza/Documents/GitHub/COMP0246_Labs/install/franka_description/share/franka_description//meshes/robot_arms/fer/visual/finger.dae
[1.878s] -- Up-to-date: /Users/ethandsouza/Documents/GitHub/COMP0246_Labs/install/franka_description/share/franka_description//meshes/robot_arms/fer/collision
[1.878s] -- Up-to-date: /Users/ethandsouza/Documents/GitHub/COMP0246_Labs/install/franka_description/share/franka_description//meshes/robot_arms/fer/collision/hand.stl
[1.879s] -- Up-to-date: /Users/ethandsouza/Documents/GitHub/COMP0246_Labs/install/franka_description/share/franka_description//meshes/robot_arms/fer/collision/link3.stl
[1.879s] -- Up-to-date: /Users/ethandsouza/Documents/GitHub/COMP0246_Labs/install/franka_description/share/franka_description//meshes/robot_arms/fer/collision/link2.stl
[1.880s] -- Up-to-date: /Users/ethandsouza/Documents/GitHub/COMP0246_Labs/install/franka_description/share/franka_description//meshes/robot_arms/fer/collision/link0.stl
[1.881s] -- Up-to-date: /Users/ethandsouza/Documents/GitHub/COMP0246_Labs/install/franka_description/share/franka_description//meshes/robot_arms/fer/collision/link1.stl
[1.883s] -- Up-to-date: /Users/ethandsouza/Documents/GitHub/COMP0246_Labs/install/franka_description/share/franka_description//meshes/robot_arms/fer/collision/link5.stl
[1.884s] -- Up-to-date: /Users/ethandsouza/Documents/GitHub/COMP0246_Labs/install/franka_description/share/franka_description//meshes/robot_arms/fer/collision/link4.stl
[1.884s] -- Up-to-date: /Users/ethandsouza/Documents/GitHub/COMP0246_Labs/install/franka_description/share/franka_description//meshes/robot_arms/fer/collision/link6.stl
[1.884s] -- Up-to-date: /Users/ethandsouza/Documents/GitHub/COMP0246_Labs/install/franka_description/share/franka_description//meshes/robot_arms/fer/collision/link7.stl
[1.885s] -- Up-to-date: /Users/ethandsouza/Documents/GitHub/COMP0246_Labs/install/franka_description/share/franka_description//rviz
[1.885s] -- Up-to-date: /Users/ethandsouza/Documents/GitHub/COMP0246_Labs/install/franka_description/share/franka_description//rviz/visualize_franka.rviz
[1.885s] -- Up-to-date: /Users/ethandsouza/Documents/GitHub/COMP0246_Labs/install/franka_description/share/franka_description//urdfs
[1.885s] -- Up-to-date: /Users/ethandsouza/Documents/GitHub/COMP0246_Labs/install/franka_description/share/franka_description//urdfs/fr3.urdf
[1.886s] -- Up-to-date: /Users/ethandsouza/Documents/GitHub/COMP0246_Labs/install/franka_description/share/franka_description//urdfs/fr3_franka_hand.urdf
[1.886s] -- Up-to-date: /Users/ethandsouza/Documents/GitHub/COMP0246_Labs/install/franka_description/share/ament_index/resource_index/package_run_dependencies/franka_description
[1.887s] -- Up-to-date: /Users/ethandsouza/Documents/GitHub/COMP0246_Labs/install/franka_description/share/ament_index/resource_index/parent_prefix_path/franka_description
[1.887s] -- Up-to-date: /Users/ethandsouza/Documents/GitHub/COMP0246_Labs/install/franka_description/share/franka_description/environment/ament_prefix_path.sh
[1.887s] -- Up-to-date: /Users/ethandsouza/Documents/GitHub/COMP0246_Labs/install/franka_description/share/franka_description/environment/ament_prefix_path.dsv
[1.888s] -- Up-to-date: /Users/ethandsouza/Documents/GitHub/COMP0246_Labs/install/franka_description/share/franka_description/environment/path.sh
[1.888s] -- Up-to-date: /Users/ethandsouza/Documents/GitHub/COMP0246_Labs/install/franka_description/share/franka_description/environment/path.dsv
[1.890s] -- Up-to-date: /Users/ethandsouza/Documents/GitHub/COMP0246_Labs/install/franka_description/share/franka_description/local_setup.bash
[1.890s] -- Up-to-date: /Users/ethandsouza/Documents/GitHub/COMP0246_Labs/install/franka_description/share/franka_description/local_setup.sh
[1.891s] -- Up-to-date: /Users/ethandsouza/Documents/GitHub/COMP0246_Labs/install/franka_description/share/franka_description/local_setup.zsh
[1.891s] -- Up-to-date: /Users/ethandsouza/Documents/GitHub/COMP0246_Labs/install/franka_description/share/franka_description/local_setup.dsv
[1.891s] -- Installing: /Users/ethandsouza/Documents/GitHub/COMP0246_Labs/install/franka_description/share/franka_description/package.dsv
[1.891s] -- Up-to-date: /Users/ethandsouza/Documents/GitHub/COMP0246_Labs/install/franka_description/share/ament_index/resource_index/packages/franka_description
[1.892s] -- Up-to-date: /Users/ethandsouza/Documents/GitHub/COMP0246_Labs/install/franka_description/share/franka_description/cmake/franka_descriptionConfig.cmake
[1.893s] -- Up-to-date: /Users/ethandsouza/Documents/GitHub/COMP0246_Labs/install/franka_description/share/franka_description/cmake/franka_descriptionConfig-version.cmake
[1.893s] -- Up-to-date: /Users/ethandsouza/Documents/GitHub/COMP0246_Labs/install/franka_description/share/franka_description/package.xml
[1.894s] Invoked command in '/Users/ethandsouza/Documents/GitHub/COMP0246_Labs/build/franka_description' returned '0': CMAKE_PREFIX_PATH=${CMAKE_PREFIX_PATH}:/Users/ethandsouza/Documents/GitHub/COMP0246_Labs/install/youbot_kinematics:/Users/ethandsouza/Documents/GitHub/COMP0246_Labs/install/youbot_description:/Users/ethandsouza/Documents/GitHub/COMP0246_Labs/install/transform_helpers:/Users/ethandsouza/miniforge3/envs/roboenv-py3.10 CONDA_PROMPT_MODIFIER=(roboenv-py3.10) SHLVL=2 _=/usr/bin/env /Users/ethandsouza/miniforge3/envs/roboenv-py3.10/bin/cmake --install /Users/ethandsouza/Documents/GitHub/COMP0246_Labs/build/franka_description
