[0.373s] DEBUG:colcon:Command line arguments: ['/Users/ethandsouza/miniforge3/envs/roboenv-py3.10/bin/colcon', 'build']
[0.373s] DEBUG:colcon:Parsed command line arguments: Namespace(log_base=None, log_level=None, verb_name='build', build_base='build', install_base='install', merge_install=False, symlink_install=False, test_result_base=None, continue_on_error=False, executor='parallel', parallel_workers=8, event_handlers=None, ignore_user_meta=False, metas=['./colcon.meta'], base_paths=['.'], packages_ignore=None, packages_ignore_regex=None, paths=None, packages_up_to=None, packages_up_to_regex=None, packages_above=None, packages_above_and_dependencies=None, packages_above_depth=None, packages_select_by_dep=None, packages_skip_by_dep=None, packages_skip_up_to=None, packages_select_build_failed=False, packages_skip_build_finished=False, packages_select_test_failures=False, packages_skip_test_passed=False, packages_select=None, packages_skip=None, packages_select_regex=None, packages_skip_regex=None, packages_start=None, packages_end=None, cmake_args=None, cmake_target=None, cmake_target_skip_unavailable=False, cmake_clean_cache=False, cmake_clean_first=False, cmake_force_configure=False, ament_cmake_args=None, catkin_cmake_args=None, catkin_skip_building_tests=False, verb_parser=<colcon_defaults.argument_parser.defaults.DefaultArgumentsDecorator object at 0x1076a12d0>, verb_extension=<colcon_core.verb.build.BuildVerb object at 0x1076a0d90>, main=<bound method BuildVerb.main of <colcon_core.verb.build.BuildVerb object at 0x1076a0d90>>)
[0.762s] Level 1:colcon.colcon_core.package_discovery:discover_packages(colcon_meta) check parameters
[0.762s] Level 1:colcon.colcon_core.package_discovery:discover_packages(recursive) check parameters
[0.762s] Level 1:colcon.colcon_core.package_discovery:discover_packages(ignore) check parameters
[0.762s] Level 1:colcon.colcon_core.package_discovery:discover_packages(path) check parameters
[0.762s] Level 1:colcon.colcon_core.package_discovery:discover_packages(colcon_meta) discover
[0.762s] Level 1:colcon.colcon_core.package_discovery:discover_packages(recursive) discover
[0.762s] INFO:colcon.colcon_core.package_discovery:Crawling recursively for packages in '/Users/ethandsouza/Documents/GitHub/COMP0246_Labs'
[0.763s] Level 1:colcon.colcon_core.package_identification:_identify(.) by extensions ['ignore', 'ignore_ament_install']
[0.763s] Level 1:colcon.colcon_core.package_identification:_identify(.) by extension 'ignore'
[0.763s] Level 1:colcon.colcon_core.package_identification:_identify(.) by extension 'ignore_ament_install'
[0.763s] Level 1:colcon.colcon_core.package_identification:_identify(.) by extensions ['colcon_pkg']
[0.763s] Level 1:colcon.colcon_core.package_identification:_identify(.) by extension 'colcon_pkg'
[0.763s] Level 1:colcon.colcon_core.package_identification:_identify(.) by extensions ['colcon_meta']
[0.763s] Level 1:colcon.colcon_core.package_identification:_identify(.) by extension 'colcon_meta'
[0.763s] Level 1:colcon.colcon_core.package_identification:_identify(.) by extensions ['ros']
[0.763s] Level 1:colcon.colcon_core.package_identification:_identify(.) by extension 'ros'
[0.862s] Level 1:colcon.colcon_core.package_identification:_identify(.) by extensions ['cmake', 'python']
[0.862s] Level 1:colcon.colcon_core.package_identification:_identify(.) by extension 'cmake'
[0.862s] Level 1:colcon.colcon_core.package_identification:_identify(.) by extension 'python'
[0.863s] Level 1:colcon.colcon_core.package_identification:_identify(.) by extensions ['python_setup_py']
[0.863s] Level 1:colcon.colcon_core.package_identification:_identify(.) by extension 'python_setup_py'
[0.863s] Level 1:colcon.colcon_core.package_identification:_identify(build) by extensions ['ignore', 'ignore_ament_install']
[0.863s] Level 1:colcon.colcon_core.package_identification:_identify(build) by extension 'ignore'
[0.863s] Level 1:colcon.colcon_core.package_identification:_identify(build) ignored
[0.864s] Level 1:colcon.colcon_core.package_identification:_identify(final_lab) by extensions ['ignore', 'ignore_ament_install']
[0.864s] Level 1:colcon.colcon_core.package_identification:_identify(final_lab) by extension 'ignore'
[0.864s] Level 1:colcon.colcon_core.package_identification:_identify(final_lab) by extension 'ignore_ament_install'
[0.864s] Level 1:colcon.colcon_core.package_identification:_identify(final_lab) by extensions ['colcon_pkg']
[0.864s] Level 1:colcon.colcon_core.package_identification:_identify(final_lab) by extension 'colcon_pkg'
[0.864s] Level 1:colcon.colcon_core.package_identification:_identify(final_lab) by extensions ['colcon_meta']
[0.864s] Level 1:colcon.colcon_core.package_identification:_identify(final_lab) by extension 'colcon_meta'
[0.865s] Level 1:colcon.colcon_core.package_identification:_identify(final_lab) by extensions ['ros']
[0.865s] Level 1:colcon.colcon_core.package_identification:_identify(final_lab) by extension 'ros'
[0.865s] Level 1:colcon.colcon_core.package_identification:_identify(final_lab) by extensions ['cmake', 'python']
[0.865s] Level 1:colcon.colcon_core.package_identification:_identify(final_lab) by extension 'cmake'
[0.865s] Level 1:colcon.colcon_core.package_identification:_identify(final_lab) by extension 'python'
[0.865s] Level 1:colcon.colcon_core.package_identification:_identify(final_lab) by extensions ['python_setup_py']
[0.865s] Level 1:colcon.colcon_core.package_identification:_identify(final_lab) by extension 'python_setup_py'
[0.866s] Level 1:colcon.colcon_core.package_identification:_identify(final_lab/assets) by extensions ['ignore', 'ignore_ament_install']
[0.866s] Level 1:colcon.colcon_core.package_identification:_identify(final_lab/assets) by extension 'ignore'
[0.866s] Level 1:colcon.colcon_core.package_identification:_identify(final_lab/assets) by extension 'ignore_ament_install'
[0.866s] Level 1:colcon.colcon_core.package_identification:_identify(final_lab/assets) by extensions ['colcon_pkg']
[0.866s] Level 1:colcon.colcon_core.package_identification:_identify(final_lab/assets) by extension 'colcon_pkg'
[0.866s] Level 1:colcon.colcon_core.package_identification:_identify(final_lab/assets) by extensions ['colcon_meta']
[0.867s] Level 1:colcon.colcon_core.package_identification:_identify(final_lab/assets) by extension 'colcon_meta'
[0.867s] Level 1:colcon.colcon_core.package_identification:_identify(final_lab/assets) by extensions ['ros']
[0.867s] Level 1:colcon.colcon_core.package_identification:_identify(final_lab/assets) by extension 'ros'
[0.867s] Level 1:colcon.colcon_core.package_identification:_identify(final_lab/assets) by extensions ['cmake', 'python']
[0.867s] Level 1:colcon.colcon_core.package_identification:_identify(final_lab/assets) by extension 'cmake'
[0.867s] Level 1:colcon.colcon_core.package_identification:_identify(final_lab/assets) by extension 'python'
[0.867s] Level 1:colcon.colcon_core.package_identification:_identify(final_lab/assets) by extensions ['python_setup_py']
[0.867s] Level 1:colcon.colcon_core.package_identification:_identify(final_lab/assets) by extension 'python_setup_py'
[0.868s] Level 1:colcon.colcon_core.package_identification:_identify(final_lab/assets/lab2) by extensions ['ignore', 'ignore_ament_install']
[0.868s] Level 1:colcon.colcon_core.package_identification:_identify(final_lab/assets/lab2) by extension 'ignore'
[0.868s] Level 1:colcon.colcon_core.package_identification:_identify(final_lab/assets/lab2) by extension 'ignore_ament_install'
[0.868s] Level 1:colcon.colcon_core.package_identification:_identify(final_lab/assets/lab2) by extensions ['colcon_pkg']
[0.868s] Level 1:colcon.colcon_core.package_identification:_identify(final_lab/assets/lab2) by extension 'colcon_pkg'
[0.868s] Level 1:colcon.colcon_core.package_identification:_identify(final_lab/assets/lab2) by extensions ['colcon_meta']
[0.869s] Level 1:colcon.colcon_core.package_identification:_identify(final_lab/assets/lab2) by extension 'colcon_meta'
[0.869s] Level 1:colcon.colcon_core.package_identification:_identify(final_lab/assets/lab2) by extensions ['ros']
[0.869s] Level 1:colcon.colcon_core.package_identification:_identify(final_lab/assets/lab2) by extension 'ros'
[0.869s] Level 1:colcon.colcon_core.package_identification:_identify(final_lab/assets/lab2) by extensions ['cmake', 'python']
[0.869s] Level 1:colcon.colcon_core.package_identification:_identify(final_lab/assets/lab2) by extension 'cmake'
[0.870s] Level 1:colcon.colcon_core.package_identification:_identify(final_lab/assets/lab2) by extension 'python'
[0.870s] Level 1:colcon.colcon_core.package_identification:_identify(final_lab/assets/lab2) by extensions ['python_setup_py']
[0.870s] Level 1:colcon.colcon_core.package_identification:_identify(final_lab/assets/lab2) by extension 'python_setup_py'
[0.870s] Level 1:colcon.colcon_core.package_identification:_identify(final_lab/youbot_description) by extensions ['ignore', 'ignore_ament_install']
[0.870s] Level 1:colcon.colcon_core.package_identification:_identify(final_lab/youbot_description) by extension 'ignore'
[0.870s] Level 1:colcon.colcon_core.package_identification:_identify(final_lab/youbot_description) by extension 'ignore_ament_install'
[0.871s] Level 1:colcon.colcon_core.package_identification:_identify(final_lab/youbot_description) by extensions ['colcon_pkg']
[0.871s] Level 1:colcon.colcon_core.package_identification:_identify(final_lab/youbot_description) by extension 'colcon_pkg'
[0.871s] Level 1:colcon.colcon_core.package_identification:_identify(final_lab/youbot_description) by extensions ['colcon_meta']
[0.871s] Level 1:colcon.colcon_core.package_identification:_identify(final_lab/youbot_description) by extension 'colcon_meta'
[0.872s] Level 1:colcon.colcon_core.package_identification:_identify(final_lab/youbot_description) by extensions ['ros']
[0.872s] Level 1:colcon.colcon_core.package_identification:_identify(final_lab/youbot_description) by extension 'ros'
[0.878s] DEBUG:colcon.colcon_core.package_identification:Package 'final_lab/youbot_description' with type 'ros.ament_python' and name 'youbot_description'
[0.878s] Level 1:colcon.colcon_core.package_identification:_identify(final_lab/youbot_kinematics) by extensions ['ignore', 'ignore_ament_install']
[0.878s] Level 1:colcon.colcon_core.package_identification:_identify(final_lab/youbot_kinematics) by extension 'ignore'
[0.878s] Level 1:colcon.colcon_core.package_identification:_identify(final_lab/youbot_kinematics) by extension 'ignore_ament_install'
[0.878s] Level 1:colcon.colcon_core.package_identification:_identify(final_lab/youbot_kinematics) by extensions ['colcon_pkg']
[0.878s] Level 1:colcon.colcon_core.package_identification:_identify(final_lab/youbot_kinematics) by extension 'colcon_pkg'
[0.879s] Level 1:colcon.colcon_core.package_identification:_identify(final_lab/youbot_kinematics) by extensions ['colcon_meta']
[0.879s] Level 1:colcon.colcon_core.package_identification:_identify(final_lab/youbot_kinematics) by extension 'colcon_meta'
[0.879s] Level 1:colcon.colcon_core.package_identification:_identify(final_lab/youbot_kinematics) by extensions ['ros']
[0.879s] Level 1:colcon.colcon_core.package_identification:_identify(final_lab/youbot_kinematics) by extension 'ros'
[0.880s] DEBUG:colcon.colcon_core.package_identification:Package 'final_lab/youbot_kinematics' with type 'ros.ament_python' and name 'youbot_kinematics'
[0.881s] Level 1:colcon.colcon_core.package_identification:_identify(franka_description) by extensions ['ignore', 'ignore_ament_install']
[0.881s] Level 1:colcon.colcon_core.package_identification:_identify(franka_description) by extension 'ignore'
[0.881s] Level 1:colcon.colcon_core.package_identification:_identify(franka_description) by extension 'ignore_ament_install'
[0.881s] Level 1:colcon.colcon_core.package_identification:_identify(franka_description) by extensions ['colcon_pkg']
[0.882s] Level 1:colcon.colcon_core.package_identification:_identify(franka_description) by extension 'colcon_pkg'
[0.882s] Level 1:colcon.colcon_core.package_identification:_identify(franka_description) by extensions ['colcon_meta']
[0.882s] Level 1:colcon.colcon_core.package_identification:_identify(franka_description) by extension 'colcon_meta'
[0.882s] Level 1:colcon.colcon_core.package_identification:_identify(franka_description) by extensions ['ros']
[0.882s] Level 1:colcon.colcon_core.package_identification:_identify(franka_description) by extension 'ros'
[0.885s] DEBUG:colcon.colcon_core.package_identification:Package 'franka_description' with type 'ros.ament_cmake' and name 'franka_description'
[0.886s] Level 1:colcon.colcon_core.package_identification:_identify(install) by extensions ['ignore', 'ignore_ament_install']
[0.886s] Level 1:colcon.colcon_core.package_identification:_identify(install) by extension 'ignore'
[0.887s] Level 1:colcon.colcon_core.package_identification:_identify(install) ignored
[0.887s] Level 1:colcon.colcon_core.package_identification:_identify(lab1submission) by extensions ['ignore', 'ignore_ament_install']
[0.887s] Level 1:colcon.colcon_core.package_identification:_identify(lab1submission) by extension 'ignore'
[0.888s] Level 1:colcon.colcon_core.package_identification:_identify(lab1submission) by extension 'ignore_ament_install'
[0.888s] Level 1:colcon.colcon_core.package_identification:_identify(lab1submission) by extensions ['colcon_pkg']
[0.888s] Level 1:colcon.colcon_core.package_identification:_identify(lab1submission) by extension 'colcon_pkg'
[0.888s] Level 1:colcon.colcon_core.package_identification:_identify(lab1submission) by extensions ['colcon_meta']
[0.888s] Level 1:colcon.colcon_core.package_identification:_identify(lab1submission) by extension 'colcon_meta'
[0.888s] Level 1:colcon.colcon_core.package_identification:_identify(lab1submission) by extensions ['ros']
[0.888s] Level 1:colcon.colcon_core.package_identification:_identify(lab1submission) by extension 'ros'
[0.888s] Level 1:colcon.colcon_core.package_identification:_identify(lab1submission) by extensions ['cmake', 'python']
[0.888s] Level 1:colcon.colcon_core.package_identification:_identify(lab1submission) by extension 'cmake'
[0.888s] Level 1:colcon.colcon_core.package_identification:_identify(lab1submission) by extension 'python'
[0.888s] Level 1:colcon.colcon_core.package_identification:_identify(lab1submission) by extensions ['python_setup_py']
[0.889s] Level 1:colcon.colcon_core.package_identification:_identify(lab1submission) by extension 'python_setup_py'
[0.889s] Level 1:colcon.colcon_core.package_identification:_identify(lab1submission/assets) by extensions ['ignore', 'ignore_ament_install']
[0.889s] Level 1:colcon.colcon_core.package_identification:_identify(lab1submission/assets) by extension 'ignore'
[0.889s] Level 1:colcon.colcon_core.package_identification:_identify(lab1submission/assets) by extension 'ignore_ament_install'
[0.889s] Level 1:colcon.colcon_core.package_identification:_identify(lab1submission/assets) by extensions ['colcon_pkg']
[0.889s] Level 1:colcon.colcon_core.package_identification:_identify(lab1submission/assets) by extension 'colcon_pkg'
[0.890s] Level 1:colcon.colcon_core.package_identification:_identify(lab1submission/assets) by extensions ['colcon_meta']
[0.890s] Level 1:colcon.colcon_core.package_identification:_identify(lab1submission/assets) by extension 'colcon_meta'
[0.890s] Level 1:colcon.colcon_core.package_identification:_identify(lab1submission/assets) by extensions ['ros']
[0.890s] Level 1:colcon.colcon_core.package_identification:_identify(lab1submission/assets) by extension 'ros'
[0.890s] Level 1:colcon.colcon_core.package_identification:_identify(lab1submission/assets) by extensions ['cmake', 'python']
[0.890s] Level 1:colcon.colcon_core.package_identification:_identify(lab1submission/assets) by extension 'cmake'
[0.890s] Level 1:colcon.colcon_core.package_identification:_identify(lab1submission/assets) by extension 'python'
[0.890s] Level 1:colcon.colcon_core.package_identification:_identify(lab1submission/assets) by extensions ['python_setup_py']
[0.890s] Level 1:colcon.colcon_core.package_identification:_identify(lab1submission/assets) by extension 'python_setup_py'
[0.891s] Level 1:colcon.colcon_core.package_identification:_identify(lab1submission/build) by extensions ['ignore', 'ignore_ament_install']
[0.891s] Level 1:colcon.colcon_core.package_identification:_identify(lab1submission/build) by extension 'ignore'
[0.891s] Level 1:colcon.colcon_core.package_identification:_identify(lab1submission/build) ignored
[0.891s] Level 1:colcon.colcon_core.package_identification:_identify(lab1submission/install) by extensions ['ignore', 'ignore_ament_install']
[0.891s] Level 1:colcon.colcon_core.package_identification:_identify(lab1submission/install) by extension 'ignore'
[0.891s] Level 1:colcon.colcon_core.package_identification:_identify(lab1submission/install) ignored
[0.892s] Level 1:colcon.colcon_core.package_identification:_identify(lab1submission/log) by extensions ['ignore', 'ignore_ament_install']
[0.892s] Level 1:colcon.colcon_core.package_identification:_identify(lab1submission/log) by extension 'ignore'
[0.892s] Level 1:colcon.colcon_core.package_identification:_identify(lab1submission/log) ignored
[0.892s] Level 1:colcon.colcon_core.package_identification:_identify(lab1submission/transform_helpers) by extensions ['ignore', 'ignore_ament_install']
[0.892s] Level 1:colcon.colcon_core.package_identification:_identify(lab1submission/transform_helpers) by extension 'ignore'
[0.892s] Level 1:colcon.colcon_core.package_identification:_identify(lab1submission/transform_helpers) by extension 'ignore_ament_install'
[0.893s] Level 1:colcon.colcon_core.package_identification:_identify(lab1submission/transform_helpers) by extensions ['colcon_pkg']
[0.893s] Level 1:colcon.colcon_core.package_identification:_identify(lab1submission/transform_helpers) by extension 'colcon_pkg'
[0.893s] Level 1:colcon.colcon_core.package_identification:_identify(lab1submission/transform_helpers) by extensions ['colcon_meta']
[0.893s] Level 1:colcon.colcon_core.package_identification:_identify(lab1submission/transform_helpers) by extension 'colcon_meta'
[0.893s] Level 1:colcon.colcon_core.package_identification:_identify(lab1submission/transform_helpers) by extensions ['ros']
[0.893s] Level 1:colcon.colcon_core.package_identification:_identify(lab1submission/transform_helpers) by extension 'ros'
[0.895s] DEBUG:colcon.colcon_core.package_identification:Package 'lab1submission/transform_helpers' with type 'ros.ament_python' and name 'transform_helpers'
[0.895s] Level 1:colcon.colcon_core.package_identification:_identify(log) by extensions ['ignore', 'ignore_ament_install']
[0.895s] Level 1:colcon.colcon_core.package_identification:_identify(log) by extension 'ignore'
[0.895s] Level 1:colcon.colcon_core.package_identification:_identify(log) ignored
[0.895s] Level 1:colcon.colcon_core.package_discovery:discover_packages(recursive) using defaults
[0.895s] Level 1:colcon.colcon_core.package_discovery:discover_packages(ignore) discover
[0.896s] Level 1:colcon.colcon_core.package_discovery:discover_packages(ignore) using defaults
[0.896s] Level 1:colcon.colcon_core.package_discovery:discover_packages(path) discover
[0.896s] Level 1:colcon.colcon_core.package_discovery:discover_packages(path) using defaults
[0.952s] Level 5:colcon.colcon_core.verb:set package 'franka_description' build argument 'cmake_args' from command line to 'None'
[0.952s] Level 5:colcon.colcon_core.verb:set package 'franka_description' build argument 'cmake_target' from command line to 'None'
[0.952s] Level 5:colcon.colcon_core.verb:set package 'franka_description' build argument 'cmake_target_skip_unavailable' from command line to 'False'
[0.952s] Level 5:colcon.colcon_core.verb:set package 'franka_description' build argument 'cmake_clean_cache' from command line to 'False'
[0.952s] Level 5:colcon.colcon_core.verb:set package 'franka_description' build argument 'cmake_clean_first' from command line to 'False'
[0.953s] Level 5:colcon.colcon_core.verb:set package 'franka_description' build argument 'cmake_force_configure' from command line to 'False'
[0.953s] Level 5:colcon.colcon_core.verb:set package 'franka_description' build argument 'ament_cmake_args' from command line to 'None'
[0.953s] Level 5:colcon.colcon_core.verb:set package 'franka_description' build argument 'catkin_cmake_args' from command line to 'None'
[0.953s] Level 5:colcon.colcon_core.verb:set package 'franka_description' build argument 'catkin_skip_building_tests' from command line to 'False'
[0.953s] DEBUG:colcon.colcon_core.verb:Building package 'franka_description' with the following arguments: {'ament_cmake_args': None, 'build_base': '/Users/ethandsouza/Documents/GitHub/COMP0246_Labs/build/franka_description', 'catkin_cmake_args': None, 'catkin_skip_building_tests': False, 'cmake_args': None, 'cmake_clean_cache': False, 'cmake_clean_first': False, 'cmake_force_configure': False, 'cmake_target': None, 'cmake_target_skip_unavailable': False, 'install_base': '/Users/ethandsouza/Documents/GitHub/COMP0246_Labs/install/franka_description', 'merge_install': False, 'path': '/Users/ethandsouza/Documents/GitHub/COMP0246_Labs/franka_description', 'symlink_install': False, 'test_result_base': None}
[0.954s] Level 5:colcon.colcon_core.verb:set package 'youbot_description' build argument 'cmake_args' from command line to 'None'
[0.954s] Level 5:colcon.colcon_core.verb:set package 'youbot_description' build argument 'cmake_target' from command line to 'None'
[0.954s] Level 5:colcon.colcon_core.verb:set package 'youbot_description' build argument 'cmake_target_skip_unavailable' from command line to 'False'
[0.954s] Level 5:colcon.colcon_core.verb:set package 'youbot_description' build argument 'cmake_clean_cache' from command line to 'False'
[0.954s] Level 5:colcon.colcon_core.verb:set package 'youbot_description' build argument 'cmake_clean_first' from command line to 'False'
[0.954s] Level 5:colcon.colcon_core.verb:set package 'youbot_description' build argument 'cmake_force_configure' from command line to 'False'
[0.954s] Level 5:colcon.colcon_core.verb:set package 'youbot_description' build argument 'ament_cmake_args' from command line to 'None'
[0.954s] Level 5:colcon.colcon_core.verb:set package 'youbot_description' build argument 'catkin_cmake_args' from command line to 'None'
[0.954s] Level 5:colcon.colcon_core.verb:set package 'youbot_description' build argument 'catkin_skip_building_tests' from command line to 'False'
[0.954s] DEBUG:colcon.colcon_core.verb:Building package 'youbot_description' with the following arguments: {'ament_cmake_args': None, 'build_base': '/Users/ethandsouza/Documents/GitHub/COMP0246_Labs/build/youbot_description', 'catkin_cmake_args': None, 'catkin_skip_building_tests': False, 'cmake_args': None, 'cmake_clean_cache': False, 'cmake_clean_first': False, 'cmake_force_configure': False, 'cmake_target': None, 'cmake_target_skip_unavailable': False, 'install_base': '/Users/ethandsouza/Documents/GitHub/COMP0246_Labs/install/youbot_description', 'merge_install': False, 'path': '/Users/ethandsouza/Documents/GitHub/COMP0246_Labs/final_lab/youbot_description', 'symlink_install': False, 'test_result_base': None}
[0.955s] Level 5:colcon.colcon_core.verb:set package 'transform_helpers' build argument 'cmake_args' from command line to 'None'
[0.955s] Level 5:colcon.colcon_core.verb:set package 'transform_helpers' build argument 'cmake_target' from command line to 'None'
[0.955s] Level 5:colcon.colcon_core.verb:set package 'transform_helpers' build argument 'cmake_target_skip_unavailable' from command line to 'False'
[0.955s] Level 5:colcon.colcon_core.verb:set package 'transform_helpers' build argument 'cmake_clean_cache' from command line to 'False'
[0.955s] Level 5:colcon.colcon_core.verb:set package 'transform_helpers' build argument 'cmake_clean_first' from command line to 'False'
[0.955s] Level 5:colcon.colcon_core.verb:set package 'transform_helpers' build argument 'cmake_force_configure' from command line to 'False'
[0.955s] Level 5:colcon.colcon_core.verb:set package 'transform_helpers' build argument 'ament_cmake_args' from command line to 'None'
[0.955s] Level 5:colcon.colcon_core.verb:set package 'transform_helpers' build argument 'catkin_cmake_args' from command line to 'None'
[0.955s] Level 5:colcon.colcon_core.verb:set package 'transform_helpers' build argument 'catkin_skip_building_tests' from command line to 'False'
[0.955s] DEBUG:colcon.colcon_core.verb:Building package 'transform_helpers' with the following arguments: {'ament_cmake_args': None, 'build_base': '/Users/ethandsouza/Documents/GitHub/COMP0246_Labs/build/transform_helpers', 'catkin_cmake_args': None, 'catkin_skip_building_tests': False, 'cmake_args': None, 'cmake_clean_cache': False, 'cmake_clean_first': False, 'cmake_force_configure': False, 'cmake_target': None, 'cmake_target_skip_unavailable': False, 'install_base': '/Users/ethandsouza/Documents/GitHub/COMP0246_Labs/install/transform_helpers', 'merge_install': False, 'path': '/Users/ethandsouza/Documents/GitHub/COMP0246_Labs/lab1submission/transform_helpers', 'symlink_install': False, 'test_result_base': None}
[0.956s] Level 5:colcon.colcon_core.verb:set package 'youbot_kinematics' build argument 'cmake_args' from command line to 'None'
[0.956s] Level 5:colcon.colcon_core.verb:set package 'youbot_kinematics' build argument 'cmake_target' from command line to 'None'
[0.956s] Level 5:colcon.colcon_core.verb:set package 'youbot_kinematics' build argument 'cmake_target_skip_unavailable' from command line to 'False'
[0.956s] Level 5:colcon.colcon_core.verb:set package 'youbot_kinematics' build argument 'cmake_clean_cache' from command line to 'False'
[0.956s] Level 5:colcon.colcon_core.verb:set package 'youbot_kinematics' build argument 'cmake_clean_first' from command line to 'False'
[0.956s] Level 5:colcon.colcon_core.verb:set package 'youbot_kinematics' build argument 'cmake_force_configure' from command line to 'False'
[0.956s] Level 5:colcon.colcon_core.verb:set package 'youbot_kinematics' build argument 'ament_cmake_args' from command line to 'None'
[0.956s] Level 5:colcon.colcon_core.verb:set package 'youbot_kinematics' build argument 'catkin_cmake_args' from command line to 'None'
[0.957s] Level 5:colcon.colcon_core.verb:set package 'youbot_kinematics' build argument 'catkin_skip_building_tests' from command line to 'False'
[0.957s] DEBUG:colcon.colcon_core.verb:Building package 'youbot_kinematics' with the following arguments: {'ament_cmake_args': None, 'build_base': '/Users/ethandsouza/Documents/GitHub/COMP0246_Labs/build/youbot_kinematics', 'catkin_cmake_args': None, 'catkin_skip_building_tests': False, 'cmake_args': None, 'cmake_clean_cache': False, 'cmake_clean_first': False, 'cmake_force_configure': False, 'cmake_target': None, 'cmake_target_skip_unavailable': False, 'install_base': '/Users/ethandsouza/Documents/GitHub/COMP0246_Labs/install/youbot_kinematics', 'merge_install': False, 'path': '/Users/ethandsouza/Documents/GitHub/COMP0246_Labs/final_lab/youbot_kinematics', 'symlink_install': False, 'test_result_base': None}
[0.957s] INFO:colcon.colcon_core.executor:Executing jobs using 'parallel' executor
[0.958s] DEBUG:colcon.colcon_parallel_executor.executor.parallel:run_until_complete
[0.959s] INFO:colcon.colcon_ros.task.ament_cmake.build:Building ROS package in '/Users/ethandsouza/Documents/GitHub/COMP0246_Labs/franka_description' with build type 'ament_cmake'
[0.959s] INFO:colcon.colcon_cmake.task.cmake.build:Building CMake package in '/Users/ethandsouza/Documents/GitHub/COMP0246_Labs/franka_description'
[0.966s] INFO:colcon.colcon_core.plugin_system:Skipping extension 'colcon_core.shell.bat': Not used on non-Windows systems
[0.966s] INFO:colcon.colcon_core.shell:Skip shell extension 'powershell' for command environment: Not usable outside of PowerShell
[0.966s] DEBUG:colcon.colcon_core.shell:Skip shell extension 'dsv' for command environment
[0.985s] INFO:colcon.colcon_ros.task.ament_python.build:Building ROS package in '/Users/ethandsouza/Documents/GitHub/COMP0246_Labs/final_lab/youbot_description' with build type 'ament_python'
[0.986s] Level 1:colcon.colcon_core.shell:create_environment_hook('youbot_description', 'ament_prefix_path')
[0.987s] INFO:colcon.colcon_core.shell:Creating environment hook '/Users/ethandsouza/Documents/GitHub/COMP0246_Labs/install/youbot_description/share/youbot_description/hook/ament_prefix_path.ps1'
[0.988s] INFO:colcon.colcon_core.shell:Creating environment descriptor '/Users/ethandsouza/Documents/GitHub/COMP0246_Labs/install/youbot_description/share/youbot_description/hook/ament_prefix_path.dsv'
[0.990s] INFO:colcon.colcon_core.shell:Creating environment hook '/Users/ethandsouza/Documents/GitHub/COMP0246_Labs/install/youbot_description/share/youbot_description/hook/ament_prefix_path.sh'
[0.991s] INFO:colcon.colcon_core.shell:Skip shell extension 'powershell' for command environment: Not usable outside of PowerShell
[0.991s] DEBUG:colcon.colcon_core.shell:Skip shell extension 'dsv' for command environment
[1.020s] DEBUG:colcon.colcon_core.event_handler.log_command:Invoking command in '/Users/ethandsouza/Documents/GitHub/COMP0246_Labs/build/franka_description': CMAKE_PREFIX_PATH=${CMAKE_PREFIX_PATH}:/Users/ethandsouza/Documents/GitHub/COMP0246_Labs/install/youbot_kinematics:/Users/ethandsouza/Documents/GitHub/COMP0246_Labs/install/youbot_description:/Users/ethandsouza/Documents/GitHub/COMP0246_Labs/install/transform_helpers:/Users/ethandsouza/miniforge3/envs/roboenv-py3.10 CONDA_PROMPT_MODIFIER=(roboenv-py3.10) SHLVL=2 _=/usr/bin/env /Users/ethandsouza/miniforge3/envs/roboenv-py3.10/bin/cmake --build /Users/ethandsouza/Documents/GitHub/COMP0246_Labs/build/franka_description -- -j8 -l8
[2.452s] INFO:colcon.colcon_core.task.python.build:Building Python package in '/Users/ethandsouza/Documents/GitHub/COMP0246_Labs/final_lab/youbot_description'
[2.453s] INFO:colcon.colcon_core.shell:Skip shell extension 'powershell' for command environment: Not usable outside of PowerShell
[2.453s] DEBUG:colcon.colcon_core.shell:Skip shell extension 'dsv' for command environment
[2.466s] DEBUG:colcon.colcon_core.event_handler.log_command:Invoked command in '/Users/ethandsouza/Documents/GitHub/COMP0246_Labs/build/franka_description' returned '0': CMAKE_PREFIX_PATH=${CMAKE_PREFIX_PATH}:/Users/ethandsouza/Documents/GitHub/COMP0246_Labs/install/youbot_kinematics:/Users/ethandsouza/Documents/GitHub/COMP0246_Labs/install/youbot_description:/Users/ethandsouza/Documents/GitHub/COMP0246_Labs/install/transform_helpers:/Users/ethandsouza/miniforge3/envs/roboenv-py3.10 CONDA_PROMPT_MODIFIER=(roboenv-py3.10) SHLVL=2 _=/usr/bin/env /Users/ethandsouza/miniforge3/envs/roboenv-py3.10/bin/cmake --build /Users/ethandsouza/Documents/GitHub/COMP0246_Labs/build/franka_description -- -j8 -l8
[2.511s] DEBUG:colcon.colcon_core.event_handler.log_command:Invoking command in '/Users/ethandsouza/Documents/GitHub/COMP0246_Labs/build/franka_description': CMAKE_PREFIX_PATH=${CMAKE_PREFIX_PATH}:/Users/ethandsouza/Documents/GitHub/COMP0246_Labs/install/youbot_kinematics:/Users/ethandsouza/Documents/GitHub/COMP0246_Labs/install/youbot_description:/Users/ethandsouza/Documents/GitHub/COMP0246_Labs/install/transform_helpers:/Users/ethandsouza/miniforge3/envs/roboenv-py3.10 CONDA_PROMPT_MODIFIER=(roboenv-py3.10) SHLVL=2 _=/usr/bin/env /Users/ethandsouza/miniforge3/envs/roboenv-py3.10/bin/cmake --install /Users/ethandsouza/Documents/GitHub/COMP0246_Labs/build/franka_description
[2.575s] Level 1:colcon.colcon_core.environment:create_environment_scripts_only(franka_description)
[2.593s] Level 1:colcon.colcon_core.environment:checking '/Users/ethandsouza/Documents/GitHub/COMP0246_Labs/install/franka_description' for CMake module files
[2.596s] Level 1:colcon.colcon_core.environment:checking '/Users/ethandsouza/Documents/GitHub/COMP0246_Labs/install/franka_description' for CMake config files
[2.598s] Level 1:colcon.colcon_core.shell:create_environment_hook('franka_description', 'cmake_prefix_path')
[2.599s] INFO:colcon.colcon_core.shell:Creating environment hook '/Users/ethandsouza/Documents/GitHub/COMP0246_Labs/install/franka_description/share/franka_description/hook/cmake_prefix_path.ps1'
[2.601s] INFO:colcon.colcon_core.shell:Creating environment descriptor '/Users/ethandsouza/Documents/GitHub/COMP0246_Labs/install/franka_description/share/franka_description/hook/cmake_prefix_path.dsv'
[2.603s] INFO:colcon.colcon_core.shell:Creating environment hook '/Users/ethandsouza/Documents/GitHub/COMP0246_Labs/install/franka_description/share/franka_description/hook/cmake_prefix_path.sh'
[2.605s] Level 1:colcon.colcon_core.environment:checking '/Users/ethandsouza/Documents/GitHub/COMP0246_Labs/install/franka_description/lib'
[2.606s] Level 1:colcon.colcon_core.environment:checking '/Users/ethandsouza/Documents/GitHub/COMP0246_Labs/install/franka_description/bin'
[2.606s] Level 1:colcon.colcon_core.environment:checking '/Users/ethandsouza/Documents/GitHub/COMP0246_Labs/install/franka_description/lib/pkgconfig/franka_description.pc'
[2.606s] Level 1:colcon.colcon_core.environment:checking '/Users/ethandsouza/Documents/GitHub/COMP0246_Labs/install/franka_description/lib/python3.10/site-packages'
[2.607s] Level 1:colcon.colcon_core.environment:checking '/Users/ethandsouza/Documents/GitHub/COMP0246_Labs/install/franka_description/bin'
[2.607s] INFO:colcon.colcon_core.shell:Creating package script '/Users/ethandsouza/Documents/GitHub/COMP0246_Labs/install/franka_description/share/franka_description/package.ps1'
[2.609s] INFO:colcon.colcon_core.shell:Creating package descriptor '/Users/ethandsouza/Documents/GitHub/COMP0246_Labs/install/franka_description/share/franka_description/package.dsv'
[2.613s] INFO:colcon.colcon_core.shell:Creating package script '/Users/ethandsouza/Documents/GitHub/COMP0246_Labs/install/franka_description/share/franka_description/package.sh'
[2.613s] DEBUG:colcon.colcon_core.event_handler.log_command:Invoked command in '/Users/ethandsouza/Documents/GitHub/COMP0246_Labs/build/franka_description' returned '0': CMAKE_PREFIX_PATH=${CMAKE_PREFIX_PATH}:/Users/ethandsouza/Documents/GitHub/COMP0246_Labs/install/youbot_kinematics:/Users/ethandsouza/Documents/GitHub/COMP0246_Labs/install/youbot_description:/Users/ethandsouza/Documents/GitHub/COMP0246_Labs/install/transform_helpers:/Users/ethandsouza/miniforge3/envs/roboenv-py3.10 CONDA_PROMPT_MODIFIER=(roboenv-py3.10) SHLVL=2 _=/usr/bin/env /Users/ethandsouza/miniforge3/envs/roboenv-py3.10/bin/cmake --install /Users/ethandsouza/Documents/GitHub/COMP0246_Labs/build/franka_description
[2.615s] INFO:colcon.colcon_core.shell:Creating package script '/Users/ethandsouza/Documents/GitHub/COMP0246_Labs/install/franka_description/share/franka_description/package.bash'
[2.617s] INFO:colcon.colcon_core.shell:Creating package script '/Users/ethandsouza/Documents/GitHub/COMP0246_Labs/install/franka_description/share/franka_description/package.zsh'
[2.618s] Level 1:colcon.colcon_core.environment:create_file_with_runtime_dependencies(/Users/ethandsouza/Documents/GitHub/COMP0246_Labs/install/franka_description/share/colcon-core/packages/franka_description)
[2.620s] Level 1:colcon.colcon_core.environment:create_environment_scripts_only(franka_description)
[2.620s] Level 1:colcon.colcon_core.environment:checking '/Users/ethandsouza/Documents/GitHub/COMP0246_Labs/install/franka_description' for CMake module files
[2.621s] Level 1:colcon.colcon_core.environment:checking '/Users/ethandsouza/Documents/GitHub/COMP0246_Labs/install/franka_description' for CMake config files
[2.622s] Level 1:colcon.colcon_core.shell:create_environment_hook('franka_description', 'cmake_prefix_path')
[2.622s] INFO:colcon.colcon_core.shell:Creating environment hook '/Users/ethandsouza/Documents/GitHub/COMP0246_Labs/install/franka_description/share/franka_description/hook/cmake_prefix_path.ps1'
[2.623s] INFO:colcon.colcon_core.shell:Creating environment descriptor '/Users/ethandsouza/Documents/GitHub/COMP0246_Labs/install/franka_description/share/franka_description/hook/cmake_prefix_path.dsv'
[2.623s] INFO:colcon.colcon_core.shell:Creating environment hook '/Users/ethandsouza/Documents/GitHub/COMP0246_Labs/install/franka_description/share/franka_description/hook/cmake_prefix_path.sh'
[2.625s] Level 1:colcon.colcon_core.environment:checking '/Users/ethandsouza/Documents/GitHub/COMP0246_Labs/install/franka_description/lib'
[2.625s] Level 1:colcon.colcon_core.environment:checking '/Users/ethandsouza/Documents/GitHub/COMP0246_Labs/install/franka_description/bin'
[2.625s] Level 1:colcon.colcon_core.environment:checking '/Users/ethandsouza/Documents/GitHub/COMP0246_Labs/install/franka_description/lib/pkgconfig/franka_description.pc'
[2.626s] Level 1:colcon.colcon_core.environment:checking '/Users/ethandsouza/Documents/GitHub/COMP0246_Labs/install/franka_description/lib/python3.10/site-packages'
[2.626s] Level 1:colcon.colcon_core.environment:checking '/Users/ethandsouza/Documents/GitHub/COMP0246_Labs/install/franka_description/bin'
[2.627s] INFO:colcon.colcon_core.shell:Creating package script '/Users/ethandsouza/Documents/GitHub/COMP0246_Labs/install/franka_description/share/franka_description/package.ps1'
[2.628s] INFO:colcon.colcon_core.shell:Creating package descriptor '/Users/ethandsouza/Documents/GitHub/COMP0246_Labs/install/franka_description/share/franka_description/package.dsv'
[2.629s] INFO:colcon.colcon_core.shell:Creating package script '/Users/ethandsouza/Documents/GitHub/COMP0246_Labs/install/franka_description/share/franka_description/package.sh'
[2.630s] INFO:colcon.colcon_core.shell:Creating package script '/Users/ethandsouza/Documents/GitHub/COMP0246_Labs/install/franka_description/share/franka_description/package.bash'
[2.631s] INFO:colcon.colcon_core.shell:Creating package script '/Users/ethandsouza/Documents/GitHub/COMP0246_Labs/install/franka_description/share/franka_description/package.zsh'
[2.632s] Level 1:colcon.colcon_core.environment:create_file_with_runtime_dependencies(/Users/ethandsouza/Documents/GitHub/COMP0246_Labs/install/franka_description/share/colcon-core/packages/franka_description)
[2.634s] INFO:colcon.colcon_ros.task.ament_python.build:Building ROS package in '/Users/ethandsouza/Documents/GitHub/COMP0246_Labs/lab1submission/transform_helpers' with build type 'ament_python'
[2.635s] Level 1:colcon.colcon_core.shell:create_environment_hook('transform_helpers', 'ament_prefix_path')
[2.635s] INFO:colcon.colcon_core.shell:Creating environment hook '/Users/ethandsouza/Documents/GitHub/COMP0246_Labs/install/transform_helpers/share/transform_helpers/hook/ament_prefix_path.ps1'
[2.637s] INFO:colcon.colcon_core.shell:Creating environment descriptor '/Users/ethandsouza/Documents/GitHub/COMP0246_Labs/install/transform_helpers/share/transform_helpers/hook/ament_prefix_path.dsv'
[2.638s] INFO:colcon.colcon_core.shell:Creating environment hook '/Users/ethandsouza/Documents/GitHub/COMP0246_Labs/install/transform_helpers/share/transform_helpers/hook/ament_prefix_path.sh'
[2.639s] INFO:colcon.colcon_core.shell:Skip shell extension 'powershell' for command environment: Not usable outside of PowerShell
[2.639s] DEBUG:colcon.colcon_core.shell:Skip shell extension 'dsv' for command environment
[4.162s] INFO:colcon.colcon_core.task.python.build:Building Python package in '/Users/ethandsouza/Documents/GitHub/COMP0246_Labs/lab1submission/transform_helpers'
[4.163s] INFO:colcon.colcon_core.shell:Skip shell extension 'powershell' for command environment: Not usable outside of PowerShell
[4.163s] DEBUG:colcon.colcon_core.shell:Skip shell extension 'dsv' for command environment
[4.602s] DEBUG:colcon.colcon_core.event_handler.log_command:Invoking command in '/Users/ethandsouza/Documents/GitHub/COMP0246_Labs/final_lab/youbot_description': CONDA_PROMPT_MODIFIER=(roboenv-py3.10) PYTHONPATH=/Users/ethandsouza/Documents/GitHub/COMP0246_Labs/build/youbot_description/prefix_override:/Users/ethandsouza/miniforge3/envs/roboenv-py3.10/lib/python3.10/site-packages/colcon_core/task/python/colcon_distutils_commands:/Users/ethandsouza/Documents/GitHub/COMP0246_Labs/install/youbot_description/lib/python3.10/site-packages:${PYTHONPATH} SHLVL=2 _=/usr/bin/env /Users/ethandsouza/miniforge3/envs/roboenv-py3.10/bin/python3.10 -W ignore:setup.py install is deprecated -W ignore:easy_install command is deprecated setup.py egg_info --egg-base ../../build/youbot_description build --build-base /Users/ethandsouza/Documents/GitHub/COMP0246_Labs/build/youbot_description/build install --record /Users/ethandsouza/Documents/GitHub/COMP0246_Labs/build/youbot_description/install.log --single-version-externally-managed install_data
[6.208s] DEBUG:colcon.colcon_core.event_handler.log_command:Invoking command in '/Users/ethandsouza/Documents/GitHub/COMP0246_Labs/lab1submission/transform_helpers': CONDA_PROMPT_MODIFIER=(roboenv-py3.10) PYTHONPATH=/Users/ethandsouza/Documents/GitHub/COMP0246_Labs/build/transform_helpers/prefix_override:/Users/ethandsouza/miniforge3/envs/roboenv-py3.10/lib/python3.10/site-packages/colcon_core/task/python/colcon_distutils_commands:/Users/ethandsouza/Documents/GitHub/COMP0246_Labs/install/transform_helpers/lib/python3.10/site-packages:${PYTHONPATH} SHLVL=2 _=/usr/bin/env /Users/ethandsouza/miniforge3/envs/roboenv-py3.10/bin/python3.10 -W ignore:setup.py install is deprecated -W ignore:easy_install command is deprecated setup.py egg_info --egg-base ../../build/transform_helpers build --build-base /Users/ethandsouza/Documents/GitHub/COMP0246_Labs/build/transform_helpers/build install --record /Users/ethandsouza/Documents/GitHub/COMP0246_Labs/build/transform_helpers/install.log --single-version-externally-managed install_data
[7.793s] Level 1:colcon.colcon_core.environment:checking '/Users/ethandsouza/Documents/GitHub/COMP0246_Labs/install/youbot_description' for CMake module files
[7.795s] DEBUG:colcon.colcon_core.event_handler.log_command:Invoked command in '/Users/ethandsouza/Documents/GitHub/COMP0246_Labs/final_lab/youbot_description' returned '0': CONDA_PROMPT_MODIFIER=(roboenv-py3.10) PYTHONPATH=/Users/ethandsouza/Documents/GitHub/COMP0246_Labs/build/youbot_description/prefix_override:/Users/ethandsouza/miniforge3/envs/roboenv-py3.10/lib/python3.10/site-packages/colcon_core/task/python/colcon_distutils_commands:/Users/ethandsouza/Documents/GitHub/COMP0246_Labs/install/youbot_description/lib/python3.10/site-packages:${PYTHONPATH} SHLVL=2 _=/usr/bin/env /Users/ethandsouza/miniforge3/envs/roboenv-py3.10/bin/python3.10 -W ignore:setup.py install is deprecated -W ignore:easy_install command is deprecated setup.py egg_info --egg-base ../../build/youbot_description build --build-base /Users/ethandsouza/Documents/GitHub/COMP0246_Labs/build/youbot_description/build install --record /Users/ethandsouza/Documents/GitHub/COMP0246_Labs/build/youbot_description/install.log --single-version-externally-managed install_data
[7.796s] Level 1:colcon.colcon_core.environment:checking '/Users/ethandsouza/Documents/GitHub/COMP0246_Labs/install/youbot_description' for CMake config files
[7.798s] Level 1:colcon.colcon_core.environment:checking '/Users/ethandsouza/Documents/GitHub/COMP0246_Labs/install/youbot_description/lib'
[7.799s] Level 1:colcon.colcon_core.environment:checking '/Users/ethandsouza/Documents/GitHub/COMP0246_Labs/install/youbot_description/bin'
[7.799s] Level 1:colcon.colcon_core.environment:checking '/Users/ethandsouza/Documents/GitHub/COMP0246_Labs/install/youbot_description/lib/pkgconfig/youbot_description.pc'
[7.799s] Level 1:colcon.colcon_core.environment:checking '/Users/ethandsouza/Documents/GitHub/COMP0246_Labs/install/youbot_description/lib/python3.10/site-packages'
[7.800s] Level 1:colcon.colcon_core.shell:create_environment_hook('youbot_description', 'pythonpath')
[7.800s] INFO:colcon.colcon_core.shell:Creating environment hook '/Users/ethandsouza/Documents/GitHub/COMP0246_Labs/install/youbot_description/share/youbot_description/hook/pythonpath.ps1'
[7.801s] INFO:colcon.colcon_core.shell:Creating environment descriptor '/Users/ethandsouza/Documents/GitHub/COMP0246_Labs/install/youbot_description/share/youbot_description/hook/pythonpath.dsv'
[7.802s] INFO:colcon.colcon_core.shell:Creating environment hook '/Users/ethandsouza/Documents/GitHub/COMP0246_Labs/install/youbot_description/share/youbot_description/hook/pythonpath.sh'
[7.804s] Level 1:colcon.colcon_core.environment:checking '/Users/ethandsouza/Documents/GitHub/COMP0246_Labs/install/youbot_description/bin'
[7.804s] Level 1:colcon.colcon_core.environment:create_environment_scripts_only(youbot_description)
[7.804s] INFO:colcon.colcon_core.shell:Creating package script '/Users/ethandsouza/Documents/GitHub/COMP0246_Labs/install/youbot_description/share/youbot_description/package.ps1'
[7.805s] INFO:colcon.colcon_core.shell:Creating package descriptor '/Users/ethandsouza/Documents/GitHub/COMP0246_Labs/install/youbot_description/share/youbot_description/package.dsv'
[7.806s] INFO:colcon.colcon_core.shell:Creating package script '/Users/ethandsouza/Documents/GitHub/COMP0246_Labs/install/youbot_description/share/youbot_description/package.sh'
[7.807s] INFO:colcon.colcon_core.shell:Creating package script '/Users/ethandsouza/Documents/GitHub/COMP0246_Labs/install/youbot_description/share/youbot_description/package.bash'
[7.808s] INFO:colcon.colcon_core.shell:Creating package script '/Users/ethandsouza/Documents/GitHub/COMP0246_Labs/install/youbot_description/share/youbot_description/package.zsh'
[7.808s] Level 1:colcon.colcon_core.environment:create_file_with_runtime_dependencies(/Users/ethandsouza/Documents/GitHub/COMP0246_Labs/install/youbot_description/share/colcon-core/packages/youbot_description)
[9.411s] Level 1:colcon.colcon_core.environment:checking '/Users/ethandsouza/Documents/GitHub/COMP0246_Labs/install/transform_helpers' for CMake module files
[9.411s] DEBUG:colcon.colcon_core.event_handler.log_command:Invoked command in '/Users/ethandsouza/Documents/GitHub/COMP0246_Labs/lab1submission/transform_helpers' returned '0': CONDA_PROMPT_MODIFIER=(roboenv-py3.10) PYTHONPATH=/Users/ethandsouza/Documents/GitHub/COMP0246_Labs/build/transform_helpers/prefix_override:/Users/ethandsouza/miniforge3/envs/roboenv-py3.10/lib/python3.10/site-packages/colcon_core/task/python/colcon_distutils_commands:/Users/ethandsouza/Documents/GitHub/COMP0246_Labs/install/transform_helpers/lib/python3.10/site-packages:${PYTHONPATH} SHLVL=2 _=/usr/bin/env /Users/ethandsouza/miniforge3/envs/roboenv-py3.10/bin/python3.10 -W ignore:setup.py install is deprecated -W ignore:easy_install command is deprecated setup.py egg_info --egg-base ../../build/transform_helpers build --build-base /Users/ethandsouza/Documents/GitHub/COMP0246_Labs/build/transform_helpers/build install --record /Users/ethandsouza/Documents/GitHub/COMP0246_Labs/build/transform_helpers/install.log --single-version-externally-managed install_data
[9.412s] Level 1:colcon.colcon_core.environment:checking '/Users/ethandsouza/Documents/GitHub/COMP0246_Labs/install/transform_helpers' for CMake config files
[9.414s] Level 1:colcon.colcon_core.environment:checking '/Users/ethandsouza/Documents/GitHub/COMP0246_Labs/install/transform_helpers/lib'
[9.414s] Level 1:colcon.colcon_core.environment:checking '/Users/ethandsouza/Documents/GitHub/COMP0246_Labs/install/transform_helpers/bin'
[9.414s] Level 1:colcon.colcon_core.environment:checking '/Users/ethandsouza/Documents/GitHub/COMP0246_Labs/install/transform_helpers/lib/pkgconfig/transform_helpers.pc'
[9.414s] Level 1:colcon.colcon_core.environment:checking '/Users/ethandsouza/Documents/GitHub/COMP0246_Labs/install/transform_helpers/lib/python3.10/site-packages'
[9.414s] Level 1:colcon.colcon_core.shell:create_environment_hook('transform_helpers', 'pythonpath')
[9.415s] INFO:colcon.colcon_core.shell:Creating environment hook '/Users/ethandsouza/Documents/GitHub/COMP0246_Labs/install/transform_helpers/share/transform_helpers/hook/pythonpath.ps1'
[9.416s] INFO:colcon.colcon_core.shell:Creating environment descriptor '/Users/ethandsouza/Documents/GitHub/COMP0246_Labs/install/transform_helpers/share/transform_helpers/hook/pythonpath.dsv'
[9.416s] INFO:colcon.colcon_core.shell:Creating environment hook '/Users/ethandsouza/Documents/GitHub/COMP0246_Labs/install/transform_helpers/share/transform_helpers/hook/pythonpath.sh'
[9.419s] Level 1:colcon.colcon_core.environment:checking '/Users/ethandsouza/Documents/GitHub/COMP0246_Labs/install/transform_helpers/bin'
[9.419s] Level 1:colcon.colcon_core.environment:create_environment_scripts_only(transform_helpers)
[9.419s] INFO:colcon.colcon_core.shell:Creating package script '/Users/ethandsouza/Documents/GitHub/COMP0246_Labs/install/transform_helpers/share/transform_helpers/package.ps1'
[9.420s] INFO:colcon.colcon_core.shell:Creating package descriptor '/Users/ethandsouza/Documents/GitHub/COMP0246_Labs/install/transform_helpers/share/transform_helpers/package.dsv'
[9.421s] INFO:colcon.colcon_core.shell:Creating package script '/Users/ethandsouza/Documents/GitHub/COMP0246_Labs/install/transform_helpers/share/transform_helpers/package.sh'
[9.422s] INFO:colcon.colcon_core.shell:Creating package script '/Users/ethandsouza/Documents/GitHub/COMP0246_Labs/install/transform_helpers/share/transform_helpers/package.bash'
[9.423s] INFO:colcon.colcon_core.shell:Creating package script '/Users/ethandsouza/Documents/GitHub/COMP0246_Labs/install/transform_helpers/share/transform_helpers/package.zsh'
[9.423s] Level 1:colcon.colcon_core.environment:create_file_with_runtime_dependencies(/Users/ethandsouza/Documents/GitHub/COMP0246_Labs/install/transform_helpers/share/colcon-core/packages/transform_helpers)
[9.425s] INFO:colcon.colcon_ros.task.ament_python.build:Building ROS package in '/Users/ethandsouza/Documents/GitHub/COMP0246_Labs/final_lab/youbot_kinematics' with build type 'ament_python'
[9.425s] Level 1:colcon.colcon_core.shell:create_environment_hook('youbot_kinematics', 'ament_prefix_path')
[9.426s] INFO:colcon.colcon_core.shell:Creating environment hook '/Users/ethandsouza/Documents/GitHub/COMP0246_Labs/install/youbot_kinematics/share/youbot_kinematics/hook/ament_prefix_path.ps1'
[9.429s] INFO:colcon.colcon_core.shell:Creating environment descriptor '/Users/ethandsouza/Documents/GitHub/COMP0246_Labs/install/youbot_kinematics/share/youbot_kinematics/hook/ament_prefix_path.dsv'
[9.431s] INFO:colcon.colcon_core.shell:Creating environment hook '/Users/ethandsouza/Documents/GitHub/COMP0246_Labs/install/youbot_kinematics/share/youbot_kinematics/hook/ament_prefix_path.sh'
[9.433s] INFO:colcon.colcon_core.shell:Skip shell extension 'powershell' for command environment: Not usable outside of PowerShell
[9.433s] DEBUG:colcon.colcon_core.shell:Skip shell extension 'dsv' for command environment
[10.935s] INFO:colcon.colcon_core.task.python.build:Building Python package in '/Users/ethandsouza/Documents/GitHub/COMP0246_Labs/final_lab/youbot_kinematics'
[10.936s] INFO:colcon.colcon_core.shell:Skip shell extension 'powershell' for command environment: Not usable outside of PowerShell
[10.937s] DEBUG:colcon.colcon_core.shell:Skip shell extension 'dsv' for command environment
[12.901s] DEBUG:colcon.colcon_core.event_handler.log_command:Invoking command in '/Users/ethandsouza/Documents/GitHub/COMP0246_Labs/final_lab/youbot_kinematics': AMENT_PREFIX_PATH=/Users/ethandsouza/Documents/GitHub/COMP0246_Labs/install/transform_helpers:/Users/ethandsouza/Documents/GitHub/COMP0246_Labs/install/youbot_description:/Users/ethandsouza/Documents/GitHub/COMP0246_Labs/install/youbot_kinematics:/Users/ethandsouza/Documents/GitHub/COMP0246_Labs/install/franka_description:/Users/ethandsouza/miniforge3/envs/roboenv-py3.10 CONDA_PROMPT_MODIFIER=(roboenv-py3.10) PYTHONPATH=/Users/ethandsouza/Documents/GitHub/COMP0246_Labs/build/youbot_kinematics/prefix_override:/Users/ethandsouza/miniforge3/envs/roboenv-py3.10/lib/python3.10/site-packages/colcon_core/task/python/colcon_distutils_commands:/Users/ethandsouza/Documents/GitHub/COMP0246_Labs/install/youbot_kinematics/lib/python3.10/site-packages:/Users/ethandsouza/Documents/GitHub/COMP0246_Labs/install/transform_helpers/lib/python3.10/site-packages:/Users/ethandsouza/Documents/GitHub/COMP0246_Labs/install/youbot_description/lib/python3.10/site-packages:/Users/ethandsouza/Documents/GitHub/COMP0246_Labs/install/youbot_kinematics/lib/python3.10/site-packages:/Users/ethandsouza/miniforge3/envs/roboenv-py3.10/lib/python310/site-packages:/Users/ethandsouza/miniforge3/envs/roboenv-py3.10/lib/python3.10/site-packages SHLVL=2 _=/usr/bin/env /Users/ethandsouza/miniforge3/envs/roboenv-py3.10/bin/python3.10 -W ignore:setup.py install is deprecated -W ignore:easy_install command is deprecated setup.py egg_info --egg-base ../../build/youbot_kinematics build --build-base /Users/ethandsouza/Documents/GitHub/COMP0246_Labs/build/youbot_kinematics/build install --record /Users/ethandsouza/Documents/GitHub/COMP0246_Labs/build/youbot_kinematics/install.log --single-version-externally-managed install_data
[16.164s] Level 1:colcon.colcon_core.environment:checking '/Users/ethandsouza/Documents/GitHub/COMP0246_Labs/install/youbot_kinematics' for CMake module files
[16.165s] DEBUG:colcon.colcon_core.event_handler.log_command:Invoked command in '/Users/ethandsouza/Documents/GitHub/COMP0246_Labs/final_lab/youbot_kinematics' returned '0': AMENT_PREFIX_PATH=/Users/ethandsouza/Documents/GitHub/COMP0246_Labs/install/transform_helpers:/Users/ethandsouza/Documents/GitHub/COMP0246_Labs/install/youbot_description:/Users/ethandsouza/Documents/GitHub/COMP0246_Labs/install/youbot_kinematics:/Users/ethandsouza/Documents/GitHub/COMP0246_Labs/install/franka_description:/Users/ethandsouza/miniforge3/envs/roboenv-py3.10 CONDA_PROMPT_MODIFIER=(roboenv-py3.10) PYTHONPATH=/Users/ethandsouza/Documents/GitHub/COMP0246_Labs/build/youbot_kinematics/prefix_override:/Users/ethandsouza/miniforge3/envs/roboenv-py3.10/lib/python3.10/site-packages/colcon_core/task/python/colcon_distutils_commands:/Users/ethandsouza/Documents/GitHub/COMP0246_Labs/install/youbot_kinematics/lib/python3.10/site-packages:/Users/ethandsouza/Documents/GitHub/COMP0246_Labs/install/transform_helpers/lib/python3.10/site-packages:/Users/ethandsouza/Documents/GitHub/COMP0246_Labs/install/youbot_description/lib/python3.10/site-packages:/Users/ethandsouza/Documents/GitHub/COMP0246_Labs/install/youbot_kinematics/lib/python3.10/site-packages:/Users/ethandsouza/miniforge3/envs/roboenv-py3.10/lib/python310/site-packages:/Users/ethandsouza/miniforge3/envs/roboenv-py3.10/lib/python3.10/site-packages SHLVL=2 _=/usr/bin/env /Users/ethandsouza/miniforge3/envs/roboenv-py3.10/bin/python3.10 -W ignore:setup.py install is deprecated -W ignore:easy_install command is deprecated setup.py egg_info --egg-base ../../build/youbot_kinematics build --build-base /Users/ethandsouza/Documents/GitHub/COMP0246_Labs/build/youbot_kinematics/build install --record /Users/ethandsouza/Documents/GitHub/COMP0246_Labs/build/youbot_kinematics/install.log --single-version-externally-managed install_data
[16.166s] Level 1:colcon.colcon_core.environment:checking '/Users/ethandsouza/Documents/GitHub/COMP0246_Labs/install/youbot_kinematics' for CMake config files
[16.168s] Level 1:colcon.colcon_core.environment:checking '/Users/ethandsouza/Documents/GitHub/COMP0246_Labs/install/youbot_kinematics/lib'
[16.168s] Level 1:colcon.colcon_core.environment:checking '/Users/ethandsouza/Documents/GitHub/COMP0246_Labs/install/youbot_kinematics/bin'
[16.168s] Level 1:colcon.colcon_core.environment:checking '/Users/ethandsouza/Documents/GitHub/COMP0246_Labs/install/youbot_kinematics/lib/pkgconfig/youbot_kinematics.pc'
[16.169s] Level 1:colcon.colcon_core.environment:checking '/Users/ethandsouza/Documents/GitHub/COMP0246_Labs/install/youbot_kinematics/lib/python3.10/site-packages'
[16.169s] Level 1:colcon.colcon_core.shell:create_environment_hook('youbot_kinematics', 'pythonpath')
[16.170s] INFO:colcon.colcon_core.shell:Creating environment hook '/Users/ethandsouza/Documents/GitHub/COMP0246_Labs/install/youbot_kinematics/share/youbot_kinematics/hook/pythonpath.ps1'
[16.171s] INFO:colcon.colcon_core.shell:Creating environment descriptor '/Users/ethandsouza/Documents/GitHub/COMP0246_Labs/install/youbot_kinematics/share/youbot_kinematics/hook/pythonpath.dsv'
[16.172s] INFO:colcon.colcon_core.shell:Creating environment hook '/Users/ethandsouza/Documents/GitHub/COMP0246_Labs/install/youbot_kinematics/share/youbot_kinematics/hook/pythonpath.sh'
[16.173s] Level 1:colcon.colcon_core.environment:checking '/Users/ethandsouza/Documents/GitHub/COMP0246_Labs/install/youbot_kinematics/bin'
[16.173s] Level 1:colcon.colcon_core.environment:create_environment_scripts_only(youbot_kinematics)
[16.173s] INFO:colcon.colcon_core.shell:Creating package script '/Users/ethandsouza/Documents/GitHub/COMP0246_Labs/install/youbot_kinematics/share/youbot_kinematics/package.ps1'
[16.174s] INFO:colcon.colcon_core.shell:Creating package descriptor '/Users/ethandsouza/Documents/GitHub/COMP0246_Labs/install/youbot_kinematics/share/youbot_kinematics/package.dsv'
[16.175s] INFO:colcon.colcon_core.shell:Creating package script '/Users/ethandsouza/Documents/GitHub/COMP0246_Labs/install/youbot_kinematics/share/youbot_kinematics/package.sh'
[16.176s] INFO:colcon.colcon_core.shell:Creating package script '/Users/ethandsouza/Documents/GitHub/COMP0246_Labs/install/youbot_kinematics/share/youbot_kinematics/package.bash'
[16.177s] INFO:colcon.colcon_core.shell:Creating package script '/Users/ethandsouza/Documents/GitHub/COMP0246_Labs/install/youbot_kinematics/share/youbot_kinematics/package.zsh'
[16.177s] Level 1:colcon.colcon_core.environment:create_file_with_runtime_dependencies(/Users/ethandsouza/Documents/GitHub/COMP0246_Labs/install/youbot_kinematics/share/colcon-core/packages/youbot_kinematics)
[16.180s] DEBUG:colcon.colcon_parallel_executor.executor.parallel:closing loop
[16.180s] DEBUG:colcon.colcon_parallel_executor.executor.parallel:loop closed
[16.181s] DEBUG:colcon.colcon_parallel_executor.executor.parallel:run_until_complete finished with '0'
[16.181s] DEBUG:colcon.colcon_core.event_reactor:joining thread
[16.187s] INFO:colcon.colcon_core.plugin_system:Skipping extension 'colcon_notification.desktop_notification.notify2': 'notify2' not found
[16.187s] INFO:colcon.colcon_core.plugin_system:Skipping extension 'colcon_notification.desktop_notification.notify_send': Not used on non-Linux systems
[16.187s] INFO:colcon.colcon_core.plugin_system:Skipping extension 'colcon_notification.desktop_notification.win32': Not used on non-Windows systems
[16.187s] INFO:colcon.colcon_notification.desktop_notification:Sending desktop notification using 'terminal_notifier'
[16.279s] DEBUG:colcon.colcon_core.event_reactor:joined thread
[16.280s] INFO:colcon.colcon_core.shell:Creating prefix script '/Users/ethandsouza/Documents/GitHub/COMP0246_Labs/install/local_setup.ps1'
[16.283s] INFO:colcon.colcon_core.shell:Creating prefix util module '/Users/ethandsouza/Documents/GitHub/COMP0246_Labs/install/_local_setup_util_ps1.py'
[16.286s] INFO:colcon.colcon_core.shell:Creating prefix chain script '/Users/ethandsouza/Documents/GitHub/COMP0246_Labs/install/setup.ps1'
[16.289s] INFO:colcon.colcon_core.shell:Creating prefix script '/Users/ethandsouza/Documents/GitHub/COMP0246_Labs/install/local_setup.sh'
[16.291s] INFO:colcon.colcon_core.shell:Creating prefix util module '/Users/ethandsouza/Documents/GitHub/COMP0246_Labs/install/_local_setup_util_sh.py'
[16.292s] INFO:colcon.colcon_core.shell:Creating prefix chain script '/Users/ethandsouza/Documents/GitHub/COMP0246_Labs/install/setup.sh'
[16.295s] INFO:colcon.colcon_core.shell:Creating prefix script '/Users/ethandsouza/Documents/GitHub/COMP0246_Labs/install/local_setup.bash'
[16.296s] INFO:colcon.colcon_core.shell:Creating prefix chain script '/Users/ethandsouza/Documents/GitHub/COMP0246_Labs/install/setup.bash'
[16.299s] INFO:colcon.colcon_core.shell:Creating prefix script '/Users/ethandsouza/Documents/GitHub/COMP0246_Labs/install/local_setup.zsh'
[16.300s] INFO:colcon.colcon_core.shell:Creating prefix chain script '/Users/ethandsouza/Documents/GitHub/COMP0246_Labs/install/setup.zsh'
